Time1 Bin1 Time2 Bin2 Hash
0 307 3 349 322270211
0 307 6 259 322178054
0 307 12 335 322255884
1 116 1 157 121795584
1 116 2 74 121710593
1 116 2 156 121794561
1 116 2 156 121794561
1 116 5 116 121753604
1 116 5 116 121753604
1 116 11 113 121750538
1 116 11 170 121808906
1 116 12 76 121712651
1 116 12 113 121750539
1 116 12 113 121750539
1 116 12 170 121808907
1 157 2 156 164786177
1 157 2 156 164786177
1 157 5 116 164745220
1 157 5 116 164745220
1 157 5 198 164829188
1 157 6 198 164829189
1 157 6 198 164829189
1 157 11 113 164742154
1 157 11 170 164800522
1 157 11 193 164824074
1 157 12 113 164742155
1 157 12 113 164742155
1 157 12 170 164800523
1 157 12 170 164800523
2 74 5 116 77713411
2 74 5 116 77713411
2 74 11 113 77710345
2 74 12 76 77672458
2 74 12 113 77710346
2 74 12 113 77710346
2 156 2 156 163737600
2 156 5 116 163696643
2 156 5 116 163696643
2 156 5 198 163780611
2 156 6 198 163780612
2 156 6 198 163780612
2 156 11 113 163693577
2 156 11 170 163751945
2 156 11 193 163775497
2 156 12 113 163693578
2 156 12 113 163693578
2 156 12 170 163751946
2 156 12 170 163751946
2 156 12 191 163773450
2 156 12 191 163773450
2 156 5 116 163696643
2 156 5 116 163696643
2 156 5 198 163780611
2 156 6 198 163780612
2 156 6 198 163780612
2 156 11 113 163693577
2 156 11 170 163751945
2 156 11 193 163775497
2 156 12 113 163693578
2 156 12 113 163693578
2 156 12 170 163751946
2 156 12 170 163751946
2 156 12 191 163773450
2 156 12 191 163773450
3 349 12 335 366296073
5 116 5 116 121753600
5 116 11 113 121750534
5 116 11 170 121808902
5 116 12 76 121712647
5 116 12 113 121750535
5 116 12 113 121750535
5 116 12 170 121808903
5 116 12 170 121808903
5 116 11 113 121750534
5 116 11 170 121808902
5 116 12 76 121712647
5 116 12 113 121750535
5 116 12 113 121750535
5 116 12 170 121808903
5 116 12 170 121808903
5 116 28 79 121715735
5 198 6 198 207820801
5 198 6 198 207820801
5 198 11 170 207792134
5 198 11 193 207815686
5 198 12 170 207792135
5 198 12 170 207792135
5 198 12 191 207813639
5 198 12 191 207813639
5 198 12 251 207875079
6 198 6 198 207820800
6 198 11 170 207792133
6 198 11 193 207815685
6 198 12 170 207792134
6 198 12 170 207792134
6 198 12 191 207813638
6 198 12 191 207813638
6 198 12 251 207875078
6 198 28 156 207777814
6 198 11 170 207792133
6 198 11 193 207815685
6 198 12 170 207792134
6 198 12 170 207792134
6 198 12 191 207813638
6 198 12 191 207813638
6 198 12 251 207875078
6 198 28 156 207777814
6 198 28 214 207837206
6 259 12 251 271838214
6 259 12 288 271876102
6 259 28 214 271800342
6 259 28 244 271831062
11 113 11 170 118663168
11 113 12 76 118566913
11 113 12 113 118604801
11 113 12 113 118604801
11 113 12 170 118663169
11 113 12 170 118663169
11 113 28 79 118570001
11 113 28 115 118606865
11 113 28 156 118648849
11 170 11 193 178455552
11 170 12 113 178373633
11 170 12 113 178373633
11 170 12 170 178432001
11 170 12 170 178432001
11 170 12 191 178453505
11 170 12 191 178453505
11 170 28 115 178375697
11 170 28 156 178417681
11 170 28 214 178477073
11 193 12 170 202549249
11 193 12 170 202549249
11 193 12 191 202570753
11 193 12 191 202570753
11 193 28 156 202534929
11 193 28 214 202594321
11 193 28 244 202625041
12 335 12 288 351567872
12 335 28 286 351565840
12 335 28 352 351633424
12 76 12 113 79807488
12 76 12 113 79807488
12 76 28 37 79729680
12 76 28 79 79772688
12 76 28 115 79809552
12 76 29 110 79804433
12 76 29 110 79804433
12 113 12 113 118604800
12 113 12 170 118663168
12 113 12 170 118663168
12 113 28 79 118570000
12 113 28 115 118606864
12 113 28 156 118648848
12 113 29 110 118601745
12 113 29 110 118601745
12 113 29 156 118648849
12 113 29 156 118648849
12 113 12 170 118663168
12 113 12 170 118663168
12 113 28 79 118570000
12 113 28 115 118606864
12 113 28 156 118648848
12 113 29 110 118601745
12 113 29 110 118601745
12 113 29 156 118648849
12 113 29 156 118648849
12 170 12 170 178432000
12 170 12 191 178453504
12 170 12 191 178453504
12 170 28 115 178375696
12 170 28 156 178417680
12 170 28 214 178477072
12 170 29 156 178417681
12 170 29 156 178417681
12 170 29 212 178475025
12 170 29 212 178475025
12 170 12 191 178453504
12 170 12 191 178453504
12 170 28 115 178375696
12 170 28 156 178417680
12 170 28 214 178477072
12 170 29 156 178417681
12 170 29 156 178417681
12 170 29 212 178475025
12 170 29 212 178475025
12 191 12 191 200473600
12 191 28 156 200437776
12 191 28 214 200497168
12 191 28 244 200527888
12 191 29 156 200437777
12 191 29 156 200437777
12 191 29 212 200495121
12 191 29 212 200495121
12 191 30 150 200431634
12 191 28 156 200437776
12 191 28 214 200497168
12 191 28 244 200527888
12 191 29 156 200437777
12 191 29 156 200437777
12 191 29 212 200495121
12 191 29 212 200495121
12 191 30 150 200431634
12 191 30 244 200527890
12 251 12 288 263487488
12 251 28 214 263411728
12 251 28 244 263442448
12 251 28 286 263485456
12 251 29 212 263409681
12 251 29 212 263409681
12 251 30 244 263442450
12 288 28 244 302239760
12 288 28 286 302282768
12 288 30 244 302239762
28 37 28 79 38878208
28 37 31 77 38876163
28 79 28 115 82955264
28 79 29 110 82950145
28 79 29 110 82950145
28 79 30 99 82938882
28 79 31 77 82916355
28 115 28 156 120745984
28 115 29 110 120698881
28 115 29 110 120698881
28 115 29 156 120745985
28 115 29 156 120745985
28 115 30 99 120687618
28 115 30 150 120739842
28 115 31 77 120665091
28 115 31 154 120743939
28 115 31 154 120743939
28 156 29 110 163690497
28 156 29 110 163690497
28 156 29 156 163737601
28 156 29 156 163737601
28 156 29 212 163794945
28 156 29 212 163794945
28 156 30 99 163679234
28 156 30 150 163731458
28 156 31 154 163735555
28 156 31 154 163735555
28 214 28 244 224645120
28 214 29 212 224612353
28 214 29 212 224612353
28 214 30 244 224645122
28 214 31 215 224615427
28 214 33 229 224629765
28 214 33 229 224629765
28 244 28 286 256145408
28 244 29 212 256069633
28 244 29 212 256069633
28 244 30 244 256102402
28 244 31 215 256072707
28 244 33 229 256087045
28 244 33 229 256087045
28 286 30 244 300142594
28 286 33 229 300127237
28 286 33 229 300127237
28 286 33 317 300217349
28 352 32 348 369455108
28 352 33 317 369423365
29 110 29 110 115456000
29 110 29 156 115503104
29 110 29 156 115503104
29 110 30 99 115444737
29 110 30 150 115496961
29 110 31 77 115422210
29 110 31 154 115501058
29 110 31 154 115501058
29 110 39 120 115466250
29 110 39 120 115466250
29 110 45 111 115457040
29 110 29 156 115503104
29 110 29 156 115503104
29 110 30 99 115444737
29 110 30 150 115496961
29 110 31 77 115422210
29 110 31 154 115501058
29 110 31 154 115501058
29 110 39 120 115466250
29 110 39 120 115466250
29 110 45 111 115457040
29 156 29 156 163737600
29 156 29 212 163794944
29 156 29 212 163794944
29 156 30 99 163679233
29 156 30 150 163731457
29 156 31 154 163735554
29 156 31 154 163735554
29 156 39 120 163700746
29 156 39 120 163700746
29 156 45 111 163691536
29 156 45 148 163729424
29 156 29 212 163794944
29 156 29 212 163794944
29 156 30 99 163679233
29 156 30 150 163731457
29 156 31 154 163735554
29 156 31 154 163735554
29 156 39 120 163700746
29 156 39 120 163700746
29 156 45 111 163691536
29 156 45 148 163729424
29 212 29 212 222515200
29 212 30 244 222547969
29 212 31 154 222455810
29 212 31 154 222455810
29 212 31 215 222518274
29 212 33 229 222532612
29 212 33 229 222532612
29 212 45 219 222522384
29 212 30 244 222547969
29 212 31 154 222455810
29 212 31 154 222455810
29 212 31 215 222518274
29 212 33 229 222532612
29 212 33 229 222532612
29 212 45 219 222522384
30 99 30 150 103962624
30 99 31 77 103887873
30 99 31 154 103966721
30 99 31 154 103966721
30 99 39 120 103931913
30 99 39 120 103931913
30 99 45 111 103922703
30 99 45 148 103960591
30 99 46 108 103919632
30 99 46 108 103919632
30 99 46 72 103882768
30 150 31 154 157444097
30 150 31 154 157444097
30 150 39 120 157409289
30 150 39 120 157409289
30 150 45 111 157400079
30 150 45 148 157437967
30 150 46 108 157397008
30 150 46 108 157397008
30 150 46 206 157497360
30 244 31 215 256072705
30 244 33 229 256087043
30 244 33 229 256087043
30 244 45 219 256076815
30 244 46 206 256063504
30 244 46 206 256063504
31 77 39 120 80863240
31 77 39 120 80863240
31 77 45 111 80854030
31 77 46 108 80850959
31 77 46 108 80850959
31 77 46 72 80814095
31 154 31 154 161638400
31 154 39 120 161603592
31 154 39 120 161603592
31 154 45 111 161594382
31 154 45 148 161632270
31 154 46 108 161591311
31 154 46 108 161591311
31 154 46 206 161691663
31 154 46 206 161691663
31 154 46 158 161642511
31 154 46 158 161642511
31 154 39 120 161603592
31 154 39 120 161603592
31 154 45 111 161594382
31 154 45 148 161632270
31 154 46 108 161591311
31 154 46 108 161591311
31 154 46 206 161691663
31 154 46 206 161691663
31 154 46 158 161642511
31 154 46 158 161642511
31 215 33 229 225678338
31 215 33 229 225678338
31 215 45 219 225668110
31 215 46 206 225654799
31 215 46 206 225654799
31 215 46 158 225605647
31 215 46 158 225605647
31 215 46 241 225690639
32 348 33 317 365229057
32 348 45 305 365216781
32 348 46 335 365247502
33 229 33 229 240358400
33 229 45 219 240348172
33 229 46 206 240334861
33 229 46 206 240334861
33 229 46 241 240370701
33 229 50 209 240337937
33 229 45 219 240348172
33 229 46 206 240334861
33 229 46 206 240334861
33 229 46 241 240370701
33 229 50 209 240337937
33 317 45 305 332710924
33 317 46 335 332741645
39 120 39 120 125952000
39 120 45 111 125942790
39 120 45 148 125980678
39 120 46 108 125939719
39 120 46 108 125939719
39 120 46 72 125902855
39 120 46 158 125990919
39 120 46 158 125990919
39 120 50 117 125948939
39 120 50 168 126001163
39 120 51 130 125962252
39 120 45 111 125942790
39 120 45 148 125980678
39 120 46 108 125939719
39 120 46 108 125939719
39 120 46 72 125902855
39 120 46 158 125990919
39 120 46 158 125990919
39 120 50 117 125948939
39 120 50 168 126001163
39 120 51 130 125962252
39 120 51 130 125962252
45 111 45 148 116543488
45 111 46 108 116502529
45 111 46 108 116502529
45 111 46 72 116465665
45 111 46 158 116553729
45 111 46 158 116553729
45 111 50 117 116511749
45 111 50 168 116563973
45 111 51 130 116525062
45 111 51 130 116525062
45 111 52 165 116560903
45 219 46 206 229849089
45 219 46 206 229849089
45 219 46 241 229884929
45 219 50 209 229852165
45 219 50 168 229810181
45 219 50 241 229884933
45 219 52 165 229807111
45 219 52 165 229807111
45 148 46 108 155299841
45 148 46 108 155299841
45 148 46 206 155400193
45 148 46 206 155400193
45 148 46 158 155351041
45 148 46 158 155351041
45 148 50 117 155309061
45 148 50 168 155361285
45 148 51 130 155322374
45 148 51 130 155322374
45 148 52 165 155358215
45 148 52 165 155358215
45 148 54 194 155387913
45 305 46 335 320158721
46 108 46 108 113356800
46 108 46 72 113319936
46 108 46 158 113408000
46 108 46 158 113408000
46 108 50 117 113366020
46 108 51 130 113379333
46 108 51 130 113379333
46 108 52 165 113415174
46 108 52 165 113415174
46 108 56 52 113299466
46 108 46 72 113319936
46 108 46 158 113408000
46 108 46 158 113408000
46 108 50 117 113366020
46 108 51 130 113379333
46 108 51 130 113379333
46 108 52 165 113415174
46 108 52 165 113415174
46 108 56 52 113299466
46 72 50 117 75617284
46 72 56 52 75550730
46 206 46 206 216217600
46 206 46 158 216168448
46 206 46 158 216168448
46 206 46 241 216253440
46 206 50 209 216220676
46 206 50 168 216178692
46 206 50 241 216253444
46 206 52 165 216175622
46 206 52 165 216175622
46 206 54 194 216205320
46 206 54 194 216205320
46 206 46 158 216168448
46 206 46 158 216168448
46 206 46 241 216253440
46 206 50 209 216220676
46 206 50 168 216178692
46 206 50 241 216253444
46 206 52 165 216175622
46 206 52 165 216175622
46 206 54 194 216205320
46 206 54 194 216205320
46 158 46 158 165836800
46 158 50 117 165794820
46 158 50 209 165889028
46 158 50 168 165847044
46 158 51 130 165808133
46 158 51 130 165808133
46 158 52 165 165843974
46 158 52 165 165843974
46 158 54 194 165873672
46 158 54 194 165873672
46 158 64 189 165868562
46 158 50 117 165794820
46 158 50 209 165889028
46 158 50 168 165847044
46 158 51 130 165808133
46 158 51 130 165808133
46 158 52 165 165843974
46 158 52 165 165843974
46 158 54 194 165873672
46 158 54 194 165873672
46 158 64 189 165868562
46 158 64 164 165842962
46 241 50 209 252920836
46 241 50 241 252953604
46 241 54 194 252905480
46 241 54 194 252905480
46 241 58 292 253005836
46 241 64 189 252900370
46 241 64 292 253005842
46 335 57 343 351624203
46 335 58 292 351571980
46 335 64 292 351571986
46 335 64 327 351607826
50 117 50 168 122855424
50 117 51 130 122816513
50 117 51 130 122816513
50 117 52 165 122852354
50 117 52 165 122852354
50 117 64 99 122784782
50 117 64 78 122763278
50 117 64 164 122851342
50 117 65 100 122785807
50 209 50 168 219324416
50 209 50 241 219399168
50 209 52 165 219321346
50 209 52 165 219321346
50 209 54 194 219351044
50 209 54 194 219351044
50 209 64 189 219345934
50 209 64 164 219320334
50 168 51 130 176293889
50 168 51 130 176293889
50 168 52 165 176329730
50 168 52 165 176329730
50 168 54 194 176359428
50 168 54 194 176359428
50 168 64 189 176354318
50 168 64 164 176328718
50 168 65 190 176355343
50 241 54 194 252905476
50 241 54 194 252905476
50 241 58 292 253005832
50 241 64 189 252900366
50 241 64 292 253005838
50 241 65 190 252901391
50 241 65 190 252901391
51 130 51 130 136448000
51 130 52 165 136483841
51 130 52 165 136483841
51 130 64 99 136416269
51 130 64 78 136394765
51 130 64 164 136482829
51 130 65 100 136417294
51 130 65 100 136417294
51 130 65 162 136480782
51 130 52 165 136483841
51 130 52 165 136483841
51 130 64 99 136416269
51 130 64 78 136394765
51 130 64 164 136482829
51 130 65 100 136417294
51 130 65 100 136417294
51 130 65 162 136480782
51 130 65 162 136480782
52 165 52 165 173184000
52 165 54 194 173213698
52 165 54 194 173213698
52 165 64 189 173208588
52 165 64 164 173182988
52 165 65 190 173209613
52 165 65 190 173209613
52 165 65 162 173180941
52 165 65 162 173180941
52 165 54 194 173213698
52 165 54 194 173213698
52 165 64 189 173208588
52 165 64 164 173182988
52 165 65 190 173209613
52 165 65 190 173209613
52 165 65 162 173180941
52 165 65 162 173180941
54 194 54 194 203622400
54 194 64 189 203617290
54 194 64 164 203591690
54 194 65 190 203618315
54 194 65 190 203618315
54 194 65 162 203589643
54 194 65 162 203589643
54 194 65 236 203665419
54 194 64 189 203617290
54 194 64 164 203591690
54 194 65 190 203618315
54 194 65 190 203618315
54 194 65 162 203589643
54 194 65 162 203589643
54 194 65 236 203665419
54 194 71 233 203662353
56 52 64 99 54627336
56 52 64 78 54605832
56 52 65 100 54628361
56 52 65 100 54628361
57 343 58 292 359960577
57 343 64 292 359960583
57 343 64 327 359996423
57 343 71 343 360012814
58 292 64 292 306483206
58 292 64 327 306519046
58 292 65 236 306425863
58 292 71 343 306535437
64 99 64 78 103888896
64 99 65 100 103911425
64 99 65 100 103911425
64 99 71 125 103937031
64 99 72 111 103922696
64 99 72 111 103922696
64 99 72 79 103889928
64 78 65 100 81891329
64 78 65 100 81891329
64 78 71 125 81916935
64 78 72 111 81902600
64 78 72 111 81902600
64 78 72 79 81869832
64 189 64 164 198348800
64 189 65 190 198375425
64 189 65 190 198375425
64 189 65 162 198346753
64 189 65 162 198346753
64 189 65 236 198422529
64 189 71 233 198419463
64 189 72 162 198346760
64 189 73 162 198346761
64 189 73 162 198346761
64 164 65 190 172161025
64 164 65 190 172161025
64 164 65 162 172132353
64 164 65 162 172132353
64 164 71 125 172094471
64 164 72 111 172080136
64 164 72 111 172080136
64 164 72 162 172132360
64 164 73 162 172132361
64 164 73 162 172132361
64 164 74 205 172176394
64 292 64 327 306519040
64 292 65 236 306425857
64 292 71 343 306535431
64 327 71 343 343235591
65 100 65 100 104960000
65 100 71 125 104985606
65 100 72 111 104971271
65 100 72 111 104971271
65 100 72 79 104938503
65 100 71 125 104985606
65 100 72 111 104971271
65 100 72 111 104971271
65 100 72 79 104938503
65 100 80 120 104980495
65 190 65 190 199424000
65 190 65 162 199395328
65 190 65 162 199395328
65 190 65 236 199471104
65 190 71 233 199468038
65 190 72 162 199395335
65 190 73 162 199395336
65 190 73 162 199395336
65 190 74 205 199439369
65 190 75 205 199439370
65 190 75 205 199439370
65 190 65 162 199395328
65 190 65 162 199395328
65 190 65 236 199471104
65 190 71 233 199468038
65 190 72 162 199395335
65 190 73 162 199395336
65 190 73 162 199395336
65 190 74 205 199439369
65 190 75 205 199439370
65 190 75 205 199439370
65 162 65 162 170035200
65 162 71 125 169997318
65 162 72 111 169982983
65 162 72 111 169982983
65 162 72 162 170035207
65 162 73 162 170035208
65 162 73 162 170035208
65 162 74 205 170079241
65 162 75 205 170079242
65 162 75 205 170079242
65 162 80 120 169992207
65 162 80 156 170029071
65 162 71 125 169997318
65 162 72 111 169982983
65 162 72 111 169982983
65 162 72 162 170035207
65 162 73 162 170035208
65 162 73 162 170035208
65 162 74 205 170079241
65 162 75 205 170079242
65 162 75 205 170079242
65 162 80 120 169992207
65 162 80 156 170029071
65 236 71 233 247702534
65 236 74 205 247673865
65 236 75 205 247673866
65 236 75 205 247673866
65 236 75 291 247761930
65 236 80 263 247733263
65 236 80 286 247756815
71 343 75 291 359959556
71 343 80 286 359954441
71 343 80 344 360013833
71 125 72 111 131185665
71 125 72 111 131185665
71 125 72 79 131152897
71 125 72 162 131237889
71 125 73 162 131237890
71 125 73 162 131237890
71 125 80 120 131194889
71 125 80 156 131231753
71 125 81 120 131194890
71 125 81 120 131194890
71 125 81 156 131231754
71 233 74 205 244528131
71 233 75 205 244528132
71 233 75 205 244528132
71 233 75 291 244616196
71 233 80 263 244587529
71 233 80 286 244611081
72 111 72 111 116505600
72 111 72 79 116472832
72 111 72 162 116557824
72 111 73 162 116557825
72 111 73 162 116557825
72 111 80 120 116514824
72 111 80 156 116551688
72 111 81 120 116514825
72 111 81 120 116514825
72 111 81 156 116551689
72 111 81 156 116551689
72 111 72 79 116472832
72 111 72 162 116557824
72 111 73 162 116557825
72 111 73 162 116557825
72 111 80 120 116514824
72 111 80 156 116551688
72 111 81 120 116514825
72 111 81 120 116514825
72 111 81 156 116551689
72 111 81 156 116551689
72 79 80 120 82960392
72 79 81 120 82960393
72 79 81 120 82960393
72 162 73 162 170035201
72 162 73 162 170035201
72 162 74 205 170079234
72 162 75 205 170079235
72 162 75 205 170079235
72 162 80 120 169992200
72 162 80 156 170029064
72 162 81 120 169992201
72 162 81 120 169992201
72 162 81 156 170029065
72 162 81 156 170029065
72 162 82 205 170079242
72 162 83 205 170079243
72 162 83 205 170079243
73 162 73 162 170035200
73 162 74 205 170079233
73 162 75 205 170079234
73 162 75 205 170079234
73 162 80 120 169992199
73 162 80 156 170029063
73 162 81 120 169992200
73 162 81 120 169992200
73 162 81 156 170029064
73 162 81 156 170029064
73 162 82 205 170079241
73 162 83 205 170079242
73 162 83 205 170079242
73 162 74 205 170079233
73 162 75 205 170079234
73 162 75 205 170079234
73 162 80 120 169992199
73 162 80 156 170029063
73 162 81 120 169992200
73 162 81 120 169992200
73 162 81 156 170029064
73 162 81 156 170029064
73 162 82 205 170079241
73 162 83 205 170079242
73 162 83 205 170079242
73 162 91 156 170029074
74 205 75 205 215168001
74 205 75 205 215168001
74 205 80 156 215117830
74 205 81 156 215117831
74 205 81 156 215117831
74 205 82 205 215168008
74 205 83 205 215168009
74 205 83 205 215168009
74 205 91 156 215117841
74 205 93 257 215221267
75 205 75 205 215168000
75 205 80 156 215117829
75 205 81 156 215117830
75 205 81 156 215117830
75 205 82 205 215168007
75 205 83 205 215168008
75 205 83 205 215168008
75 205 91 156 215117840
75 205 93 257 215221266
75 205 95 196 215158804
75 205 80 156 215117829
75 205 81 156 215117830
75 205 81 156 215117830
75 205 82 205 215168007
75 205 83 205 215168008
75 205 83 205 215168008
75 205 91 156 215117840
75 205 93 257 215221266
75 205 95 196 215158804
75 291 80 263 305404933
75 291 80 286 305428485
75 291 80 344 305487877
75 291 93 257 305398802
75 291 99 339 305482776
80 120 80 156 125988864
80 120 81 120 125952001
80 120 81 120 125952001
80 120 81 156 125988865
80 120 81 156 125988865
80 120 86 67 125897734
80 120 91 156 125988875
80 120 97 116 125947921
80 120 99 118 125949971
80 263 80 286 276068352
80 263 93 257 276038669
80 286 93 257 300155917
80 286 99 339 300239891
80 286 99 303 300203027
80 156 81 120 163700737
80 156 81 120 163700737
80 156 81 156 163737601
80 156 81 156 163737601
80 156 82 205 163787778
80 156 83 205 163787779
80 156 83 205 163787779
80 156 91 156 163737611
80 156 95 196 163778575
80 156 97 116 163696657
80 156 99 118 163698707
80 156 99 118 163698707
80 156 99 149 163730451
80 344 99 339 361057299
80 344 99 303 361020435
81 120 81 120 125952000
81 120 81 156 125988864
81 120 81 156 125988864
81 120 86 67 125897733
81 120 91 156 125988874
81 120 97 116 125947920
81 120 99 118 125949970
81 120 99 118 125949970
81 120 99 149 125981714
81 120 99 149 125981714
81 120 81 156 125988864
81 120 81 156 125988864
81 120 86 67 125897733
81 120 91 156 125988874
81 120 97 116 125947920
81 120 99 118 125949970
81 120 99 118 125949970
81 120 99 149 125981714
81 120 99 149 125981714
81 156 81 156 163737600
81 156 82 205 163787777
81 156 83 205 163787778
81 156 83 205 163787778
81 156 91 156 163737610
81 156 95 196 163778574
81 156 97 116 163696656
81 156 99 118 163698706
81 156 99 118 163698706
81 156 99 149 163730450
81 156 99 149 163730450
81 156 82 205 163787777
81 156 83 205 163787778
81 156 83 205 163787778
81 156 91 156 163737610
81 156 95 196 163778574
81 156 97 116 163696656
81 156 99 118 163698706
81 156 99 118 163698706
81 156 99 149 163730450
81 156 99 149 163730450
82 205 83 205 215168001
82 205 83 205 215168001
82 205 91 156 215117833
82 205 93 257 215221259
82 205 95 196 215158797
82 205 99 149 215110673
82 205 99 149 215110673
82 205 99 215 215178257
82 205 99 215 215178257
82 205 100 220 215183378
83 205 83 205 215168000
83 205 91 156 215117832
83 205 93 257 215221258
83 205 95 196 215158796
83 205 99 149 215110672
83 205 99 149 215110672
83 205 99 215 215178256
83 205 99 215 215178256
83 205 100 220 215183377
83 205 91 156 215117832
83 205 93 257 215221258
83 205 95 196 215158796
83 205 99 149 215110672
83 205 99 149 215110672
83 205 99 215 215178256
83 205 99 215 215178256
83 205 100 220 215183377
86 67 90 47 70302724
86 67 97 116 70373387
86 67 99 118 70375437
86 67 99 118 70375437
86 67 101 109 70366223
86 67 102 110 70367248
86 67 102 110 70367248
90 47 104 69 49353742
91 156 95 196 163778564
91 156 97 116 163696646
91 156 99 118 163698696
91 156 99 118 163698696
91 156 99 149 163730440
91 156 99 149 163730440
91 156 101 109 163689482
91 156 102 110 163690507
91 156 102 110 163690507
93 257 99 303 269794310
93 257 99 215 269704198
93 257 99 215 269704198
93 257 100 305 269796359
93 257 100 220 269709319
93 257 106 258 269748237
95 196 99 149 205673476
95 196 99 149 205673476
95 196 99 215 205741060
95 196 99 215 205741060
95 196 100 220 205746181
95 196 106 165 205689867
95 196 107 154 205678604
97 116 99 118 121755650
97 116 99 118 121755650
97 116 99 149 121787394
97 116 99 149 121787394
97 116 101 109 121746436
97 116 102 110 121747461
97 116 102 110 121747461
97 116 104 69 121705479
97 116 106 165 121803785
97 116 107 154 121792522
97 116 107 154 121792522
99 339 99 303 355777536
99 339 100 305 355779585
99 339 100 345 355820545
99 118 99 118 123852800
99 118 99 149 123884544
99 118 99 149 123884544
99 118 101 109 123843586
99 118 102 110 123844611
99 118 102 110 123844611
99 118 104 69 123802629
99 118 106 165 123900935
99 118 107 154 123889672
99 118 107 154 123889672
99 118 99 149 123884544
99 118 99 149 123884544
99 118 101 109 123843586
99 118 102 110 123844611
99 118 102 110 123844611
99 118 104 69 123802629
99 118 106 165 123900935
99 118 107 154 123889672
99 118 107 154 123889672
99 303 100 305 318030849
99 303 100 345 318071809
99 303 106 258 317982727
99 303 111 324 318050316
99 149 99 149 156390400
99 149 101 109 156349442
99 149 102 110 156350467
99 149 102 110 156350467
99 149 106 165 156406791
99 149 107 154 156395528
99 149 107 154 156395528
99 149 111 157 156398604
99 149 111 191 156433420
99 149 101 109 156349442
99 149 102 110 156350467
99 149 102 110 156350467
99 149 106 165 156406791
99 149 107 154 156395528
99 149 107 154 156395528
99 149 111 157 156398604
99 149 111 191 156433420
99 215 99 215 225664000
99 215 100 220 225669121
99 215 106 258 225708039
99 215 106 165 225612807
99 215 107 210 225658888
99 215 107 210 225658888
99 215 111 191 225639436
99 215 100 220 225669121
99 215 106 258 225708039
99 215 106 165 225612807
99 215 107 210 225658888
99 215 107 210 225658888
99 215 111 191 225639436
99 215 112 237 225686541
100 305 100 345 320168960
100 305 106 258 320079878
100 305 111 324 320147467
100 305 112 330 320153612
100 220 106 258 230950918
100 220 106 165 230855686
100 220 107 210 230901767
100 220 107 210 230901767
100 220 111 191 230882315
100 220 112 237 230929420
100 345 111 324 362090507
100 345 112 330 362096652
101 109 102 110 114407425
101 109 102 110 114407425
101 109 104 69 114365443
101 109 106 165 114463749
101 109 107 154 114452486
101 109 107 154 114452486
101 109 111 157 114455562
101 109 112 128 114425867
101 109 112 149 114447371
101 109 112 149 114447371
102 110 102 110 115456000
102 110 104 69 115414018
102 110 106 165 115512324
102 110 107 154 115501061
102 110 107 154 115501061
102 110 111 157 115504137
102 110 112 128 115474442
102 110 112 149 115495946
102 110 112 149 115495946
102 110 114 69 115414028
102 110 104 69 115414018
102 110 106 165 115512324
102 110 107 154 115501061
102 110 107 154 115501061
102 110 111 157 115504137
102 110 112 128 115474442
102 110 112 149 115495946
102 110 112 149 115495946
102 110 114 69 115414028
102 110 115 110 115456013
104 69 114 69 72422410
104 69 115 110 72464395
104 69 115 110 72464395
106 258 107 210 270747649
106 258 107 210 270747649
106 258 112 237 270775302
106 258 112 206 270743558
106 258 112 206 270743558
106 258 121 301 270840847
106 165 107 154 173172737
106 165 107 154 173172737
106 165 107 210 173230081
106 165 107 210 173230081
106 165 111 157 173175813
106 165 111 191 173210629
106 165 112 128 173146118
106 165 112 149 173167622
106 165 112 149 173167622
106 165 112 206 173225990
106 165 112 206 173225990
106 165 115 110 173127689
106 165 115 110 173127689
106 165 121 190 173209615
107 154 107 154 161638400
107 154 107 210 161695744
107 154 107 210 161695744
107 154 111 157 161641476
107 154 111 191 161676292
107 154 112 128 161611781
107 154 112 149 161633285
107 154 112 149 161633285
107 154 112 206 161691653
107 154 112 206 161691653
107 154 115 110 161593352
107 154 115 110 161593352
107 154 121 190 161675278
107 154 107 210 161695744
107 154 107 210 161695744
107 154 111 157 161641476
107 154 111 191 161676292
107 154 112 128 161611781
107 154 112 149 161633285
107 154 112 149 161633285
107 154 112 206 161691653
107 154 112 206 161691653
107 154 115 110 161593352
107 154 115 110 161593352
107 154 121 190 161675278
107 210 107 210 220416000
107 210 111 157 220361732
107 210 111 191 220396548
107 210 112 237 220443653
107 210 112 206 220411909
107 210 112 206 220411909
107 210 121 190 220395534
107 210 122 257 220464143
107 210 122 161 220365839
107 210 111 157 220361732
107 210 111 191 220396548
107 210 112 237 220443653
107 210 112 206 220411909
107 210 112 206 220411909
107 210 121 190 220395534
107 210 122 257 220464143
107 210 122 161 220365839
111 324 112 330 340076545
111 324 121 301 340046858
111 324 121 344 340090890
111 157 111 191 164822016
111 157 112 128 164757505
111 157 112 149 164779009
111 157 112 149 164779009
111 157 112 206 164837377
111 157 112 206 164837377
111 157 115 110 164739076
111 157 115 110 164739076
111 157 121 190 164821002
111 157 122 161 164791307
111 157 126 110 164739087
111 157 127 109 164738064
111 157 127 109 164738064
111 191 112 237 200520705
111 191 112 149 200430593
111 191 112 149 200430593
111 191 112 206 200488961
111 191 112 206 200488961
111 191 121 190 200472586
111 191 122 161 200442891
111 191 128 197 200479761
112 330 121 301 346338313
112 330 121 344 346382345
112 128 112 149 134370304
112 128 112 149 134370304
112 128 115 110 134330371
112 128 115 110 134330371
112 128 122 161 134382602
112 128 126 110 134330382
112 128 127 109 134329359
112 128 127 109 134329359
112 128 128 139 134360080
112 237 112 206 248723456
112 237 112 206 248723456
112 237 121 190 248707081
112 237 122 257 248775690
112 237 128 197 248714256
112 237 128 197 248714256
112 149 112 149 156390400
112 149 112 206 156448768
112 149 112 206 156448768
112 149 115 110 156350467
112 149 115 110 156350467
112 149 121 190 156432393
112 149 122 161 156402698
112 149 126 110 156350478
112 149 127 109 156349455
112 149 127 109 156349455
112 149 128 197 156439568
112 149 128 197 156439568
112 149 128 139 156380176
112 149 128 139 156380176
112 149 112 206 156448768
112 149 112 206 156448768
112 149 115 110 156350467
112 149 115 110 156350467
112 149 121 190 156432393
112 149 122 161 156402698
112 149 126 110 156350478
112 149 127 109 156349455
112 149 127 109 156349455
112 149 128 197 156439568
112 149 128 197 156439568
112 149 128 139 156380176
112 149 128 139 156380176
112 149 130 109 156349458
112 206 112 206 216217600
112 206 121 190 216201225
112 206 122 257 216269834
112 206 122 161 216171530
112 206 128 197 216208400
112 206 128 197 216208400
112 206 121 190 216201225
112 206 122 257 216269834
112 206 122 161 216171530
112 206 128 197 216208400
112 206 128 197 216208400
114 69 115 110 72464385
114 69 115 110 72464385
114 69 126 110 72464396
114 69 127 109 72463373
114 69 127 109 72463373
114 69 129 82 72435727
114 69 130 109 72463376
114 69 131 109 72463377
114 69 131 109 72463377
115 110 115 110 115456000
115 110 122 161 115508231
115 110 126 110 115456011
115 110 127 109 115454988
115 110 127 109 115454988
115 110 128 139 115485709
115 110 128 139 115485709
115 110 129 82 115427342
115 110 130 109 115454991
115 110 131 109 115454992
115 110 131 109 115454992
115 110 131 56 115400720
115 110 122 161 115508231
115 110 126 110 115456011
115 110 127 109 115454988
115 110 127 109 115454988
115 110 128 139 115485709
115 110 128 139 115485709
115 110 129 82 115427342
115 110 130 109 115454991
115 110 131 109 115454992
115 110 131 109 115454992
115 110 131 56 115400720
121 301 121 344 315973632
121 301 122 257 315884545
121 301 131 316 315944970
121 301 131 276 315904010
121 190 122 161 199394305
121 190 128 197 199431175
121 190 128 197 199431175
121 190 128 139 199371783
121 190 128 139 199371783
121 190 131 189 199422986
121 344 131 360 361078794
121 344 131 316 361033738
122 257 131 276 269766665
122 257 132 213 269702154
122 161 126 110 168933380
122 161 127 109 168932357
122 161 127 109 168932357
122 161 128 197 169022470
122 161 128 197 169022470
122 161 128 139 168963078
122 161 128 139 168963078
122 161 130 109 168932360
122 161 131 109 168932361
122 161 131 109 168932361
122 161 131 189 169014281
122 161 131 169 168993801
122 161 132 213 169038858
122 161 132 213 169038858
126 110 127 109 115454977
126 110 127 109 115454977
126 110 128 139 115485698
126 110 128 139 115485698
126 110 129 82 115427331
126 110 130 109 115454980
126 110 131 109 115454981
126 110 131 109 115454981
126 110 131 56 115400709
127 109 127 109 114406400
127 109 128 139 114437121
127 109 128 139 114437121
127 109 129 82 114378754
127 109 130 109 114406403
127 109 131 109 114406404
127 109 131 109 114406404
127 109 131 56 114352132
127 109 128 139 114437121
127 109 128 139 114437121
127 109 129 82 114378754
127 109 130 109 114406403
127 109 131 109 114406404
127 109 131 109 114406404
127 109 131 56 114352132
127 109 140 109 114406413
128 197 128 197 206771200
128 197 128 139 206711808
128 197 128 139 206711808
128 197 131 189 206763011
128 197 131 169 206742531
128 197 132 213 206787588
128 197 132 213 206787588
128 197 132 182 206755844
128 197 132 182 206755844
128 197 128 139 206711808
128 197 128 139 206711808
128 197 131 189 206763011
128 197 131 169 206742531
128 197 132 213 206787588
128 197 132 213 206787588
128 197 132 182 206755844
128 197 132 182 206755844
128 139 128 139 145894400
128 139 129 82 145836033
128 139 130 109 145863682
128 139 131 109 145863683
128 139 131 109 145863683
128 139 131 189 145945603
128 139 131 169 145925123
128 139 132 182 145938436
128 139 132 182 145938436
128 139 140 109 145863692
128 139 141 110 145864717
128 139 141 110 145864717
128 139 129 82 145836033
128 139 130 109 145863682
128 139 131 109 145863683
128 139 131 109 145863683
128 139 131 189 145945603
128 139 131 169 145925123
128 139 132 182 145938436
128 139 132 182 145938436
128 139 140 109 145863692
128 139 141 110 145864717
128 139 141 110 145864717
128 139 141 161 145916941
129 82 130 109 86094849
129 82 131 109 86094850
129 82 131 109 86094850
129 82 131 56 86040578
129 82 140 109 86094859
129 82 141 110 86095884
129 82 141 110 86095884
130 109 131 109 114406401
130 109 131 109 114406401
130 109 131 56 114352129
130 109 140 109 114406410
130 109 141 110 114407435
130 109 141 110 114407435
130 109 141 161 114459659
131 360 131 316 377810944
131 360 142 331 377826315
131 109 131 109 114406400
131 109 131 56 114352128
131 109 140 109 114406409
131 109 141 110 114407434
131 109 141 110 114407434
131 109 141 161 114459658
131 109 131 56 114352128
131 109 140 109 114406409
131 109 141 110 114407434
131 109 141 110 114407434
131 109 141 161 114459658
131 109 145 69 114365454
131 56 140 109 58831881
131 56 141 110 58832906
131 56 141 110 58832906
131 56 145 69 58790926
131 316 131 276 331632640
131 316 142 292 331649035
131 316 142 331 331688971
131 276 141 230 289642506
131 276 142 292 289705995
131 276 142 331 289745931
131 276 146 243 289655823
131 189 131 169 198353920
131 189 132 213 198398977
131 189 132 213 198398977
131 189 132 182 198367233
131 189 132 182 198367233
131 189 141 230 198416394
131 189 141 161 198345738
131 189 143 205 198390796
131 189 143 205 198390796
131 189 146 243 198429711
131 189 149 150 198334482
131 189 149 150 198334482
131 169 132 213 177427457
131 169 132 213 177427457
131 169 132 182 177395713
131 169 132 182 177395713
131 169 141 161 177374218
131 169 143 205 177419276
131 169 143 205 177419276
131 169 149 150 177362962
131 169 149 150 177362962
132 213 132 213 223564800
132 213 132 182 223533056
132 213 132 182 223533056
132 213 141 230 223582217
132 213 141 161 223511561
132 213 143 205 223556619
132 213 143 205 223556619
132 213 146 243 223595534
132 213 151 243 223595539
132 213 132 182 223533056
132 213 132 182 223533056
132 213 141 230 223582217
132 213 141 161 223511561
132 213 143 205 223556619
132 213 143 205 223556619
132 213 146 243 223595534
132 213 151 243 223595539
132 182 132 182 191027200
132 182 141 230 191076361
132 182 141 161 191005705
132 182 143 205 191050763
132 182 143 205 191050763
132 182 149 150 190994449
132 182 149 150 190994449
132 182 141 230 191076361
132 182 141 161 191005705
132 182 143 205 191050763
132 182 143 205 191050763
132 182 149 150 190994449
132 182 149 150 190994449
140 109 141 110 114407425
140 109 141 110 114407425
140 109 141 161 114459649
140 109 145 69 114365445
140 109 149 150 114448393
140 109 149 150 114448393
140 109 154 109 114406414
140 109 155 109 114406415
140 109 155 109 114406415
141 110 141 110 115456000
141 110 141 161 115508224
141 110 145 69 115414020
141 110 149 150 115496968
141 110 149 150 115496968
141 110 154 109 115454989
141 110 155 109 115454990
141 110 155 109 115454990
141 110 157 140 115486736
141 110 141 161 115508224
141 110 145 69 115414020
141 110 149 150 115496968
141 110 149 150 115496968
141 110 154 109 115454989
141 110 155 109 115454990
141 110 155 109 115454990
141 110 157 140 115486736
141 110 158 61 115405841
141 230 143 205 241382402
141 230 143 205 241382402
141 230 146 243 241421317
141 230 151 243 241421322
141 230 157 187 241363984
141 161 143 205 169030658
141 161 143 205 169030658
141 161 149 150 168974344
141 161 149 150 168974344
141 161 154 109 168932365
141 161 155 109 168932366
141 161 155 109 168932366
141 161 157 187 169012240
141 161 157 140 168964112
141 161 158 196 169021457
142 292 142 331 306523136
142 292 146 243 306433028
142 292 151 243 306433033
142 292 158 298 306489360
142 331 151 351 347438089
142 331 158 298 347383824
143 205 143 205 215168000
143 205 146 243 215206915
143 205 149 150 215111686
143 205 149 150 215111686
143 205 151 243 215206920
143 205 157 187 215149582
143 205 158 196 215158799
143 205 158 196 215158799
143 205 158 166 215128079
143 205 158 166 215128079
143 205 146 243 215206915
143 205 149 150 215111686
143 205 149 150 215111686
143 205 151 243 215206920
143 205 157 187 215149582
143 205 158 196 215158799
143 205 158 196 215158799
143 205 158 166 215128079
143 205 158 166 215128079
145 69 154 109 72463369
145 69 155 109 72463370
145 69 155 109 72463370
145 69 157 24 72376332
145 69 158 61 72414221
146 243 151 243 255052805
146 243 157 187 254995467
146 243 158 298 255109132
146 243 158 196 255004684
146 243 158 196 255004684
149 150 149 150 157440000
149 150 154 109 157398021
149 150 155 109 157398022
149 150 155 109 157398022
149 150 157 187 157477896
149 150 157 140 157429768
149 150 158 196 157487113
149 150 158 196 157487113
149 150 158 166 157456393
149 150 158 166 157456393
149 150 162 109 157398029
149 150 154 109 157398021
149 150 155 109 157398022
149 150 155 109 157398022
149 150 157 187 157477896
149 150 157 140 157429768
149 150 158 196 157487113
149 150 158 196 157487113
149 150 158 166 157456393
149 150 158 166 157456393
149 150 162 109 157398029
151 351 158 298 368355335
151 351 160 307 368364553
151 351 160 341 368399369
151 243 157 187 254995462
151 243 158 298 255109127
151 243 158 196 255004679
151 243 158 196 255004679
151 243 164 263 255073293
151 243 166 199 255007759
154 109 155 109 114406401
154 109 155 109 114406401
154 109 157 140 114438147
154 109 158 61 114357252
154 109 158 166 114464772
154 109 158 166 114464772
154 109 162 109 114406408
155 109 155 109 114406400
155 109 157 140 114438146
155 109 158 61 114357251
155 109 158 166 114464771
155 109 158 166 114464771
155 109 162 109 114406407
155 109 157 140 114438146
155 109 158 61 114357251
155 109 158 166 114464771
155 109 158 166 114464771
155 109 162 109 114406407
157 24 158 61 25228289
157 24 165 23 25189384
157 187 157 140 196227072
157 187 158 196 196284417
157 187 158 196 196284417
157 187 158 166 196253697
157 187 158 166 196253697
157 187 166 172 196259849
157 187 166 199 196287497
157 187 167 170 196257802
157 187 167 170 196257802
157 187 167 198 196286474
157 187 167 198 196286474
157 140 158 196 147001345
157 140 158 196 147001345
157 140 158 166 146970625
157 140 158 166 146970625
157 140 162 109 146912261
157 140 166 172 146976777
157 140 167 170 146974730
157 140 167 170 146974730
157 140 167 198 147003402
157 140 167 198 147003402
157 140 167 110 146913290
158 61 162 109 64074756
158 61 165 23 63986695
158 61 167 56 64020489
158 61 167 110 64075785
158 61 167 110 64075785
158 298 160 307 312790018
158 298 160 341 312824834
158 298 164 263 312744966
158 298 170 341 312824844
158 196 158 196 205721600
158 196 158 166 205690880
158 196 158 166 205690880
158 196 166 172 205697032
158 196 166 199 205724680
158 196 167 170 205694985
158 196 167 170 205694985
158 196 167 198 205723657
158 196 167 198 205723657
158 196 170 169 205693964
158 196 158 166 205690880
158 196 158 166 205690880
158 196 166 172 205697032
158 196 166 199 205724680
158 196 167 170 205694985
158 196 167 170 205694985
158 196 167 198 205723657
158 196 167 198 205723657
158 196 170 169 205693964
158 196 170 190 205715468
158 166 158 166 174233600
158 166 162 109 174175236
158 166 166 172 174239752
158 166 166 199 174267400
158 166 167 170 174237705
158 166 167 170 174237705
158 166 167 198 174266377
158 166 167 198 174266377
158 166 167 110 174176265
158 166 167 110 174176265
158 166 170 169 174236684
158 166 170 190 174258188
158 166 162 109 174175236
158 166 166 172 174239752
158 166 166 199 174267400
158 166 167 170 174237705
158 166 167 170 174237705
158 166 167 198 174266377
158 166 167 198 174266377
158 166 167 110 174176265
158 166 167 110 174176265
158 166 170 169 174236684
158 166 170 190 174258188
158 166 171 196 174264333
160 307 160 341 322262016
160 307 164 263 322182148
160 307 170 341 322262026
160 341 170 341 357913610
160 341 176 291 357862416
162 109 167 56 114352133
162 109 167 110 114407429
162 109 167 110 114407429
162 109 170 82 114378760
162 109 176 102 114399246
164 263 176 291 276073484
164 263 177 248 276029453
165 23 167 56 24174594
166 172 166 199 180558848
166 172 167 170 180529153
166 172 167 170 180529153
166 172 167 198 180557825
166 172 167 198 180557825
166 172 170 169 180528132
166 172 170 190 180549636
166 172 171 196 180555781
166 172 171 196 180555781
166 199 167 170 208840705
166 199 167 170 208840705
166 199 167 198 208869377
166 199 167 198 208869377
166 199 170 169 208839684
166 199 170 190 208861188
166 199 171 196 208867333
166 199 171 196 208867333
166 199 177 248 