timeDifference
374
532
533
551
552
829
69
44
519
519
811
741
742
719
526
10
741
742
512
797
233
213
214
373
217
293
689
690
691
692
693
703
704
705
706
707
708
737
738
739
740
741
742
764
765
5
6
7
8
9
10
11
19
20
21
159
160
161
162
169
170
183
184
192
195
234
235
361
440
443
444
447
518
519
520
523
710
711
712
724
746
756
757
758
759
760
761
762
1018
24
25
26
27
179
180
181
190
205
206
207
210
211
212
213
214
400
454
455
456
535
536
537
538
541
544
247
473
474
477
480
481
500
513
514
515
557
558
559
560
561
562
563
564
565
657
658
677
678
679
717
718
752
753
754
772
773
798
821
1001
2
15
16
17
59
264
265
304
210
211
221
163
16
17
689
690
691
692
703
704
705
706
707
737
738
739
740
741
743
764
5
6
7
8
9
10
19
20
159
160
161
169
183
193
202
234
441
443
445
518
519
521
699
710
711
756
757
758
759
760
761
24
25
26
179
180
205
206
208
210
211
212
213
251
253
454
455
457
535
536
537
539
542
473
475
478
480
482
498
513
514
557
558
559
560
561
562
563
564
657
677
678
717
752
753
772
999
0
13
15
16
262
264
211
212
782
213
214
216
292
34
781
213
302
539
544
546
568
821
823
825
826
827
829
831
838
839
775
780
815
885
886
916
10
11
32
41
42
51
60
61
121
312
313
352
353
381
382
383
36
287
326
532
792
551
833
834
835
62
63
64
65
73
74
833
834
62
63
64
946
163
163
696
370
210
211
220
16
17
688
689
690
691
692
702
703
704
705
706
707
736
737
738
739
740
741
763
764
4
5
6
7
8
9
10
18
19
20
158
159
160
161
168
169
182
183
191
194
233
234
360
439
442
443
446
517
518
519
522
709
710
711
723
745
755
756
757
758
759
760
761
1017
23
24
25
26
178
179
180
189
204
205
206
209
210
211
212
213
399
453
454
455
534
535
536
537
540
543
246
472
473
476
479
480
499
512
513
514
556
557
558
559
560
561
562
563
564
656
657
676
677
678
716
717
751
752
753
771
772
797
820
1000
1
14
15
16
58
263
264
303
211
212
372
688
689
690
691
702
703
704
705
706
736
737
738
739
740
742
763
4
5
6
7
8
9
18
19
158
159
160
168
182
192
201
233
440
442
444
517
518
520
698
709
710
755
756
757
758
759
760
23
24
25
178
179
204
205
207
209
210
211
212
250
252
453
454
456
534
535
536
538
541
472
474
477
479
481
497
512
513
556
557
558
559
560
561
562
563
656
676
677
716
751
752
771
998
12
14
15
261
263
209
220
210
211
533
542
778
39
211
210
211
220
531
791
550
832
833
834
61
62
63
64
72
531
532
550
551
828
834
762
923
163
210
516
16
516
211
212
371
215
291
687
688
689
690
691
701
702
703
704
705
706
735
736
737
738
739
740
762
763
3
4
5
6
7
8
9
17
18
19
157
158
159
160
167
168
181
182
190
193
232
233
359
438
441
442
445
516
517
518
521
708
709
710
722
744
754
755
756
757
758
759
760
1016
22
23
24
25
177
178
179
188
203
204
205
208
209
210
211
212
398
452
453
454
533
534
535
536
539
542
245
471
472
475
478
479
498
511
512
513
555
556
557
558
559
560
561
562
563
655
656
675
676
677
715
716
750
751
752
770
771
796
819
999
0
13
14
15
57
262
263
302
208
209
219
11
209
210
780
211
212
214
290
32
74
75
537
542
544
566
819
821
823
824
825
827
829
836
837
773
778
813
883
884
914
8
9
30
39
40
49
58
59
119
310
311
350
351
379
380
381
34
285
324
531
550
834
72
831
832
60
61
62
18
29
440
973
29
208
209
218
358
209
210
370
10
192
211
474
478
512
770
771
207
218
531
540
776
37
209
218
829
533
828
829
449
934
820
838
891
338
500
551
552
553
554
555
561
562
563
564
565
566
567
568
569
572
579
580
581
585
594
595
596
604
608
609
610
611
612
620
621
622
627
809
810
815
816
817
818
819
822
823
826
827
828
829
830
833
842
843
844
845
848
849
850
851
858
859
864
865
866
874
875
876
877
881
381
384
574
591
592
599
600
614
615
616
617
618
624
631
632
635
636
637
638
639
645
646
647
835
836
837
840
853
854
855
856
861
862
868
869
870
871
872
883
886
887
888
892
893
900
904
905
906
907
908
394
395
89
90
93
97
104
117
118
119
120
121
122
123
124
138
146
147
148
149
153
154
155
156
157
158
573
574
394
98
120
551
552
553
554
556
561
562
563
564
565
566
567
568
570
579
580
586
594
595
608
609
610
611
620
621
809
815
816
817
818
820
822
824
826
827
828
829
831
842
843
844
846
848
849
850
858
864
865
874
875
876
382
575
587
589
591
599
601
614
615
616
617
629
631
633
635
636
637
638
640
645
646
648
835
836
838
853
854
855
861
868
869
870
871
884
886
887
892
894
904
905
906
907
394
89
91
98
117
118
119
120
121
122
123
146
147
148
153
154
155
156
157
572
97
100
105
119
777
369
30
776
210
284
285
289
528
788
547
829
830
831
58
59
60
61
69
832
644
997
127
54
574
393
394
120
499
550
551
552
553
554
560
561
562
563
564
565
566
567
568
571
578
579
580
584
593
594
595
603
607
608
609
610
611
619
620
621
626
808
809
814
815
816
817
818
821
822
825
826
827
828
829
832
841
842
843
844
847
848
849
850
857
858
863
864
865
873
874
875
876
880
380
383
573
590
591
598
599
613
614
615
616
617
623
630
631
634
635
636
637
638
644
645
646
834
835
836
839
852
853
854
855
860
861
867
868
869
870
871
882
885
886
887
891
892
899
903
904
905
906
907
393
394
88
89
92
96
103
116
117
118
119
120
121
122
123
137
145
146
147
148
152
153
154
155
156
157
572
573
393
97
119
550
551
552
553
555
560
561
562
563
564
565
566
567
569
578
579
585
593
594
607
608
609
610
619
620
808
814
815
816
817
819
821
823
825
826
827
828
830
841
842
843
845
847
848
849
857
863
864
873
874
875
381
574
586
588
590
598
600
613
614
615
616
628
630
632
634
635
636
637
639
644
645
647
834
835
837
852
853
854
860
867
868
869
870
883
885
886
891
893
903
904
905
906
393
88
90
97
116
117
118
119
120
121
122
145
146
147
152
153
154
155
156
571
96
99
104
118
777
393
394
98
120
842
843
335
338
594
595
596
871
872
873
874
393
775
106
107
110
111
112
113
770
574
393
101
114
120
842
336
594
595
871
872
873
106
108
110
111
112
211
216
68
761
465
555
558
793
573
392
393
119
498
549
550
551
552
553
559
560
561
562
563
564
565
566
567
570
577
578
579
583
592
593
594
602
606
607
608
609
610
618
619
620
625
807
808
813
814
815
816
817
820
821
824
825
826
827
828
831
840
841
842
843
846
847
848
849
856
857
862
863
864
872
873
874
875
879
379
382
572
589
590
597
598
612
613
614
615
616
622
629
630
633
634
635
636
637
643
644
645
833
834
835
838
851
852
853
854
859
860
866
867
868
869
870
881
884
885
886
890
891
898
902
903
904
905
906
392
393
87
88
91
95
102
115
116
117
118
119
120
121
122
136
144
145
146
147
151
152
153
154
155
156
571
572
392
96
118
549
550
551
552
554
559
560
561
562
563
564
565
566
568
577
578
584
592
593
606
607
608
609
618
619
807
813
814
815
816
818
820
822
824
825
826
827
829
840
841
842
844
846
847
848
856
862
863
872
873
874
380
573
585
587
589
597
599
612
613
614
615
627
629
631
633
634
635
636
638
643
644
646
833
834
836
851
852
853
859
866
867
868
869
882
884
885
890
892
902
903
904
905
392
87
89
96
115
116
117
118
119
120
121
144
145
146
151
152
153
154
155
758
392
393
9
776
392
393
97
119
841
842
334
337
593
594
595
870
871
872
873
392
774
105
106
109
110
111
112
769
573
392
100
113
119
169
392
393
97
473
670
257
210
470
465
539
714
772
791
572
391
392
118
497
548
549
550
551
552
558
559
560
561
562
563
564
565
566
569
576
577
578
582
591
592
593
601
605
606
607
608
609
617
618
619
624
806
807
812
813
814
815
816
819
820
823
824
825
826
827
830
839
840
841
842
845
846
847
848
855
856
861
862
863
871
872
873
874
878
378
381
571
588
589
596
597
611
612
613
614
615
621
628
629
632
633
634
635
636
642
643
644
832
833
834
837
850
851
852
853
858
859
865
866
867
868
869
880
883
884
885
889
890
897
901
902
903
904
905
391
392
86
87
90
94
101
114
115
116
117
118
119
120
121
135
143
144
145
146
150
151
152
153
154
155
569
757
392
393
97
8
757
391
392
8
775
391
392
96
118
775
392
472
476
490
669
256
168
391
392
96
472
669
256
204
205
204
214
215
461
204
205
772
33
204
205
458
84
929
569
756
354
775
392
7
568
756
391
392
96
7
547
548
549
550
552
557
558
559
560
561
562
563
564
566
575
576
582
590
591
604
605
606
607
616
617
805
811
812
813
814
816
818
820
822
823
824
825
827
838
839
840
842
844
845
846
854
860
861
870
871
872
378
571
583
585
587
595
597
610
611
612
613
625
627
629
631
632
633
634
636
641
642
644
831
832
834
849
850
851
857
864
865
866
867
880
882
883
888
890
900
901
902
903
390
85
87
94
113
114
115
116
117
118
119
142
143
144
149
150
151
152
153
203
204
213
9
10
681
682
683
684
685
695
696
697
698
699
700
729
730
731
732
733
734
756
757
0
1
2
3
11
12
13
151
152
153
154
161
162
175
176
184
187
226
227
353
432
435
436
439
510
511
512
515
702
703
704
716
738
748
749
750
751
752
753
754
1010
16
17
18
19
171
172
173
182
197
198
199
202
203
204
205
206
392
446
447
448
527
528
529
530
533
536
239
465
466
469
472
473
492
505
506
507
549
550
551
552
553
554
555
556
557
649
650
669
670
671
709
710
744
745
746
764
765
790
813
993
7
8
9
51
256
257
296
204
205
365
5
203
204
203
204
526
535
771
32
204
771
32
203
204
71
528
823
824
125
884
322
539
650
439
786
26
317
956
509
9
204
205
364
208
284
352
203
204
364
883
149
303
345
530
531
537
538
559
560
793
803
812
813
816
817
818
819
822
823
829
830
831
628
653
762
766
767
771
772
797
806
807
876
877
878
883
907
908
947
1
2
3
23
24
32
33
34
42
43
47
51
52
53
63
73
83
114
153
204
299
303
304
305
334
343
344
345
364
372
373
374
375
27
28
57
67
198
207
278
279
283
288
292
317
318
279
280
284
67
68
961
606
665
869
888
326
882
883
303
345
955
662
976
666
220
748
612
218
279
66
67
278
279
283
63
523
542
519
783
538
816
55
56
219
747
611
279
544
67
68
980
518
519
537
538
815
55
637
772
415
198
208
209
455
208
241
197
207
208
454
515
534
812
52
518
519
537
538
815
955
950
533
913
934
965
795
207
425
496
62
62
140
737
378
693
346
81
734
947
691
481
381
751
721
62
332
844
46
139
140
449
788
139
