timeDifference
293
859
85
404
375
794
808
982
618
618
618
618
618
618
618
618
565
891
928
724
746
1004
37
296
755
96
259
392
579
586
553
787
830
136
371
567
567
565
565
565
565
565
565
565
565
567
567
565
565
565
565
565
565
565
565
809
1009
525
525
554
555
555
555
555
525
525
554
555
555
555
555
22
22
525
553
555
565
618
20
457
431
389
477
83
771
19
396
526
421
536
801
1001
155
741
530
629
839
839
839
839
883
883
883
883
719
719
719
719
950
950
950
950
115
123
839
987
86
882
95
850
229
396
719
719
719
719
719
719
719
719
659
769
779
227
135
423
317
766
849
9
260
343
599
220
640
122
436
274
361
719
765
32
155
415
549
268
86
214
503
530
1004
168
504
539
673
4
191
455
528
650
989
346
361
672
730
688
533
820
265
766
202
353
772
786
960
462
751
173
711
125
226
209
701
488
681
548
570
815
843
872
901
990
9
29
278
435
635
10
692
914
133
549
579
597
751
751
751
751
685
679
873
172
172
172
172
172
172
172
172
327
661
272
272
762
762
762
762
431
608
973
35
322
761
781
113
780
59
919
458
501
582
582
582
582
546
546
546
546
72
72
72
72
72
72
72
72
545
545
97
105
821
969
68
864
77
832
211
378
253
806
872
356
368
188
762
90
837
142
172
632
390
408
458
782
802
36
154
184
293
679
594
174
174
174
174
325
713
752
178
546
797
797
797
797
751
751
751
751
83
83
779
779
250
400
72
864
742
742
742
742
742
742
742
742
749
457
509
976
82
541
386
516
796
89
204
168
751
52
516
516
516
516
89
89
52
516
516
516
516
89
89
204
204
262
569
516
595
731
712
509
509
391
558
446
446
446
446
446
446
446
446
240
240
941
941
941
941
516
324
743
757
931
238
348
742
177
394
407
422
610
651
841
910
7
78
242
468
518
523
343
434
446
594
632
819
830
893
909
105
334
373
523
661
673
904
908
325
339
540
771
942
4
22
208
210
361
378
380
651
680
141
420
431
454
459
479
559
610
709
802
838
882
902
909
923
931
944
94
237
954
355
523
527
406
406
609
609
840
840
6
6
241
241
522
522
433
433
445
445
593
593
594
594
631
631
818
818
829
829
892
892
372
372
903
903
907
907
338
338
539
539
770
770
941
941
3
3
21
21
207
207
208
208
209
209
360
360
377
377
378
378
379
379
430
430
478
478
609
609
708
708
801
801
837
837
881
881
901
901
922
922
930
930
433
904
904
941
207
207
377
377
433
904
904
941
207
207
377
377
523
523
523
523
406
406
609
609
840
840
6
6
241
241
522
522
433
433
445
445
593
593
594
594
631
631
818
818
829
829
892
892
372
372
903
903
907
907
338
338
539
539
770
770
941
941
3
3
21
21
207
207
208
208
209
209
360
360
377
377
378
378
379
379
430
430
478
478
609
609
708
708
801
801
837
837
881
881
901
901
922
922
930
930
433
904
904
941
207
207
377
377
433
904
904
941
207
207
377
377
523
523
523
523
277
364
548
770
275
359
465
465
467
467
340
340
433
433
592
941
941
206
207
207
207
207
376
377
377
377
377
648
648
417
417
348
465
465
467
467
340
340
433
433
592
941
941
206
207
207
207
207
376
377
377
377
377
648
648
417
417
348
121
739
174
391
404
419
607
648
838
907
4
75
239
465
515
520
340
431
443
591
629
816
827
890
906
102
331
370
520
658
670
901
905
322
336
537
768
939
1
19
205
207
358
375
377
648
677
138
417
428
451
456
476
556
607
706
799
835
879
899
906
920
928
941
91
234
951
352
520
524
799
799
799
799
799
799
799
799
799
799
799
799
799
799
799
799
502
502
502
502
405
329
329
516
516
516
516
500
826
863
659
681
939
231
690
31
194
327
514
521
488
722
765
71
306
863
863
334
334
334
334
863
863
334
334
334
334
345
345
345
345
64
72
788
936
35
831
44
799
178
345
398
398
857
292
59
67
783
931
30
826
39
794
173
340
718
718
591
660
739
743
629
823
1
14
136
357
652
82
508
906
227
334
163
565
630
0
301
459
891
935
37
65
241
527
680
591
591
135
591
591
135
591
591
135
591
591
135
630
630
630
630
705
31
432
719
384
403
67
526
95
295
117
447
793
776
776
776
776
712
53
53
53
53
392
392
392
392
286
286
392
392
392
392
286
286
52
60
776
924
23
819
32
787
166
333
806
806
806
806
583
652
731
735
621
815
6
128
349
644
74
500
898
219
326
155
557
622
293
451
883
927
29
57
233
519
672
117
126
392
793
329
738
745
57
338
746
869
205
421
658
865
21
209
372
552
774
123
145
325
618
848
161
291
305
678
879
163
359
531
610
668
802
432
573
610
610
610
610
610
610
610
610
865
865
865
865
848
848
610
610
610
610
610
610
610
610
865
865
865
865
848
848
362
857
330
622
622
40
40
196
196
596
596
622
622
40
40
196
196
596
596
267
267
87
87
483
210
230
469
477
141
108
266
451
838
45
391
605
622
705
848
169
184
187
284
286
19
630
782
812
86
648
660
705
806
808
40
72
82
196
296
441
422
492
550
596
610
885
760
301
301
301
301
578
700
700
41
41
41
41
199
199
199
199
53
53
74
39
47
763
911
10
806
19
774
153
320
111
120
386
787
323
732
739
51
332
740
863
199
415
652
859
15
203
366
546
768
117
139
319
612
842
155
285
299
672
873
157
353
525
604
662
796
426
567
157
157
157
157
652
652
652
652
319
319
319
319
157
157
157
157
652
652
652
652
319
319
319
319
78
78
578
578
835
835
835
835
777
777
777
777
835
129
129
129
129
818
317
317
317
317
723
723
847
847
636
636
636
636
530
530
530
530
337
337
337
337
903
903
903
903
766
835
850
875
77
117
145
389
402
149
308
751
319
285
393
472
907
835
835
270
319
319
835
835
270
319
319
29
37
753
901
0
796
9
764
143
310
96
105
371
772
308
717
724
36
317
725
848
184
400
637
844
0
188
351
531
753
102
124
304
597
827
140
270
284
657
858
142
338
510
589
647
781
411
552
95
95
858
858
95
95
858
858
899
899
899
899
528
899
827
842
867
69
109
137
381
394
141
300
743
311
277
385
464
899
457
899
899
457
899
899
424
785
680
567
155
90
99
365
766
302
711
718
30
311
719
842
178
394
631
838
182
345
525
747
96
118
298
591
821
134
264
278
651
852
136
332
504
583
641
775
405
546
631
631
773
773
773
773
631
631
773
773
773
773
370
716
399
272
272
272
272
846
846
846
846
635
635
635
635
577
577
577
577
577
577
577
577
254
673
687
861
81
90
356
757
293
702
709
21
302
710
833
169
385
622
829
173
336
516
738
87
109
289
582
812
125
255
269
642
843
127
323
495
574
632
766
396
537
450
177
197
436
444
108
75
233
418
805
12
358
572
589
672
815
136
151
154
251
253
597
749
779
53
615
627
672
773
775
7
39
49
163
263
408
389
459
517
563
577
852
727
667
102
867
106
235
238
239
813
303
544
654
664
112
20
308
202
651
734
145
228
484
105
525
7
835
835
145
145
145
145
835
835
145
145
145
145
31
31
31
31
31
50
393
737
67
834
269
30
30
30
30
400
761
656
543
131
472
472
654
654
394
755
650
537
125
788
193
280
464
686
321
498
863
212
651
671
3
670
809
348
391
537
45
53
62
328
729
265
674
681
274
682
805
141
357
594
801
145
308
488
710
59
81
261
554
784
97
227
241
614
815
99
295
467
546
604
738
368
509
546
546
546
546
729
729
729
729
787
42
729
729
729
729
787
42
546
546
546
546
729
729
729
729
787
42
729
729
729
729
787
42
22
22
22
22
553
225
192
303
403
781
578
499
180
701
849
744
712
91
258
320
604
608
625
665
673
691
702
710
720
729
761
835
846
100
108
126
142
145
155
165
332
372
379
535
722
765
8
88
92
101
126
158
163
228
238
256
323
330
347
496
510
726
855
104
211
321
444
454
456
473
516
542
548
674
676
710
716
53
285
464
579
586
595
608
808
816
14
21
179
409
473
535
538
585
596
604
621
636
641
650
660
692
702
776
833
859
10
29
40
54
72
91
95
127
202
262
272
302
321
465
532
652
762
772
776
812
814
832
23
32
48
61
87
124
306
318
322
340
521
671
41
604
760
794
18
45
110
114
280
459
674
59
246
362
374
425
482
491
557
394
778
798
374
374
374
374
362
362
632
67
832
71
200
203
204
778
268
516
626
636
84
280
174
623
706
117
200
456
77
497
253
440
763
763
410
410
371
732
627
514
102
289
127
214
572
618
8
268
402
121
67
356
383
857
21
357
392
526
44
308
381
503
842
199
214
525
583
541
386
673
199
199
357
357
199
199
357
357
466
466
285
285
466
466
285
285
30
39
305
706
242
651
658
251
659
782
118
334
571
778
122
285
465
687
36
58
238
531
761
74
204
218
591
792
76
272
444
523
581
715
345
486
679
679
260
679
679
260
503
741
440
556
569
680
736
257
282
387
690
267
207
363
499
634
190
242
307
269
468
783
410
705
164
252
550
358
719
614
501
89
674
255
255
551
551
551
551
551
551
551
551
84
354
715
610
497
85
271
109
196
554
600
250
384
103
49
338
365
839
3
339
374
508
26
290
363
485
824
181
196
507
565
523
368
655
154
154
109
109
691
154
154
109
109
691
829
1
505
360
506
120
627
677
737
683
699
297
364
548
577
593
685
119
153
353
489
726
702
227
239
369
293
815
443
688
290
300
522
214
515
685
685
260
260
260
260
357
357
357
357
306
306
485
723
422
538
551
662
718
239
264
369
672
249
189
345
481
616
172
224
289
251
450
765
392
687
146
234
532
260
98
185
543
589
239
373
92
38
327
354
828
328
363
497
15
279
352
474
813
170
185
496
554
512
357
644
686
352
352
352
352
686
352
352
352
352
15
15
15
15
686
352
352
352
352
686
352
352
352
352
15
15
15
15
15
15
15
15
376
232
734
261
261
296
296
303
303
314
314
272
272
280
280
291
291
419
419
772
772
261
261
296
296
303
303
314
314
272
272
280
280
291
291
419
419
772
772
337
312
312
204
304
304
340
340
303
304
304
304
304
280
281
281
281
281
419
419
261
296
303
314
339
663
272
280
291
314
322
611
747
46
541
311
419
771
427
354
260
313
46
46
303
303
280
280
419
419
419
419
419
419
419
419
260
313
46
46
303
303
280
280
419
419
419
419
419
419
419
419
346
195
4
522
217
231
231
94
94
204
204
231
231
94
94
204
204
333
333
105
598
33
228
381
400
688
766
314
390
562
260
450
457
466
518
696
764
162
292
306
308
323
449
515
641
759
418
618
683
32
94
204
211
342
373
394
402
414
428
439
453
458
466
492
669
722
799
350
615
42
144
226
294
390
418
350
350
350
350
350
350
350
350
97
251
251
292
304
304
513
367
205
444
87
87
190
229
229
757
757
323
17
664
664
99
99
757
757
323
17
664
664
99
99
737
737
737
737
737
737
737
737
737
737
293
293
329
329
510
522
570
580
492
514
516
451
483
697
727
784
812
11
83
111
133
141
606
794
798
811
4
54
80
85
319
368
372
419
422
458
516
8
72
136
259
295
352
381
445
660
22
24
368
462
555
727
170
572
382
661
718
10
166
62
783
62
783
62
783
62
783
595
595
39
39
24
24
24
24
695
772
171
377
15
432
377
377
377
377
377
377
377
377
683
451
168
642
115
736
632
72
634
349
392
373
723
261
261
261
261
261
261
261
261
580
580
592
592
593
593
737
737
28
28
29
29
255
255
686
686
79
79
86
86
135
135
600
600
630
630
680
680
709
709
65
65
93
93
115
115
143
143
189
189
440
440
298
298
336
336
384
384
388
388
527
527
528
528
210
210
234
234
313
313
314
314
363
363
522
522
523
523
524
524
751
751
754
754
186
186
616
616
788
788
791
791
9
9
207
207
228
228
497
497
586
586
734
734
790
790
222
222
580
580
592
592
593
593
737
737
28
28
29
29
255
255
686
686
79
79
86
86
135
135
600
600
630
630
680
680
709
709
65
65
93
93
115
115
143
143
189
189
440
440
298
298
336
336
384
384
388
388
527
527
528
528
210
210
234
234
313
313
314
314
363
363
522
522
523
523
524
524
751
751
754
754
186
186
616
616
788
788
791
791
9
9
207
207
228
228
497
497
586
586
734
734
790
790
222
222
270
261
9
232
232
261
261
261
261
270
580
580
356
682
719
515
537
795
87
546
50
183
370
377
344
578
621
162
274
1
109
116
460
580
592
720
737
28
255
686
757
12
79
86
98
134
296
313
521
593
600
630
680
709
65
93
115
143
189
440
152
298
336
384
388
526
528
640
746
763
191
210
234
248
312
314
362
397
510
522
524
751
754
186
616
788
791
9
19
207
228
497
552
586
664
734
99
189
209
240
330
419
460
730
790
222
807
703
260
335
292
78
78
9
9
274
260
260
260
580
580
580
580
388
580
580
580
580
388
260
260
335
292
78
78
9
9
274
260
260
260
580
580
580
580
388
580
580
580
580
388
260
260
269
520
520
219
653
88
260
270
492
184
485
305
280
305
280
260
261
261
656
656
261
261
656
656
202
202
202
202
261
261
261
712
712
712
712
261
261
743
743
261
261
743
743
261
550
510
25
8
500
287
480
347
369
614
642
671
700
789
77
234
434
491
713
348
378
396
261
261
368
261
261
260
261
261
261
261
260
261
261
261
261
260
261
261
261
261
260
260
260
260
260
260
261
261
368
261
261
260
261
261
261
261
260
261
261
261
261
260
261
261
261
261
260
260
260
260
260
260
447
665
684
230
230
271
283
283
230
230
271
283
283
260
260
260
187
260
260
187
250
260
482
174
475
260
331
308
260
271
230
265
272
283
308
632
241
249
260
283
291
580
716
15
510
280
388
740
396
323
283
283
287
287
15
15
272
272
308
308
271
272
272
272
272
248
249
249
249
249
271
272
272
272
272
283
283
287
287
15
15
272
272
308
308
271
272
272
272
272
248
249
249
249
249
271
272
272
272
272
271
271
248
248
261
261
261
279
279
261
261
279
279
363
363
261
261
279
279
363
363
735
735
735
735
735
735
735
735
261
261
262
262
270
270
261
270
261
261
478
478
261
261
478
478
218
218
218
218
261
261
260
261
261
261
261
278
279
279
279
279
260
261
261
261
261
278
279
279
279
279
225
225
260
260
267
267
278
278
236
236
244
244
255
255
383
383
736
736
225
225
260
260
267
267
278
278
236
236
244
244
255
255
383
383
736
736
260
261
261
260
260
261
261
261
261
237
237
392
392
392
392
260
260
236
237
237
237
237
279
279
279
279
260
260
236
237
237
237
237
279
279
279
279
261
261
261
261
261
279
476
497
698
363
507
622
200
207
544
87
546
45
734
399
450
250
308
530
688
144
353
562
762
89
154
427
478
679
786
156
178
0
260
260
260
260
278
278
260
260
278
278
260
261
261
261
261
200
200
200
200
260
260
260
260
261
261
261
261
260
260
260
260
278
278
260
260
278
278
260
261
261
261
261
200
200
200
200
260
260
260
260
261
261
261
261
124
734
731
725
218
707
730
225
260
267
278
303
627
236
244
255
278
286
575
711
10
505
275
383
735
391
318
260
260
167
259
260
260
260
260
259
260
260
260
260
236
236
259
260
260
260
260
236
236
391
391
391
391
391
391
391
391
260
260
167
259
260
260
260
260
259
260
260
260
260
236
236
259
260
260
260
260
236
236
391
391
391
391
391
391
391
391
260
260
260
702
198
260
261
261
297
297
260
260
260
260
250
261
250
250
260
261
261
250
250
260
261
261
260
779
219
219
260
272
272
259
260
260
296
296
259
260
260
296
296
284
259
249
260
249
260
260
272
284
296
308
471
253
254
254
254
254
271
272
272
272
272
218
218
253
253
260
260
271
271
229
229
237
237
248
248
376
376
729
729
218
218
253
253
260
260
271
271
229
229
237
237
248
248
376
376
729
729
253
253
261
261
271
271
499
499
499
499
253
253
261
261
271
271
499
499
499
499
261
261
238
238
260
261
261
261
261
237
238
238
238
238
260
261
261
261
261
237
238
238
238
238
260
272
272
260
260
253
253
271
271
253
253
271
271
253
253
271
271
355
355
253
253
271
271
355
355
262
262
564
218
253
260
271
296
620
229
237
248
271
279
568
704
3
498
268
376
728
384
311
252
253
253
253
253
270
271
271
271
271
252
253
253
253
253
270
271
271
271
271
228
228
260
260
237
237
260
260
237
237
260
260
296
296
259
260
260
260
260
252
253
253
253
253
270
271
271
271
271
252
253
253
253
253
270
271
271
271
271
228
228
260
260
237
237
260
260
237
237
260
260
296
296
259
260
260
260
260
253
271
468
489
690
355
499
614
192
199
536
79
538
37
726
391
442
242
300
522
680
136
345
554
754
81
146
419
470
671
778
148
170
261
261
261
261
261
146
146
377
377
261
261
261
261
261
146
146
377
377
270
271
271
271
271
1
1
217
394
466
756
263
221
208
208
243
243
250
250
261
261
219
219
227
227
238
238
366
366
719
719
208
208
243
243
250
250
261
261
219
219
227
227
238
238
366
366
719
719
284
259
259
151
250
208
243
250
261
286
610
219
227
238
261
269
558
694
488
258
366
718
374
301
207
260
242
242
250
250
260
260
488
488
488
488
207
260
242
242
250
250
260
260
488
488
488
488
283
227
227
247
766
227
227
68
68
68
68
68
68
68
68
531
760
760
173
173
191
191
462
462
173
173
191
191
462
462
36
589
655
139
151
545
620
415
173
191
241
565
585
76
462
377
685
456
467
718
41
283
366
500
680
15
387
394
435
475
615
232
329
351
179
209
68
68
290
290
290
209
68
68
290
290
290
290
290
474
474
142
142
142
142
227
227
227
227
227
227
227
227
532
532
533
533
38
38
662
662
463
463
269
270
270
298
298
299
299
300
300
310
310
176
176
269
270
270
298
298
299
299
300
300
310
310
176
176
270
270
270
270
300
301
301
301
301
299
299
300
299
299
300
157
270
298
300
310
363
202
176
134
222
516
141
271
166
281
270
270
270
270
270
270
270
270
300
300
299
300
300
300
300
299
300
300
300
300
270
270
270
270
270
270
270
270
300
300
299
300
300
300
300
299
300
300
300
300
234
234
234
234
214
214
458
224
295
272
192
227
234
245
270
594
203
211
222
245
253
542
678
472
242
350
702
358
285
703
703
703
703
226
227
227
227
227
203
203
226
227
227
227
227
203
203
703
703
703
703
226
227
227
227
227
203
203
226
227
227
227
227
203
203
653
90
290
709
297
469
242
342
513
730
258
572
259
260
260
288
288
289
289
290
290
300
300
166
166
259
260
260
288
288
289
289
290
290
300
300
166
166
260
260
274
260
288
290
300
353
192
166
124
212
506
131
261
156
271
703
703
260
260
260
260
703
703
260
260
260
260
19
19
275
436
214
185
220
227
238
263
587
196
204
215
238
246
535
671
465
235
343
695
351
278
260
235
235
127
260
260
260
235
235
127
260
260
18
571
637
121
133
527
602
397
155
173
223
547
567
58
444
359
542
742
155
574
141
521
604
51
248
353
208
19
628
627
649
84
648
119
499
102
574
429
190
261
375
635
734
137
194
528
648
661
445
445
445
445
357
363
363
357
363
363
432
432
274
266
266
266
266
585
585
585
585
585
585
585
585
188
718
480
448
74
380
724
679
106
115
453
668
354
367
401
269
150
351
107
120
253
253
268
202
202
253
253
268
202
202
253
253
268
202
202
253
253
268
202
202
655
426
437
688
11
253
336
470
650
357
364
405
445
585
202
299
321
149
260
425
236
260
425
236
260
260
260
260
260
260
425
236
260
425
236
260
260
260
260
260
260
632
69
269
688
276
448
221
321
492
709
237
551
629
272
273
273
273
273
272
273
273
273
273
272
273
273
273
273
272
272
272
272
268
268
126
126
267
126
126
126
126
267
126
126
126
126
163
261
266
273
167
282
319
200
385
38
566
666
709
717
115
409
591
692
598
627
26
213
119
131
353
355
518
579
209
266
319
260
261
261
261
261
272
273
273
273
273
260
260
261
261
272
272
60
260
260
261
261
272
272
60
260
261
261
261
261
260
260
260
260
261
261
260
261
261
261
261
717
717
586
586
260
261
261
261
261
717
717
586
586
260
261
261
261
261
272
273
273
273
273
260
260
261
261
272
272
60
260
260
261
261
272
272
60
260
261
261
261
261
260
260
260
260
261
261
260
261
261
261
261
717
717
586
586
260
261
261
261
261
717
717
586
586
231
232
232
260
260
261
261
262
262
272
272
138
138
231
232
232
260
260
261
261
262
262
272
272
138
138
231
231
260
261
261
261
261
260
260
260
260
261
261
262
262
260
261
261
261
261
260
261
261
261
261
261
261
261
261
261
261
263
263
261
261
261
261
263
263
260
483
483
483
483
483
483
483
483
232
260
262
272
325
164
138
96
184
478
103
233
128
243
230
231
231
259
259
260
260
261
261
271
271
137
137
230
230
259
260
260
260
260
230
230
259
260
260
260
260
261
262
262
262
262
260
260
261
261
260
260
261
261
261
164
164
261
261
261
261
260
260
261
230
231
231
259
259
260
260
261
261
271
271
137
137
230
230
259
260
260
260
260
230
230
259
260
260
260
260
261
262
262
262
262
260
260
261
261
260
260
261
261
261
164
164
261
261
261
261
260
260
261
259
622
59
259
678
266
438
211
311
482
699
227
541
189
260
237
229
230
230
258
258
259
259
260
260
270
270
136
136
229
230
230
258
258
259
259
260
260
270
270
136
136
261
261
260
261
261
261
261
260
261
261
261
261
261
261
261
261
261
261
95
95
261
261
261
261
95
95
260
261
261
261
261
259
259
260
259
259
260
230
258
260
270
323
162
136
94
182
476
101
231
126
241
257
257
269
269
260
260
260
260
58
58
260
260
259
260
260
260
260
259
260
260
260
260
257
257
269
269
260
260
260
260
58
58
260
260
259
260
260
260
260
259
260
260
260
260
256
256
261
261
268
268
195
195
33
33
404
404
126
126
349
349
350
350
204
204
256
256
261
261
268
268
195
195
33
33
404
404
126
126
349
349
350
350
204
204
261
261
256
261
268
162
277
314
195
380
33
561
661
704
712
110
404
586
687
593
622
21
208
114
126
348
350
513
574
204
261
314
260
261
261
261
261
260
260
260
260
5
260
261
261
261
261
260
260
260
260
5
261
261
261
261
261
261
415
415
261
261
261
587
624
420
442
700
451
88
275
282
249
483
526
67
261
261
261
261
261
261
261
261
696
261
261
261
261
261
261
261
261
696
219
220
220
248
248
249
249
250
250
260
260
126
126
219
220
220
248
248
249
249
250
250
260
260
126
126
261
261
261
261
260
260
260
260
117
117
117
117
260
152
152
152
152
220
248
250
260
313
152
126
84
172
466
91
221
116
231
260
260
260
260
260
260
260
260
260
260
260
260
260
260
260
260
399
399
373
373
399
399
373
373
690
690
691
691
692
692
5
5
56
56
358
358
359
359
360
360
621
621
622
622
657
657
658
658
155
155
91
91
690
690
691
691
692
692
5
5
56
56
358
358
359
359
360
360
621
621
622
622
657
657
658
658
155
155
91
91
359
359
260
7
246
254
43
228
615
168
382
399
482
625
61
63
407
559
589
425
437
482
583
585
73
218
199
269
327
373
387
662
537
50
416
558
566
690
692
36
64
226
496
633
669
5
56
166
358
360
496
620
622
166
462
543
570
656
658
152
155
90
201
587
359
359
236
236
236
236
250
236
244
33
218
605
158
372
389
472
615
51
53
397
549
579
415
427
472
573
575
63
208
189
259
317
363
377
652
527
243
243
472
472
472
472
243
243
472
472
472
472
532
680
575
543
89
369
462
531
574
9
95
533
320
326
362
406
441
191
619
545
577
239
90
141
28
457
644
314
520
520
520
520
520
520
520
520
283
645
645
645
645
520
668
563
531
77
237
223
231
20
205
592
145
359
376
459
602
38
40
384
536
566
402
414
459
560
562
50
195
176
246
304
350
364
639
514
277
277
277
277
126
303
668
17
456
476
475
614
153
196
196
196
475
196
196
475
124
301
666
15
454
474
473
612
151
194
513
661
556
524
70
366
366
340
340
366
366
340
340
393
393
393
393
28
28
28
28
503
17
227
213
221
10
195
582
135
349
366
449
592
28
30
374
526
556
392
404
449
550
552
40
185
166
236
294
340
354
629
504
365
365
135
135
166
166
135
135
166
166
365
365
135
135
166
166
135
135
166
166
112
112
112
112
410
416
421
388
569
235
245
354
368
404
433
71
76
102
108
364
367
484
598
607
27
208
1
346
352
593
25
332
48
58
188
192
217
238
246
250
264
272
282
298
302
310
412
508
524
654
71
453
303
212
214
235
247
256
289
150
193
403
486
566
609
1
44
172
417
504
98
533
206
434
58
100
186
230
428
517
523
559
80
334
356
433
439
452
528
79
599
113
228
343
393
544
7
58
280
288
410
474
618
420
20
307
329
558
659
44
186
324
110
182
297
20
368
22
223
294
307
10
87
112
145
499
622
622
504
504
504
504
622
622
504
504
504
504
261
261
261
261
361
387
434
443
461
488
493
520
583
334
264
644
109
511
553
61
285
312
328
308
480
478
558
650
317
555
254
370
383
494
550
71
96
201
504
81
21
177
313
448
4
56
121
83
282
597
224
519
66
364
330
330
330
330
260
139
168
196
198
208
261
100
74
32
120
414
39
169
64
179
261
261
261
261
428
428
261
261
261
261
428
428
165
526
421
308
632
641
392
471
47
345
529
3
3
3
3
468
534
18
30
424
499
294
52
70
120
444
464
341
256
192
178
186
160
547
100
314
331
414
557
339
491
521
357
369
414
515
517
5
150
131
201
259
305
319
594
469
369
369
369
369
277
277
120
120
120
120
207
208
208
208
208
134
134
134
134
314
314
569
569
277
277
120
120
120
120
207
208
208
208
208
134
134
134
134
314
314
569
569
4
4
4
4
324
275
282
55
190
449
101
118
120
355
360
381
462
9
96
309
454
483
619
497
527
99
124
135
185
206
208
256
630
132
134
312
318
410
2
146
292
304
318
325
333
377
83
549
578
607
569
231
231
231
231
80
257
622
410
430
429
568
107
150
257
257
257
257
257
257
257
257
257
257
257
257
257
257
257
257
578
262
262
262
262
282
520
219
335
348
459
515
36
61
166
469
46
142
278
413
21
86
48
247
562
189
484
31
329
260
260
260
260
260
260
260
260
260
257
581
543
539
72
260
262
519
299
311
106
184
217
230
303
483
230
531
552
47
260
260
261
261
518
518
298
298
105
105
216
216
229
229
260
260
260
260
260
260
260
260
260
260
261
261
518
518
298
298
105
105
216
216
229
229
260
260
260
260
260
260
260
260
414
259
259
260
260
517
517
297
297
104
104
215
215
228
228
259
259
260
260
517
517
297
297
104
104
215
215
228
228
258
260
517
297
309
104
182
215
228
301
481
228
529
550
45
261
261
196
196
196
196
196
196
196
196
261
421
611
47
230
8
593
7
221
508
202
606
97
541
234
314
406
523
200
229
568
260
260
260
260
260
261
261
261
261
261
261
261
261
260
329
408
412
298
492
26
321
177
575
3
234
299
128
560
604
196
349
260
260
349
349
260
260
349
349
490
490
490
490
188
188
43
326
372
22
156
110
137
611
111
146
280
62
135
257
596
279
337
295
140
427
200
147
226
362
343
226
226
226
226
226
226
226
226
311
261
499
198
314
327
438
494
15
40
145
448
25
121
257
392
0
65
27
226
541
168
463
10
308
260
106
450
547
260
439
28
188
355
395
