timeDifference
951
42
224
174
937
947
854
537
621
947
140
660
336
19
43
729
294
295
649
861
979
846
852
280
281
453
460
831
392
75
671
671
61
671
716
715
716
527
871
631
759
165
441
900
703
663
830
461
979
872
872
875
228
553
352
75
375
678
658
54
852
282
265
264
416
978
899
702
662
829
872
552
528
823
144
144
977
858
976
90
898
701
661
828
898
608
828
829
870
63
870
873
744
978
545
354
813
334
17
960
144
144
493
195
195
756
897
898
458
827
828
897
607
827
828
897
264
607
660
870
350
886
630
332
15
82
344
541
144
887
888
889
890
895
896
897
902
903
904
908
86
89
155
326
327
328
329
330
333
334
335
336
337
338
339
340
341
342
549
362
363
364
970
971
972
12
406
407
471
476
491
492
657
117
121
139
142
143
144
608
166
167
195
196
615
818
819
820
821
826
827
828
833
834
52
257
258
263
264
265
268
269
270
271
272
273
543
687
456
889
890
897
942
970
971
972
973
406
117
608
609
166
615
616
625
821
266
667
887
888
889
895
896
902
903
87
90
326
327
328
329
331
333
334
335
336
337
338
339
340
341
362
363
942
970
971
406
491
140
142
143
166
195
818
819
820
826
827
833
257
263
264
266
268
269
270
271
272
544
888
889
896
942
970
971
972
608
615
820
265
266
667
868
399
399
118
234
693
697
276
889
890
897
941
943
970
971
972
406
457
470
117
607
608
165
166
194
614
615
821
267
666
886
887
888
889
894
895
896
901
902
903
907
85
88
154
325
326
327
328
329
332
333
334
335
336
337
338
339
340
341
548
361
362
363
969
970
971
11
405
406
470
475
490
491
656
116
120
138
141
142
143
607
165
166
194
195
614
817
818
819
820
825
826
827
832
833
51
256
257
262
263
264
267
268
269
270
271
272
542
686
455
888
889
896
941
969
970
971
972
405
116
607
608
165
614
615
624
820
265
666
886
887
888
894
895
901
902
86
89
325
326
327
328
330
332
333
334
335
336
337
338
339
340
361
362
941
969
970
405
490
139
141
142
165
194
817
818
819
825
826
832
256
262
263
265
267
268
269
270
271
543
887
888
895
941
969
970
971
607
614
819
264
265
666
889
942
970
971
406
469
470
125
606
607
165
166
194
613
614
623
50
266
267
665
889
471
472
473
474
475
476
479
485
486
490
491
492
755
941
942
970
971
972
977
118
119
120
121
122
126
127
128
129
130
131
132
133
134
141
142
249
376
434
435
469
577
578
579
580
581
582
583
584
585
586
587
599
600
708
983
984
985
986
987
988
989
990
991
992
0
1
4
5
6
7
8
9
10
11
124
195
196
197
198
199
200
263
264
549
550
551
552
553
606
607
608
152
153
154
165
222
223
224
229
230
251
323
611
612
613
614
615
619
620
621
622
627
628
629
648
649
46
47
48
49
266
875
766
767
661
662
663
664
665
666
667
672
564
941
970
469
124
606
165
194
612
613
622
49
50
266
267
664
471
472
473
474
475
477
485
490
491
941
970
971
118
119
120
121
126
127
128
129
130
131
132
133
141
434
577
578
579
580
581
582
583
584
585
586
599
983
984
985
986
987
988
989
990
991
0
2
4
5
6
7
8
9
10
193
195
196
197
198
199
263
549
550
551
552
554
606
607
152
153
222
223
229
611
612
613
614
619
620
621
623
625
627
628
630
648
46
47
48
876
766
661
662
663
664
665
666
668
670
676
166
426
356
490
543
928
399
490
978
1010
1010
1010
1014
888
889
896
940
942
969
970
971
405
456
469
116
606
607
164
165
193
613
614
820
266
665
885
886
887
888
893
894
895
900
901
902
906
84
87
153
324
325
326
327
328
331
332
333
334
335
336
337
338
339
340
547
360
361
362
968
969
970
10
404
405
469
474
489
490
655
115
119
137
140
141
142
606
164
165
193
194
613
816
817
818
819
824
825
826
831
832
50
255
256
261
262
263
266
267
268
269
270
271
541
685
454
887
888
895
940
968
969
970
971
404
115
606
607
164
613
614
623
819
264
665
885
886
887
893
894
900
901
85
88
324
325
326
327
329
331
332
333
334
335
336
337
338
339
360
361
940
968
969
404
489
138
140
141
164
193
816
817
818
824
825
831
255
261
262
264
266
267
268
269
270
542
893
888
941
969
970
405
468
469
124
605
606
164
165
193
612
613
622
49
265
266
664
888
470
471
472
473
474
475
478
484
485
489
490
491
754
940
941
969
970
971
976
117
118
119
120
121
125
126
127
128
129
130
131
132
133
140
141
248
375
433
434
468
576
577
578
579
580
581
582
583
584
585
586
598
599
707
982
983
984
985
986
987
988
989
990
991
0
3
4
5
6
7
8
9
10
123
194
195
196
197
198
199
262
263
548
549
550
551
552
605
606
607
151
152
153
164
221
222
223
228
229
250
322
610
611
612
613
614
618
619
620
621
626
627
628
647
648
45
46
47
48
265
874
765
766
660
661
662
663
664
665
666
671
563
940
969
468
123
605
164
193
611
612
621
48
49
265
266
663
621
552
750
751
752
753
754
755
756
849
850
877
878
15
17
22
23
24
25
26
27
28
29
30
31
282
283
284
285
286
291
292
293
303
426
428
36
37
38
111
112
113
114
306
494
495
496
621
692
693
694
695
696
697
686
703
742
769
770
771
782
793
809
810
158
159
169
177
244
359
360
615
616
982
180
465
471
51
377
939
833
887
888
895
939
941
968
969
970
404
455
468
115
605
606
163
164
192
612
613
819
265
664
884
885
886
887
892
893
894
899
900
901
905
83
86
152
323
324
325
326
327
330
331
332
333
334
335
336
337
338
339
546
359
360
361
967
968
969
9
403
404
468
473
488
489
654
114
118
136
139
140
141
605
163
164
192
193
612
815
816
817
818
823
824
825
830
831
49
254
255
260
261
262
265
266
267
268
269
270
540
684
453
892
893
823
83
187
892
887
940
968
969
404
467
468
123
604
605
163
164
192
611
612
621
48
264
265
663
621
667
128
129
130
943
620
866
58
336
336
200
1012
801
892
893
621
822
823
83
186
454
891
892
822
883
884
885
891
892
898
899
83
86
322
323
324
325
327
329
330
331
332
333
334
335
336
337
358
359
938
966
967
402
487
136
138
139
162
191
814
815
816
822
823
829
253
259
260
262
264
265
266
267
268
540
971
892
695
655
822
892
602
822
823
865
865
235
669
980
205
206
907
354
481
191
457
48
935
169
192
970
83
193
460
941
942
943
944
949
384
404
850
851
166
891
892
452
821
822
865
437
336
314
338
395
486
102
559
912
512
166
450
735
907
908
142
170
955
131
417
419
446
533
590
591
907
141
953
418
590
55
983
343
558
911
511
668
1005
1009
850
907
166
169
342
954
16
72
590
748
154
430
167
169
954
417
446
590
581
371
522
667
33
398
757
565
1009
642
747
153
429
734
141
168
169
953
954
71
130
416
418
445
589
590
546
524
1008
699
596
721
721
322
5
166
708
319
721
796
646
659
111
670
992
857
176
718
938
939
940
401
172
391
194
330
194
1006
795
215
540
540
176
34
379
663
379
62
31
396
390
709
379
419
513
243
649
292
859
194
175
540
175
885
492
454
913
175
186
661
995
655
856
861
863
751
105
858
114
183
114
377
518
417
644
222
68
843
844
159
50
116
226
706
387
706
851
653
329
910
183
94
702
201
357
361
508
93
843
900
159
162
335
947
9
65
583
436
13
428
201
917
151
568
715
36
126
