timeDifference
641
931
470
470
471
471
365
365
365
365
382
382
881
382
483
483
382
213
242
242
241
241
82
82
830
830
830
830
998
998
998
998
250
250
250
250
86
86
86
86
250
250
250
250
251
251
251
251
255
255
423
423
423
423
831
831
831
831
998
998
998
998
999
999
999
999
1001
1001
1001
1001
145
145
145
145
147
147
147
147
148
148
148
148
182
1001
1001
1001
1001
145
145
145
145
37
37
423
819
819
785
785
69
69
182
965
351
352
140
140
76
76
76
76
938
352
353
523
950
951
76
76
76
76
247
247
247
247
122
842
843
844
568
568
568
568
672
672
672
672
685
685
535
535
535
535
536
536
536
536
392
394
842
843
535
535
535
535
105
503
853
853
853
853
45
45
275
503
503
793
793
793
793
0
0
0
0
41
41
45
45
45
45
555
793
0
0
0
0
555
555
841
842
843
567
567
567
567
671
671
671
671
684
684
534
534
534
534
535
535
535
535
274
502
852
852
852
852
44
44
792
792
44
44
274
502
502
792
792
792
792
554
792
792
792
792
554
502
684
43
43
43
43
791
791
791
791
851
851
851
851
43
43
43
43
553
791
791
791
791
103
553
851
851
851
851
43
43
553
791
791
43
43
791
791
39
39
501
501
509
684
684
534
534
534
534
541
978
978
998
998
43
43
43
43
213
381
381
381
381
582
582
582
582
681
681
681
681
722
722
722
722
791
791
791
791
869
869
869
869
18
18
18
18
105
105
105
105
218
218
218
218
213
213
851
851
851
851
998
998
998
998
18
18
18
18
978
978
43
43
213
494
494
495
495
495
495
791
791
891
891
891
891
218
218
218
218
43
43
213
294
381
381
494
494
494
494
722
722
722
722
791
791
18
18
18
18
105
105
105
105
381
381
381
381
105
105
105
105
464
464
5
5
6
6
6
6
869
869
869
869
1
721
721
891
891
891
891
213
680
680
680
680
681
681
681
681
371
371
1006
85
85
93
151
213
213
250
250
250
250
426
426
553
623
623
304
772
772
730
730
833
833
833
833
837
837
837
837
841
841
841
841
878
878
878
878
899
899
960
960
960
960
18
18
18
18
168
168
168
168
173
173
173
173
277
277
277
277
316
316
316
316
325
325
325
325
347
347
347
347
947
947
947
947
978
978
978
978
1006
43
43
213
322
322
382
382
444
444
553
623
623
623
623
304
772
772
702
702
702
702
703
703
703
703
723
723
723
723
730
730
791
791
899
899
46
46
46
46
168
168
168
168
181
181
181
181
218
218
218
218
277
277
277
277
342
342
342
342
1006
43
43
100
100
100
100
213
321
321
381
381
445
445
552
618
771
771
701
701
701
701
702
702
702
702
703
703
703
703
722
722
722
722
723
723
723
723
730
730
791
791
889
889
889
889
898
960
960
960
960
18
18
18
18
105
105
105
105
216
216
216
216
276
276
276
276
325
325
325
325
342
342
342
342
381
381
381
381
382
382
816
816
816
816
105
105
105
105
435
444
444
444
444
700
700
700
700
701
701
701
701
702
702
702
702
745
745
745
745
869
869
869
869
175
175
175
175
325
325
325
325
325
742
742
743
743
743
743
889
889
899
899
49
49
49
49
49
49
49
49
213
85
303
681
681
681
681
723
25
25
25
25
473
473
473
473
266
1006
1010
3
154
213
213
253
253
253
253
267
267
267
267
282
421
421
421
421
429
429
429
429
441
446
450
450
450
450
453
453
453
453
470
470
503
503
553
609
609
611
611
619
623
623
11
158
158
304
340
772
1014
329
730
751
751
751
751
874
874
874
874
890
890
890
890
899
901
961
961
961
961
1001
1001
1001
1001
1009
1009
1009
1009
1015
1015
1015
1015
6
6
6
6
10
10
10
10
19
19
19
19
145
145
145
145
153
153
153
153
164
164
164
164
168
168
168
168
177
177
177
177
277
277
277
277
326
326
326
326
329
329
329
329
333
333
333
333
335
335
335
335
1006
3
213
213
252
252
252
252
261
261
266
266
266
266
274
420
420
420
420
440
440
449
449
449
449
452
452
452
452
469
502
502
616
10
11
11
730
751
751
862
862
862
862
874
874
874
874
890
890
890
890
960
960
960
960
961
961
961
961
1000
1000
1000
1000
1009
1009
1009
1009
1014
1014
1014
1014
6
6
6
6
9
9
9
9
10
10
10
10
18
18
18
18
19
19
19
19
144
144
144
144
157
157
157
157
164
164
164
164
176
176
176
176
325
325
325
325
329
329
329
329
340
340
340
340
95
95
256
257
261
261
261
261
266
266
269
282
282
423
423
423
423
440
440
603
603
611
857
857
857
857
1003
1003
1003
1003
1004
1004
1004
1004
1005
1005
1005
1005
1009
1009
1009
1009
147
147
147
147
162
162
162
162
164
164
164
164
320
320
320
320
325
325
325
325
329
329
329
329
335
335
335
335
91
91
154
252
252
253
253
257
257
278
278
431
431
436
436
440
440
440
440
596
597
597
599
603
603
603
603
609
609
853
853
853
853
865
865
865
865
899
901
901
999
1000
1001
1005
9
9
9
9
10
10
10
10
148
148
148
148
155
155
155
155
160
160
160
160
316
319
319
319
319
320
320
320
320
321
321
321
321
325
333
154
158
158
158
158
213
213
502
226
226
226
226
253
85
86
86
90
91
94
596
599
603
710
710
956
956
956
956
470
470
470
470
194
194
194
194
269
470
470
470
470
194
194
194
194
278
468
468
192
192
192
192
194
194
194
194
693
693
694
347
347
347
347
95
202
203
879
739
981
982
1006
3
4
42
43
44
162
163
192
213
214
262
263
295
296
297
335
335
494
494
606
11
11
324
325
352
352
352
352
353
353
353
353
783
783
825
825
825
825
285
702
702
702
702
703
703
703
703
704
704
704
704
705
705
705
705
706
706
706
706
707
707
707
707
723
723
723
723
730
751
751
752
752
753
753
753
753
790
790
791
792
792
874
874
874
874
890
890
890
890
909
910
910
911
911
911
911
940
940
940
940
941
941
941
941
961
961
961
961
962
962
962
962
1009
1009
1009
1009
1010
1010
1010
1010
6
6
6
6
10
10
10
10
19
19
19
19
20
20
20
20
21
21
21
21
45
45
45
45
164
164
164
164
217
217
217
217
329
329
329
329
330
330
330
330
337
337
337
337
341
341
341
341
342
342
342
342
203
23
23
45
45
164
214
215
382
771
771
771
771
792
792
793
793
793
793
911
911
911
911
912
912
912
912
940
940
962
962
962
962
963
963
963
963
106
106
106
106
281
281
281
281
282
282
444
444
607
607
611
611
613
613
617
617
826
826
702
702
702
702
724
724
903
1009
1009
1009
1009
0
0
0
0
158
158
158
158
164
164
164
164
329
329
329
329
331
331
331
331
335
335
335
335
337
337
337
337
923
154
182
253
253
262
272
288
288
607
609
613
613
613
613
891
891
899
901
901
1001
1001
1001
1001
0
0
0
0
10
10
10
10
11
11
11
11
158
158
158
158
331
331
331
331
333
333
333
333
519
154
272
158
158
891
891
903
903
393
520
689
42
44
213
336
336
497
497
497
497
909
909
253
253
1007
126
193
193
262
450
731
731
940
940
940
941
941
941
470
470
708
708
708
708
723
723
723
723
954
470
470
954
954
982
126
297
298
747
747
706
874
875
875
875
22
22
22
22
481
739
739
740
740
203
922
922
789
214
381
381
284
792
792
792
792
911
911
911
911
940
940
962
962
962
962
105
105
105
105
280
280
280
280
302
302
302
302
977
977
261
261
266
266
440
605
605
701
701
701
701
702
702
702
702
1009
1009
1009
1009
5
5
5
5
152
152
152
152
164
164
164
164
325
325
325
325
329
329
329
329
332
332
332
332
336
336
336
336
337
337
337
337
153
252
252
262
287
287
440
440
443
443
493
493
822
889
889
900
902
902
1000
1000
1000
1000
9
9
9
9
10
10
10
10
167
167
167
167
325
325
325
325
328
328
328
328
332
332
332
332
374
41
41
157
902
902
169
169
169
169
280
280
280
280
302
922
519
41
41
42
44
44
161
213
381
381
502
502
351
351
351
351
243
243
243
243
789
908
908
909
909
960
960
960
961
961
961
962
962
962
280
280
280
280
262
449
449
940
940
940
940
941
941
941
941
191
281
452
452
452
723
723
723
723
982
297
706
706
706
706
874
874
739
739
374
112
112
642
371
371
596
596
596
596
848
112
113
113
596
596
596
596
848
848
692
848
596
596
596
596
368
368
368
368
681
180
180
275
275
275
275
199
199
729
730
881
554
555
555
556
563
566
567
578
278
278
278
278
279
279
279
279
280
280
280
280
287
287
287
287
290
290
290
290
291
291
291
291
302
302
302
302
921
921
922
922
239
48
48
217
217
218
218
218
218
381
381
381
381
556
578
796
796
796
796
962
962
962
962
965
965
965
965
967
967
967
967
280
280
280
280
23
23
23
23
771
771
771
771
578
582
582
583
583
878
878
994
940
940
215
359
359
360
360
83
83
83
83
254
254
254
254
269
271
956
483
483
483
483
946
946
947
947
122
556
924
512
512
235
235
235
235
870
972
972
1000
257
257
440
440
601
601
603
603
607
607
613
613
696
696
696
696
697
697
697
697
698
698
698
698
893
1005
1005
1005
1005
0
0
0
0
1
1
1
1
158
158
158
158
171
171
171
171
271
271
271
271
320
320
320
320
323
323
323
323
325
325
325
325
327
327
327
327
331
331
331
331
332
332
332
332
917
917
513
870
870
36
37
37
38
38
156
207
547
108
784
784
784
784
785
785
903
903
955
955
271
271
271
271
513
38
38
39
39
157
207
208
376
376
547
785
785
786
786
787
787
787
787
904
904
905
905
905
905
955
955
955
955
956
956
956
956
271
271
271
271
297
297
297
297
247
247
247
247
258
290
447
447
601
603
605
605
605
605
320
171
976
976
423
423
423
423
601
601
700
700
700
700
701
701
701
701
269
438
438
440
440
697
697
697
697
698
698
698
698
698
698
698
698
699
699
699
699
718
718
718
718
936
936
936
936
158
888
888
316
316
488
489
489
39
39
39
39
212
212
212
212
69
231
231
400
400
403
403
403
403
404
404
404
404
574
817
817
817
817
404
404
404
69
773
773
773
773
930
833
917
86
619
619
619
619
744
871
871
913
913
16
16
185
185
185
185
471
601
601
676
870
870
977
256
510
510
13
13
35
154
183
183
205
272
372
543
169
209
209
209
209
294
791
813
234
234
234
234
276
276
319
487
487
487
487
572
572
572
572
761
761
761
761
783
783
783
783
891
902
902
902
902
953
953
953
953
49
49
49
49
96
96
96
96
267
267
267
267
271
271
271
271
293
293
293
293
596
596
596
596
602
185
185
185
185
471
383
722
294
1004
319
572
572
572
572
271
271
271
271
253
358
358
91
91
254
262
411
411
411
411
596
599
601
601
603
603
714
714
881
881
1000
1000
1000
1000
1001
1001
1001
1001
135
135
135
135
148
148
148
148
171
171
171
171
207
207
207
207
320
320
320
320
325
325
325
325
327
327
327
327
328
328
328
328
596
601
601
601
601
720
720
721
721
320
320
320
320
325
325
325
325
440
440
440
440
697
697
697
697
698
698
698
698
997
116
278
278
358
358
358
358
411
411
599
599
698
698
698
698
721
721
864
864
864
864
865
865
865
865
1
722
315
487
487
713
713
713
713
596
596
596
596
205
205
460
460
257
257
460
971
116
737
874
185
815
985
552
787
185
185
185
185
471
513
591
591
694
822
855
848
848
38
38
38
38
41
41
41
41
207
352
374
374
374
374
522
522
522
522
544
547
556
559
575
575
578
807
908
908
294
302
503
503
503
503
598
598
598
598
798
96
149
149
319
572
572
572
572
764
764
764
764
785
785
785
785
955
955
76
76
76
76
98
98
98
98
268
268
268
268
271
271
271
271
280
280
280
280
283
283
283
283
299
299
299
299
887
887
887
887
568
575
575
578
138
138
138
138
169
169
169
169
299
299
299
299
302
302
302
302
347
764
848
798
444
444
444
444
487
487
488
488
489
489
489
489
614
614
614
614
596
596
596
596
374
444
444
444
444
556
246
246
246
246
822
163
163
54
41
41
205
205
206
206
207
942
216
216
979
573
575
576
578
297
297
297
297
299
299
299
299
300
300
300
300
294
294
294
294
357
357
357
357
213
213
357
357
357
357
682
682
809
809
809
809
962
962
962
962
186
186
722
848
848
798
132
553
553
553
553
213
522
523
556
960
960
960
960
961
961
961
961
962
962
962
962
247
247
247
247
822
231
231
41
41
48
207
207
219
219
68
68
68
68
506
83
533
831
831
831
831
19
19
19
19
514
514
514
514
515
515
515
515
19
19
19
19
358
358
292
292
292
292
546
546
546
546
547
547
547
547
651
651
651
651
663
663
664
664
664
664
547
547
547
547
547
547
547
547
546
568
723
71
78
78
78
78
404
404
404
404
413
413
596
601
601
811
811
811
811
815
815
815
815
819
819
819
819
826
826
826
826
128
128
128
128
153
153
153
153
159
159
159
159
320
320
320
320
325
325
325
325
845
845
845
845
69
126
411
411
420
420
420
420
421
421
449
449
450
450
450
450
599
599
813
813
813
813
817
817
817
817
845
845
845
845
854
854
854
854
144
144
144
144
157
157
157
157
301
301
301
301
134
482
258
428
429
429
429
429
834
834
834
834
258
426
426
428
428
833
833
833
231
70
71
75
231
231
231
231
232
232
232
232
247
247
406
411
411
413
413
430
430
430
430
432
432
433
433
435
435
574
574
576
835
835
835
836
836
836
837
837
837
127
406
406
435
435
850
850
850
850
851
851
851
851
215
215
470
470
470
470
560
560
560
560
644
644
867
867
867
867
194
194
194
194
577
577
578
578
678
678
678
678
679
679
679
679
721
721
721
721
151
151
151
151
194
194
194
194
215
215
215
215
964
964
964
964
856
856
856
856
151
153
63
63
63
63
71
119
215
215
215
215
413
866
866
119
684
684
700
700
700
700
517
954
954
974
974
19
19
19
19
189
357
357
357
357
558
558
558
558
657
657
657
657
698
698
698
698
767
767
767
767
845
845
845
845
81
81
81
81
194
194
194
194
536
536
536
536
537
537
537
537
656
656
215
215
644
389
58
58
215
215
827
827
827
561
561
664
664
664
664
383
389
974
698
698
698
698
449
213
213
962
962
962
962
962
962
962
962
151
151
151
151
151
151
151
151
76
76
116
226
226
226
226
411
420
468
468
699
699
817
864
864
144
157
157
157
157
192
192
192
192
974
974
698
698
698
698
468
468
301
298
301
22
22
22
22
25
25
25
25
48
206
376
480
480
482
482
482
482
762
984
984
547
547
547
547
613
613
645
645
645
645
649
649
649
649
444
444
444
444
608
608
921
921
921
921
652
652
652
652
649
649
649
649
390
391
392
525
525
525
525
526
526
526
526
529
529
529
529
547
547
547
547
549
549
549
549
550
550
645
645
390
391
524
524
524
524
525
525
525
525
528
528
528
528
546
546
546
546
549
549
645
645
269
544
544
544
544
564
564
734
734
734
734
376
376
650
963
969
969
529
549
549
549
549
550
550
550
550
630
630
630
630
614
614
614
614
604
604
473
473
466
466
466
466
473
473
706
706
706
706
333
333
333
333
347
347
347
347
649
649
649
649
547
547
547
547
645
645
645
645
628
207
210
211
376
376
947
51
51
382
382
962
962
962
962
963
963
963
963
967
967
967
967
105
105
105
105
106
106
106
106
111
111
111
111
518
518
381
381
381
381
382
382
518
963
963
963
963
105
105
105
105
518
963
963
963
963
962
962
962
962
51
51
385
385
385
385
386
386
386
386
518
799
799
799
799
963
963
963
963
109
109
109
109
799
799
799
799
5
5
5
5
373
373
373
373
776
776
97
97
97
97
391
391
912
912
912
912
379
379
816
90
659
669
669
669
669
658
658
158
158
54
54
54
54
47
377
377
377
377
382
382
382
382
795
795
795
795
963
963
963
963
101
101
101
101
105
105
105
105
206
206
47
47
795
795
795
795
963
963
963
963
46
46
46
46
962
962
962
962
51
51
51
51
215
215
215
215
216
216
216
216
220
220
388
388
388
388
796
796
796
796
963
963
963
963
964
964
964
964
966
966
966
966
110
110
110
110
112
112
112
112
113
113
113
113
47
47
388
388
388
388
778
778
778
778
795
795
795
795
948
948
948
948
112
112
112
112
377
377
377
377
888
888
28
28
28
28
32
36
36
205
205
30
30
30
30
32
35
35
37
37
30
30
34
34
34
34
36
518
518
242
242
242
242
8
8
8
8
518
518
756
756
756
756
8
8
8
8
756
756
756
756
177
177
518
518
925
925
925
925
242
242
242
242
181
181
180
518
47
47
795
795
795
795
963
963
963
963
518
963
963
963
963
242
242
242
242
47
47
514
795
795
795
795
378
378
102
102
102
102
377
377
377
377
378
101
102
8
8
8
8
756
756
756
756
816
816
816
816
68
518
816
816
816
816
343
343
531
531
531
531
532
532
532
532
636
636
636
636
648
648
649
649
649
649
532
958
390
391
258
427
427
428
428
459
459
459
459
460
460
525
525
525
525
549
549
644
644
645
503
503
503
503
645
645
645
645
686
686
686
686
151
151
151
151
152
152
152
152
178
178
816
816
816
816
963
963
963
963
47
47
47
47
795
795
795
795
378
529
529
529
529
549
549
549
549
550
550
645
645
204
178
204
549
549
549
549
550
550
653
653
653
653
815
815
815
815
855
855
855
855
685
685
685
685
377
389
458
458
458
458
549
549
632
632
632
632
645
645
203
177
203
549
549
652
652
652
652
652
652
652
652
55
388
388
388
388
397
397
406
406
435
435
435
435
799
799
799
799
803
803
803
803
831
831
831
831
112
112
112
112
287
287
287
287
119
468
178
178
926
926
926
926
925
925
925
971
50
50
275
394
394
394
394
568
568
695
695
819
819
819
839
839
839
839
218
975
111
220
220
243
418
418
557
559
559
561
561
567
567
699
699
839
835
199
199
778
778
778
778
948
948
948
948
199
199
199
199
948
948
948
948
199
199
199
199
778
778
778
778
778
778
778
692
692
692
692
102
112
212
283
284
284
851
851
860
860
112
665
665
665
665
664
665
752
809
813
561
561
561
561
323
323
323
323
254
532
532
532
532
549
549
549
549
550
550
550
550
650
521
521
521
521
632
632
632
615
615
615
615
637
300
300
700
700
969
969
649
649
39
40
633
633
441
441
441
441
698
698
698
698
824
27
27
645
645
378
378
77
77
102
102
102
102
863
863
863
863
870
870
870
870
603
603
603
603
863
863
863
863
360
360
360
360
763
763
763
763
84
84
84
84
90
90
90
90
360
360
360
360
366
366
366
366
84
84
84
84
90
90
90
90
360
360
360
360
763
763
763
763
84
84
84
84
360
360
360
360
366
366
366
366
84
84
84
84
90
90
90
90
42
863
863
863
863
359
359
359
359
762
762
83
83
83
83
332
332
332
332
359
359
359
359
762
762
762
762
83
83
83
83
89
89
89
89
359
359
359
359
365
365
365
365
83
83
83
83
89
89
89
89
365
365
365
365
143
143
377
377
377
377
962
101
101
101
101
317
317
317
317
483
483
483
483
156
156
786
915
237
408
683
683
819
210
211
215
215
909
44
694
694
19
19
20
21
21
31
31
32
190
190
190
190
191
191
191
191
199
199
200
200
200
200
204
299
300
301
302
352
352
352
352
353
353
353
353
354
354
354
354
358
358
358
358
359
359
359
359
360
360
360
360
361
361
361
361
473
475
475
475
475
483
483
483
483
900
129
761
762
762
767
767
767
767
768
768
768
768
769
769
780
780
780
780
938
938
938
938
947
947
947
947
948
948
948
948
951
951
951
951
23
23
23
23
26
26
26
26
76
76
76
76
77
77
77
77
78
78
78
78
79
79
79
79
82
82
82
82
83
83
83
83
84
84
84
84
85
85
85
85
90
90
90
90
95
95
95
95
96
96
96
96
97
97
97
97
858
858
858
858
615
893
210
13
13
13
13
15
15
17
17
19
19
20
20
26
26
31
31
36
36
190
190
190
190
199
199
299
300
301
352
352
352
352
353
353
353
353
358
358
358
358
359
359
359
359
360
360
360
360
322
322
322
322
761
761
763
763
763
763
765
765
765
765
767
767
767
767
768
768
774
774
776
776
776
776
778
778
778
778
947
947
947
947
949
949
949
949
24
24
24
24
76
76
76
76
77
77
77
77
78
78
78
78
80
80
80
80
82
82
82
82
83
83
83
83
84
84
84
84
95
95
95
95
96
96
96
96
770
770
192
192
360
360
360
360
361
361
778
778
778
778
939
939
939
939
84
84
84
84
85
85
85
85
90
90
90
90
192
192
361
361
768
768
768
768
200
200
200
200
201
201
201
201
949
949
949
949
26
26
735
735
735
735
774
774
182
28
28
28
28
36
36
776
780
373
769
769
735
735
26
26
191
191
191
191
927
155
155
785
914
236
407
682
682
818
209
210
214
214
908
43
693
693
18
18
19
20
20
30
30
31
189
189
189
189
190
190
190
190
198
198
199
199
199
199
203
298
299
300
301
351
351
351
351
352
352
352
352
353
353
353
353
357
357
357
357
358
358
358
358
359
359
359
359
360
360
360
360
472
474
474
474
474
482
482
482
482
899
128
760
761
761
766
766
766
766
767
767
767
767
768
768
779
779
779
779
937
937
937
937
946
946
946
946
947
947
947
947
950
950
950
950
22
22
22
22
25
25
25
25
75
75
75
75
76
76
76
76
77
77
77
77
78
78
78
78
81
81
81
81
82
82
82
82
83
83
83
83
84
84
84
84
89
89
89
89
94
94
94
94
95
95
95
95
96
96
96
96
857
857
857
857
30
30
360
360
360
360
361
361
366
366
366
366
946
946
946
946
84
84
84
84
85
85
85
85
90
90
90
90
361
361
768
768
768
768
35
35
35
35
200
200
200
200
766
766
766
766
25
25
734
734
734
734
773
773
734
734
734
734
780
780
780
780
734
734
734
734
97
178
178
191
191
191
191
915
131
131
299
300
473
89
451
451
451
451
23
23
23
23
37
37
37
37
30
360
360
360
360
365
365
365
365
778
778
778
778
946
946
946
946
84
84
84
84
88
88
88
88
768
768
766
766
766
766
936
936
936
936
668
668
130
949
949
949
949
93
93
93
93
26
26
26
26
774
774
774
774
36
180
180
759
759
776
776
776
776
784
197
197
365
365
365
365
767
26
26
26
26
34
34
774
778
913
299
300
88
88
24
24
24
24
914
130
130
298
299
472
88
450
450
450
450
22
22
22
22
501
501
225
225
225
225
493
493
493
493
499
499
499
499
739
739
739
739
217
217
217
217
223
223
223
223
163
163
331
331
332
332
332
332
741
741
741
741
55
55
55
55
163
163
501
501
739
739
741
741
741
741
911
911
911
911
54
54
54
54
225
225
225
225
495
495
219
219
219
219
225
493
493
494
494
217
217
217
217
218
218
218
218
501
501
500
500
501
501
501
501
192
361
497
497
502
226
226
226
226
501
225
225
225
225
942
942
942
942
941
941
941
941
259
259
259
259
365
365
365
365
497
225
225
225
225
778
778
778
778
502
501
502
502
501
501
502
502
910
910
910
910
498
498
161
161
162
162
330
330
739
739
909
909
909
909
910
910
910
910
158
158
497
497
737
737
737
737
906
906
906
906
221
221
221
221
493
493
217
217
217
217
492
493
616
616
163
394
394
442
442
650
650
650
650
651
651
651
651
652
652
652
652
653
653
653
653
672
672
672
672
741
741
741
741
838
838
838
838
839
839
839
839
849
849
910
910
910
910
118
118
118
118
125
125
125
125
166
166
166
166
131
131
131
131
631
631
631
631
131
131
131
131
43
43
673
673
673
673
791
791
791
791
118
118
118
118
385
394
394
394
394
650
650
650
650
651
651
651
651
652
652
652
652
695
695
695
695
819
819
819
819
125
125
125
125
275
275
275
275
91
376
376
385
385
819
819
819
819
839
839
266
266
266
266
721
721
502
503
503
839
839
101
502
502
503
838
838
849
849
849
849
100
101
502
848
848
849
849
849
849
163
163
502
275
502
612
612
612
612
623
623
623
623
623
623
362
341
363
363
456
456
456
456
13
13
13
13
362
363
363
363
363
457
457
457
457
362
362
363
363
647
286
286
454
454
454
454
456
456
456
456
457
457
457
457
454
454
454
454
698
728
728
736
736
323
323
257
257
257
257
755
755
218
446
628
628
498
498
218
236
236
129
129
129
129
245
246
369
369
369
369
561
561
93
93
93
93
116
116
116
116
118
118
118
118
285
285
285
285
290
290
290
290
824
926
926
954
211
211
394
394
555
555
557
557
561
561
567
567
650
650
650
650
651
651
651
651
652
652
652
652
847
959
959
959
959
112
112
112
112
125
125
125
125
225
225
225
225
274
274
274
274
277
277
277
277
279
279
279
279
281
281
281
281
285
285
285
285
286
286
286
286
243
244
559
559
671
671
671
671
839
839
116
116
116
116
283
283
283
283
720
720
467
102
220
106
106
839
839
851
851
560
102
130
130
501
106
838
838
849
849
116
225
229
102
501
501
749
849
849
163
163
451
451
851
851
390
390
553
215
215
316
316
501
106
106
366
366
366
366
554
554
554
554
926
926
926
926
141
230
401
401
401
401
650
651
671
671
671
671
888
888
888
888
270
270
902
418
418
902
902
930
74
245
246
695
695
654
822
823
823
823
369
370
237
406
406
407
407
438
438
438
438
439
439
504
504
504
504
528
528
623
623
624
482
482
482
482
624
624
624
624
665
665
665
665
130
130
130
130
131
131
131
131
325
325
325
325
624
624
624
624
665
665
665
665
666
666
666
666
922
922
157
438
438
439
439
439
439
735
735
835
835
835
835
162
162
162
162
26
26
26
26
774
774
774
774
157
157
325
49
157
752
528
528
528
528
529
351
922
482
482
482
482
922
922
526
624
624
624
624
625
625
625
625
666
484
921
921
941
941
156
324
324
324
324
525
525
525
525
624
624
624
624
665
665
665
665
734
734
734
734
812
812
812
812
48
48
48
48
161
161
161
161
484
438
438
439
439
734
734
734
734
834
834
834
834
161
161
161
161
664
664
664
664
683
156
324
324
324
324
48
48
48
48
834
834
527
527
527
527
528
528
631
631
631
631
350
482
482
482
482
525
525
624
624
624
624
812
25
631
834
834
484
388
388
561
646
646
646
646
734
734
734
734
161
161
161
161
285
285
285
285
542
542
543
543
643
643
643
643
644
644
644
644
686
686
686
686
116
116
116
116
159
159
159
159
495
903
903
219
219
219
219
362
545
545
116
116
116
116
285
285
285
285
362
362
544
544
156
324
324
324
324
325
325
325
325
495
544
544
734
48
48
48
48
180
180
949
28
28
28
28
673
673
673
673
645
646
245
246
416
416
416
416
525
525
624
624
624
624
666
666
666
666
812
812
812
812
246
246
266
266
385
385
414
414
819
819
819
819
109
109
109
109
114
114
114
114
820
123
855
855
855
855
885
885
885
885
247
247
247
247
286
286
286
286
219
123
123
745
58
854
854
884
884
884
884
225
225
225
225
285
285
285
285
163
163
163
163
248
853
853
225
225
225
225
867
463
107
157
157
159
326
447
447
447
447
248
296
296
296
296
297
297
297
297
526
526
526
526
734
734
734
734
735
735
854
854
855
855
855
855
906
906
906
906
907
907
907
907
50
50
50
50
107
157
297
297
297
297
915
915
915
915
441
441
441
441
556
98
126
126
497
102
834
834
845
845
112
221
225
926
926
373
373
373
373
551
551
650
650
650
650
651
651
651
651
197
197
922
922
137
646
646
646
646
922
922
922
922
137
226
397
397
397
397
646
647
667
667
667
667
884
884
884
884
951
106
137
206
219
248
675
675
695
695
695
695
834
834
835
835
835
835
467
467
467
467
266
266
438
634
634
634
634
161
161
161
161
154
322
322
322
322
494
732
732
732
732
839
901
901
901
901
46
46
46
46
154
493
494
732
732
732
732
901
901
901
901
116
116
116
116
218
218
218
218
493
901
901
217
217
217
217
154
322
322
322
322
323
323
323
323
493
494
732
732
732
732
901
901
901
901
217
217
217
217
218
218
218
218
154
927
360
414
245
541
541
541
541
178
178
178
178
671
671
671
671
386
386
386
523
523
523
523
263
266
469
877
44
56
877
870
870
317
720
720
819
828
131
132
34
195
363
363
364
364
365
649
650
692
6
458
1
294
295
393
393
394
394
394
394
549
549
288
288
289
458
458
458
458
459
459
711
712
713
102
103
153
154
299
303
320
321
321
469
469
469
469
473
473
491
494
502
502
503
503
506
510
511
511
512
512
513
514
515
516
60
61
72
72
86
86
86
86
87
87
87
87
88
88
105
105
106
106
111
111
123
123
137
137
137
137
157
157
157
157
158
158
158
158
370
370
370
370
751
877
12
12
12
12
182
182
182
182
183
183
183
183
392
392
392
392
435
435
435
435
436
436
436
436
709
709
710
710
711
711
711
711
731
731
731
731
732
732
732
732
850
850
850
850
901
901
901
901
902
902
23
23
23
23
27
27
27
27
44
44
44
44
45
45
45
45
193
193
193
193
215
215
215
215
226
226
226
226
227
227
227
227
230
230
230
230
234
234
234
234
235
235
235
235
236
236
236
236
237
237
237
237
238
238
238
238
820
131
913
363
364
364
649
735
459
294
393
393
288
288
456
456
456
456
458
458
711
712
102
153
320
320
492
502
504
510
510
511
512
512
513
514
515
60
86
86
86
86
87
87
105
157
157
157
157
182
182
182
182
435
435
435
435
520
520
520
520
709
709
709
709
710
710
731
731
731
731
901
901
44
44
44
44
226
226
226
226
228
228
228
228
234
234
234
234
235
235
235
235
236
236
236
236
237
237
237
237
239
239
239
239
820
822
131
861
861
861
861
459
103
153
154
299
303
303
320
320
321
322
322
322
322
469
469
494
495
502
506
517
856
856
856
856
61
62
710
710
712
712
712
712
731
731
731
731
732
732
732
732
733
733
733
733
850
850
850
850
851
851
851
851
855
855
855
855
901
901
901
901
902
902
902
902
44
44
44
44
45
45
45
45
193
193
193
193
219
219
219
219
226
226
226
226
230
230
230
230
241
241
241
241
131
132
132
138
154
451
451
451
451
710
710
902
902
902
902
299
469
469
469
469
502
506
507
507
510
511
512
512
106
106
106
106
107
112
746
850
850
850
850
23
23
23
23
226
226
226
226
230
230
230
230
231
231
231
231
234
234
234
234
236
236
236
236
103
153
61
437
437
437
437
732
732
733
733
296
512
512
236
236
236
236
295
803
818
818
220
755
250
885
885
885
885
26
26
154
154
155
155
491
492
494
495
504
86
86
87
87
87
87
88
88
105
105
138
138
138
138
159
159
159
159
27
27
27
27
890
890
104
818
827
130
131
33
194
362
362
363
363
364
648
649
691
5
457
0
293
294
392
392
393
393
393
393
548
548
287
287
288
457
457
457
457
458
458
710
711
712
101
102
152
153
298
302
319
320
320
468
468
468
468
472
472
490
493
501
501
502
502
505
509
510
510
511
511
512
513
514
515
59
60
71
71
85
85
85
85
86
86
86
86
87
87
104
104
105
105
110
110
122
122
136
136
136
136
156
156
156
156
157
157
157
157
369
369
369
369
750
876
11
11
11
11
181
181
181
181
182
182
182
182
391
391
391
391
434
434
434
434
435
435
435
435
708
708
709
709
710
710
710
710
730
730
730
730
731
731
731
731
849
849
849
849
900
900
900
900
901
901
22
22
22
22
26
26
26
26
43
43
43
43
44
44
44
44
192
192
192
192
214
214
214
214
225
225
225
225
226
226
226
226
229
229
229
229
233
233
233
233
234
234
234
234
235
235
235
235
236
236
236
236
237
237
237
237
131
860
860
860
860
132
132
132
132
460
538
538
802
557
103
153
154
298
299
303
303
320
320
321
321
468
468
468
468
469
469
490
493
494
502
502
505
506
522
522
855
855
61
450
450
450
450
96
96
96
96
223
223
710
710
710
710
731
731
731
731
732
732
732
732
850
850
850
850
854
854
854
854
901
901
901
901
902
902
22
22
22
22
44
44
44
44
45
45
45
45
193
193
193
193
214
214
214
214
218
218
218
218
226
226
226
226
229
229
229
229
230
230
230
230
240
240
240
240
246
246
246
246
131
132
132
762
154
450
450
450
450
876
710
710
710
710
902
902
834
834
834
834
860
860
860
860
455
455
298
299
468
468
469
469
469
469
490
501
502
502
505
506
509
510
511
511
512
106
106
850
850
850
850
22
22
22
22
23
23
23
23
214
214
214
214
225
225
225
225
226
226
226
226
229
229
229
229
230
230
230
230
233
233
233
233
234
234
234
234
236
236
236
236
875
875
875
875
864
864
103
153
61
732
732
302
512
236
236
236
236
295
884
884
884
884
240
249
249
249
249
219
249
750
750
130
130
130
130
708
708
708
708
648
648
154
154
59
545
545
914
623
302
303
491
493
493
494
86
86
87
87
87
87
88
104
105
105
105
105
26
26
26
26
27
27
27
27
889
889
738
738
926
854
854
854
854
820
131
761
931
498
733
131
131
131
131
417
459
537
537
640
768
801
794
794
153
298
320
320
320
320
468
468
468
468
490
493
502
505
521
521
524
753
854
854
240
248
449
449
449
449
544
544
544
544
744
42
95
95
265
518
518
518
518
710
710
710
710
731
731
731
731
901
901
22
22
22
22
44
44
44
44
214
214
214
214
217
217
217
217
226
226
226
226
229
229
229
229
245
245
245
245
833
833
833
833
131
761
70
70
744
875
876
710
710
710
710
833
833
833
833
817
361
456
454
454
454
454
709
298
468
468
489
490
501
501
502
505
508
509
510
510
511
512
521
521
84
84
54
265
560
560
560
560
707
707
707
707
22
22
22
22
214
214
214
214
225
225
225
225
226
226
226
226
229
229
229
229
232
232
232
232
233
233
233
233
234
234
234
234
236
236
236
236
245
245
245
245
640
640
153
24
24
24
24
302
512
236
236
236
236
218
103
248
749
749
750
750
129
129
129
129
708
708
647
648
648
859
859
59
301
302
492
493
493
504
504
70
70
86
86
87
87
104
104
105
105
25
25
25
25
26
26
26
26
525
525
525
525
70
70
737
737
744
853
853
853
853
131
590
761
848
890
212
383
868
870
794
185
644
644
644
644
728
863
884
19
635
669
107
154
157
157
165
165
165
165
327
327
327
327
448
14
14
14
14
297
297
297
297
427
427
427
427
450
450
450
450
744
817
817
817
817
293
293
293
293
710
710
710
710
742
742
742
742
755
755
755
755
902
902
902
902
908
908
908
908
913
913
913
913
172
172
172
172
833
833
833
833
860
860
860
860
462
560
298
299
468
468
469
469
490
502
505
506
521
932
39
39
265
850
850
850
850
22
22
22
22
214
214
214
214
226
226
226
226
229
229
229
229
230
230
230
230
245
245
245
245
165
165
165
165
764
847
640
640
103
153
163
163
163
163
323
323
323
323
324
324
324
324
325
325
325
325
326
326
61
732
732
733
733
734
734
734
734
747
747
904
904
904
904
47
47
47
47
48
48
48
48
49
49
49
49
50
50
50
50
165
165
163
163
240
240
240
240
850
889
248
895
895
38
38
465
465
742
742
742
154
154
156
156
163
163
164
164
164
164
165
165
165
165
731
732
733
734
902
902
902
902
911
911
911
911
913
44
403
403
144
144
144
144
303
303
303
303
451
451
493
493
494
495
78
78
712
174
174
174
174
452
452
744
854
854
854
854
855
856
856
394
394
394
670
670
13
13
165
165
165
165
744
744
744
744
761
761
761
761
914
914
914
914
10
10
186
187
187
3
3
7
7
175
175
176
176
274
329
329
329
329
330
330
330
330
333
333
333
333
736
736
738
738
738
738
740
740
740
740
745
749
749
751
751
751
751
922
922
922
922
923
923
923
923
51
51
51
51
53
53
53
53
54
54
54
54
55
55
55
55
57
57
57
57
61
61
61
61
66
66
66
66
165
165
6
6
6
6
922
922
922
922
174
174
740
740
740
740
761
761
761
761
740
740
740
740
742
742
742
742
154
154
165
165
165
165
337
337
337
337
738
738
740
740
740
742
742
742
744
744
744
745
902
902
902
902
913
913
913
913
59
60
61
70
11
11
11
13
13
70
744
441
441
441
441
127
128
128
758
150
446
446
446
446
872
706
706
706
706
898
898
830
830
830
830
512
236
236
236
236
112
112
112
112
871
871
871
871
82
82
747
756
834
464
464
316
316
317
317
317
317
430
430
430
430
726
726
727
727
727
727
897
897
897
897
40
40
40
40
41
41
41
41
487
497
498
498
507
507
67
67
67
67
68
68
118
118
119
119
119
119
126
126
518
518
521
237
18
18
18
18
451
451
453
453
791
836
836
92
92
177
177
178
178
451
451
541
541
541
541
557
557
557
557
165
165
594
594
420
420
249
761
761
761
761
765
765
765
765
906
906
934
78
628
628
628
628
629
629
629
629
630
630
630
630
631
631
631
631
827
827
101
101
101
101
205
205
205
205
253
253
253
253
165
165
165
165
744
744
744
744
347
527
527
527
527
510
510
510
510
13
13
13
13
401
401
401
401
529
163
163
922
922
922
922
9
9
161
161
161
161
740
740
740
740
757
757
757
757
910
910
910
910
829
829
829
829
69
69
69
69
740
740
740
740
757
2
2
163
163
323
323
323
323
324
324
324
324
325
325
325
325
326
326
326
326
331
331
331
331
447
447
447
447
732
732
733
733
734
734
738
738
740
740
740
740
745
745
47
47
47
47
48
48
48
48
49
49
49
49
50
50
50
50
54
54
54
54
55
55
55
55
61
61
61
61
62
62
62
62
736
4
161
161
161
9
631
454
454
454
454
455
455
455
455
271
271
61
715
715
715
715
775
775
775
775
477
715
715
715
715
477
715
715
165
165
302
465
902
902
922
922
137
305
305
305
305
506
506
506
506
605
605
605
605
646
646
646
646
715
715
715
715
793
793
793
793
29
29
29
29
142
142
142
142
902
902
137
418
418
419
419
419
419
715
715
815
815
815
815
142
142
142
142
163
612
612
612
612
922
815
815
605
605
605
605
902
902
902
902
930
137
246
246
306
306
368
368
477
547
547
547
547
228
696
696
626
626
626
626
627
627
627
627
647
647
647
647
654
654
715
715
823
823
92
92
92
92
105
105
105
105
142
142
142
142
201
201
201
201
266
266
266
266
740
740
740
740
740
740
740
740
476
884
884
200
200
200
200
161
161
161
161
654
654
654
654
922
922
74
75
174
174
695
695
695
695
696
696
666
666
666
666
802
802
802
802
813
813
822
823
823
823
823
9
9
128
128
128
128
930
65
397
397
398
398
398
398
228
605
605
605
605
654
654
654
654
802
813
127
656
714
714
714
714
836
836
836
836
866
866
866
866
267
267
267
267
292
292
292
292
654
654
799
799
799
799
92
92
92
92
253
187
353
353
365
531
535
535
535
535
264
264
696
787
815
815
823
823
77
77
77
77
82
82
82
82
89
250
553
553
656
656
299
930
931
934
116
117
191
191
191
191
199
82
228
654
654
655
814
814
814
814
815
815
815
815
17
17
17
17
740
740
740
740
742
742
742
742
464
622
465
465
15
15
15
15
54
733
337
337
337
337
727
727
727
727
744
744
744
744
897
897
897
897
61
61
61
61
165
165
165
165
913
913
913
913
317
318
322
323
897
897
897
897
903
903
903
903
47
96
438
438
232
563
563
562
562
563
563
562
562
280
280
70
215
215
215
215
454
492
216
216
216
216
284
494
218
218
218
218
656
656
695
710
710
710
710
112
112
112
112
691
691
114
114
692
777
777
416
416
417
417
417
417
543
543
543
543
525
525
525
525
774
85
201
285
693
866
9
9
9
9
87
87
540
540
540
540
452
356
356
529
614
614
614
614
702
702
702
702
129
129
129
129
253
253
253
253
897
897
897
897
577
577
917
62
493
493
493
493
577
577
641
641
641
641
384
909
909
4
4
356
356
356
356
611
633
633
634
634
654
654
654
654
656
656
656
656
61
61
61
61
84
84
84
84
236
236
236
236
592
592
592
592
633
789
789
789
789
858
858
858
858
179
179
407
407
666
266
266
266
266
643
643
66
165
165
175
200
200
353
353
356
356
406
406
735
802
802
813
815
815
913
913
913
913
80
80
80
80
238
238
238
238
241
241
241
241
245
245
245
245
105
105
853
853
853
853
406
165
165
382
382
620
620
620
620
635
635
635
635
895
210
619
619
619
619
787
787
551
551
551
551
459
592
592
592
592
899
472
472
472
472
473
473
473
473
577
577
577
577
451
605
0
0
0
0
799
799
799
799
837
837
837
837
394
394
394
394
522
522
522
522
523
523
523
523
605
92
92
447
723
723
723
723
605
243
650
650
726
232
232
455
455
455
455
649
649
649
649
580
580
580
580
630
630
630
630
577
577
577
577
575
575
400
457
457
457
457
575
575
575
575
456
456
456
456
457
457
457
457
573
573
472
472
472
472
492
492
662
662
662
662
307
594
594
304
591
591
912
912
912
912
633
633
633
633
907
406
406
593
593
593
593
166
271
271
165
914
914
914
914
913
913
913
913
912
912
912
912
592
271
271
271
271
633
633
778
778
778
778
71
71
71
71
232
910
29
191
191
271
271
271
271
324
324
512
512
611
611
611
611
634
634
777
777
777
777
778
778
778
778
886
886
909
29
191
191
332
332
332
332
610
610
610
610
611
611
611
611
633
633
777
777
777
777
56
61
797
607
607
607
607
608
608
608
608
627
627
627
627
845
845
845
845
881
881
96
605
605
605
605
95
175
625
446
446
170
170
170
170
446
446
684
684
684
684
445
445
444
444
139
139
440
440
164
164
164
164
438
438
162
162
162
162
446
480
204
204
204
204
442
723
723
723
723
442
204
204
204
204
311
311
311
311
316
316
40
40
40
40
315
315
315
315
39
39
39
39
836
836
836
836
829
829
15
15
733
734
735
459
459
459
459
563
563
563
563
576
576
426
426
426
426
427
427
427
427
283
285
733
734
426
426
426
426
733
271
271
271
271
205
205
205
205
563
564
564
427
427
427
427
426
426
426
426
394
394
732
733
734
458
458
458
458
562
562
562
562
575
575
425
425
425
425
426
426
426
426
282
284
732
733
425
425
425
425
270
270
270
270
204
204
204
204
562
562
562
562
563
563
427
427
427
427
562
563
563
426
426
426
426
393
731
732
733
457
457
457
457
561
561
561
561
574
574
424
424
424
424
425
425
425
425
269
269
562
562
562
562
561
561
561
561
562
562
426
426
426
426
164
479
443
681
681
681
681
561
561
561
561
131
131
478
478
712
712
712
712
712
712
712
712
434
712
712
712
712
100
100
99
30
40
192
211
271
271
271
271
334
334
334
334
363
363
363
363
442
489
489
489
489
490
490
491
661
661
661
661
590
590
590
590
591
591
591
591
592
592
592
592
612
612
612
612
632
632
632
632
778
778
778
778
788
788
166
166
166
166
489
489
490
490
590
590
590
590
591
591
591
591
633
633
633
633
63
63
63
63
106
106
106
106
876
876
876
876
508
508
58
58
58
58
232
232
232
232
571
571
571
571
71
71
71
71
31
316
316
325
325
759
759
759
759
779
779
206
206
206
206
363
888
888
335
335
335
335
590
612
612
613
613
633
633
633
633
635
635
635
635
40
40
40
40
63
63
63
63
215
215
215
215
30
727
727
727
727
768
768
768
768
778
778
778
778
103
30
127
127
127
127
316
316
316
316
325
325
40
40
40
40
472
472
472
472
193
316
364
364
364
364
472
472
472
472
442
29
39
191
210
270
270
270
270
333
333
333
333
362
362
362
362
441
488
488
488
488
489
489
490
660
660
660
660
589
589
589
589
590
590
590
590
591
591
591
591
611
611
611
611
631
631
631
631
777
777
777
777
787
787
165
165
165
165
260
126
126
875
875
875
875
210
722
722
722
722
726
726
726
726
70
70
70
70
570
570
570
570
70
70
70
70
887
887
611
611
611
611
722
722
722
722
62
62
62
62
589
589
589
589
590
590
590
590
612
612
634
634
29
30
324
324
767
767
767
767
777
777
778
778
778
778
126
126
102
30
126
126
126
126
324
777
777
471
471
471
471
39
441
442
874
874
874
874
210
487
487
588
588
588
588
630
630
630
630
69
69
69
69
69
69
69
69
611
611
611
611
729
729
729
729
56
56
56
56
323
332
332
332
332
588
588
588
588
589
589
589
589
590
590
590
590
633
633
633
633
757
757
757
757
63
63
63
63
213
213
213
213
29
314
314
323
323
757
757
757
757
777
777
204
204
204
204
125
125
125
125
886
886
610
610
766
766
766
766
777
777
38
38
38
38
69
894
618
618
618
618
38
39
441
786
786
28
668
712
712
712
712
880
880
880
880
435
159
159
159
159
431
712
712
712
712
126
294
294
294
294
873
873
873
873
18
18
18
18
19
19
19
19
18
18
18
18
126
126
299
299
299
299
300
300
300
300
469
874
875
876
880
299
299
299
122
122
377
377
377
377
467
467
467
467
551
551
774
774
774
774
101
101
101
101
377
377
377
377
467
467
733
733
733
733
773
773
773
773
206
718
718
718
718
722
722
722
722
863
863
36
135
135
135
135
311
311
311
311
377
377
377
377
585
585
585
585
586
586
586
586
587
587
587
587
588
588
588
588
773
773
773
773
783
845
845
845
845
35
35
35
35
60
60
60
60
122
122
122
122
701
701
701
701
701
701
701
701
871
871
871
871
329
329
329
329
586
627
627
627
627
718
722
722
722
722
726
726
726
726
733
754
754
754
754
53
53
53
53
66
66
66
66
103
103
103
103
201
201
201
201
615
615
615
615
122
122
122
122
615
615
615
615
437
438
438
774
774
883
883
607
607
607
607
308
309
176
345
345
346
346
377
377
377
377
378
378
443
443
443
443
467
467
562
562
563
421
421
421
421
563
563
563
563
604
604
604
604
69
69
69
69
70
70
70
70
604
604
604
604
96
177
264
264
377
377
377
377
605
605
605
605
674
674
122
122
345
345
346
346
378
378
379
713
713
713
713
734
734
881
881
881
881
69
69
69
69
70
70
70
70
176
346
346
347
347
347
347
122
122
345
345
345
345
346
346
774
774
290
571
571
571
571
263
263
263
263
562
562
562
562
603
603
603
603
604
604
604
604
860
860
95
376
376
377
377
377
377
673
673
773
773
773
773
100
100
100
100
712
712
712
712
121
121
121
121
344
344
345
346
346
346
346
378
466
466
466
466
733
733
733
733
880
880
880
880
68
68
68
68
69
69
69
69
70
70
70
70
175
176
346
346
346
346
603
603
603
603
751
751
751
751
175
345
345
346
346
346
346
466
466
466
466
570
570
570
570
467
467
762
168
422
326
326
499
584
584
584
584
672
672
672
672
99
99
99
99
223
223
223
223
480
480
481
481
581
581
581
581
582
582
582
582
624
624
624
624
54
54
54
54
97
97
97
97
697
697
697
697
867
867
867
867
22
131
131
131
131
307
307
307
307
316
316
325
325
325
325
326
326
326
326
499
714
714
714
714
718
718
718
718
722
722
722
722
729
729
729
729
750
750
750
750
31
31
31
31
49
49
49
49
197
197
197
197
223
223
223
223
879
879
603
603
603
603
714
714
714
714
54
54
54
54
22
307
307
316
316
750
750
750
750
770
770
197
197
197
197
697
697
697
300
354
185
481
481
481
481
21
31
131
202
203
203
770
770
779
779
31
204
204
323
323
352
352
757
757
757
757
47
47
47
47
52
52
52
52
84
614
145
154
326
326
328
328
495
495
499
501
501
586
586
586
586
606
606
883
883
883
883
891
891
891
891
893
893
893
893
40
40
40
40
52
52
52
52
211
211
211
211
223
223
223
223
224
224
224
224
225
225
225
225
491
772
772
772
772
46
46
46
46
215
215
215
215
220
220
220
220
495
495
495
495
40
40
40
40
47
47
47
47
219
219
219
219
257
40
785
785
52
52
52
52
163
163
163
163
185
614
425
425
425
425
571
74
74
75
75
653
653
653
653
822
822
822
822
761
149
149
164
311
311
207
590
590
590
590
757
757
757
757
889
8
75
75
144
332
613
613
822
822
822
823
823
823
352
352
257
888
714
633
633
633
633
776
633
633
633
633
635
635
635
635
222
222
633
633
633
633
695
695
19
30
129
129
129
129
305
305
305
305
324
324
497
727
727
727
727
748
748
748
748
777
29
29
29
29
52
52
52
52
195
195
195
195
221
221
221
221
54
54
54
54
602
602
602
602
720
720
720
720
47
47
47
47
865
865
865
865
298
481
481
52
52
52
52
221
221
221
221
545
545
609
609
609
609
877
877
29
30
129
129
650
650
650
650
651
651
621
621
621
621
757
757
757
757
768
768
777
778
778
778
778
352
352
352
352
353
353
30
95
95
95
95
97
97
97
97
30
200
201
95
77
77
707
836
158
329
604
604
740
131
132
136
136
830
615
615
111
111
111
111
112
112
112
112
120
120
121
121
121
121
125
220
221
222
223
273
273
273
273
274
274
274
274
275
275
275
275
279
279
279
279
280
280
280
280
281
281
281
281
282
282
282
282
394
396
396
396
396
404
404
404
404
821
50
682
683
683
688
688
688
688
689
689
689
689
690
690
701
701
701
701
859
859
859
859
868
868
868
868
869
869
869
869
872
872
872
872
0
0
0
0
3
3
3
3
4
4
4
4
5
5
5
5
6
6
6
6
11
11
11
11
16
16
16
16
17
17
17
17
18
18
18
18
779
779
779
779
126
126
707
707
707
707
689
689
689
689
859
859
859
859
122
122
122
122
688
688
688
688
111
111
279
279
279
279
280
280
283
283
283
283
697
697
697
697
859
859
859
859
860
860
860
860
3
3
3
3
4
4
4
4
7
7
7
7
615
616
616
581
581
120
120
288
288
288
288
690
112
112
112
113
113
113
836
220
221
224
394
395
395
221
222
686
686
373
373
373
373
373
373
373
373
110
110
110
110
689
689
689
689
706
706
706
706
859
859
859
859
688
688
688
688
858
858
858
858
111
111
279
279
279
279
280
280
858
858
858
858
859
859
859
859
3
3
3
3
4
4
4
4
614
615
615
590
590
49
685
685
685
685
687
687
687
687
120
120
120
120
868
112
112
112
112
836
52
52
220
221
394
10
372
372
372
372
221
222
372
372
372
372
820
808
299
299
299
299
308
308
317
317
346
346
346
346
710
710
710
710
714
714
714
714
742
742
742
742
23
23
23
23
198
198
198
198
22
307
307
316
316
316
316
317
317
345
345
346
346
346
346
495
495
709
709
709
709
713
713
713
713
741
741
741
741
750
750
750
750
40
40
40
40
53
53
53
53
197
197
197
197
89
89
429
205
836
836
836
836
837
837
837
837
52
52
52
52
221
221
221
221
466
466
466
466
616
616
616
616
717
717
717
717
30
129
129
131
131
142
142
296
296
296
296
308
308
317
317
473
473
474
478
478
478
478
730
730
730
730
741
741
741
741
742
742
742
742
766
766
777
876
876
876
876
877
877
877
877
882
882
882
882
889
890
891
20
20
20
20
31
31
31
31
32
32
32
32
44
44
44
44
193
193
193
193
196
196
196
196
197
197
197
197
198
198
198
198
202
202
202
202
205
205
205
205
209
209
209
209
128
128
128
128
129
129
129
129
131
131
302
302
308
308
312
312
312
312
328
328
329
329
331
471
471
473
473
478
478
485
485
487
487
727
727
727
728
728
728
732
732
732
732
733
733
733
733
734
734
24
24
24
24
150
748
748
748
748
89
30
429
30
568
568
568
568
616
145
13
23
175
194
254
254
254
254
317
317
317
317
346
346
346
346
425
472
472
472
472
473
473
474
644
644
644
644
573
573
573
573
574
574
574
574
575
575
575
575
595
595
595
595
615
615
615
615
761
761
761
761
771
771
149
149
149
149
859
859
859
859
255
255
426
177
150
150
150
150
346
346
539
539
308
317
317
317
317
573
573
573
573
574
574
574
574
575
575
575
575
618
618
618
618
742
742
742
742
48
48
48
48
198
198
198
198
13
123
123
123
123
308
317
365
365
596
596
714
761
761
41
54
54
54
54
89
89
89
89
23
24
425
771
771
772
772
772
772
86
86
425
198
858
858
858
858
850
850
317
317
317
317
490
490
572
572
572
572
573
573
573
573
574
574
574
574
575
575
575
575
741
741
741
741
770
148
148
148
148
197
197
197
197
13
298
298
298
298
317
317
364
364
713
713
713
713
761
761
22
22
22
22
53
53
53
53
88
88
88
88
188
197
23
424
424
425
760
760
771
771
771
771
425
197
850
850
345
345
554
554
554
554
454
178
178
178
178
420
144
144
144
144
283
283
283
283
285
285
285
285
454
697
697
697
697
860
860
860
860
861
861
861
861
865
865
865
865
7
7
7
7
9
178
416
416
409
409
155
155
235
235
46
46
170
170
170
170
458
458
461
52
52
52
52
182
182
182
182
238
238
257
327
327
327
327
427
437
438
438
447
447
7
7
7
7
8
8
58
58
59
59
59
59
493
88
88
429
442
445
447
447
872
774
774
88
88
89
89
90
811
811
811
811
825
21
21
674
813
813
381
812
812
367
367
553
502
502
692
692
284
418
418
418
418
421
421
421
421
439
439
439
439
441
441
441
441
559
430
430
430
430
541
541
541
116
285
285
285
285
287
287
633
633
634
634
163
448
448
448
448
163
27
878
878
458
458
458
458
621
621
510
510
615
615
615
615
616
616
616
616
48
48
615
615
615
615
523
523
523
523
718
721
796
796
878
878
878
878
448
448
448
448
527
527
720
721
165
338
338
338
447
447
447
447
720
165
139
657
657
657
657
454
717
717
717
717
178
178
178
178
536
536
536
536
537
537
401
401
401
401
375
244
550
550
549
139
139
75
75
75
75
822
822
822
822
687
687
687
687
74
74
75
75
653
653
653
653
822
822
822
822
581
581
581
581
571
129
129
131
288
288
308
311
311
317
317
473
478
478
572
572
572
572
868
868
868
868
876
876
876
876
877
877
877
877
35
35
35
35
197
197
197
197
202
202
202
202
209
209
209
209
210
210
210
210
320
320
877
877
877
877
44
44
44
44
209
209
209
209
86
86
86
86
171
776
776
148
148
148
148
790
386
30
80
80
82
249
370
370
370
370
171
219
219
219
219
220
220
220
220
449
449
449
449
657
657
657
657
658
658
777
777
778
778
778
778
829
829
829
829
830
830
830
830
30
80
220
220
220
220
838
838
838
838
364
364
364
364
606
850
165
574
574
574
574
742
742
821
821
849
164
165
614
614
573
741
742
742
742
848
163
164
614
614
848
614
848
849
873
130
130
139
164
164
337
337
614
668
668
848
129
129
139
163
163
193
193
821
850
162
162
192
192
193
193
591
821
845
845
849
21
31
134
134
191
191
192
192
193
193
779
779
779
779
708
708
708
708
877
877
877
877
209
209
209
209
75
75
415
191
822
822
822
822
823
823
823
823
38
38
38
38
207
207
207
207
288
288
317
317
732
732
732
732
733
733
733
733
317
317
461
732
732
732
732
144
315
315
315
460
465
465
465
465
572
572
572
572
740
740
458
461
465
572
572
4
5
117
117
140
459
461
166
572
572
596
596
613
613
613
613
752
752
868
872
4
5
123
123
129
129
129
129
136
20
20
166
572
572
592
592
740
740
752
752
752
752
818
818
818
818
868
4
128
128
128
128
136
166
592
752
752
752
868
136
592
740
56
56
56
56
545
545
545
545
442
442
545
545
545
545
441
441
441
441
442
442
545
545
545
545
545
545
545
545
545
545
545
545
545
545
545
545
545
545
545
545
748
748
313
313
313
313
216
216
216
216
216
216
216
216
230
230
230
230
508
843
497
497
743
54
684
854
421
656
54
54
54
54
340
382
460
460
563
691
724
717
717
76
221
243
243
243
243
391
391
391
391
413
416
425
428
444
444
447
676
777
777
163
171
372
372
372
372
467
467
467
467
667
18
18
188
441
441
441
441
633
633
633
633
654
654
654
654
824
824
137
137
137
137
140
140
140
140
149
149
149
149
152
152
152
152
168
168
168
168
756
756
756
756
54
684
667
798
799
633
633
633
633
756
756
756
756
782
782
215
225
225
224
224
225
225
395
395
224
224
395
633
633
633
633
434
435
436
437
438
444
444
444
444
24
224
667
667
448
448
448
448
23
447
667
667
673
447
59
59
59
59
672
52
52
58
58
58
58
163
552
552
467
467
467
467
762
762
777
777
313
313
313
314
314
314
443
443
443
443
443
443
443
443
54
513
684
771
813
135
306
791
793
717
108
567
567
567
567
651
786
807
558
592
30
77
80
80
88
88
88
88
250
250
250
250
371
220
220
220
220
350
350
350
350
373
373
373
373
667
740
740
740
740
216
216
216
216
633
633
633
633
665
665
665
665
678
678
678
678
825
825
825
825
831
831
831
831
836
836
836
836
95
95
95
95
756
756
756
756
226
226
226
226
635
635
635
635
830
830
830
830
169
80
80
80
80
829
829
829
829
79
79
633
633
633
633
658
802
802
440
444
444
445
445
740
740
856
802
802
667
667
856
633
635
635
635
635
447
667
667
855
802
802
222
447
802
221
445
163
803
808
808
467
467
467
467
374
374
97
97
97
97
777
592
30
30
778
778
778
778
660
660
80
80
659
659
676
676
676
676
684
633
633
633
633
679
679
679
679
97
98
99
99
103
103
265
265
265
271
271
271
271
740
740
676
679
271
667
667
633
633
103
667
667
633
633
633
372
372
593
593
592
30
30
201
95
146
146
146
208
208
349
281
230
146
165
225
225
225
225
288
288
288
288
317
317
317
317
396
443
443
443
443
444
444
445
615
615
615
615
544
544
544
544
545
545
545
545
546
546
546
546
566
566
566
566
586
586
586
586
732
732
732
732
742
742
120
120
120
120
443
443
444
444
544
544
544
544
545
545
545
545
587
587
587
587
17
17
17
17
60
60
60
60
94
94
94
94
288
288
467
467
467
467
677
677
677
677
681
681
681
681
685
685
685
685
692
692
692
692
713
713
713
713
732
732
732
732
743
743
19
19
19
19
160
160
160
160
191
191
191
191
57
288
288
336
336
544
544
544
544
545
545
545
545
546
546
546
546
547
547
547
547
566
566
566
566
635
635
635
635
732
732
732
732
733
733
733
733
743
743
804
804
804
804
12
12
12
12
19
19
19
19
60
60
60
60
822
822
94
94
94
94
270
270
270
270
336
336
336
336
544
544
544
544
545
545
545
545
546
546
546
546
547
547
547
547
732
732
732
732
742
804
804
804
804
822
822
850
544
544
544
544
545
545
545
545
546
546
546
546
547
547
547
547
743
743
17
17
17
17
121
121
121
121
169
169
169
169
822
822
289
289
289
289
462
462
544
544
544
544
545
545
545
545
546
546
546
546
547
547
547
547
713
713
713
713
742
120
120
120
120
169
169
169
169
166
165
191
191
191
191
145
164
224
224
224
224
287
287
287
287
316
316
316
316
395
442
442
442
442
443
443
444
614
614
614
614
543
543
543
543
544
544
544
544
545
545
545
545
565
565
565
565
585
585
585
585
731
731
731
731
741
741
119
119
119
119
93
93
93
93
278
278
288
288
395
461
614
614
676
676
676
676
680
680
680
680
684
684
684
684
712
712
712
712
732
732
732
732
741
803
803
803
803
18
18
18
18
119
119
119
119
159
159
159
159
168
168
168
168
190
190
190
190
849
56
164
164
224
224
288
288
395
461
614
614
544
544
544
544
545
545
545
545
546
546
546
546
565
565
565
565
566
566
566
566
573
573
634
634
732
732
732
732
741
803
803
803
803
59
59
59
59
119
119
119
119
168
168
168
168
185
185
185
185
56
287
287
335
335
543
543
543
543
544
544
544
544
545
545
545
545
546
546
546
546
565
565
565
565
634
634
634
634
731
731
731
731
732
732
732
732
742
742
803
803
803
803
11
11
11
11
18
18
18
18
59
59
59
59
821
821
93
93
93
93
269
269
269
269
335
335
335
335
543
543
543
543
544
544
544
544
545
545
545
545
546
546
546
546
731
731
731
731
741
803
803
803
803
821
821
849
543
543
543
543
544
544
544
544
545
545
545
545
546
546
546
546
742
742
16
16
16
16
120
120
120
120
168
168
168
168
185
165
213
213
848
55
55
92
92
92
92
268
268
395
465
465
146
614
614
572
572
675
675
675
675
679
679
679
679
683
683
683
683
720
720
720
720
741
741
802
802
802
802
10
10
10
10
15
15
15
15
119
119
119
119
158
158
158
158
167
167
167
167
189
189
189
189
789
789
789
789
820
820
820
820
848
55
164
164
224
224
286
286
395
465
465
465
465
146
614
614
544
544
544
544
545
545
545
545
565
565
565
565
572
572
633
633
741
741
10
10
10
10
23
23
23
23
60
60
60
60
119
119
119
119
184
184
184
184
848
55
163
163
223
223
287
287
394
460
613
613
543
543
543
543
544
544
544
544
545
545
545
545
564
564
564
564
565
565
565
565
572
572
633
633
731
731
731
731
740
802
802
802
802
58
58
58
58
118
118
118
118
167
167
167
167
184
184
184
184
55
286
286
334
334
542
542
542
542
543
543
543
543
544
544
544
544
545
545
545
545
564
564
564
564
633
633
633
633
730
730
730
730
731
731
731
731
741
741
802
802
802
802
10
10
10
10
17
17
17
17
58
58
58
58
820
820
92
92
92
92
268
268
268
268
334
334
334
334
542
542
542
542
543
543
543
543
544
544
544
544
545
545
545
545
730
730
730
730
740
802
802
802
802
508
508
820
820
108
848
852
55
55
95
95
95
95
109
109
109
109
124
263
263
263
263
271
271
271
271
283
288
292
292
292
292
295
295
295
295
312
312
345
345
395
451
451
453
453
461
465
465
0
0
146
182
614
856
171
572
593
593
593
593
716
716
716
716
732
732
732
732
741
743
803
803
803
803
843
843
843
843
851
851
851
851
857
857
857
857
6
6
6
6
10
10
10
10
19
19
19
19
119
119
119
119
168
168
168
168
171
171
171
171
175
175
175
175
177
177
177
177
848
55
55
94
94
94
94
103
103
108
108
108
108
116
262
262
262
262
282
282
291
291
291
291
294
294
294
294
311
344
344
458
572
593
593
704
704
704
704
716
716
716
716
732
732
732
732
802
802
802
802
803
803
803
803
842
842
842
842
851
851
851
851
856
856
856
856
6
6
6
6
18
18
18
18
167
167
167
167
171
171
171
171
182
182
182
182
55
55
93
93
93
93
103
103
290
290
310
451
451
451
451
453
453
463
463
593
593
593
593
714
714
714
714
741
743
802
802
802
802
803
803
803
803
841
841
841
841
849
849
849
849
851
851
851
851
855
855
855
855
4
4
4
4
10
10
10
10
21
21
21
21
171
171
171
171
175
175
175
175
177
177
177
177
182
182
182
182
92
92
92
92
103
103
111
268
268
283
292
292
292
292
309
445
445
458
593
593
593
593
713
713
713
713
714
714
714
714
802
802
802
802
840
840
840
840
848
848
848
848
849
849
849
849
4
4
4
4
168
168
168
168
177
177
177
177
182
182
182
182
98
191
191
191
191
116
32
32
32
32
124
44
45
721
581
823
824
848
4
5
34
55
56
104
105
137
138
139
177
177
336
336
448
166
167
194
194
194
194
195
195
195
195
625
625
667
667
667
667
127
544
544
544
544
545
545
545
545
546
546
546
546
547
547
547
547
548
548
548
548
549
549
549
549
565
565
565
565
572
593
593
594
594
595
595
595
595
632
632
633
634
634
716
716
716
716
732
732
732
732
751
752
752
753
753
753
753
782
782
782
782
783
783
783
783
803
803
803
803
804
804
804
804
851
851
851
851
852
852
852
852
6
6
6
6
59
59
59
59
171
171
171
171
172
172
172
172
179
179
179
179
183
183
183
183
184
184
184
184
469
469
44
823
4
55
104
137
138
286
449
451
451
453
453
453
453
459
166
194
194
194
194
665
665
544
544
544
544
545
545
545
545
546
546
546
546
547
547
547
547
548
548
548
548
593
593
593
593
594
594
632
632
633
633
741
743
751
751
752
752
782
782
782
782
803
803
803
803
851
851
851
851
10
10
10
10
171
171
171
171
173
173
173
173
175
175
175
175
177
177
177
177
183
183
183
183
718
820
820
849
106
106
114
137
283
292
292
292
292
448
665
665
544
544
544
544
545
545
545
545
546
546
546
546
547
547
547
547
593
593
593
593
632
632
632
632
751
751
7
7
7
7
168
168
168
168
172
172
172
172
177
177
177
177
180
180
180
180
185
185
185
185
210
210
34
34
782
782
782
782
130
130
550
550
4
531
531
582
820
820
117
139
820
820
824
124
565
114
137
43
44
720
580
822
823
847
3
4
33
54
55
103
104
136
137
138
176
176
335
335
447
165
166
193
193
193
193
194
194
194
194
624
624
666
666
666
666
126
543
543
543
543
544
544
544
544
545
545
545
545
546
546
546
546
547
547
547
547
548
548
548
548
564
564
564
564
571
592
592
593
593
594
594
594
594
631
631
632
633
633
715
715
715
715
731
731
731
731
750
751
751
752
752
752
752
781
781
781
781
782
782
782
782
802
802
802
802
803
803
803
803
850
850
850
850
851
851
851
851
5
5
5
5
58
58
58
58
170
170
170
170
171
171
171
171
178
178
178
178
182
182
182
182
183
183
183
183
468
468
43
822
3
54
103
136
137
285
448
450
450
452
452
452
452
458
165
193
193
193
193
664
664
543
543
543
543
544
544
544
544
545
545
545
545
546
546
546
546
547
547
547
547
592
592
592
592
593
593
631
631
632
632
740
742
750
750
751
751
781
781
781
781
802
802
802
802
850
850
850
850
9
9
9
9
170
170
170
170
172
172
172
172
174
174
174
174
176
176
176
176
182
182
182
182
468
33
33
34
34
781
781
781
781
782
782
782
782
847
33
33
94
571
571
4
3
361
116
136
139
824
565
565
565
565
137
822
42
43
719
579
821
822
846
2
3
32
53
54
102
103
135
136
137
175
175
334
334
446
164
165
192
192
192
192
193
193
193
193
623
623
665
665
665
665
125
542
542
542
542
543
543
543
543
544
544
544
544
545
545
545
545
546
546
546
546
547
547
547
547
563
563
563
563
570
591
591
592
592
593
593
593
593
630
630
631
632
632
714
714
714
714
730
730
730
730
749
750
750
751
751
751
751
780
780
780
780
781
781
781
781
801
801
801
801
802
802
802
802
849
849
849
849
850
850
850
850
4
4
4
4
57
57
57
57
169
169
169
169
170
170
170
170
177
177
177
177
181
181
181
181
182
182
182
182
467
33
33
611
611
611
781
781
781
781
782
782
782
782
847
33
33
102
290
571
571
780
780
780
781
781
781
4
3
526
125
135
136
818
818
115
137
818
818
822
122
563
821
468
468
781
781
781
781
102
289
289
780
780
780
780
781
781
781
781
3
525
125
820
135
136
586
586
820
586
114
134
137
822
563
563
563
563
817
817
821
121
562
444
622
622
301
301
532
171
301
301
301
301
303
303
303
303
233
185
185
185
185
380
380
104
104
104
104
73
73
373
373
97
97
97
97
71
71
240
240
243
243
243
243
244
244
244
244
414
657
657
657
657
414
463
610
610
609
609
609
609
306
307
536
188
542
542
543
712
712
720
720
757
757
757
757
762
762
762
762
763
763
763
763
776
98
268
268
268
268
272
272
272
272
273
273
273
273
274
274
274
274
312
312
312
312
313
313
313
313
314
314
314
314
443
443
443
443
631
631
631
631
526
301
301
763
763
762
762
712
712
700
541
541
371
541
541
549
763
763
762
762
711
712
712
712
712
33
33
33
33
781
781
781
781
64
64
64
64
364
364
365
365
88
88
88
88
89
89
89
89
64
64
233
233
365
365
89
89
89
89
64
64
364
364
88
88
88
88
457
177
349
767
767
767
767
726
514
514
240
240
240
240
249
249
287
287
288
288
651
651
651
651
655
655
655
655
662
662
662
662
692
692
692
692
139
139
139
139
70
70
71
71
75
75
75
75
81
81
81
81
240
240
243
243
243
243
246
246
260
260
266
266
269
269
412
413
416
416
417
417
417
417
423
423
423
423
439
439
651
651
651
651
653
653
653
653
655
655
655
655
657
657
657
657
666
666
666
666
670
670
670
670
671
671
671
671
672
672
676
676
676
676
685
685
685
685
686
686
686
686
692
692
692
692
818
818
818
818
819
819
819
819
820
820
820
820
821
821
821
821
823
823
823
823
827
827
827
827
829
829
829
829
834
834
834
834
835
835
835
835
136
136
136
136
139
139
139
139
140
140
140
140
149
149
149
149
256
256
256
256
285
285
285
285
286
286
554
554
653
653
653
653
690
690
690
690
710
710
137
137
137
137
73
73
73
73
81
81
86
86
94
241
241
241
241
243
243
243
243
244
244
244
244
252
252
252
252
253
253
260
260
261
261
414
414
415
415
423
423
431
651
651
651
651
653
653
653
653
654
654
654
654
655
655
655
655
658
658
658
658
662
662
662
662
663
663
663
663
666
666
666
666
670
670
674
674
674
674
677
677
677
677
678
678
682
682
682
682
686
686
686
686
690
690
690
690
818
818
818
818
819
819
819
819
821
821
821
821
825
825
825
825
826
826
826
826
827
827
827
827
829
829
829
829
833
833
833
833
834
834
834
834
137
137
137
137
138
138
138
138
141
141
141
141
145
145
145
145
160
160
160
160
72
72
72
72
77
77
89
240
240
240
240
243
243
243
243
244
244
244
244
251
251
251
251
252
252
260
260
260
260
261
261
266
413
413
414
414
422
422
436
436
653
653
653
653
654
654
654
654
657
657
657
657
661
661
661
661
662
662
662
662
663
663
663
663
666
666
666
666
673
673
673
673
676
676
676
676
677
677
677
677
682
682
682
682
685
685
685
685
710
710
818
818
818
818
820
820
820
820
824
824
824
824
825
825
825
825
826
826
826
826
833
833
833
833
136
136
136
136
137
137
137
137
140
140
140
140
146
146
146
146
160
160
160
160
780
780
780
71
71
72
72
73
73
76
76
81
81
253
253
415
416
418
422
422
422
422
592
592
672
672
672
672
710
710
719
721
721
138
139
140
142
146
70
70
71
71
72
72
75
75
75
75
130
130
249
249
252
252
414
415
417
417
419
419
431
431
160
160
592
671
671
671
671
682
698
698
698
698
719
719
373
373
721
721
94
692
692
692
692
94
290
290
13
13
13
13
14
14
14
14
167
167
167
167
120
289
289
512
512
683
504
504
237
237
722
722
722
722
729
729
729
729
237
237
237
237
238
238
238
238
238
237
237
758
758
758
758
622
622
622
622
238
238
3
3
237
237
237
237
822
3
3
505
237
237
236
236
236
236
237
327
621
621
621
621
237
237
8
8
224
224
661
627
327
327
2
541
582
262
262
262
262
263
263
263
263
432
432
432
432
515
515
690
125
532
747
747
263
263
263
263
303
304
304
185
185
820
27
27
64
64
64
64
240
240
367
437
437
118
586
586
544
544
647
647
647
647
651
651
651
651
655
655
655
655
692
692
692
692
713
713
774
774
774
774
91
91
91
91
130
130
130
130
139
139
139
139
161
161
161
161
761
761
761
761
413
413
414
414
514
514
514
514
515
515
515
515
557
557
557
557
30
30
30
30
64
64
64
64
258
258
437
437
437
437
647
647
647
647
651
651
651
651
655
655
655
655
662
662
662
662
683
683
683
683
702
702
702
702
713
713
130
130
130
130
161
161
161
161
64
64
64
64
240
240
240
240
259
259
432
662
662
662
662
683
683
683
683
712
130
130
130
130
156
156
156
156
800
800
800
800
792
792
259
259
259
259
432
432
514
514
514
514
515
515
515
515
516
516
516
516
517
517
517
517
683
683
683
683
712
90
90
90
90
139
139
139
139
249
258
258
258
258
514
514
514
514
515
515
515
515
516
516
516
516
559
559
559
559
683
683
683
683
139
139
139
139
233
416
416
156
156
156
156
692
692
692
692
238
238
238
238
247
247
430
435
435
645
645
645
645
649
649
649
649
653
653
653
653
660
660
660
660
154
154
154
154
159
159
159
159
64
64
64
64
65
65
65
65
67
67
67
67
69
69
81
81
235
235
235
235
238
238
243
243
243
243
245
245
245
245
260
262
262
264
264
264
264
267
267
279
279
280
281
282
282
406
407
408
409
409
410
411
411
423
423
433
435
437
437
506
506
645
645
645
645
647
647
647
647
649
649
649
649
651
651
651
651
653
653
653
653
655
655
655
655
664
664
664
664
665
665
665
665
666
666
666
666
667
667
667
667
668
668
668
668
669
669
669
669
670
670
684
684
684
684
686
686
686
686
713
812
812
812
812
813
813
813
813
815
815
815
815
817
817
817
817
818
818
818
818
819
819
819
819
821
821
821
821
827
827
827
827
829
829
829
829
3
3
3
3
4
4
4
4
5
5
5
5
6
6
6
6
130
130
130
130
131
131
131
131
132
132
132
132
133
133
133
133
134
134
134
134
147
147
147
147
159
159
159
159
161
161
161
161
64
64
64
64
66
66
66
66
67
67
80
80
234
234
234
234
235
235
235
235
237
237
240
240
243
243
243
243
247
247
247
247
260
260
263
263
263
263
264
264
264
264
266
266
279
279
280
281
281
406
407
408
408
409
410
413
413
430
645
645
645
645
648
648
648
648
649
649
649
649
652
652
652
652
653
653
653
653
657
657
657
657
664
664
664
664
665
665
665
665
666
666
666
666
667
667
667
667
668
668
668
668
669
669
676
676
676
676
685
685
685
685
812
812
812
812
814
814
814
814
815
815
815
815
817
817
817
817
818
818
818
818
820
820
820
820
828
828
828
828
3
3
3
3
4
4
4
4
5
5
5
5
130
130
130
130
131
131
131
131
132
132
132
132
133
133
133
133
136
136
136
136
140
140
140
140
159
159
159
159
71
81
81
238
238
238
238
250
250
255
262
262
279
279
416
416
672
672
684
684
684
684
818
818
818
818
819
819
819
819
820
820
820
820
135
135
135
135
139
139
139
139
140
140
140
140
147
147
147
147
70
71
75
75
75
75
80
80
83
96
96
237
237
237
237
254
254
417
417
425
671
671
671
671
817
817
817
817
818
818
818
818
819
819
819
819
823
823
823
823
134
134
134
134
139
139
139
139
143
143
143
143
149
149
149
149
263
263
263
263
264
264
652
652
652
652
670
670
670
670
692
692
692
692
821
824
71
92
266
407
407
409
409
413
548
686
824
367
154
154
81
81
282
282
283
283
284
284
6
6
6
6
280
280
4
4
4
4
6
6
6
6
70
96
183
183
818
25
25
62
62
62
62
238
238
365
435
435
116
584
584
542
542
645
645
645
645
649
649
649
649
653
653
653
653
690
690
690
690
711
711
772
772
772
772
89
89
89
89
128
128
128
128
137
137
137
137
159
159
159
159
759
759
759
759
62
62
62
62
247
247
257
257
364
430
583
583
645
645
645
645
649
649
649
649
653
653
653
653
681
681
681
681
701
701
701
701
710
772
772
772
772
88
88
88
88
128
128
128
128
137
137
137
137
159
159
159
159
790
790
62
62
62
62
238
238
238
238
304
304
304
304
512
512
512
512
513
513
513
513
514
514
514
514
515
515
515
515
700
700
700
700
710
772
772
772
772
790
790
818
512
512
512
512
513
513
513
513
514
514
514
514
515
515
515
515
711
711
89
89
89
89
137
137
137
137
25
364
365
603
603
603
603
772
772
772
772
89
89
89
89
364
162
62
62
62
62
63
63
63
63
64
64
64
64
67
67
68
78
78
78
78
232
232
232
232
235
235
235
235
243
243
243
243
244
244
244
244
252
252
260
260
261
261
261
261
264
264
264
264
277
277
278
279
280
281
281
314
404
405
406
407
408
408
409
409
410
414
414
414
414
504
504
505
645
645
645
645
646
646
646
646
649
649
649
649
650
650
650
650
653
653
653
653
654
654
654
654
662
662
662
662
663
663
663
663
664
664
664
664
665
665
665
665
666
666
666
666
667
667
667
667
668
668
668
668
669
669
677
677
677
677
682
682
682
682
683
683
683
683
772
772
772
772
810
810
810
810
811
811
811
811
812
812
812
812
815
815
815
815
816
816
816
816
817
817
817
817
818
818
818
818
825
825
825
825
826
826
826
826
1
1
1
1
2
2
2
2
3
3
3
3
4
4
4
4
5
5
5
5
38
38
38
38
128
128
128
128
129
129
129
129
130
130
130
130
131
131
131
131
132
132
132
132
133
133
133
133
137
137
137
137
159
159
159
159
160
160
160
160
62
62
62
62
73
73
81
238
238
253
262
262
262
262
279
415
415
428
563
563
563
563
683
683
683
683
684
684
684
684
772
772
772
772
810
810
810
810
818
818
818
818
819
819
819
819
138
138
138
138
147
147
147
147
152
152
152
152
818
90
252
252
258
258
261
261
261
261
278
414
414
415
415
421
421
421
421
431
431
682
682
682
682
683
683
683
683
711
817
817
817
817
818
818
818
818
819
819
819
819
89
89
89
89
134
134
134
134
137
137
137
137
138
138
138
138
141
141
141
141
145
145
145
145
25
25
90
365
772
772
772
772
773
773
89
89
89
89
314
94
264
264
265
265
265
265
522
522
522
522
670
670
821
821
821
821
68
78
78
94
405
407
407
409
409
409
409
415
415
686
686
686
686
81
282
282
282
282
6
6
6
6
90
280
280
4
4
4
4
6
6
6
6
522
522
68
826
24
24
62
62
62
62
72
72
259
259
279
420
420
420
420
422
422
432
432
562
562
562
562
683
683
683
683
710
712
771
771
771
771
772
772
772
772
810
810
810
810
818
818
818
818
820
820
820
820
824
824
824
824
140
140
140
140
144
144
144
144
146
146
146
146
151
151
151
151
61
61
61
61
72
72
80
237
237
252
261
261
261
261
278
414
414
427
562
562
562
562
682
682
682
682
683
683
683
683
771
771
771
771
809
809
809
809
817
817
817
817
818
818
818
818
137
137
137
137
146
146
146
146
151
151
151
151
24
24
364
140
771
771
771
771
772
772
772
772
156
156
156
156
314
263
263
263
263
264
264
652
652
652
652
62
63
63
63
68
78
78
93
237
242
242
266
403
405
407
407
409
409
413
413
77
77
364
712
712
280
280
4
4
4
4
66
689
689
68
767
767
72
80
278
279
279
1
1
1
1
2
2
2
2
444
444
548
548
547
548
548
622
513
152
205
205
205
205
211
211
211
211
712
712
712
712
729
769
631
631
631
631
621
621
621
621
58
622
622
588
588
156
326
326
327
327
50
50
50
50
152
152
695
695
11
12
688
548
790
791
815
1
22
23
71
72
104
105
106
144
144
303
303
415
133
134
161
161
161
161
162
162
162
162
592
592
634
634
634
634
94
511
511
511
511
512
512
512
512
513
513
513
513
514
514
514
514
515
515
515
515
516
516
516
516
532
532
532
532
539
560
560
561
561
562
562
562
562
599
599
600
601
601
683
683
683
683
699
699
699
699
718
719
719
720
720
720
720
749
749
749
749
750
750
750
750
770
770
770
770
771
771
771
771
818
818
818
818
819
819
819
819
26
26
26
26
138
138
138
138
139
139
139
139
146
146
146
146
150
150
150
150
151
151
151
151
563
605
328
420
688
688
329
329
1
1
23
24
191
362
28
28
28
28
53
53
53
53
94
94
306
306
306
306
580
580
601
601
602
602
602
602
720
720
720
720
721
721
721
721
771
771
771
771
772
772
772
772
86
86
86
86
11
306
306
306
306
71
84
84
91
131
131
415
149
149
699
699
708
708
251
251
177
177
227
227
227
227
708
708
712
712
1
81
1
91
262
262
262
533
533
533
533
815
1
1
62
539
539
792
516
790
791
815
72
72
81
106
106
279
279
556
610
610
145
145
592
592
763
792
104
104
134
134
135
135
533
651
735
437
437
437
437
562
689
689
731
731
3
3
3
3
289
419
419
494
688
688
795
74
328
328
1
1
23
90
190
361
27
27
27
27
112
609
631
52
52
52
52
94
94
137
305
305
305
305
390
390
390
390
579
579
579
579
601
601
601
601
709
720
720
720
720
771
771
771
771
85
85
85
85
89
89
89
89
111
111
111
111
414
414
414
414
11
71
237
237
249
415
419
419
419
419
148
148
580
671
699
699
707
707
134
250
361
609
707
707
305
305
305
305
531
531
531
531
786
786
1
510
510
510
510
786
786
786
786
1
90
261
261
261
261
510
511
531
531
531
531
748
748
748
748
815
1
1
70
258
539
539
748
748
748
749
749
749
96
96
516
516
762
762
790
791
815
72
72
80
106
106
278
609
609
592
789
70
70
80
104
104
134
134
713
501
501
397
397
397
397
306
306
306
306
343
120
621
621
622
622
361
364
372
373
373
374
380
380
383
35
35
35
35
609
192
640
263
263
263
263
305
305
305
305
180
180
180
180
1
1
169
169
1
1
90
169
169
170
170
64
1
1
1
1
380
381
382
382
383
384
385
385
386
387
609
609
616
725
725
725
725
156
156
156
156
760
760
160
392
392
392
392
709
709
709
709
152
152
153
490
490
490
490
491
152
152
137
304
304
304
137
712
712
712
779
94
670
670
670
670
208
214
361
361
361
361
362
362
362
362
365
365
365
365
480
480
480
480
481
481
482
482
214
489
489
489
489
40
40
522
522
489
489
489
489
489
692
692
94
779
9
9
587
587
288
621
621
621
621
619
621
344
344
501
550
592
315
407
675
675
316
316
10
11
178
349
15
15
15
15
40
40
40
40
81
81
293
293
293
293
567
567
588
588
589
589
589
589
707
707
707
707
708
708
708
708
758
758
758
758
759
759
759
759
73
73
73
73
535
536
543
91
686
686
687
687
687
687
49
49
49
49
217
217
217
217
237
237
240
240
290
291
291
407
407
409
409
413
413
498
498
498
498
659
659
659
659
687
687
797
797
797
797
805
805
805
805
14
14
14
14
133
133
133
133
137
137
137
137
60
68
217
217
217
217
402
405
407
407
409
409
520
520
687
687
806
806
806
806
807
807
807
807
13
13
13
13
126
126
126
126
131
131
131
131
133
133
133
133
134
134
134
134
59
225
225
237
403
407
407
407
407
136
136
568
659
687
687
695
695
122
349
349
597
697
697
676
49
49
49
49
78
118
118
118
118
164
164
405
405
122
136
136
71
91
94
779
520
520
520
520
750
779
91
91
121
121
122
122
520
131
104
104
104
104
380
380
383
104
104
104
104
107
107
107
107
331
331
369
369
93
93
93
93
380
380
383
383
104
104
104
104
107
107
107
107
733
733
733
733
660
609
609
696
696
87
396
348
349
349
352
359
360
360
361
363
369
369
369
369
372
696
696
72
72
72
72
73
73
73
73
76
76
76
76
77
107
608
608
249
249
747
747
747
747
396
213
214
349
349
349
349
352
352
352
352
467
467
467
467
468
468
207
207
388
388
388
388
531
531
531
531
289
289
265
41
42
209
209
265
559
687
687
282
282
282
282
411
411
411
411
200
200
200
200
614
687
687
260
260
260
260
263
263
263
263
450
450
450
450
737
737
737
737
725
725
725
725
195
195
473
195
297
200
200
200
200
329
766
766
786
786
1
169
169
169
169
370
370
370
370
469
469
469
469
510
510
510
510
579
579
579
579
657
657
657
657
6
6
6
6
1
1
639
639
639
639
786
786
786
786
469
469
251
251
252
252
639
639
639
639
657
657
657
657
786
786
786
786
766
81
82
1
579
579
579
579
252
252
657
657
657
657
370
370
469
469
469
469
657
476
679
679
159
159
794
1
1
38
38
38
38
214
214
341
411
411
92
560
560
518
518
621
621
621
621
625
625
625
625
629
629
629
629
666
666
666
666
687
687
748
748
748
748
65
65
65
65
104
104
104
104
113
113
113
113
135
135
135
135
735
735
735
735
774
774
774
774
38
38
38
38
232
232
411
411
411
411
621
621
621
621
625
625
625
625
629
629
629
629
636
636
636
636
657
657
657
657
676
676
676
676
687
687
104
104
104
104
135
135
135
135
766
766
794
488
488
488
488
489
489
489
489
490
490
490
490
491
491
491
491
687
687
65
65
65
65
113
113
113
113
1
340
341
579
579
579
579
748
748
748
748
65
65
65
65
223
232
232
232
232
488
488
488
488
489
489
489
489
490
490
490
490
533
533
533
533
657
657
657
657
113
113
113
113
90
91
261
261
261
261
370
370
469
469
469
469
511
511
511
511
657
657
657
657
91
91
262
262
110
38
38
38
38
39
39
39
39
41
41
41
41
43
43
55
55
209
209
209
209
212
212
217
217
217
217
219
219
219
219
234
236
236
238
238
238
238
241
241
253
253
254
255
256
256
380
381
382
383
383
384
385
385
397
397
407
409
411
411
480
480
619
619
619
619
621
621
621
621
623
623
623
623
625
625
625
625
627
627
627
627
629
629
629
629
638
638
638
638
639
639
639
639
640
640
640
640
641
641
641
641
642
642
642
642
643
643
643
643
644
644
658
658
658
658
660
660
660
660
687
786
786
786
786
787
787
787
787
789
789
789
789
791
791
791
791
792
792
792
792
793
793
793
793
795
795
795
795
801
801
801
801
803
803
803
803
104
104
104
104
105
105
105
105
106
106
106
106
107
107
107
107
108
108
108
108
121
121
121
121
133
133
133
133
135
135
135
135
794
66
228
228
234
234
237
237
237
237
254
390
390
391
391
397
397
397
397
407
407
658
658
658
658
659
659
659
659
687
793
793
793
793
794
794
794
794
795
795
795
795
65
65
65
65
110
110
110
110
113
113
113
113
114
114
114
114
117
117
117
117
121
121
121
121
1
1
66
341
748
748
748
748
749
749
65
65
65
65
44
45
49
49
49
49
54
54
57
70
70
211
211
211
211
228
228
391
391
399
645
645
645
645
791
791
791
791
792
792
792
792
793
793
793
793
797
797
797
797
108
108
108
108
113
113
113
113
117
117
117
117
123
123
123
123
243
243
387
658
658
658
658
43
43
380
385
385
390
390
659
798
44
57
57
66
380
382
386
522
522
678
678
798
341
539
539
539
539
139
139
136
136
136
136
138
138
135
135
135
135
369
369
93
93
93
93
335
59
59
59
59
335
336
37
37
37
37
47
47
234
234
254
395
395
395
395
397
397
407
407
537
537
537
537
658
658
658
658
685
687
746
746
746
746
747
747
747
747
785
785
785
785
793
793
793
793
795
795
795
795
799
799
799
799
115
115
115
115
119
119
119
119
121
121
121
121
126
126
126
126
136
685
747
747
747
747
792
64
226
226
232
232
235
235
235
235
252
388
388
389
389
395
395
395
395
405
405
656
656
656
656
657
657
657
657
685
791
791
791
791
792
792
792
792
793
793
793
793
63
63
63
63
108
108
108
108
111
111
111
111
112
112
112
112
115
115
115
115
119
119
119
119
157
157
136
137
657
657
657
657
658
658
658
658
796
43
47
47
209
210
217
218
218
218
219
219
219
234
235
236
236
238
238
239
239
239
239
378
378
380
385
388
388
520
520
796
41
41
64
239
239
378
380
380
382
382
388
388
520
520
660
376
376
376
376
135
135
135
135
137
137
134
134
134
134
136
136
133
133
133
133
118
118
431
431
567
567
567
567
724
101
155
627
711
413
413
413
413
538
665
665
707
707
265
395
395
470
664
664
771
50
304
304
66
166
337
3
3
3
3
88
585
607
28
28
28
28
70
70
113
281
281
281
281
366
366
366
366
555
555
555
555
577
577
577
577
685
696
696
696
696
747
747
747
747
61
61
61
61
65
65
65
65
87
87
87
87
390
390
390
390
411
411
765
46
79
80
228
391
393
393
395
395
395
395
401
108
136
136
136
136
607
607
486
486
486
486
487
487
487
487
488
488
488
488
489
489
489
489
490
490
490
490
535
535
535
535
536
536
574
574
575
575
683
685
693
693
694
694
724
724
724
724
745
745
745
745
793
793
793
793
113
113
113
113
115
115
115
115
117
117
117
117
119
119
119
119
125
125
125
125
152
152
152
152
767
767
790
72
72
213
213
213
213
491
491
491
491
492
492
492
492
514
514
658
658
658
658
47
51
51
79
205
234
234
234
234
237
237
390
109
659
659
659
659
663
51
51
66
213
213
109
492
492
492
492
659
659
659
659
226
226
389
51
51
152
152
337
202
202
202
202
390
390
390
390
395
152
152
152
152
337
685
685
302
302
521
736
150
150
607
607
685
85
85
85
85
649
136
687
315
315
315
315
319
319
320
320
320
320
731
731
731
731
39
39
39
39
140
150
150
140
140
361
362
363
372
372
783
649
404
404
66
592
783
731
731
731
731
396
649
649
337
338
341
348
357
592
390
390
390
390
395
395
150
337
340
341
353
353
356
685
685
603
349
349
405
405
405
405
136
136
150
150
150
150
512
512
657
657
657
657
111
35
35
35
35
79
235
235
388
44
57
57
64
104
104
388
122
122
672
672
681
681
224
335
583
681
681
224
224
150
150
200
200
200
200
681
681
685
685
471
211
97
151
649
649
649
223
223
223
223
541
222
222
222
222
223
223
223
223
392
392
392
392
137
137
136
136
151
151
321
321
45
45
45
45
151
559
559
559
559
561
561
731
731
731
731
732
732
732
732
151
152
152
732
732
732
732
151
152
152
152
152
321
321
561
561
561
561
731
731
731
731
732
732
732
732
45
45
45
45
314
314
140
140
775
19
19
19
19
195
195
322
392
392
73
541
541
499
499
602
602
602
602
606
606
606
606
610
610
610
610
647
647
647
647
668
668
729
729
729
729
46
46
46
46
85
85
85
85
94
94
94
94
116
116
116
116
716
716
716
716
747
747
747
747
775
91
91
151
151
213
213
322
392
392
392
392
73
541
541
471
471
471
471
472
472
472
472
492
492
492
492
499
499
560
560
668
668
46
46
46
46
111
111
111
111
151
151
322
73
46
46
46
46
150
150
151
151
321
322
45
45
45
45
46
46
46
46
116
116
116
116
35
775
779
22
22
22
22
36
36
36
36
51
190
190
190
190
198
198
198
198
210
215
219
219
219
219
222
222
222
222
239
239
272
272
322
378
378
380
380
388
392
392
73
109
541
783
98
499
520
520
520
520
643
643
643
643
659
659
659
659
668
670
730
730
730
730
770
770
770
770
778
778
778
778
784
784
784
784
46
46
46
46
95
95
95
95
98
98
98
98
102
102
102
102
104
104
104
104
481
35
119
119
120
51
322
462
73
98
670
46
46
46
46
117
117
117
117
481
119
120
322
461
461
46
46
46
46
116
116
116
116
120
612
612
612
612
783
783
783
783
272
271
612
696
398
398
398
398
523
650
650
692
692
250
380
380
455
649
649
756
35
289
289
51
151
322
73
570
592
13
13
13
13
55
55
98
266
266
266
266
351
351
351
351
540
540
540
540
562
562
562
562
670
681
681
681
681
732
732
732
732
46
46
46
46
50
50
50
50
72
72
72
72
375
375
375
375
523
565
288
380
648
648
289
289
151
322
13
13
13
13
54
54
266
266
266
266
540
540
561
561
562
562
562
562
680
680
680
680
681
681
681
681
731
731
731
731
732
732
732
732
46
46
46
46
272
272
459
459
459
459
650
659
26
194
194
195
195
196
480
481
523
289
125
126
224
224
225
225
225
225
380
380
119
119
120
289
289
289
289
290
290
542
543
544
130
134
151
152
152
300
300
300
300
304
304
322
325
333
333
334
334
337
341
342
342
343
343
344
345
346
347
201
201
201
201
582
708
13
13
13
13
14
14
14
14
223
223
223
223
266
266
266
266
267
267
267
267
540
540
541
541
542
542
542
542
562
562
562
562
563
563
563
563
681
681
681
681
732
732
732
732
733
733
24
24
24
24
46
46
46
46
57
57
57
57
58
58
58
58
61
61
61
61
65
65
65
65
66
66
66
66
67
67
67
67
68
68
68
68
69
69
69
69
120
708
666
666
666
666
666
666
666
666
564
564
564
564
563
563
563
563
301
301
305
305
120
623
623
708
707
665
665
665
665
665
665
665
665
563
563
563
563
627
448
448
181
181
666
666
666
666
673
673
673
673
667
667
667
667
670
670
670
670
169
169
169
169
626
447
447
180
180
665
665
665
665
672
672
672
672
168
168
168
168
625
446
446
179
179
664
664
664
664
671
671
671
671
