timeDifference
36
36
36
36
716
768
768
768
768
590
875
875
317
317
317
317
441
441
441
441
442
442
442
442
557
557
611
611
611
611
316
316
316
316
348
381
381
381
381
440
440
440
440
441
441
441
441
490
490
339
339
764
768
768
768
768
725
725
283
283
283
283
221
221
403
221
221
558
558
558
558
592
592
993
53
53
977
977
977
977
294
294
345
540
478
478
174
174
174
174
1020
1020
1020
1020
356
356
356
356
174
174
174
174
714
700
700
655
655
700
700
552
135
135
135
135
86
86
86
86
853
853
853
853
854
854
854
854
552
553
86
86
86
86
98
714
455
988
988
988
988
989
989
637
637
637
637
988
988
988
988
241
241
497
497
497
497
896
896
1019
1019
1019
1019
972
594
98
98
179
179
666
666
666
666
178
178
666
666
666
666
601
601
92
961
204
207
207
666
666
228
868
868
942
907
50
50
50
50
907
203
448
124
124
425
493
953
954
375
263
263
263
263
264
264
501
789
789
305
715
861
861
861
861
885
885
885
885
886
886
887
890
890
174
174
174
174
666
666
666
666
686
686
686
686
904
904
904
904
707
707
707
707
505
505
505
505
675
675
675
675
726
726
726
726
1019
1019
1019
1019
468
468
468
468
469
469
469
469
953
263
263
502
885
885
886
886
888
957
957
957
957
468
468
468
468
305
865
679
679
790
790
305
144
144
90
679
679
708
708
708
708
546
546
679
712
712
712
712
741
741
168
168
746
746
746
746
679
146
146
146
146
666
666
506
506
506
506
768
768
768
768
679
579
579
579
579
144
144
144
144
876
668
874
874
874
874
957
957
957
957
675
675
675
675
504
888
888
746
746
746
746
264
264
264
264
424
492
952
953
374
262
262
262
262
263
263
500
788
788
304
714
860
860
860
860
884
884
884
884
885
885
886
889
889
173
173
173
173
665
665
665
665
685
685
685
685
903
903
903
903
706
706
706
706
504
504
504
504
674
674
674
674
725
725
725
725
1018
1018
1018
1018
467
467
467
467
468
468
468
468
374
500
304
305
623
623
623
623
359
359
359
359
671
671
671
671
305
143
143
143
143
477
477
711
711
711
711
863
863
863
863
711
711
711
711
545
545
678
711
711
711
711
145
145
666
666
477
706
706
706
706
167
167
304
667
66
66
675
675
675
675
711
711
711
711
711
711
711
711
296
296
143
143
143
143
665
665
665
665
264
264
500
819
822
822
822
822
886
886
819
819
783
374
544
544
500
677
755
755
755
755
304
476
51
144
144
908
908
908
908
65
622
622
622
622
739
739
739
739
149
149
149
149
358
358
358
358
821
821
821
821
944
944
944
944
354
354
354
354
452
452
452
452
476
908
908
908
908
739
739
739
739
149
149
149
149
1017
1017
1017
1017
476
710
710
710
710
310
310
705
705
705
705
706
706
706
706
550
550
550
550
968
968
968
968
304
163
163
163
163
957
957
957
957
1017
1017
1017
1017
888
888
664
664
664
664
665
665
665
665
500
886
886
884
884
884
884
335
335
335
335
814
978
283
283
939
601
652
652
652
652
927
927
46
46
138
138
138
138
305
476
248
248
248
248
700
908
908
908
908
834
834
834
834
53
53
739
739
739
739
149
149
149
149
814
46
46
123
138
138
476
248
248
248
248
571
292
248
248
248
248
726
292
248
248
658
658
658
658
714
715
304
407
627
948
948
948
948
927
500
834
834
714
927
927
730
714
304
304
305
957
957
957
957
880
880
880
880
814
360
360
360
360
520
552
552
552
552
679
679
679
679
837
837
837
837
867
867
867
867
46
46
46
46
138
138
476
516
516
1008
1008
1008
1008
248
248
248
248
810
810
810
810
884
884
884
884
120
120
120
120
192
192
192
192
974
974
974
974
679
679
837
837
516
516
176
176
176
176
248
248
248
248
884
884
884
884
974
974
974
974
836
836
248
248
810
810
810
810
789
789
789
789
883
883
883
883
552
552
679
679
907
654
654
679
679
323
323
144
144
323
323
123
516
143
143
143
143
883
883
883
883
927
927
834
834
653
653
679
679
927
927
927
927
655
655
655
655
305
134
134
134
134
167
167
167
167
467
552
679
679
837
837
26
26
26
26
31
31
87
87
87
87
206
206
403
403
403
403
516
516
516
516
563
563
248
248
248
248
316
316
316
316
811
811
811
811
230
230
230
230
854
884
884
884
884
1009
1009
1009
1009
711
711
711
711
985
985
985
985
1014
58
58
172
172
172
172
556
556
556
556
685
685
685
685
842
842
842
842
974
974
974
974
11
11
11
11
353
353
353
353
31
86
86
86
86
248
248
810
810
810
810
229
229
1009
1009
1009
1009
711
711
711
711
1014
95
552
552
679
679
842
842
842
842
679
679
26
26
477
477
224
224
347
347
347
347
553
553
604
604
225
225
225
225
353
353
353
353
604
604
209
711
711
711
711
11
11
11
11
516
516
563
563
604
604
761
761
711
711
711
711
26
26
26
26
209
677
172
172
172
172
677
677
276
276
276
276
679
679
570
570
853
853
853
853
855
855
855
855
276
276
276
276
676
676
534
537
538
539
36
292
677
372
433
501
501
501
501
978
12
12
31
31
365
530
903
175
175
175
175
248
248
365
365
365
365
976
976
993
993
993
993
994
994
995
996
997
997
790
790
790
790
1009
1009
1009
1009
40
40
81
81
81
81
235
235
235
235
349
382
382
382
382
441
441
441
441
711
711
711
711
1014
7
7
7
7
60
60
60
60
61
61
61
61
506
506
506
506
507
507
507
507
513
513
513
513
520
520
520
520
793
793
793
793
502
502
679
955
955
329
329
393
393
393
393
842
842
842
842
534
486
486
502
502
962
962
679
26
26
904
207
207
207
207
606
606
606
606
76
76
76
76
236
236
236
236
507
507
507
507
508
508
508
508
514
514
514
514
537
242
242
319
319
319
319
353
353
353
353
511
511
511
511
81
81
81
81
82
82
82
82
238
238
238
238
242
242
711
711
711
711
11
11
11
11
336
336
336
336
516
516
563
383
383
711
711
711
711
677
612
612
26
26
26
26
989
989
989
989
172
172
172
172
679
41
350
350
684
684
533
534
432
25
25
25
25
992
992
992
992
75
75
75
75
148
148
148
148
234
234
234
234
250
250
505
505
505
505
507
507
507
507
537
885
510
510
510
510
81
81
81
81
239
239
239
239
711
711
711
711
2
2
2
2
10
10
10
10
288
288
288
288
711
711
711
711
352
352
352
352
677
883
883
883
883
659
659
11
11
383
383
366
366
366
366
683
683
432
364
364
229
229
229
229
979
83
866
866
577
979
17
951
479
746
746
746
746
765
765
765
765
656
656
903
903
114
114
168
168
169
887
502
679
813
283
426
426
426
426
979
157
157
98
98
714
138
138
138
138
679
995
995
714
914
914
914
914
473
473
473
473
640
809
809
679
251
251
251
251
251
251
251
251
958
958
238
238
238
238
432
432
432
432
718
718
718
718
432
432
432
432
718
718
718
718
909
909
599
599
599
599
243
997
997
997
997
628
628
817
817
817
817
536
536
536
536
256
256
256
256
767
767
599
599
599
599
856
891
299
299
979
817
817
817
817
337
392
55
55
55
55
528
529
544
428
987
987
988
988
988
988
848
230
230
230
230
232
232
232
232
323
323
323
323
373
373
373
373
1006
1006
52
52
357
357
357
357
501
501
501
501
167
544
378
217
217
217
217
311
311
313
313
313
313
344
376
376
377
377
435
435
435
435
722
722
722
722
52
52
880
594
722
722
722
722
387
387
387
387
836
836
836
836
852
852
6
6
6
6
26
26
678
827
827
679
676
421
421
12
12
12
12
330
330
330
330
20
20
676
347
347
347
347
242
242
242
242
716
532
432
962
962
891
891
224
224
962
962
679
200
200
357
357
357
357
283
283
334
334
334
334
304
304
702
702
491
491
658
658
658
658
187
167
167
199
192
686
686
686
686
557
557
557
557
788
788
788
788
557
557
557
557
632
176
176
176
176
525
365
365
544
536
536
907
356
374
393
393
393
393
604
900
900
203
203
596
596
596
596
602
602
781
781
781
781
226
226
226
226
242
307
307
307
307
309
309
309
309
432
432
432
432
515
515
515
515
718
718
718
718
52
52
52
52
546
546
546
546
365
365
604
862
862
71
71
71
71
72
72
72
72
22
893
985
985
31
31
22
22
22
983
983
983
983
203
203
203
203
602
602
942
942
984
984
984
984
30
30
357
357
357
357
30
30
546
546
546
546
21
21
773
168
168
879
879
879
879
206
365
365
365
365
679
789
849
221
733
604
884
884
7
760
287
287
287
287
413
711
711
711
711
722
722
722
722
918
918
918
918
990
990
990
990
402
402
402
402
719
719
719
719
963
209
731
731
69
69
69
69
324
324
324
324
203
203
602
24
208
546
546
546
546
206
518
518
518
518
469
469
106
106
82
82
82
82
978
978
978
978
852
70
67
67
67
67
835
835
835
835
599
599
599
599
902
259
259
679
679
679
679
932
932
932
932
992
592
592
592
592
206
60
190
190
702
702
456
657
657
768
768
283
122
122
569
842
842
842
842
557
557
557
557
924
924
924
924
206
206
206
206
275
275
290
290
353
650
650
650
650
657
124
124
124
124
644
644
484
484
484
484
602
602
602
602
122
122
122
122
432
432
432
432
296
868
868
727
727
296
866
798
798
650
650
650
650
482
129
129
129
129
242
927
927
433
433
433
433
983
761
761
761
761
106
106
106
106
449
490
567
567
36
189
189
204
677
677
819
819
375
375
375
375
449
819
819
657
657
817
817
817
817
11
103
103
540
834
834
841
841
841
841
318
318
318
318
11
11
103
540
189
819
318
318
318
318
6
6
189
189
333
333
333
333
36
210
210
732
383
449
407
633
633
22
149
277
307
819
819
819
819
401
401
401
401
276
276
276
276
623
630
630
630
630
631
631
631
631
714
22
22
492
492
136
136
136
136
274
274
274
274
530
530
657
657
122
122
704
409
189
189
819
819
137
137
137
137
189
189
189
189
111
111
111
111
619
619
419
36
790
954
259
259
915
577
628
628
628
628
903
903
22
22
114
114
114
114
281
452
224
224
224
224
676
884
884
884
884
810
810
810
810
29
29
715
715
715
715
125
125
125
125
634
634
634
634
933
933
933
933
668
679
933
933
933
933
370
370
281
650
650
650
650
679
756
679
29
819
819
267
267
846
846
846
846
68
68
428
428
428
428
171
679
557
557
557
557
679
210
210
210
210
104
104
96
96
96
96
528
528
528
528
907
907
281
913
913
913
913
29
29
49
49
20
730
617
617
891
891
336
260
414
414
285
377
377
377
377
631
776
776
776
776
774
774
920
920
773
773
569
569
939
939
939
939
467
467
260
660
660
660
660
425
112
716
981
981
74
74
89
89
918
918
74
74
74
74
290
260
465
465
868
868
868
868
149
796
796
559
265
650
650
650
650
700
145
145
265
76
480
962
933
933
933
933
674
674
907
105
105
791
824
824
824
824
892
892
891
891
50
50
939
939
939
939
452
777
777
484
484
484
484
135
943
296
296
296
296
295
295
295
295
295
295
295
295
295
295
295
295
452
452
930
930
161
251
251
251
251
312
312
312
312
321
321
321
321
251
251
251
251
312
312
312
312
679
665
665
679
517
100
100
100
100
51
51
51
51
818
818
818
818
819
819
819
819
63
679
679
236
236
236
236
227
227
679
830
830
930
930
161
161
321
321
321
321
42
817
245
251
251
251
251
921
921
921
921
92
92
92
92
312
312
312
312
258
258
258
258
245
245
244
244
244
244
245
245
176
176
176
176
244
244
244
244
817
817
930
930
930
930
161
161
321
321
321
321
726
726
227
227
138
138
138
138
597
469
469
469
469
636
636
636
636
442
442
442
442
676
676
676
676
261
110
110
245
245
110
110
110
110
245
245
122
122
122
122
261
261
261
261
165
817
817
367
367
367
367
748
339
509
509
465
642
720
720
720
720
269
441
16
109
109
873
873
873
873
30
587
587
587
587
704
704
704
704
114
114
114
114
323
323
323
323
786
786
786
786
909
909
909
909
319
319
319
319
417
417
417
417
338
464
268
269
587
587
587
587
323
323
323
323
635
635
635
635
441
752
275
275
109
109
630
630
131
131
587
587
587
587
131
131
709
709
709
709
649
649
649
649
650
650
650
650
631
247
744
622
622
622
622
679
761
57
57
57
57
87
269
296
733
733
733
733
867
867
558
17
17
587
587
587
587
323
323
323
323
421
421
421
421
772
772
772
772
844
844
844
844
194
194
194
194
779
11
11
88
103
103
441
213
213
213
213
536
617
617
617
617
966
623
623
623
623
679
680
622
622
622
622
679
109
390
390
390
390
622
622
297
898
587
587
587
587
60
843
679
88
88
799
799
913
913
913
913
747
540
535
535
726
726
545
545
545
545
876
876
876
876
312
312
312
312
318
318
318
318
616
616
616
616
641
641
591
591
591
591
679
622
622
622
622
678
679
622
622
295
866
866
587
587
587
587
897
586
586
586
586
59
679
265
255
255
834
834
834
834
313
29
29
189
189
662
662
950
950
950
950
60
517
517
644
644
573
573
241
241
241
241
189
157
157
157
157
88
88
573
434
283
190
190
190
190
676
676
676
676
979
979
870
870
661
661
661
661
803
803
514
514
514
514
893
74
74
969
969
969
969
892
892
385
385
385
385
662
662
105
105
105
105
798
798
189
189
391
8
8
700
700
261
478
120
120
120
120
698
698
333
333
333
333
651
651
778
778
950
950
811
811
811
811
452
452
924
924
924
924
522
154
154
154
154
155
155
92
248
679
878
878
878
878
0
76
110
110
392
633
633
245
245
245
245
802
103
103
103
103
104
104
104
104
282
282
282
282
438
438
439
439
122
122
155
155
156
76
922
341
341
341
341
211
679
878
878
631
631
439
122
122
63
63
351
351
351
351
802
37
37
679
103
103
103
103
802
451
451
451
451
960
960
679
84
28
28
155
254
929
722
795
622
622
755
755
755
755
76
727
727
470
470
23
36
36
921
340
340
340
340
210
779
779
679
244
244
244
244
777
877
877
877
877
878
878
439
439
630
630
608
632
802
36
36
36
36
679
102
102
102
102
103
103
103
103
802
450
450
450
450
679
943
131
925
925
891
891
891
891
573
573
122
122
122
122
820
820
820
820
39
618
618
618
618
2
2
814
9
133
134
215
587
845
845
502
718
950
950
938
938
938
938
221
221
221
221
404
803
803
803
803
133
716
124
124
124
124
605
605
650
650
502
36
36
36
36
877
877
292
292
292
292
235
235
36
36
36
36
938
938
938
938
939
939
588
588
507
813
8
132
133
214
586
844
844
501
717
949
949
937
937
937
937
220
220
220
220
403
802
802
802
802
105
604
604
94
94
937
937
937
937
502
35
35
35
35
35
35
35
35
876
876
291
291
291
291
604
427
427
937
937
937
937
938
938
938
938
844
913
913
144
234
234
234
234
295
295
295
295
304
304
304
304
234
234
234
234
295
295
295
295
104
603
603
426
426
93
93
93
93
465
465
937
937
937
937
500
758
293
937
937
937
937
844
844
967
967
967
967
843
25
800
228
234
234
234
234
904
904
904
904
75
75
75
75
295
295
295
295
241
241
241
241
806
806
806
806
88
88
520
520
520
520
88
88
88
88
88
88
88
88
52
52
52
52
359
619
619
619
619
915
915
915
915
659
659
659
659
538
244
679
360
360
629
629
629
629
679
679
679
659
659
659
659
298
679
679
255
255
902
902
902
902
475
239
239
239
239
239
239
239
239
475
475
911
911
518
518
518
518
86
86
518
518
518
518
49
49
49
49
679
679
679
679
249
689
689
689
689
464
464
464
464
161
161
161
161
739
739
739
739
740
249
740
887
887
887
887
784
784
784
784
110
110
110
110
604
604
629
629
273
273
99
99
99
99
108
108
108
108
764
355
466
466
464
464
464
464
676
676
958
958
958
958
955
955
955
955
318
690
690
318
713
713
713
713
5
5
5
5
955
739
766
578
936
937
57
367
494
883
415
110
937
937
494
494
494
494
578
578
578
578
110
937
937
494
494
494
494
578
578
578
578
638
318
444
248
249
567
567
567
567
303
303
303
303
615
615
615
615
248
808
622
622
733
733
248
87
87
655
655
655
655
240
240
913
913
913
913
567
567
447
447
609
609
609
609
299
299
299
299
819
87
87
117
117
630
630
240
240
87
87
87
87
609
609
609
609
600
600
35
35
35
35
116
858
135
135
135
135
482
483
498
382
941
941
942
942
942
942
802
184
184
184
184
186
186
186
186
277
277
277
277
327
327
327
327
960
960
6
6
311
311
311
311
455
455
455
455
382
504
504
504
504
29
29
29
29
30
30
30
30
186
186
186
186
190
190
659
659
659
659
284
284
284
284
626
155
155
29
29
29
29
186
186
186
186
190
190
190
190
625
464
464
464
464
155
155
184
184
184
184
188
188
267
267
267
267
625
626
237
237
237
237
330
330
473
473
473
473
505
505
944
944
958
958
958
958
24
24
24
24
186
186
186
186
155
155
155
155
120
120
120
120
375
375
633
633
633
633
121
123
123
123
123
627
226
723
601
601
601
601
658
740
36
36
36
36
66
248
275
712
712
712
712
846
846
537
566
566
566
566
302
302
302
302
400
400
400
400
751
751
751
751
823
823
823
823
173
173
173
173
226
226
596
596
596
596
871
248
236
192
192
192
192
670
596
596
596
596
945
633
633
706
706
567
567
492
492
492
492
706
298
298
298
298
852
852
852
852
66
66
892
892
892
892
444
146
757
921
226
226
882
544
595
595
595
595
870
870
81
81
81
81
248
419
191
191
191
191
643
851
851
851
851
777
777
777
777
682
682
682
682
92
92
92
92
777
777
777
777
297
297
297
297
595
595
595
595
620
620
475
475
705
821
821
350
570
66
66
777
777
187
187
613
613
443
416
416
536
536
816
816
816
816
119
119
119
119
732
732
732
732
777
777
777
777
588
595
595
595
595
596
596
596
596
679
457
457
101
101
101
101
239
239
239
239
923
923
679
679
681
679
154
154
16
16
679
154
154
777
777
77
77
77
77
679
87
679
679
87
87
826
826
826
826
827
827
827
827
679
679
314
314
314
314
624
624
624
624
97
154
154
154
154
679
382
596
112
2
2
848
848
151
151
157
157
550
550
93
93
186
186
186
186
261
261
261
261
294
294
830
847
847
848
848
180
180
180
180
186
186
186
186
261
261
261
261
293
293
323
323
847
847
179
179
179
179
184
184
184
184
233
233
233
233
323
323
309
309
309
309
233
233
233
233
622
151
151
25
25
25
25
182
182
182
182
186
186
186
186
628
777
777
940
940
621
556
556
380
380
380
380
151
151
151
151
116
116
116
116
666
666
920
920
921
933
933
933
933
273
273
956
956
432
432
432
432
662
662
938
938
938
938
679
679
808
808
677
679
848
848
679
160
160
270
152
152
264
264
914
679
679
679
240
679
679
455
455
782
782
679
561
490
560
943
943
662
662
568
568
679
123
123
123
123
679
679
139
139
49
49
49
49
679
736
736
185
185
679
679
679
679
735
735
735
735
679
123
123
123
123
637
637
115
474
474
474
474
825
826
826
153
88
88
89
89
89
89
90
90
91
650
650
17
17
322
639
681
681
681
681
848
848
848
848
947
300
156
707
29
29
29
29
186
186
186
186
190
190
261
261
261
261
284
289
324
360
380
380
380
380
381
381
381
381
382
382
382
382
457
574
666
666
666
666
667
667
667
667
668
668
668
668
669
669
669
669
519
519
519
519
936
936
936
936
937
937
937
937
719
825
825
88
88
89
89
90
90
679
255
255
255
255
257
257
259
259
290
292
292
380
380
380
380
381
381
381
381
666
666
666
666
667
667
667
667
668
668
668
668
936
936
936
936
350
350
350
350
719
825
825
679
639
707
668
668
668
668
936
936
936
936
858
858
299
299
151
181
181
181
181
186
186
186
186
257
257
257
257
284
285
289
289
412
412
458
458
569
575
575
667
667
667
667
679
679
679
668
668
668
668
679
679
17
17
17
17
272
272
272
272
151
151
257
257
257
257
417
417
679
947
947
797
888
123
123
123
123
304
322
322
54
54
54
54
809
261
261
262
262
294
294
294
294
114
473
473
473
473
824
825
825
152
87
87
88
88
88
88
89
89
90
649
649
16
16
321
638
680
680
680
680
847
847
847
847
946
299
155
706
28
28
28
28
185
185
185
185
189
189
260
260
260
260
283
288
323
359
379
379
379
379
380
380
380
380
381
381
381
381
456
573
665
665
665
665
666
666
666
666
667
667
667
667
668
668
668
668
518
518
518
518
935
935
935
935
936
936
936
936
720
114
114
825
825
152
626
182
639
46
46
46
46
706
707
234
234
234
234
268
268
359
668
668
668
668
936
936
936
936
317
317
317
317
87
321
185
185
186
186
186
186
254
254
256
256
256
256
284
289
289
453
453
665
665
665
665
155
155
667
667
667
667
832
832
832
832
865
865
865
865
668
668
668
668
16
16
16
16
17
17
150
340
340
164
164
164
164
947
947
649
303
322
322
155
155
155
155
261
261
291
291
924
924
666
719
114
114
825
825
825
825
152
311
311
311
311
625
735
795
167
679
550
830
830
706
233
233
233
233
359
657
657
657
657
668
668
668
668
864
864
864
864
936
936
936
936
348
348
348
348
311
311
311
311
509
509
86
87
87
321
185
185
257
257
287
378
378
378
378
452
452
664
664
664
664
665
665
665
665
575
909
909
154
155
155
667
667
667
667
679
679
679
668
668
668
668
679
679
16
16
86
86
471
154
154
253
253
253
253
257
257
415
415
679
378
378
378
378
934
934
934
934
270
270
270
270
648
649
649
637
637
836
836
830
830
830
830
172
172
172
172
282
154
167
666
666
666
666
167
167
81
820
820
311
311
311
311
925
925
897
219
625
625
625
625
272
272
272
272
565
565
565
565
826
149
13
13
703
918
679
679
679
668
668
668
668
679
679
459
461
835
886
886
360
360
360
360
430
430
430
430
679
886
886
22
22
69
830
830
137
137
238
238
238
238
475
475
475
475
698
698
698
698
234
459
703
703
150
150
150
150
167
167
167
333
333
333
333
298
298
298
298
509
332
332
332
332
267
267
267
267
440
580
580
945
945
945
945
639
478
11
11
11
11
841
841
841
841
99
99
99
99
110
110
383
383
383
383
447
843
843
313
313
313
313
663
663
663
663
474
474
474
474
663
663
663
663
151
151
663
663
663
663
828
828
828
828
861
861
861
861
86
86
827
827
160
160
160
160
176
176
257
257
257
257
449
449
449
449
378
378
378
378
839
839
164
250
250
250
250
635
792
702
702
703
703
279
279
279
279
317
317
724
724
252
313
313
313
313
227
609
609
609
609
351
351
351
351
256
256
224
224
224
224
357
154
154
854
854
351
351
351
351
442
442
654
654
583
583
251
251
602
602
602
602
679
679
66
66
66
66
87
87
941
941
941
941
19
576
576
679
679
436
576
576
941
941
941
941
819
474
277
277
277
277
679
752
752
255
38
38
38
38
785
473
563
563
909
909
910
910
910
910
418
418
418
418
863
863
313
313
313
313
563
707
298
468
468
424
601
679
679
679
679
228
400
68
68
832
832
832
832
546
546
546
546
663
663
663
663
73
73
73
73
282
282
282
282
745
745
745
745
868
868
868
868
278
278
278
278
376
376
376
376
400
832
832
832
832
663
663
663
663
73
73
73
73
941
941
941
941
663
663
679
679
351
351
351
351
298
501
501
501
501
240
798
590
796
796
796
796
879
879
879
879
597
597
597
597
385
385
385
385
390
798
745
745
745
745
941
391
227
738
902
207
207
863
525
576
576
576
576
851
851
62
62
62
62
229
400
172
172
172
172
624
832
832
832
832
758
758
758
758
663
663
663
663
73
73
73
73
693
693
693
693
216
172
172
172
172
650
679
679
369
551
551
551
551
298
581
581
456
456
693
693
693
693
794
794
794
794
518
518
495
495
881
881
881
881
826
826
172
172
172
172
745
745
745
745
603
603
761
761
440
440
100
100
100
100
172
172
172
172
808
808
808
808
898
898
898
898
623
623
660
662
284
284
921
921
921
921
84
84
84
84
808
808
808
808
662
852
852
172
172
172
172
395
395
565
565
841
97
891
891
528
891
891
188
693
693
693
693
831
831
857
857
886
879
576
576
97
194
137
137
162
162
162
162
243
243
243
243
273
306
306
175
130
130
130
130
918
918
918
918
137
137
459
147
147
147
147
164
164
241
241
241
241
897
897
432
432
432
432
778
778
808
808
808
808
260
260
260
260
407
366
366
366
449
449
172
172
172
172
173
173
900
900
901
901
757
757
913
913
913
913
253
253
608
608
886
306
306
767
767
767
767
11
11
11
11
53
53
294
294
428
428
428
428
53
53
53
53
891
891
891
891
812
466
185
185
552
110
110
270
270
270
270
411
411
411
411
31
31
626
626
626
626
12
886
554
554
554
554
569
319
319
319
319
15
400
400
400
400
123
123
123
123
329
117
117
117
117
558
892
892
137
138
138
650
650
650
650
640
640
640
640
265
265
265
265
555
555
650
650
650
650
172
172
172
172
216
216
216
216
361
361
363
363
363
363
364
364
439
439
662
361
361
361
361
632
632
621
621
526
526
813
813
155
155
236
236
236
236
533
533
104
104
104
104
525
525
663
663
35
35
35
35
392
392
392
392
525
525
710
710
561
561
874
779
779
779
779
779
779
779
779
718
784
784
784
784
87
87
87
87
700
700
700
700
745
745
745
745
316
382
210
650
650
650
650
725
837
837
563
563
838
838
838
838
210
795
795
795
795
647
647
55
55
794
794
794
794
795
795
795
795
54
54
54
54
794
794
794
794
282
282
282
282
649
255
310
450
798
423
423
423
423
888
888
815
815
590
796
796
796
796
589
524
524
638
638
468
468
468
468
24
24
167
167
201
201
222
382
382
50
50
50
50
78
78
78
78
495
538
861
861
861
861
616
616
616
616
409
409
409
409
576
576
576
576
731
732
732
62
62
62
62
757
757
645
645
210
69
69
69
69
209
567
567
567
567
358
358
358
358
358
358
358
358
358
358
358
358
571
571
571
571
590
590
590
590
724
724
408
570
570
570
570
260
260
260
260
408
55
55
55
55
688
688
688
688
289
12
12
36
36
36
36
361
361
368
368
750
750
750
750
252
394
394
394
394
543
543
543
543
53
53
600
600
600
600
829
829
406
602
602
602
602
218
218
313
499
499
555
588
588
588
588
313
313
313
313
305
305
305
305
559
395
395
264
754
754
395
395
673
263
264
301
560
560
560
560
857
857
888
888
888
888
858
858
789
404
404
631
631
631
631
405
405
109
109
109
109
897
897
897
897
116
116
896
896
896
896
116
116
116
116
515
515
585
256
256
256
256
339
339
339
339
339
339
339
339
61
318
318
318
318
834
834
834
834
6
717
717
717
717
716
716
888
888
318
318
318
318
745
173
179
179
179
179
849
849
849
849
20
20
20
20
240
240
240
240
422
202
202
849
849
849
849
186
186
186
186
186
186
186
186
849
849
849
849
831
831
831
831
240
240
240
240
89
89
849
849
849
849
249
249
249
249
155
155
66
66
66
66
525
397
397
397
397
155
849
849
849
849
564
564
564
564
564
564
564
564
719
189
762
762
624
849
849
849
849
240
240
240
240
210
607
607
111
849
849
849
849
59
59
42
42
42
42
766
41
41
41
41
40
40
40
40
739
816
816
816
816
863
863
863
863
815
815
815
815
816
816
288
748
748
617
40
40
40
40
41
41
41
41
740
388
388
388
388
617
571
571
571
571
701
701
701
701
570
570
183
183
183
183
316
384
844
845
266
154
154
154
154
155
155
392
680
680
196
606
752
752
752
752
776
776
776
776
777
777
778
781
781
65
65
65
65
557
557
557
557
577
577
577
577
795
795
795
795
598
598
598
598
396
396
396
396
566
566
566
566
617
617
617
617
910
910
910
910
359
359
359
359
360
360
360
360
844
154
154
393
776
776
777
777
779
848
848
848
848
359
359
359
359
392
753
753
776
776
778
779
779
563
563
563
563
680
188
188
563
563
563
563
680
188
188
557
557
557
557
554
554
554
554
704
704
704
704
209
209
765
765
765
765
251
251
251
251
396
396
559
567
567
567
567
578
578
578
578
56
56
56
56
325
325
66
66
325
325
911
911
911
911
315
383
843
844
265
153
153
153
153
154
154
391
679
679
195
605
751
751
751
751
775
775
775
775
776
776
777
780
780
64
64
64
64
556
556
556
556
576
576
576
576
794
794
794
794
597
597
597
597
395
395
395
395
565
565
565
565
616
616
616
616
909
909
909
909
358
358
358
358
359
359
359
359
843
153
153
392
775
775
776
776
778
847
847
847
847
358
358
358
358
720
720
720
720
569
569
680
680
195
34
34
679
187
187
55
55
55
55
849
849
849
849
553
553
553
553
679
680
680
187
187
557
557
557
557
679
187
187
556
556
556
556
553
553
553
553
703
703
703
703
679
764
764
764
764
41
41
41
41
396
396
849
849
849
849
909
909
909
909
208
55
55
55
55
324
324
392
781
781
781
781
314
382
842
843
264
152
152
152
152
153
153
390
678
678
194
604
750
750
750
750
774
774
774
774
775
775
776
779
779
63
63
63
63
555
555
555
555
575
575
575
575
793
793
793
793
596
596
596
596
394
394
394
394
564
564
564
564
615
615
615
615
908
908
908
908
357
357
357
357
358
358
358
358
195
33
33
33
33
568
568
679
679
194
33
33
678
859
859
859
859
679
679
117
117
117
117
678
679
679
186
186
556
556
556
556
679
679
186
186
40
40
40
40
318
318
318
318
909
909
909
909
245
245
245
245
207
207
763
763
763
763
249
249
249
249
394
394
561
561
561
561
393
40
40
40
40
391
780
780
780
780
366
798
798
798
798
629
629
629
629
39
39
39
39
907
907
907
907
194
32
32
32
32
567
567
678
678
193
32
32
563
563
563
563
678
678
116
116
116
116
39
39
39
39
567
467
467
467
467
762
762
762
762
39
39
39
39
394
394
56
56
798
798
798
798
637
637
637
637
392
554
554
554
554
244
244
244
244
392
39
39
39
39
868
868
868
868
737
737
737
737
398
398
398
398
643
44
863
770
409
542
542
542
542
543
543
543
543
544
544
544
544
726
726
726
726
817
817
218
218
870
870
870
870
33
33
116
116
589
589
589
589
773
773
773
773
820
820
23
23
23
23
48
48
48
48
49
49
49
49
81
81
81
81
185
185
185
185
535
542
542
542
542
543
543
543
543
626
404
404
48
48
48
48
186
186
186
186
870
870
731
731
638
680
827
827
827
827
638
794
794
794
794
39
39
39
39
48
48
48
48
542
542
39
39
39
39
864
798
798
798
798
863
628
48
48
48
48
571
571
571
571
39
39
39
39
895
895
895
895
818
818
138
138
138
138
642
43
862
769
408
541
541
541
541
542
542
542
542
543
543
543
543
725
725
725
725
816
816
217
217
869
869
869
869
32
32
115
115
588
588
588
588
772
772
772
772
819
819
22
22
22
22
47
47
47
47
48
48
48
48
80
80
80
80
184
184
184
184
870
870
897
897
9
9
9
9
679
188
679
826
826
826
826
679
730
730
48
48
48
48
542
542
365
38
38
38
38
863
797
797
797
797
100
100
730
730
48
48
48
48
100
100
100
100
22
22
22
22
628
628
628
628
894
894
894
894
543
543
65
65
65
65
738
738
609
609
885
885
885
885
293
359
540
540
540
540
183
183
183
183
187
183
183
183
183
678
187
771
771
771
771
722
722
722
722
48
48
48
48
542
542
567
567
211
211
37
37
37
37
46
46
46
46
216
216
885
885
885
885
48
48
48
48
99
99
722
722
22
22
22
22
99
99
99
99
21
21
21
21
893
893
893
893
529
529
543
543
624
834
834
340
340
340
340
667
667
667
667
885
885
885
885
432
432
432
432
359
359
27
27
645
645
553
553
553
553
849
849
849
849
593
593
593
593
178
55
55
55
55
178
39
39
39
39
359
359
639
290
356
314
540
540
56
184
214
726
726
726
726
308
308
308
308
183
183
183
183
638
674
540
540
213
213
214
865
865
112
112
112
112
633
184
308
308
308
308
314
812
812
812
812
184
290
401
401
639
526
526
621
621
29
29
768
768
768
768
769
769
769
769
40
34
34
34
34
282
282
282
282
165
662
540
540
540
540
597
679
5
187
214
651
651
651
651
785
785
476
505
505
505
505
241
241
241
241
339
339
339
339
690
690
690
690
762
762
762
762
112
112
112
112
679
535
535
535
535
560
560
175
131
131
184
553
553
553
553
308
308
308
308
215
786
786
786
786
662
314
32
32
32
32
32
32
32
32
242
242
242
242
598
184
290
510
639
575
554
554
554
554
572
572
232
704
704
704
704
613
560
188
679
164
164
534
534
534
534
809
186
174
130
130
130
130
608
534
534
534
534
883
574
585
839
839
839
839
307
307
307
307
662
31
31
31
31
661
313
31
31
31
31
582
582
716
716
504
504
509
509
571
571
334
334
334
334
725
725
230
230
230
230
382
716
716
534
534
790
790
432
844
843
679
679
754
754
754
754
57
57
57
57
670
670
670
670
715
715
715
715
526
533
533
533
533
534
534
534
534
617
395
395
39
39
39
39
177
177
177
177
580
580
812
11
11
715
715
730
48
48
48
48
722
722
40
40
40
40
30
30
30
30
39
39
39
39
581
581
24
24
24
24
92
92
204
204
15
15
15
15
397
39
39
39
39
92
92
92
92
534
534
560
560
808
808
808
808
36
602
602
602
602
888
888
888
888
320
534
50
257
257
859
859
724
724
724
724
768
858
858
858
858
859
859
275
275
275
275
724
724
724
724
715
715
138
138
518
880
880
880
880
384
384
879
879
719
122
122
122
122
594
594
594
594
610
323
323
323
323
373
373
373
373
398
398
105
105
105
105
54
54
54
54
388
388
388
388
871
871
871
871
54
54
54
54
438
438
438
438
247
211
211
215
215
215
215
375
375
375
375
787
787
787
787
276
276
276
276
579
579
105
106
106
106
106
627
178
713
713
713
713
39
39
39
39
184
605
239
239
239
239
806
806
239
239
876
876
876
876
39
39
39
39
534
534
22
22
22
22
70
70
70
70
178
735
54
55
136
508
766
766
423
639
871
871
859
859
859
859
142
142
142
142
325
724
724
724
724
386
686
686
139
139
139
139
27
526
526
349
349
16
16
16
16
388
388
27
526
526
16
16
860
860
860
860
848
848
798
798
713
713
848
848
848
848
263
263
263
263
385
525
525
890
890
890
890
26
525
525
348
348
15
15
15
15
387
387
734
723
723
723
723
138
138
138
138
765
847
847
889
889
44
44
570
570
55
55
55
55
100
100
573
573
553
553
279
279
279
279
108
739
739
739
739
200
200
200
200
0
736
736
736
736
737
737
737
737
748
748
587
587
587
587
590
590
590
590
787
787
787
787
748
748
787
787
787
787
658
658
396
396
139
139
139
139
14
139
139
139
139
626
27
846
753
392
525
525
525
525
526
526
526
526
527
527
527
527
709
709
709
709
800
800
201
201
853
853
853
853
16
16
99
99
572
572
572
572
756
756
756
756
803
803
6
6
6
6
31
31
31
31
32
32
32
32
64
64
64
64
168
168
168
168
278
344
196
196
810
810
810
810
799
799
527
527
552
552
196
196
6
6
6
6
599
387
387
387
387
599
599
881
881
881
881
178
172
172
710
710
710
710
172
709
709
709
709
33
33
33
33
269
269
269
269
301
527
527
721
39
39
39
39
546
546
6
6
6
6
877
877
877
877
303
513
513
852
852
852
852
171
171
709
709
709
709
171
709
709
709
709
129
823
823
823
823
693
694
694
834
834
834
834
578
578
578
578
716
630
630
214
214
214
214
517
517
517
517
630
630
630
630
605
605
605
605
479
479
479
479
109
109
109
109
196
196
196
196
392
392
86
91
92
92
801
801
801
801
779
779
104
190
190
190
190
126
126
126
126
664
664
656
656
882
882
258
224
224
225
225
257
220
220
224
224
814
814
672
672
672
672
668
667
818
818
833
833
833
833
220
220
220
220
576
576
576
576
653
654
654
161
161
531
531
531
531
239
32
32
416
416
416
416
752
752
751
751
684
684
170
170
750
750
750
750
527
527
527
527
527
176
239
239
770
770
326
326
326
326
331
331
632
632
330
330
186
186
186
186
360
360
360
360
54
54
54
54
700
700
700
700
770
770
102
102
102
102
107
107
107
107
156
156
156
156
246
246
232
232
232
232
156
156
156
156
544
544
660
660
549
549
822
822
725
725
527
700
700
355
355
355
355
725
725
355
355
355
355
852
852
305
305
359
359
359
359
777
467
467
704
704
704
704
71
71
215
215
215
215
34
34
34
34
138
138
138
138
34
34
34
34
138
138
138
138
71
539
34
34
34
34
570
570
570
570
209
71
71
366
366
366
366
224
331
331
640
205
205
205
205
302
727
727
727
727
148
148
727
727
727
727
691
691
700
700
205
205
205
205
206
206
451
451
149
87
87
87
87
401
599
599
177
825
825
825
825
824
824
642
37
37
748
748
748
748
75
234
234
234
234
548
658
718
90
602
473
753
753
629
156
156
156
156
282
580
580
580
580
591
591
591
591
787
787
787
787
859
859
859
859
271
271
271
271
234
234
234
234
432
432
859
859
859
859
72
72
134
759
759
72
72
77
77
77
77
333
333
333
333
205
205
205
205
134
572
572
225
244
244
629
629
77
77
77
77
190
190
282
282
571
243
243
628
628
190
190
281
281
282
282
333
333
333
333
629
629
77
77
77
77
156
156
156
156
281
588
869
849
849
14
14
4
743
743
234
234
234
234
848
848
820
142
548
548
548
548
195
195
195
195
488
488
488
488
126
126
679
679
679
679
679
679
679
679
859
859
859
859
679
679
679
679
398
398
398
398
118
118
118
118
382
679
679
630
630
161
161
161
161
191
398
398
398
398
353
353
353
353
490
809
809
809
809
629
629
160
160
160
160
191
282
282
630
630
157
157
157
157
282
282
353
353
353
353
488
807
807
629
629
630
630
62
62
62
62
128
128
128
128
156
156
156
156
396
396
353
353
353
353
758
758
679
679
679
679
836
836
658
702
702
702
702
836
836
836
836
837
837
133
133
836
836
837
837
868
868
868
868
204
204
204
204
133
133
836
836
837
837
836
836
837
837
837
837
345
345
345
345
560
560
560
560
253
253
253
253
326
326
14
841
841
302
35
35
35
35
35
35
35
35
266
266
266
266
836
836
836
836
836
477
477
477
9
597
817
724
363
496
496
496
496
497
497
497
497
498
498
498
498
680
680
680
680
771
771
172
172
824
824
824
824
70
70
543
543
543
543
727
727
727
727
774
774
2
2
2
2
3
3
3
3
35
35
35
35
139
139
139
139
489
496
496
496
496
497
497
497
497
580
358
358
2
2
2
2
140
140
140
140
358
358
358
358
71
71
358
358
358
358
55
55
55
55
633
633
633
633
71
71
71
71
273
70
70
273
499
499
693
11
11
11
11
70
772
772
751
774
774
774
774
315
315
499
499
499
499
70
596
816
723
362
495
495
495
495
496
496
496
496
497
497
497
497
679
679
679
679
770
770
171
171
823
823
823
823
69
69
542
542
542
542
726
726
726
726
773
773
1
1
1
1
2
2
2
2
34
34
34
34
138
138
138
138
362
679
679
679
679
319
319
653
653
653
653
726
726
726
726
166
166
34
34
34
34
679
679
91
91
653
653
653
653
632
632
632
632
726
726
726
726
357
357
357
357
54
54
54
54
632
632
632
632
70
70
70
70
272
69
69
679
679
70
70
679
679
726
726
726
726
750
750
214
214
214
214
750
774
774
70
70
69
656
202
202
202
202
362
394
394
394
394
521
521
521
521
679
679
679
679
709
709
709
709
318
358
358
850
850
850
850
90
90
90
90
652
652
652
652
726
726
726
726
34
34
34
34
816
816
816
816
521
521
679
679
358
358
18
18
18
18
90
90
90
90
726
726
726
726
816
816
816
816
678
678
90
90
652
652
652
652
631
631
631
631
725
725
725
725
356
356
356
356
53
53
53
53
631
631
631
631
69
69
69
69
679
679
679
679
542
542
676
676
631
631
726
726
726
726
676
676
749
749
213
213
213
213
69
69
822
822
822
822
309
394
521
521
679
679
48
48
245
245
245
245
358
358
358
358
405
405
90
90
90
90
158
158
158
158
653
653
653
653
72
72
72
72
696
726
726
726
726
851
851
851
851
553
553
553
553
827
827
827
827
856
14
14
14
14
398
398
398
398
527
527
527
527
684
684
684
684
816
816
816
816
195
195
195
195
90
90
652
652
652
652
71
71
851
851
851
851
553
553
553
553
856
394
856
856
204
402
550
550
550
550
679
679
679
679
726
726
726
726
118
118
118
118
395
395
519
519
603
603
603
603
237
237
237
237
376
379
380
381
134
519
214
275
343
343
343
343
820
207
372
745
17
17
17
17
90
90
207
207
207
207
818
818
835
835
835
835
836
836
837
838
839
839
632
632
632
632
851
851
851
851
77
77
77
77
191
224
224
224
224
283
283
283
283
553
553
553
553
856
348
348
348
348
349
349
349
349
355
355
355
355
362
362
362
362
377
379
380
392
394
524
835
835
836
836
837
838
838
630
630
630
630
78
78
78
78
80
80
80
80
82
82
82
82
159
159
159
159
333
333
333
333
854
856
856
348
348
348
348
353
353
353
353
376
377
379
835
835
836
836
837
837
630
630
630
630
77
77
77
77
221
221
221
221
854
350
350
350
350
353
353
353
353
679
679
726
726
726
726
284
284
284
284
564
675
675
171
171
171
171
283
283
283
283
284
284
29
29
29
29
373
373
49
49
573
573
377
502
821
821
82
82
82
82
161
854
679
679
739
739
819
819
696
696
809
809
809
809
235
235
235
235
375
378
379
380
133
518
213
274
342
342
342
342
819
206
371
744
16
16
16
16
89
89
206
206
206
206
817
817
834
834
834
834
835
835
836
837
838
838
631
631
631
631
850
850
850
850
76
76
76
76
190
223
223
223
223
282
282
282
282
552
552
552
552
855
347
347
347
347
348
348
348
348
354
354
354
354
361
361
361
361
376
378
379
391
393
523
834
834
835
835
836
837
837
629
629
629
629
77
77
77
77
79
79
79
79
81
81
81
81
158
158
158
158
332
332
332
332
853
855
855
347
347
347
347
352
352
352
352
493
493
93
93
282
282
283
283
283
283
674
674
378
738
738
572
572
819
819
695
695
372
826
826
374
377
378
379
132
517
212
273
341
341
341
341
818
205
370
743
15
15
15
15
88
88
205
205
205
205
816
816
833
833
833
833
834
834
835
836
837
837
630
630
630
630
849
849
849
849
75
75
75
75
189
222
222
222
222
281
281
281
281
551
551
551
551
854
346
346
346
346
347
347
347
347
353
353
353
353
360
360
360
360
70
70
173
173
281
281
282
282
92
92
281
281
193
193
193
193
829
829
829
829
12
12
12
12
378
278
808
808
737
737
70
70
377
737
737
82
82
82
82
203
203
203
203
819
819
795
795
698
698
854
698
698
852
371
825
825
516
749
749
172
172
172
172
281
281
172
172
280
280
281
281
230
581
581
581
581
499
499
223
223
378
377
277
807
807
736
736
69
69
218
218
218
218
794
794
697
697
817
817
517
517
517
517
458
838
679
107
113
113
113
113
783
783
783
783
174
174
174
174
111
356
356
136
136
136
136
70
23
679
679
792
792
792
792
23
23
183
183
183
183
679
679
87
87
87
87
676
588
588
588
588
654
654
679
679
679
679
679
598
598
598
598
134
598
598
598
598
515
515
515
515
8
750
750
327
429
13
14
15
15
18
19
19
172
172
281
284
284
287
287
287
287
288
288
288
288
360
360
360
360
370
415
415
415
415
418
418
418
418
443
443
443
443
444
444
444
444
462
462
462
462
463
463
463
463
469
469
469
469
598
598
598
598
599
599
599
599
646
470
470
470
470
15
360
360
416
416
416
416
328
328
137
137
751
328
328
328
327
327
36
36
36
36
315
315
315
315
671
671
671
671
521
137
137
137
137
832
832
26
26
282
282
287
287
360
360
360
360
609
609
609
609
15
15
25
25
359
359
360
360
414
414
414
414
326
326
136
136
136
136
520
520
520
520
327
327
520
520
520
520
520
831
831
831
831
35
35
35
35
287
287
360
360
360
360
424
104
104
104
104
104
104
104
104
249
249
249
249
738
738
738
738
347
347
127
127
127
127
29
29
29
29
763
763
390
390
390
390
61
61
402
402
402
402
165
165
165
165
625
625
592
592
592
592
820
820
820
820
786
786
625
625
625
625
230
699
82
781
818
818
818
818
365
365
365
365
818
818
818
818
625
625
569
569
428
428
44
44
318
318
318
318
528
528
528
528
674
674
674
674
675
675
675
675
167
167
167
167
673
673
673
673
158
158
158
158
45
45
45
45
180
180
336
336
336
336
324
324
324
324
680
680
680
680
681
681
681
681
376
376
376
376
794
794
794
794
381
13
13
13
13
14
14
107
538
737
737
737
737
251
492
492
104
104
104
104
661
141
141
141
141
297
297
298
298
326
468
468
490
661
785
785
785
785
803
803
75
75
75
75
493
493
468
492
662
344
344
336
310
310
310
310
688
538
503
199
199
788
467
467
329
329
467
467
661
489
74
74
74
74
684
684
491
492
492
784
784
784
784
622
622
329
329
329
329
12
12
335
309
309
309
309
654
538
380
502
467
467
418
418
665
126
126
126
126
162
360
360
740
589
589
589
589
126
218
218
274
458
458
458
458
628
174
174
174
174
334
366
366
366
366
493
493
493
493
651
651
651
651
681
681
681
681
290
330
330
822
822
822
822
62
62
62
62
624
624
624
624
698
698
698
698
6
6
6
6
788
788
788
788
459
466
466
466
466
467
467
467
467
550
328
328
110
110
110
110
328
328
328
328
41
41
40
41
41
41
41
745
243
469
469
663
468
468
493
493
137
137
648
648
329
329
143
722
722
722
722
819
819
119
514
514
467
467
467
467
514
211
211
211
211
467
467
467
467
184
184
184
184
283
324
401
401
23
23
38
511
511
653
653
209
209
209
209
130
130
667
667
667
667
374
374
522
522
522
522
525
525
525
525
656
656
656
656
138
138
138
138
394
394
394
394
493
493
291
291
38
38
161
161
161
161
385
377
377
666
828
828
525
525
525
525
667
667
667
667
668
668
668
668
828
725
725
725
725
283
283
626
172
172
172
172
332
364
364
364
364
491
491
491
491
649
649
649
649
679
679
679
679
288
328
328
820
820
820
820
60
60
60
60
622
622
622
622
696
696
696
696
4
4
4
4
786
786
786
786
331
648
648
648
648
288
288
622
622
622
622
695
695
695
695
135
135
3
3
3
3
512
512
39
39
39
39
241
38
38
679
679
749
749
749
749
740
326
326
538
538
817
817
817
817
740
740
60
60
60
60
465
465
491
491
739
739
739
739
467
467
467
467
117
283
283
467
467
467
467
465
465
465
465
348
348
348
348
288
288
622
622
622
622
41
41
382
382
488
74
665
665
665
665
666
666
666
666
672
672
672
672
159
159
159
159
174
372
520
520
520
520
174
21
21
666
520
520
520
520
679
679
174
21
159
159
159
159
684
684
523
523
523
523
526
526
526
526
723
723
723
723
60
60
60
60
491
491
382
382
665
665
665
665
667
667
667
667
88
88
88
88
488
488
368
368
368
368
44
281
281
363
825
825
173
371
519
519
519
519
419
419
149
149
149
149
327
327
650
36
36
36
36
149
149
149
149
683
820
820
820
820
315
315
525
525
525
525
364
364
381
381
382
665
665
665
665
487
487
488
488
572
572
572
572
309
309
309
309
796
796
145
145
145
145
701
88
88
791
791
792
792
823
823
823
823
159
159
159
159
768
668
668
768
768
159
159
159
159
823
823
823
823
148
116
116
257
257
343
346
347
348
101
486
181
242
310
310
310
310
787
174
339
712
57
57
174
174
174
174
785
785
802
802
802
802
803
803
804
805
806
806
599
599
599
599
818
818
818
818
44
44
44
44
158
191
191
191
191
250
250
250
250
520
520
520
520
823
315
315
315
315
316
316
316
316
322
322
322
322
329
329
329
329
343
174
193
719
719
599
599
599
599
44
44
44
44
51
51
51
51
61
61
159
250
250
250
250
251
251
251
251
537
537
537
537
343
212
212
32
32
32
32
316
316
316
316
317
317
317
317
409
44
44
44
44
47
47
126
126
126
126
142
142
782
782
526
193
193
245
245
245
245
642
642
415
415
339
339
16
16
16
16
469
642
642
297
297
297
297
684
684
684
684
138
138
300
300
300
300
365
365
365
365
783
783
783
783
794
794
343
183
183
362
354
354
725
174
192
211
211
211
211
422
718
718
21
21
414
414
414
414
420
420
599
599
599
599
44
44
44
44
60
125
125
125
125
127
127
127
127
250
250
250
250
333
333
333
333
536
536
536
536
364
364
364
364
404
404
601
601
601
601
296
296
296
296
601
601
601
601
343
31
31
31
31
48
48
125
125
125
125
781
781
316
316
316
316
31
31
31
31
43
43
43
43
44
44
44
44
48
48
48
48
141
141
525
244
244
244
244
15
15
15
15
797
797
797
797
414
414
339
339
15
15
718
718
224
782
782
782
782
666
666
296
296
296
296
196
196
415
415
415
415
147
147
540
540
540
540
349
349
349
349
343
26
26
125
125
125
125
129
129
287
287
44
44
44
44
193
193
736
736
736
736
142
142
142
142
695
509
509
577
577
414
414
718
718
718
718
26
169
169
131
131
784
784
784
784
679
131
131
132
132
164
164
164
164
679
1
100
775
568
641
468
468
601
601
601
601
573
573
316
316
93
671
671
478
771
771
771
771
283
283
524
322
0
0
525
322
296
296
296
296
478
478
246
26
368
368
368
368
464
464
737
737
149
149
149
149
580
92
92
609
609
609
609
671
671
671
671
150
372
150
150
274
274
394
394
377
349
622
680
680
680
680
740
740
628
646
646
646
646
15
173
173
307
307
307
307
777
777
777
777
558
558
558
558
777
777
777
777
330
161
180
706
706
586
586
586
586
31
31
31
31
38
38
38
38
48
48
146
237
237
237
237
238
238
238
238
524
524
524
524
229
629
629
629
629
785
785
785
785
159
159
159
159
298
298
350
331
19
19
19
19
36
36
113
113
113
113
769
769
304
304
304
304
473
312
312
312
312
3
3
32
32
32
32
36
36
115
115
115
115
312
312
396
34
34
115
115
115
115
149
149
149
149
302
302
302
302
303
303
303
303
480
480
85
85
85
478
478
352
352
352
352
774
774
781
781
131
125
125
125
289
289
527
527
527
527
336
336
336
336
768
768
14
527
527
527
527
13
13
13
13
112
112
112
112
141
141
141
141
432
432
351
351
351
351
14
14
22
22
22
22
426
426
516
516
516
516
198
198
22
22
22
22
10
666
118
118
119
119
151
151
151
151
116
182
351
351
351
351
156
156
119
119
181
443
106
106
166
166
166
166
593
593
593
593
626
626
174
447
602
766
71
71
727
389
440
440
440
440
715
715
93
264
36
36
36
36
488
696
696
696
696
622
622
622
622
527
527
527
527
602
264
36
36
36
36
359
631
631
465
465
462
462
182
182
369
369
369
369
320
320
415
415
410
410
410
410
411
411
411
411
288
477
477
261
261
381
381
381
568
568
544
527
527
527
527
602
148
148
148
148
308
340
340
340
340
467
467
467
467
625
625
625
625
655
655
655
655
264
304
304
796
796
796
796
36
36
36
36
598
598
598
598
672
672
672
672
762
762
762
762
193
259
302
302
302
302
15
15
526
217
14
14
655
655
442
442
467
467
111
111
469
469
469
469
793
793
718
718
718
718
527
527
527
527
14
104
104
641
641
641
641
150
642
496
496
496
496
655
655
150
467
467
265
265
12
12
135
135
135
135
64
64
64
64
104
104
627
499
499
499
499
496
496
496
496
499
325
325
464
464
324
324
325
325
18
18
18
18
749
749
749
749
493
493
493
493
609
609
286
286
286
286
338
800
800
338
794
794
11
11
11
11
771
771
771
771
366
366
366
366
760
760
760
760
148
640
494
494
494
494
124
124
124
124
255
104
11
11
11
11
497
497
497
497
800
800
658
658
497
497
497
497
500
500
500
500
697
697
697
697
11
11
11
11
284
284
284
284
497
497
497
497
500
500
500
500
800
500
463
463
323
323
462
462
322
322
323
323
16
16
16
16
656
656
656
656
524
524
524
524
524
524
524
524
445
445
721
686
686
524
524
524
524
535
535
535
535
445
445
445
445
480
480
480
480
480
480
480
480
351
351
351
351
453
623
623
623
623
319
159
159
338
330
330
701
150
168
187
187
187
187
398
694
694
390
390
390
390
396
396
575
575
575
575
20
20
20
20
36
101
101
101
101
103
103
103
103
226
226
226
226
309
309
309
309
512
512
512
512
340
340
340
340
319
321
322
334
336
466
777
777
778
778
779
780
780
572
572
572
572
20
20
20
20
22
22
22
22
24
24
24
24
101
101
101
101
275
275
275
275
796
798
798
290
290
290
290
295
295
295
295
309
309
309
309
340
340
340
340
300
300
7
7
7
7
290
290
290
290
794
794
794
794
22
22
22
22
793
793
793
793
20
20
496
496
496
496
322
222
752
752
681
681
14
14
321
681
681
515
515
319
444
466
466
319
677
734
312
312
147
147
524
524
524
524
20
20
20
20
101
101
101
101
115
115
115
115
131
118
118
118
118
229
229
263
263
309
309
309
309
340
340
340
340
172
172
325
325
325
325
172
172
11
11
11
11
325
325
325
325
172
172
115
115
325
325
325
325
678
678
678
678
11
11
11
11
20
20
115
115
524
524
524
524
528
528
527
527
319
513
679
776
776
776
776
273
273
273
273
624
624
624
624
316
185
185
5
5
5
5
289
289
289
289
290
290
290
290
5
5
5
5
17
17
17
17
18
18
18
18
22
22
22
22
115
115
382
17
17
17
17
20
20
99
99
99
99
115
115
755
755
173
524
524
524
524
508
508
338
338
338
338
322
208
52
321
320
220
750
750
679
679
12
12
319
679
679
466
466
449
449
579
579
579
579
579
579
579
579
679
679
679
679
501
501
501
501
120
120
121
411
411
411
411
85
85
85
85
120
120
410
410
410
410
52
52
706
706
706
706
61
61
61
61
48
48
47
47
47
47
48
48
47
47
47
47
11
48
48
583
129
129
129
129
289
321
321
321
321
448
448
448
448
606
606
606
606
636
636
636
636
245
285
285
777
777
777
777
17
17
17
17
579
579
579
579
653
653
653
653
743
743
743
743
448
448
606
606
285
285
17
17
17
17
653
653
653
653
743
743
743
743
92
92
777
777
92
92
642
642
424
424
603
603
192
192
192
192
603
603
284
284
697
697
236
321
448
448
606
606
172
172
172
172
285
285
285
285
332
332
17
17
17
17
85
85
85
85
580
580
580
580
623
653
653
653
653
778
778
778
778
480
480
480
480
754
754
754
754
783
325
325
325
325
454
454
454
454
611
611
611
611
743
743
743
743
122
122
122
122
305
305
305
305
306
306
306
306
172
172
172
172
93
93
93
93
325
325
325
325
551
305
305
305
305
777
777
349
349
349
349
454
454
454
454
621
621
445
445
446
446
304
144
144
323
315
315
686
135
153
172
172
172
172
383
679
679
375
375
375
375
381
381
560
560
560
560
5
5
5
5
21
86
86
86
86
88
88
88
88
211
211
211
211
294
294
294
294
497
497
497
497
325
325
325
325
303
134
153
679
679
559
559
559
559
4
4
4
4
11
11
11
11
21
21
119
210
210
210
210
211
211
211
211
497
497
497
497
454
454
454
454
136
136
136
136
655
270
270
153
153
596
602
602
305
305
305
305
656
657
657
481
481
153
470
512
512
512
512
679
679
679
679
778
131
538
17
17
17
17
21
21
92
92
92
92
115
120
155
191
211
211
211
211
212
212
212
212
213
213
213
213
288
405
497
497
497
497
498
498
498
498
499
499
499
499
500
500
500
500
350
350
350
350
767
767
767
767
768
768
768
768
458
500
500
500
500
115
115
115
115
154
154
153
153
14
500
500
500
500
153
153
152
152
663
663
663
663
589
589
589
589
729
729
729
729
325
51
482
681
681
681
681
195
436
436
48
48
48
48
605
85
85
85
85
241
241
242
242
581
581
318
318
241
241
241
241
483
48
48
48
48
324
50
481
680
680
680
680
194
435
435
47
47
47
47
604
84
84
84
84
240
240
241
241
580
580
317
317
240
240
240
240
48
48
48
48
323
49
480
679
679
679
679
193
434
434
46
46
46
46
603
83
83
83
83
239
239
240
240
579
579
578
