timeDifference
783
382
597
46
566
567
595
408
64
67
68
84
164
62
64
66
67
83
163
979
372
60
64
156
268
275
982
316
660
602
602
278
957
705
291
168
241
336
290
291
170
655
783
240
289
290
167
240
260
167
655
97
379
380
63
64
67
96
258
290
809
732
405
650
651
652
653
654
829
830
380
64
96
258
271
654
655
692
699
84
263
306
703
379
63
97
259
271
653
654
699
649
691
57
272
691
57
97
690
691
697
511
183
717
380
119
240
380
64
96
258
265
167
654
676
691
698
262
379
63
95
257
270
653
654
691
698
305
651
384
55
635
311
375
23
24
57
58
59
98
271
654
659
667
691
698
699
117
23
57
58
96
258
698
260
680
739
263
752
258
871
853
36
166
310
374
22
23
56
57
58
97
270
653
658
666
690
697
698
116
22
56
57
95
257
697
391
392
831
860
870
636
69
133
869
908
56
577
444
496
977
727
256
236
848
394
395
245
249
278
284
285
286
292
293
294
189
237
651
394
284
285
292
293
305
62
236
256
163
651
35
165
309
373
21
22
55
56
57
96
269
652
657
665
689
696
697
115
21
55
56
94
256
696
158
737
261
701
520
76
885
255
235
847
393
394
244
248
277
283
284
285
291
292
293
188
236
650
393
283
284
291
292
304
61
235
255
162
650
34
164
308
372
20
21
54
55
56
95
268
651
656
664
688
695
696
114
20
54
55
93
255
695
345
345
399
345
166
827
254
234
846
392
393
243
247
276
282
283
284
290
291
292
187
235
649
392
282
283
290
291
303
60
234
254
161
649
232
33
163
307
371
19
20
53
54
55
94
267
650
655
663
687
694
695
113
19
53
54
92
254
694
586
783
725
344
371
16
801
233
253
233
845
391
392
242
246
275
281
282
283
289
290
291
186
234
648
391
281
282
289
290
302
59
281
282
32
162
306
370
18
19
52
53
54
93
266
649
654
662
686
693
694
370
371
54
55
59
723
680
694
255
675
947
810
24
24
141
252
232
844
390
391
241
245
274
280
281
282
288
289
290
185
232
281
282
159
390
280
281
288
289
301
58
280
281
31
161
111
370
54
58
254
262
161
694
369
370
53
54
58
722
679
693
254
674
970
34
1014
198
232
327
281
282
161
646
774
231
843
389
390
240
244
273
279
280
281
287
288
289
184
231
280
281
158
231
251
158
646
250
281
645
370
371
54
55
58
87
249
281
800
723
396
641
642
643
644
645
820
821
254
371
55
87
249
262
645
646
683
690
256
255
256
80
80
707
231
326
280
281
160
645
773
231
645
278
279
110
231
371
55
87
249
256
158
645
667
682
689
369
53
55
158
396
640
641
642
643
819
74
253
296
693
731
254
745
783
881
198
920
365
794
80
816
972
337
108
367
51
55
251
259
158
691
366
367
50
51
55
719
676
690
666
509
425
699
985
986
134
346
430
386
965
413
386
367
368
51
52
55
84
246
278
797
720
393
638
639
640
641
642
817
818
278
279
368
52
84
246
259
642
643
680
687
253
253
279
965
64
493
19
928
836
278
637
107
228
368
52
84
246
253
155
642
664
679
686
157
367
51
83
245
258
641
642
679
686
416
193
392
158
377
625
997
182
628
649
818
982
3
213
76
167
995
242
243
637
299
363
11
12
45
46
47
86
259
642
647
655
679
686
687
363
364
47
48
52
716
673
687
155
680
688
818
39
48
698
935
707
298
165
635
104
363
47
51
247
255
154
687
247
104
10
44
45
83
245
685
47
377
387
530
968
719
748
750
247
250
676
104
225
365
49
81
243
250
152
639
661
676
683
47
242
274
634
635
636
637
638
242
152
637
364
48
80
242
255
638
639
676
683
250
257
676
682
676
682
338
121
121
122
948
665
22
152
296
360
8
9
42
43
44
83
256
639
644
652
676
683
684
360
361
44
45
49
713
670
684
179
242
638
682
838
92
373
90
634
635
636
832
428
461
750
242
222
834
380
381
231
235
264
270
271
272
278
279
280
175
222
271
272
149
380
270
271
278
279
291
48
270
271
21
151
101
360
44
48
244
252
151
684
359
360
43
44
48
712
669
683
110
831
747
796
484
569
465
496
585
42
95
386
353
611
222
317
271
272
151
636
764
221
833
379
380
230
234
263
269
270
271
277
278
279
174
221
270
271
148
269
270
240
271
635
360
361
44
45
48
77
239
271
790
713
386
631
632
633
634
635
810
811
360
44
46
149
387
631
632
633
634
810
922
994
388
428
221
316
270
271
150
635
763
220
269
270
147
220
240
147
635
359
360
43
44
47
76
238
270
789
712
385
630
631
632
633
634
809
810
360
44
76
238
251
634
635
672
679
44
45
243
385
630
631
632
669
336
659
99
220
360
44
76
238
245
147
634
656
671
678
358
42
44
147
385
629
630
631
632
808
656
248
255
479
930
632
596
97
356
40
44
240
248
147
680
656
97
3
37
38
76
238
678
364
97
218
358
42
74
236
243
145
632
654
669
676
357
41
73
235
248
631
632
669
676
636
5
393
289
353
1
2
35
36
37
76
249
632
637
645
669
676
677
95
1
35
36
74
236
676
35
37
669
348
14
144
288
352
0
1
34
35
36
75
248
631
636
644
668
675
676
34
35
37
41
75
248
669
94
0
34
35
73
235
675
404
144
514
300
749
281
583
234
214
826
372
373
223
227
256
262
263
264
270
271
272
167
215
629
372
262
263
270
271
283
40
214
234
141
629
33
34
35
40
75
241
248
716
630
13
143
287
351
0
33
34
35
74
247
630
635
643
667
674
675
93
33
34
72
234
674
33
34
35
39
630
651
660
33
34
314
76
194
251
223
88
13
233
213
825
371
372
222
226
255
261
262
263
269
270
271
166
214
628
371
261
262
269
270
282
39
213
233
140
628
12
142
286
350
32
33
34
73
246
629
634
642
666
673
674
92
32
33
71
233
673
774
733
293
232
212
824
370
371
221
225
254
260
261
262
268
269
270
165
213
627
370
260
261
268
269
281
38
212
232
139
627
11
141
285
349
31
32
33
72
245
628
633
641
665
672
673
91
31
32
70
232
672
629
634
778
469
231
211
823
369
370
220
224
253
259
260
261
267
268
269
164
212
626
369
259
260
267
268
280
37
211
231
138
626
10
140
284
348
30
31
32
71
244
627
632
640
664
671
672
649
90
30
31
69
231
671
140
665
673
744
688
142
579
138
706
952
26
230
210
822
368
369
219
223
252
258
259
260
266
267
268
163
211
625
368
258
259
266
267
279
36
258
259
9
139
283
347
29
30
31
70
243
626
631
639
663
670
671
232
347
348
31
32
36
700
657
671
189
703
940
945
115
972
868
703
32
551
229
209
821
367
368
218
222
251
257
258
259
265
266
267
162
209
258
259
136
367
257
258
265
266
278
35
257
258
242
8
138
88
347
31
35
231
239
138
671
346
347
30
31
35
699
656
670
131
226
667
226
251
470
336
957
609
735
340
320
503
504
538
836
209
304
258
259
138
623
751
208
820
366
367
217
221
250
256
257
258
264
265
266
161
208
257
258
135
366
256
257
264
265
277
34
208
228
135
623
227
258
622
347
348
31
32
35
64
226
258
777
700
373
618
619
620
621
622
797
798
226
136
621
348
32
64
226
239
622
623
660
667
450
665
945
208
303
257
258
137
622
750
207
819
365
366
216
220
249
255
256
257
263
264
265
160
208
622
365
255
256
263
264
276
33
207
227
134
622
226
257
621
87
208
348
32
64
226
233
135
622
644
659
666
225
135
620
347
31
63
225
238
621
622
659
666
559
756
678
144
489
836
340
219
422
674
502
226
206
818
364
365
215
219
248
254
255
256
262
263
264
159
207
621
364
254
255
262
263
275
32
254
255
5
135
279
343
25
26
27
66
239
622
627
635
659
666
667
343
344
27
28
32
696
653
667
719
939
225
205
817
363
364
214
218
247
253
254
255
261
262
263
158
205
254
255
132
363
253
254
261
262
274
31
253
254
4
134
84
343
27
31
227
235
134
667
342
343
26
27
31
695
652
666
214
422
208
942
205
300
254
255
134
619
747
204
816
362
363
213
217
246
252
253
254
260
261
262
157
204
253
254
131
157
223
254
618
343
344
27
28
31
60
222
254
773
696
369
614
615
616
617
618
793
794
73
893
176
923
389
716
14
204
299
253
254
133
618
746
3
157
923
157
954
388
388
791
492
472
766
77
960
815
44
874
22
410
439
22
462
952
294
14
436
611
612
19
22
792
120
439
229
746
426
610
826
97
741
461
442
439
775
60
60
407
186
186
93
120
807
251
632
558
566
738
911
484
44
791
791
911
484
100
452
462
39
100
452
497
485
850
851
792
542
254
704
960
912
60
843
847
167
588
614
183
710
880
884
79
681
186
305
509
268
100
541
451
452
461
778
518
562
911
484
505
168
189
490
534
879
120
791
510
817
569
290
310
508
375
376
133
478
8
9
10
253
772
121
195
601
253
348
772
773
601
275
671
170
442
931
965
253
347
772
467
791
601
252
347
771
772
479
597
771
454
597
454
72
73
570
515
813
846
847
455
72
74
846
733
892
57
0
504
375
347
348
772
773
958
131
132
262
277
278
279
280
476
477
478
597
916
917
918
649
42
71
72
569
514
812
845
846
454
161
447
74
592
752
152
619
433
929
676
17
39
411
303
273
580
893
9
217
9
967
649
547
516
517
591
437
710
219
226
551
618
454
384
734
153
267
551
718
152
211
821
263
327
9
10
11
50
223
606
611
619
643
650
651
69
9
10
48
210
650
220
9
48
217
220
224
597
930
39
794
447
447
462
262
326
8
9
10
49
222
605
610
618
642
649
650
226
68
8
9
47
209
649
111
260
697
740
931
8
224
672
725
447
261
325
7
8
9
48
221
604
609
617
641
648
649
45
220
242
149
914
624
185
6
8
640
736
539
736
736
593
604
50
796
245
246
552
369
604
546
100
918
624
542
511
512
253
435
509
682
393
394
395
400
859
860
49
402
403
511
512
672
511
162
736
738
541
511
512
540
541
669
274
180
501
502
511
736
737
736
259
604
111
48
548
853
461
541
510
511
539
352
8
11
12
28
108
4
5
316
5
6
10
26
631
812
375
375
251
844
679
919
915
942
99
90
643
64
185
325
9
41
203
210
112
599
621
636
643
323
7
9
112
350
594
595
596
597
773
426
257
375
813
232
181
62
321
5
9
205
213
112
645
685
257
511
674
948
793
256
34
525
673
59
60
557
502
800
833
834
442
814
163
732
735
867
257
438
743
497
940
218
880
347
537
14
813
162
684
254
599
541
600
944
781
558
165
390
209
209
452
545
718
440
525
73
63
952
294
672
42
951
672
539
214
215
597
192
126
615
577
672
26
399
26
281
570
474
329
347
777
25
26
648
65
291
748
391
288
18
722
91
387
41
833
651
708
744
51
82
769
533
888
803
441
396
626
852
539
539
191
539
802
5
258
521
286
222
292
365
786
684
427
604
505
697
445
520
251
74
212
260
799
167
899
775
930
238
814
413
262
581
165
775
833
369
569
9
381
383
308
105
216
217
158
350
289
129
859
788
813
167
708
251
747
458
457
458
719
368
204
38
479
715
719
776
15
341
342
489
490
26
766
771
431
32
318
319
320
329
330
348
349
350
458
56
67
68
69
76
85
116
117
118
119
120
121
807
903
919
122
398
489
644
204
488
489
197
806
397
524
914
163
269
58
882
107
439
692
479
653
825
99
376
184
450
575
644
652
73
639
367
369
376
169
371
659
336
183
269
855
170
486
766
803
487
195
284
825
66
691
117
458
766
691
802
803
113
353
364
64
47
773
238
325
207
558
631
568
14
760
744
342
872
766
207
209
255
452
121
508
662
783
42
813
917
485
813
485
820
577
11
378
730
485
452
453
454
455
627
483
452
453
454
448
870
18
514
484
451
452
453
454
626
279
555
45
637
917
102
548
569
738
902
133
87
92
916
547
548
568
738
373
901
132
87
667
373
87
667
650
70
613
235
156
600
2
83
158
93
401
548
714
715
738
189
227
228
231
234
314
315
87
87
868
902
250
87
521
652
653
192
171
69
373
86
87
667
51
99
519
867
748
557
901
76
84
87
146
554
217
797
84
87
87
799
650
651
87
195
230
617
242
487
828
328
309
154
35
154
84
87
440
503
842
843
511
154
268
117
797
648
649
85
413
509
877
504
814
881
154
836
837
693
538
795
646
647
83
737
305
150
335
654
141
446
240
299
440
851
563
673
20
837
363
53
460
673
459
489
673
899
899
169
329
801
619
271
686
217
811
504
861
803
803
673
674
675
676
804
805
806
899
47
56
673
674
675
804
805
331
773
900
255
26
154
156
303
339
183
489
672
673
674
675
803
804
805
898
46
55
359
442
885
771
413
268
445
546
857
771
303
490
125
771
542
95
258
804
671
672
673
802
803
909
10
429
856
770
302
489
124
502
622
79
79
100
159
79
33
79
148
79
327
591
8
88
645
597
770
19
20
89
560
561
768
177
83
322
356
410
69
224
515
856
256
799
803
95
772
669
670
671
800
801
203
792
627
875
144
121
798
68
893
860
328
260
881
285
769
438
64
656
657
658
665
864
865
866
875
136
198
89
590
865
23
313
315
463
406
412
603
292
293
295
303
322
323
821
41
42
44
57
90
91
92
93
94
134
428
255
691
358
262
13
553
499
888
492
797
654
311
313
461
404
410
601
290
291
293
301
320
321
819
39
40
42
55
88
89
90
91
92
17
22
64
97
606
694
828
398
404
878
654
662
872
161
449
655
872
63
96
605
693
827
80
641
250
207
225
250
246
643
282
224
748
652
689
746
311
312
459
460
736
741
401
2
288
289
290
299
300
318
319
320
428
26
37
38
39
46
55
86
87
88
89
90
91
777
873
889
321
889
309
311
459
402
408
599
288
289
291
299
318
319
817
37
38
40
53
86
87
88
89
90
640
808
837
18
17
582
610
735
889
688
745
310
311
458
459
735
740
400
1
287
288
289
298
299
317
318
319
427
25
36
37
38
45
54
85
86
87
88
89
90
776
872
888
19
345
735
650
766
281
53
269
565
331
199
22
666
291
583
198
418
388
786
604
474
51
51
291
341
241
197
164
571
51
542
247
247
150
73
810
419
290
247
149
12
612
784
786
83
13
275
107
528
638
810
652
718
107
529
814
300
452
364
11
282
292
388
31
33
38
83
424
852
312
880
359
12
10
184
403
710
354
336
386
710
530
677
678
734
735
300
8
195
15
26
35
421
766
36
51
335
225
641
96
585
345
710
447
68
10
182
142
53
583
722
392
356
5
129
346
143
409
101
35
142
733
863
508
581
371
531
350
227
172
247
32
673
730
295
296
443
444
720
725
385
272
273
274
283
284
302
303
304
412
10
21
22
23
30
39
70
71
72
73
74
75
761
857
873
76
352
73
89
148
785
351
3
185
529
471
472
147
148
586
35
138
529
345
122
644
645
646
647
775
776
777
870
18
27
644
645
646
775
776
795
720
257
370
643
644
645
646
774
775
776
869
17
26
56
883
464
642
643
644
773
774
216
844
779
846
715
381
347
491
607
457
66
23
62
512
324
341
134
773
144
384
846
846
808
658
393
341
723
344
225
408
409
835
836
858
73
635
341
131
481
410
863
566
531
130
477
291
206
62
660
717
282
68
264
788
8
13
17
404
748
659
660
716
717
282
177
8
17
403
748
161
459
463
86
231
43
64
103
553
122
365
365
660
717
282
283
430
431
707
712
372
259
260
261
270
271
289
290
291
399
8
9
10
17
26
57
58
59
60
61
62
748
844
860
280
282
430
373
379
570
259
260
262
270
289
290
788
8
9
11
24
57
58
59
60
61
336
840
96
365
659
716
281
282
429
430
706
711
371
258
259
260
269
270
288
289
290
398
7
8
9
16
25
56
57
58
59
60
61
747
843
859
338
333
315
365
337
289
290
232
117
17
516
524
537
515
516
50
249
124
734
516
555
556
767
830
767
834
471
123
441
252
625
424
869
452
56
52
102
689
630
751
513
854
654
711
276
277
424
425
701
706
366
253
254
255
264
265
283
284
285
393
2
3
4
11
20
51
52
53
54
55
56
742
838
854
333
701
44
51
784
785
41
120
701
332
613
830
701
630
119
224
361
753
214
767
215
120
132
766
118
843
662
115
122
720
365
318
241
725
394
20
612
613
614
621
820
821
822
489
615
220
241
489
305
306
465
67
132
697
612
728
227
483
803
586
12
241
488
660
448
449
477
486
622
211
212
582
269
421
333
251
261
357
0
2
7
52
393
821
420
421
333
250
260
6
7
51
52
280
281
688
252
546
716
375
85
646
702
703
421
425
201
333
376
547
548
789
790
263
229
7
52
390
563
564
198
646
647
703
704
269
164
4
390
735
687
442
446
447
448
622
200
209
210
211
223
528
540
580
581
446
447
475
484
620
209
210
580
646
703
268
54
250
774
3
390
734
645
646
702
703
268
163
3
389
734
432
243
616
694
609
725
260
261
262
506
546
481
250
95
847
441
445
446
447
621
199
208
209
210
222
527
539
579
580
445
446
474
483
619
208
209
579
646
703
268
269
416
417
693
698
358
245
246
247
256
257
275
276
277
385
3
12
43
44
45
46
47
48
734
830
846
266
268
416
359
365
556
245
246
248
256
275
276
774
10
43
44
45
46
47
262
194
566
526
440
444
445
446
620
198
207
208
209
221
526
538
578
579
645
702
267
268
415
416
692
697
357
244
245
246
255
256
274
275
276
384
2
11
42
43
44
45
46
47
733
829
845
653
222
223
560
511
469
782
783
183
184
185
186
227
183
505
526
267
863
472
323
756
228
182
183
489
848
255
95
375
345
474
489
109
225
81
241
456
764
529
368
415
716
624
583
744
744
49
614
615
616
617
745
746
747
840
335
239
640
697
262
263
410
411
687
692
352
239
240
241
250
251
269
270
271
379
6
37
38
39
40
41
42
728
824
840
319
88
449
240
348
248
459
318
686
475
22
634
498
538
608
515
47
238
240
252
253
47
513
100
21
42
369
198
105
497
536
537
715
421
421
536
606
837
495
387
241
47
250
251
252
496
536
495
564
779
180
814
579
684
732
100
683
837
636
693
258
259
406
407
683
688
348
235
236
237
246
247
265
266
267
375
2
33
34
35
36
37
38
724
820
836
315
421
232
605
683
598
714
235
510
372
84
359
314
407
37
698
212
468
510
519
345
183
237
532
366
441
640
86
101
483
237
680
839
100
187
510
156
261
490
305
510
447
99
47
89
220
39
838
757
400
301
7
524
242
679
80
411
411
565
563
411
489
41
230
232
244
245
39
505
115
630
687
252
253
400
401
677
682
342
229
230
231
240
241
259
260
261
369
27
28
29
30
31
32
718
814
830
458
401
402
314
231
241
32
33
410
751
534
249
401
313
231
241
337
32
373
801
249
251
399
342
348
539
228
229
231
239
258
259
757
26
27
28
29
30
488
783
39
18
627
684
249
35
231
755
371
715
18
410
712
767
751
765
766
231
306
834
379
376
798
526
491
211
153
444
50
548
709
460
764
231
651
93
401
246
453
255
785
673
92
377
479
500
509
225
237
500
672
236
237
834
31
458
801
827
728
33
281
762
229
300
82
483
484
500
523
524
806
483
522
523
82
522
95
237
238
239
483
523
82
498
593
746
501
671
296
302
482
522
81
497
89
133
197
93
476
481
489
513
520
521
699
595
596
597
598
726
727
728
821
224
592
803
698
70
20
224
620
677
242
243
390
391
667
672
332
219
220
221
230
231
249
250
251
359
17
18
19
20
21
22
708
804
820
23
299
247
753
445
667
390
391
303
220
230
21
22
391
21
20
465
628
19
391
394
21
615
671
672
390
394
170
302
345
516
517
758
759
232
198
21
359
532
533
615
616
672
673
238
133
359
704
394
21
396
396
320
615
672
237
23
219
743
359
703
436
728
414
470
396
444
538
574
539
219
829
294
246
247
82
89
398
756
288
436
396
81
72
473
474
490
513
514
691
473
512
513
691
227
228
229
473
513
564
169
68
70
217
253
97
428
819
428
398
209
582
660
575
691
75
428
28
755
158
391
15
291
678
425
67
465
486
495
222
223
820
17
444
208
77
121
185
81
464
469
477
501
508
509
469
508
509
68
508
393
508
280
76
67
468
469
485
508
509
120
184
80
463
468
476
500
507
508
468
507
508
468
508
222
223
224
468
508
66
467
468
484
507
508
