Event Bin Frequency Volume
1348 46 987.01196 47.469223
1433 27 585.67035 52.130554
1438 27 588.4752 45.49398
1439 27 588.56274 47.62078
1440 27 587.6083 45.808147
1441 27 585.6576 32.22253
1443 27 584.2221 48.359604
1444 27 580.9678 48.95695
1446 26 569.8367 37.872166
1451 25 532.19037 51.44105
1683 37 798.4057 23.36298
1684 36 778.51385 34.832256
1779 45 963.81445 67.19262
1780 45 972.28467 73.69073
1957 27 586.2019 41.01519
2345 36 780.6035 24.395594
2416 31 662.5818 18.43658
2422 36 781.006 21.917051
2555 31 658.4508 60.938557
2556 31 665.6716 57.32422
2562 34 735.5616 45.656723
2580 36 780.13715 53.36645
2581 37 783.7292 55.97358
2582 37 789.3568 67.197914
2583 36 782.6522 72.49944
2584 36 777.96747 57.415337
2585 36 779.7266 56.82439
2586 36 777.58875 58.343327
2587 36 775.57336 62.313778
2588 36 780.45416 64.45515
2589 36 780.6578 57.07284
2590 36 780.21985 63.024914
2591 35 769.7751 60.45341
2592 34 747.2357 61.244843
2593 33 718.9911 62.96578
2594 30 642.93756 47.83729
2595 28 587.12396 43.963505
2596 27 592.7124 38.536724
2597 27 591.42114 47.30533
2598 27 589.8189 54.37162
2600 27 588.5634 56.008713
2603 28 593.66986 45.0575
2606 31 658.831 87.752495
2607 31 667.05145 94.99938
2608 31 666.98083 81.26076
2609 31 661.8774 82.12175
2610 31 662.4491 75.624565
2611 31 659.63403 77.05144
2612 30 655.452 75.320595
2613 31 658.22064 63.55553
2614 30 659.2958 63.231472
2615 30 654.5088 76.18175
2616 31 656.5982 80.735275
2617 31 657.8665 82.11001
2618 31 658.23486 86.237495
2619 31 658.2537 87.52583
2620 31 658.23444 62.451916
2621 31 659.44305 55.36606
2622 31 658.53394 73.71883
2623 31 660.7023 79.7438
2624 31 661.57935 78.26854
2625 31 662.17303 79.783226
2626 31 660.61835 77.12156
2627 31 661.9777 84.581184
2628 31 663.7361 84.78517
2629 31 664.7231 66.88652
2630 30 657.96655 52.840595
2632 30 659.3791 38.85695
2633 30 652.0012 67.19088
2634 31 657.32227 74.943214
2635 31 661.1426 87.01339
2636 31 661.9119 90.568474
2637 31 662.5428 82.035805
2638 31 662.002 68.208336
2640 31 658.88116 72.08431
2641 31 659.0565 62.907555
2642 31 661.04083 64.055984
2643 31 662.0389 71.85281
2645 30 653.53845 81.49419
2647 30 655.32874 64.92594
2648 30 654.421 57.147316
2649 31 656.3217 67.68053
2650 31 658.631 65.42706
2651 31 659.30634 66.3626
2652 31 663.02277 63.761967
2655 31 665.28375 73.43141
2656 30 660.1986 66.658936
2657 30 654.3424 74.61886
2658 30 655.293 68.33307
2659 31 657.72394 68.75936
2660 31 658.21985 67.454926
2661 30 658.3511 63.267525
2662 30 654.8067 72.76196
2663 31 658.1538 88.88353
2664 31 660.0577 87.66474
2665 31 660.0476 70.20846
2666 31 656.6021 63.182644
2667 31 660.68475 86.38448
2668 31 664.0574 73.29578
2669 30 659.7818 54.917355
2670 31 654.863 45.861046
2671 31 659.93964 62.653763
2674 31 659.1215 61.852978
2675 31 659.4473 71.63932
2676 31 658.8955 76.537834
2677 31 656.04395 90.6976
2678 31 661.4121 82.17474
2681 30 656.01117 76.26662
2682 31 657.47437 83.78753
2683 31 664.96155 85.20732
2684 31 663.1039 73.14306
2689 30 653.78564 64.757
2691 30 646.1687 63.416977
2696 27 589.18225 69.23477
2709 27 592.0354 55.470467
2710 27 584.5987 72.26884
2711 27 587.9235 70.649
2712 27 589.73553 65.91929
2713 27 590.1516 78.057884
2714 27 586.96094 82.89967
2715 27 588.01447 77.722755
2716 27 590.2577 67.48367
2717 27 587.47516 66.11491
2718 27 585.16437 69.62824
2719 27 587.01447 69.6705
2720 27 590.1313 64.28133
2721 27 589.1416 67.46397
2722 27 587.11334 68.8952
2723 27 586.12836 70.83578
2724 27 585.1671 77.29591
2725 27 586.61426 86.991394
2726 27 585.6986 83.80333
2727 27 583.61743 78.2002
2728 27 586.8562 63.040295
2729 27 590.1742 67.540344
2731 27 588.3323 75.22808
2732 27 587.67114 75.359276
2733 27 586.4753 77.66738
2734 27 587.5127 65.88467
2735 27 587.694 61.60746
2736 27 586.2212 64.86381
2737 27 586.8731 64.00979
2738 27 586.9361 67.18331
2739 27 586.9885 57.321396
2752 27 585.80994 66.79246
2753 27 586.7512 59.22857
2754 27 589.497 59.79357
2755 27 589.1063 67.950745
2756 27 587.551 63.652996
2761 27 587.2623 67.94389
2762 27 586.91797 65.20074
2763 27 587.9121 64.876175
2764 27 588.4198 67.40657
2765 27 588.11237 63.78393
2766 27 586.8147 73.31089
2767 27 587.07465 74.959694
2768 27 586.0828 76.10854
2769 27 587.4468 80.8795
2770 27 587.9428 74.63031
2771 27 586.40656 67.68944
2772 27 586.6262 73.654015
2773 27 586.20605 63.661102
2777 27 591.76715 56.627476
2778 27 589.37775 65.89088
2779 27 586.58075 70.04547
2780 27 584.09955 72.201355
2781 27 583.4603 72.876175
2782 27 583.39294 65.80444
2783 27 587.7058 64.267006
2784 27 590.95197 71.11914
2785 27 588.33026 72.55561
2786 27 582.61163 72.94487
2787 27 578.66144 59.680153
2788 27 579.34076 57.256145
2791 27 585.54236 68.83742
2815 31 670.283 74.15983
2839 36 782.78754 79.33453
2840 36 782.9773 80.526596
2841 36 779.501 62.541637
2842 36 776.53345 52.2262
2843 36 779.887 57.098377
2844 36 779.8468 46.78216
2845 36 781.1669 33.701378
2847 36 781.9706 45.64404
2848 36 780.7502 60.77333
2849 36 777.2634 65.713135
2850 35 758.1655 55.337193
2855 27 586.6244 37.531536
2860 27 589.3747 35.768616
2861 27 589.5558 36.94785
2862 28 595.3089 37.502834
2864 31 658.7424 87.72723
2865 31 667.79285 94.577736
2866 31 667.13763 93.77743
2867 30 657.43054 62.343624
2868 30 649.287 60.67291
2869 30 653.71124 56.45878
2870 31 660.25653 87.5342
2871 31 663.04205 101.96484
2872 31 662.4931 94.26294
2873 31 659.7088 90.38729
2874 31 660.37946 94.56241
2875 31 660.5113 81.24565
2876 30 657.4485 68.85351
2877 31 656.6437 64.6581
2878 31 658.44183 65.77421
2879 31 659.9529 58.124947
2880 30 655.90106 64.296394
2881 31 656.40546 62.286983
2882 31 658.4578 82.98127
2883 31 662.173 98.51468
2884 31 663.3413 90.56444
2885 31 660.375 82.23913
2886 31 661.13654 82.571365
2888 31 658.42816 81.53697
2889 31 660.8101 75.95645
2892 31 661.3749 63.43616
2896 31 654.2707 62.74509
2897 31 659.12726 70.92443
2898 31 660.6936 77.92041
2899 31 661.00586 89.48285
2900 31 658.63544 81.0728
2901 31 657.1091 75.23699
2903 31 659.32556 77.93725
2904 31 659.2023 76.441925
2905 31 659.8949 76.47816
2906 31 659.6612 82.752884
2907 31 661.33594 85.63952
2910 31 659.77655 83.98326
2911 31 659.54504 73.55111
2913 31 659.0921 69.80818
2914 31 658.4466 76.77221
2915 31 660.02264 77.00053
2916 31 661.41486 72.89149
2917 31 658.96686 67.18793
2919 31 656.46704 54.86571
2920 31 658.5044 64.59845
2921 31 660.4918 81.18838
2922 31 663.1979 79.11383
2929 31 659.36505 64.92082
2930 31 658.76355 71.05692
2931 31 656.827 79.58233
2932 31 662.7753 96.750336
2933 31 663.6458 73.562546
2934 30 655.08167 70.13978
2936 31 660.65173 85.88107
2937 31 664.47406 73.23029
2938 30 657.8029 65.18434
2939 31 656.55634 76.66106
2940 31 661.86523 84.10783
2941 31 663.53845 71.46995
2942 31 664.1487 61.16266
2943 31 665.12573 52.548183
2945 31 660.5374 67.98513
2950 26 559.82697 44.520557
2951 27 578.5142 65.01181
2952 28 593.97 76.329895
2953 28 601.2739 71.7509
2967 27 591.8419 61.42357
2968 27 587.93964 58.486008
2969 27 586.63965 50.778473
2972 27 588.5518 58.803307
2973 27 588.20337 69.22823
2974 27 587.9368 74.68455
2975 27 588.51025 62.61598
2976 27 586.9687 68.77267
2977 27 586.1848 66.12591
2978 27 588.94135 68.96575
2979 27 586.2503 71.88689
2980 27 583.9558 69.06996
2981 27 585.38763 66.7361
2981 27 585.38763 66.7361
2982 27 588.3543 72.13561
2983 27 586.61206 76.51263
2984 27 586.3918 82.32747
2985 27 586.9425 72.14847
2986 27 589.551 63.414642
2988 27 586.98334 75.296646
2989 27 586.2024 66.327835
2990 27 589.70135 68.58542
2991 27 588.7485 67.855736
2992 27 585.55817 81.331055
2993 27 585.2646 72.496315
2994 27 585.25775 78.12303
2995 27 585.06256 85.97128
2996 27 586.2447 85.00848
2997 27 587.7661 83.95819
2998 27 588.14136 81.522125
2999 27 588.5698 72.90955
3000 27 590.9362 79.850945
3001 27 589.0449 85.74621
3002 27 587.5789 83.9969
3003 27 589.0797 82.21729
3004 27 590.2995 80.37589
3005 27 587.9089 77.06129
3006 27 586.16925 71.423744
3010 27 581.53973 69.64824
3011 27 584.47144 69.43358
3014 27 587.4249 66.648605
3015 28 589.51465 60.873535
3016 27 592.2943 68.70457
3017 27 588.3905 76.80694
3018 27 586.34753 70.08229
3019 27 586.63214 71.54744
3020 27 587.284 63.859516
3021 27 587.96014 71.00887
3022 27 587.3372 78.91873
3023 27 584.8759 81.67962
3024 27 586.152 74.96363
3025 27 589.9662 73.9319
3027 27 586.2698 67.40794
3028 27 589.3059 66.718544
3029 27 588.055 66.28293
3030 27 584.8143 67.560135
3031 27 587.9977 69.626
3032 27 588.71185 60.75428
3033 27 585.2503 71.04759
3034 27 587.9871 72.85738
3035 27 589.2265 73.182884
3036 27 588.69763 76.79928
3037 27 586.8218 76.736015
3038 27 587.03656 63.94979
3039 27 588.1909 58.93341
3040 27 588.5622 66.05971
3044 27 587.03784 70.694984
3045 27 585.24854 72.607086
3046 27 584.8899 64.72903
3047 27 585.45337 68.989815
3048 27 586.903 72.768
3050 27 587.073 80.37506
3051 27 588.38086 84.95772
3052 27 588.2459 88.631226
3053 27 587.5575 81.01976
3054 27 590.399 70.35141
3055 27 590.8401 61.145794
3056 27 590.47565 64.395325
3060 27 585.9576 53.66926
3061 27 582.8651 53.774887
3062 27 582.2267 63.76184
3063 27 582.50726 57.464203
3065 27 588.8444 56.57465
3067 27 588.072 63.55093
3095 37 788.608 35.38617
3096 37 788.94684 33.6285
3097 37 789.01807 26.305214
3098 37 787.42975 32.55066
3099 37 791.24286 31.524656
3100 37 790.387 31.803143
3101 37 790.87683 32.180645
3105 40 865.1447 21.745995
3106 41 867.4887 29.093472
3125 24 523.83887 38.49057
3148 36 777.7332 37.22891
3149 37 784.1064 26.001284
3150 36 782.6504 46.10948
3154 36 784.07404 54.289272
3158 36 787.0561 59.81823
3159 37 786.68274 52.88627
3163 36 783.64923 49.840954
3166 36 778.83575 33.783707
3174 36 781.3748 40.95127
3190 36 781.9689 58.862846
3191 36 784.0832 50.1707
3193 24 527.54065 28.915754
3207 36 773.37305 31.24964
3212 41 884.71436 41.364937
3213 41 877.6437 58.383114
3216 36 778.6234 48.504486
3221 41 876.6802 50.76489
3240 41 878.7648 55.830826
3241 41 878.53925 38.658947
3243 27 587.00226 39.697044
3251 27 590.12067 43.455406
3252 27 587.2372 47.4439
3254 27 586.8144 38.42814
3255 27 586.4043 36.385437
3256 27 583.2777 48.227726
3257 27 586.6662 40.91772
3259 27 588.01636 37.191517
3260 27 589.63525 34.419346
3297 41 885.9207 27.025597
3302 41 878.0046 35.964413
3355 45 971.7507 48.606216
3358 46 977.4594 70.07682
3365 46 981.77423 62.47316
3366 46 989.0639 40.284473
3367 45 990.47577 43.79078
3368 46 981.14404 45.94953
3372 46 969.97595 52.116005
3373 34 737.5259 42.912304
3374 46 984.8083 44.453346
3375 45 977.356 57.732265
3376 34 742.5409 38.5653
3377 46 987.49414 37.965225
3378 36 762.5898 43.419624
3379 37 792.5778 56.50517
3380 37 793.976 85.33496
3381 37 791.8238 63.01826
3383 36 763.8192 50.69198
3384 45 967.3019 34.334473
3385 36 773.60736 51.852943
3386 36 780.36694 52.159683
3387 36 782.2869 52.155804
3388 46 987.9375 57.56379
3389 45 977.4685 48.796463
3390 36 769.7378 49.16379
3393 35 761.99646 47.857952
3394 35 756.39484 46.679554
3396 36 776.1197 44.40437
3396 36 776.1197 44.40437
3397 36 782.6788 52.458023
3399 36 784.03186 36.493725
3400 36 784.6606 40.55894
3401 36 781.5261 60.788574
3404 36 764.59534 46.094284
3410 45 972.4698 35.39954
3413 36 786.4893 36.608036
3416 46 990.18854 45.41433
3420 36 780.0447 60.678917
3421 36 775.9577 53.359097
3428 36 778.1935 34.517467
3430 30 655.215 36.47725
3431 30 647.2815 35.486366
3432 30 640.29486 38.921818
3433 37 785.8938 26.457462
3434 36 784.22675 28.010202
3435 31 664.8593 30.573086
3437 31 667.83527 45.79297
3439 30 657.8265 21.816416
3443 36 784.3958 35.514156
3444 36 778.9904 29.221985
3447 36 784.5023 39.164585
3448 36 780.15344 34.62864
3456 31 665.7087 31.635363
3457 31 666.39307 31.829237
3458 36 784.33 37.76052
3459 31 661.516 33.412273
3460 31 664.13336 37.888847
3461 31 657.16113 45.523865
3462 30 655.03986 55.051727
3463 31 657.4417 51.772884
3464 31 658.29553 47.30511
3465 30 656.9397 46.160694
3466 30 655.24896 56.172092
3467 30 654.42596 54.12252
3471 40 867.39746 42.794876
3472 40 868.7666 40.797512
3475 40 867.7774 35.65665
3476 40 867.98517 53.9443
3477 40 867.3186 43.539516
3478 27 582.61255 41.02923
3479 27 588.05457 47.759506
3480 27 588.94025 46.267605
3481 27 589.334 50.249485
3481 27 589.334 50.249485
3482 27 585.1373 51.972088
3483 40 854.82007 20.362663
3484 37 787.4689 19.827188
3485 37 791.00287 21.049654
3490 40 860.1481 38.185883
3493 28 599.76385 39.38571
3494 40 861.0243 35.295525
3494 40 861.0243 35.295525
3495 27 585.5106 36.94559
3496 27 582.09625 40.098373
3497 27 582.59216 35.93814
3498 41 883.4549 47.3727
3500 27 589.414 32.89544
3502 27 585.34106 49.206135
3504 27 584.91833 43.002224
3505 27 587.9935 40.532356
3506 41 879.88025 53.32237
3508 27 584.8522 33.571407
3509 27 588.73975 36.35471
3511 27 587.4487 44.5402
3512 27 586.6488 47.41405
3513 27 589.2283 48.320004
3514 27 585.9021 44.411587
3515 27 586.1624 45.49406
3516 27 589.8852 42.95154
3518 27 589.5686 43.424683
3519 27 589.9541 47.210087
3520 27 588.7677 58.38144
3521 27 585.6818 56.499836
3522 27 586.6854 49.21401
3523 27 586.6058 46.699917
3524 27 585.40356 51.065666
3525 27 587.58527 49.839554
3528 27 587.8905 45.285294
3529 27 587.67896 42.390972
3530 27 586.36206 43.42335
3531 27 587.7337 42.91514
3532 27 586.3767 41.157555
3533 27 585.13574 45.29997
3538 27 588.5872 48.128845
3539 27 590.1381 56.123142
3540 27 587.90247 51.000423
3541 27 585.4999 39.207428
3542 27 588.59064 33.110104
3545 27 585.37415 42.401676
3547 27 588.23755 45.349277
3548 27 588.71515 54.41419
3549 27 587.7567 49.7052
3550 27 587.2608 47.60234
3551 27 589.13403 52.41367
3552 27 585.734 40.83458
3553 41 880.24585 44.247223
3554 27 585.8172 44.04785
3555 27 586.50336 39.744778
3556 27 589.7735 43.208153
3557 27 587.81995 52.456276
3558 27 584.9417 54.122036
3559 27 587.0377 49.30102
3560 27 587.93713 50.110935
3568 27 586.98956 36.799038
3569 27 585.80524 41.921307
3570 27 586.7419 39.83074
3571 27 587.1469 43.15631
3581 27 582.15765 42.987694
3584 41 877.02655 34.90171
3585 41 874.08344 41.52253
3587 41 880.6735 28.668198
3590 41 883.23285 35.611553
3593 41 870.99115 38.19773
3594 41 883.34686 36.83366
3595 40 878.4872 30.991728
3596 40 869.78094 26.184536
3597 46 972.2819 38.426456
3601 46 987.41315 48.899742
3602 45 985.51166 43.622074
3603 46 977.6638 43.13053
3608 46 996.85736 27.840147
3608 46 996.85736 27.840147
3609 46 987.213 45.826866
3609 46 987.213 45.826866
3610 41 882.654 29.637417
3610 41 882.654 29.637417
3611 46 988.6874 26.469501
3611 46 988.6874 26.469501
3612 46 994.6989 29.963005
3612 46 994.6989 29.963005
3620 45 961.3828 31.666527
3620 45 961.3828 31.666527
3621 46 980.7179 43.736797
3621 46 980.7179 43.736797
3622 46 984.0085 30.863285
3622 46 984.0085 30.863285
3625 46 986.1338 43.10899
3628 46 989.4595 41.69809
3637 46 986.9934 45.385616
3637 46 986.9934 45.385616
3712 24 522.5718 22.475124
3714 24 522.8099 23.326263
3718 36 783.91785 21.299824
3721 36 786.8578 17.289122
3723 24 525.15875 18.407242
3724 36 780.10785 24.475525
3725 24 517.46045 29.157917
3765 31 660.63324 16.86016
3766 31 662.3032 20.60993
3771 41 879.6332 22.61734
3772 41 880.13116 25.33086
3784 32 696.7587 17.463018
3819 38 816.4393 21.634645
3821 39 835.3491 29.026213
3914 33 697.03204 21.111017
3915 34 735.3563 18.238993
3951 37 784.8196 35.623547
4032 26 567.98956 32.98037
4036 24 525.03107 34.23067
4037 24 522.6981 34.579594
4188 23 507.23138 29.846714
4234 36 780.2918 22.137484
4235 36 779.9653 21.567722
4275 41 883.8551 29.903303
4275 41 883.8551 29.903303
4279 41 887.48816 32.09388
4279 41 887.48816 32.09388
4288 41 879.2545 27.210785
4337 42 897.07825 41.17467
4415 24 520.6072 27.510206
4448 46 984.1559 29.781784
4449 46 986.5112 30.425014
4460 46 995.4 38.491993
4461 46 987.1507 37.248405
4461 46 987.1507 37.248405
4462 45 980.96405 30.88275
4465 36 761.9155 22.501947
4474 36 777.85376 33.10995
4475 36 777.76794 38.12759
4476 36 777.7694 36.339344
4486 34 737.9738 26.107967
4486 34 737.9738 26.107967
4488 46 988.1518 33.99133
4488 46 988.1518 33.99133
4494 32 701.0564 25.076239
4526 25 546.06854 56.035007
4526 25 546.06854 56.035007
4527 25 536.7097 36.310688
4531 27 583.39386 41.112114
4532 28 598.7653 46.21179
4532 28 598.7653 46.21179
4533 28 601.30994 58.881817
4533 28 601.30994 58.881817
4534 27 592.1276 58.47275
4535 27 586.49567 52.465385
4535 27 586.49567 52.465385
4536 27 584.45984 43.14319
4536 27 584.45984 43.14319
4537 27 586.8507 41.932495
4537 27 586.8507 41.932495
4538 27 588.0808 45.43484
4538 27 588.0808 45.43484
4539 27 587.5972 47.84711
4539 27 587.5972 47.84711
4541 27 582.3137 29.262995
4543 27 586.1727 39.28106
4543 27 586.1727 39.28106
4546 27 584.85065 48.908596
4546 27 584.85065 48.908596
4547 27 584.6881 52.828754
4547 27 584.6881 52.828754
4548 27 586.76636 51.00137
4548 27 586.76636 51.00137
4549 27 585.01306 52.451344
4549 27 585.01306 52.451344
4550 27 585.62946 52.87038
4551 27 586.8369 53.827347
4552 27 586.04083 59.94728
4552 27 586.04083 59.94728
4553 27 586.9573 59.907566
4553 27 586.9573 59.907566
4554 27 587.09534 59.91249
4554 27 587.09534 59.91249
4555 27 584.16864 58.784626
4555 27 584.16864 58.784626
4556 27 585.7221 47.794785
4556 27 585.7221 47.794785
4557 27 588.22314 53.58698
4557 27 588.22314 53.58698
4558 27 586.73016 43.151146
4559 27 587.0136 47.531254
4560 27 586.5522 57.28048
4561 27 585.70953 67.96954
4562 27 586.1358 62.447144
4562 27 586.1358 62.447144
4563 27 585.1768 50.2392
4563 27 585.1768 50.2392
4565 27 587.895 36.254757
4565 27 587.895 36.254757
4566 27 590.6645 41.092022
4566 27 590.6645 41.092022
4567 27 588.13324 49.494366
4568 27 587.54407 49.990288
4569 27 588.0513 45.676872
4569 27 588.0513 45.676872
4570 27 589.4515 45.726433
4571 27 587.4937 48.208492
4571 27 587.4937 48.208492
4572 27 587.33325 49.002094
4572 27 587.33325 49.002094
4573 27 587.2406 55.465195
4573 27 587.2406 55.465195
4574 27 587.6851 57.366047
4574 27 587.6851 57.366047
4575 27 588.4597 57.43686
4575 27 588.4597 57.43686
4576 27 587.80566 61.680115
4576 27 587.80566 61.680115
4577 27 587.1189 60.659782
4577 27 587.1189 60.659782
4578 27 587.6868 44.192432
4578 27 587.6868 44.192432
4579 27 591.2892 38.476192
4579 27 591.2892 38.476192
4580 27 588.4668 51.207653
4580 27 588.4668 51.207653
4581 27 586.18756 51.777252
4581 27 586.18756 51.777252
4582 27 587.7173 48.38014
4582 27 587.7173 48.38014
4585 27 586.53326 35.162186
4587 27 589.909 38.79541
4589 27 586.64764 49.015488
4590 27 584.1066 46.75694
4593 27 590.80884 43.020435
4593 27 590.80884 43.020435
4596 27 582.3483 39.095276
4597 27 576.2938 32.34172
4598 27 578.6945 46.787834
4599 27 586.65375 44.423748
4600 27 586.745 49.79539
4601 26 576.6142 38.08987
4602 25 546.53076 31.070522
4622 30 646.74615 60.949074
4623 31 664.714 77.298874
4624 32 674.6369 49.80576
4629 34 733.57336 41.212788
4629 34 733.57336 41.212788
4630 34 736.02655 56.23078
4630 34 736.02655 56.23078
4647 36 779.78424 68.4344
4648 37 785.5082 55.46753
4648 37 785.5082 55.46753
4649 37 787.2535 65.786964
4649 37 787.2535 65.786964
4650 36 783.63586 64.091446
4651 36 780.08405 61.361416
4651 36 780.08405 61.361416
4652 36 779.08435 77.66152
4652 36 779.08435 77.66152
4653 36 775.9178 74.488945
4654 36 774.02814 74.335625
4654 36 774.02814 74.335625
4655 36 779.22205 51.676052
4655 36 779.22205 51.676052
4657 36 779.57495 61.458485
4657 36 779.57495 61.458485
4658 36 773.8957 49.40943
4658 36 773.8957 49.40943
4659 35 754.9752 56.501602
4659 35 754.9752 56.501602
4660 33 722.222 52.409443
4660 33 722.222 52.409443
4662 29 630.52246 39.8424
4662 29 630.52246 39.8424
4665 27 589.39905 44.529404
4665 27 589.39905 44.529404
4668 27 588.1867 49.667435
4668 27 588.1867 49.667435
4669 27 590.6 51.36253
4669 27 590.6 51.36253
4670 28 595.00183 51.249832
4670 28 595.00183 51.249832
4671 28 598.1291 49.803326
4671 28 598.1291 49.803326
4672 30 647.0975 56.807697
4672 30 647.0975 56.807697
4673 31 651.2896 77.61914
4673 31 651.2896 77.61914
4674 31 667.05646 77.69119
4674 31 667.05646 77.69119
4675 31 667.5425 70.812454
4675 31 667.5425 70.812454
4676 31 662.7675 63.20212
4676 31 662.7675 63.20212
4677 31 662.6081 67.221375
4677 31 662.6081 67.221375
4678 31 659.55273 62.34987
4678 31 659.55273 62.34987
4679 30 655.80597 68.44384
4680 31 657.7854 76.1709
4680 31 657.7854 76.1709
4681 31 659.1868 63.494453
4681 31 659.1868 63.494453
4682 30 655.72363 64.9538
4682 30 655.72363 64.9538
4683 30 656.10767 60.337143
4683 30 656.10767 60.337143
4684 31 656.9786 74.39044
4684 31 656.9786 74.39044
4685 31 657.83936 78.493675
4685 31 657.83936 78.493675
4686 30 658.5662 81.49528
4686 30 658.5662 81.49528
4687 31 659.29254 83.29243
4688 31 659.9477 55.185802
4688 31 659.9477 55.185802
4689 31 657.28015 60.669956
4689 31 657.28015 60.669956
4690 31 660.2429 71.26047
4690 31 660.2429 71.26047
4691 31 662.7279 67.6531
4691 31 662.7279 67.6531
4692 31 662.03595 72.676796
4693 31 660.61633 78.705086
4693 31 660.61633 78.705086
4694 31 661.2793 86.00132
4695 31 663.7061 75.17537
4695 31 663.7061 75.17537
4696 31 665.4474 73.65025
4696 31 665.4474 73.65025
4697 31 661.04987 51.076885
4697 31 661.04987 51.076885
4698 31 654.9914 49.22681
4698 31 654.9914 49.22681
4699 31 661.0465 49.910583
4699 31 661.0465 49.910583
4700 30 651.2324 56.491642
4700 30 651.2324 56.491642
4701 31 654.8541 65.3316
4702 31 659.4265 88.46953
4703 31 661.8139 83.210205
4703 31 661.8139 83.210205
4704 31 662.9595 75.743
4704 31 662.9595 75.743
4705 31 662.1018 70.87006
4705 31 662.1018 70.87006
4706 31 658.82324 70.7433
4706 31 658.82324 70.7433
4707 31 659.6616 66.352684
4707 31 659.6616 66.352684
4708 31 660.2022 63.836327
4708 31 660.2022 63.836327
4709 31 660.55 75.02378
4709 31 660.55 75.02378
4710 31 660.36646 72.46428
4710 31 660.36646 72.46428
4712 30 654.5744 57.169697
4712 30 654.5744 57.169697
4714 31 656.15204 56.204018
4714 31 656.15204 56.204018
4715 30 654.8593 63.90844
4715 30 654.8593 63.90844
4716 30 655.10315 56.525417
4716 30 655.10315 56.525417
4717 31 659.1041 62.10196
4717 31 659.1041 62.10196
4718 31 658.5694 70.52571
4718 31 658.5694 70.52571
4719 31 662.4249 72.97967
4719 31 662.4249 72.97967
4720 31 664.2105 77.22547
4721 31 663.3694 82.97542
4722 31 665.32916 79.3925
4722 31 665.32916 79.3925
4723 31 661.58685 70.69642
4723 31 661.58685 70.69642
4724 30 655.0079 68.771904
4724 30 655.0079 68.771904
4725 30 655.1008 64.175644
4725 30 655.1008 64.175644
4726 31 657.7028 70.62418
4726 31 657.7028 70.62418
4727 31 658.5916 77.06489
4728 31 658.33655 78.70452
4729 30 655.03015 82.26249
4729 30 655.03015 82.26249
4730 31 656.6477 79.3509
4730 31 656.6477 79.3509
4731 31 659.91815 77.40318
4731 31 659.91815 77.40318
4732 31 660.9627 74.585236
4732 31 660.9627 74.585236
4733 30 656.7753 72.919014
4734 31 659.09094 87.20123
4735 31 665.5298 76.79776
4736 31 662.66187 65.70059
4736 31 662.66187 65.70059
4737 30 654.4317 62.253765
4737 30 654.4317 62.253765
4738 31 657.253 71.36577
4738 31 657.253 71.36577
4739 31 657.56793 65.26598
4739 31 657.56793 65.26598
4740 31 659.4355 81.94149
4741 31 659.74945 87.077156
4742 31 658.16907 99.5485
4742 31 658.16907 99.5485
4743 31 659.7174 82.83562
4744 31 656.79974 60.34922
4744 31 656.79974 60.34922
4745 31 661.66235 75.958626
4745 31 661.66235 75.958626
4746 30 658.43976 78.67846
4747 30 655.56757 91.148636
4747 30 655.56757 91.148636
4748 31 657.4048 89.51549
4748 31 657.4048 89.51549
4749 31 658.8072 81.701675
4749 31 658.8072 81.701675
4750 31 664.8458 84.67792
4751 31 664.28815 76.88596
4752 30 657.0707 51.425873
4753 31 658.1444 55.09175
4754 30 658.98517 57.334053
4755 30 651.56757 67.74261
4755 30 651.56757 67.74261
4756 30 650.96014 67.914314
4756 30 650.96014 67.914314
4757 30 652.6385 69.56846
4757 30 652.6385 69.56846
4758 30 647.85956 59.14177
4758 30 647.85956 59.14177
4759 28 602.6281 65.80223
4759 28 602.6281 65.80223
4760 27 589.79346 67.9186
4760 27 589.79346 67.9186
4761 27 580.0555 71.772255
4761 27 580.0555 71.772255
4762 27 583.41077 68.24895
4762 27 583.41077 68.24895
4763 27 589.6918 57.27572
4763 27 589.6918 57.27572
4764 27 587.2504 60.346302
4764 27 587.2504 60.346302
4765 27 587.00854 61.541126
4765 27 587.00854 61.541126
4766 27 586.34424 65.05092
4766 27 586.34424 65.05092
4767 27 586.24225 65.75759
4767 27 586.24225 65.75759
4768 27 588.5527 56.259117
4768 27 588.5527 56.259117
4769 46 992.7172 42.77084
4769 46 992.7172 42.77084
4770 46 990.41504 35.61828
4770 46 990.41504 35.61828
4771 46 989.4734 31.169767
4771 46 989.4734 31.169767
4772 46 990.1653 27.423265
4772 46 990.1653 27.423265
4777 27 583.85065 67.36568
4777 27 583.85065 67.36568
4778 27 588.6398 71.529655
4779 27 590.1465 63.69767
4779 27 590.1465 63.69767
4780 27 590.9401 67.46221
4780 27 590.9401 67.46221
4781 27 587.8393 69.46006
4781 27 587.8393 69.46006
4782 27 587.27655 64.82386
4782 27 587.27655 64.82386
4783 27 591.12305 70.559235
4783 27 591.12305 70.559235
4786 27 586.1947 59.62445
4786 27 586.1947 59.62445
4787 27 590.6711 58.17495
4787 27 590.6711 58.17495
4788 27 591.1547 65.29748
4789 27 588.3777 71.56469
4789 27 588.3777 71.56469
4790 27 586.8153 77.90496
4790 27 586.8153 77.90496
4791 27 585.72504 68.27708
4792 27 583.35364 61.964897
4793 27 585.9035 64.29702
4794 27 583.9276 67.357544
4795 27 585.46356 67.77005
4795 27 585.46356 67.77005
4796 27 590.8802 62.346195
4796 27 590.8802 62.346195
4797 27 589.33704 68.78822
4798 27 587.2714 70.51667
4799 27 588.4571 75.01325
4800 27 585.2975 69.26333
4800 27 585.2975 69.26333
4801 27 587.4198 60.40945
4801 27 587.4198 60.40945
4802 27 587.998 57.63618
4802 27 587.998 57.63618
4803 27 585.6849 61.179405
4803 27 585.6849 61.179405
4804 27 586.64124 73.58813
4804 27 586.64124 73.58813
4805 27 586.73987 78.72029
4806 27 587.3327 79.329216
4807 27 586.72034 73.895035
4808 27 588.8898 72.32399
4808 27 588.8898 72.32399
4809 27 588.2096 78.21802
4809 27 588.2096 78.21802
4810 27 587.1664 69.12948
4810 27 587.1664 69.12948
4811 27 587.94073 72.54637
4811 27 587.94073 72.54637
4812 27 587.6318 67.69563
4812 27 587.6318 67.69563
4813 27 587.53735 64.49666
4813 27 587.53735 64.49666
4814 27 588.0765 63.279125
4814 27 588.0765 63.279125
4815 27 589.88116 65.52054
4815 27 589.88116 65.52054
4816 27 587.94006 74.12968
4816 27 587.94006 74.12968
4817 27 584.11633 60.437332
4817 27 584.11633 60.437332
4818 27 586.5602 54.99633
4818 27 586.5602 54.99633
4819 27 585.9921 50.232624
4819 27 585.9921 50.232624
4820 27 584.7536 54.58892
4820 27 584.7536 54.58892
4821 27 588.0684 57.47371
4821 27 588.0684 57.47371
4822 27 589.23566 66.85614
4823 27 587.856 74.140976
4824 27 587.872 65.429184
4825 27 587.47095 64.74149
4825 27 587.47095 64.74149
4826 27 587.0641 67.148636
4826 27 587.0641 67.148636
4827 27 587.1586 59.732994
4827 27 587.1586 59.732994
4828 27 586.74506 64.42186
4828 27 586.74506 64.42186
4829 27 586.79944 66.004036
4829 27 586.79944 66.004036
4830 27 587.6674 69.2761
4830 27 587.6674 69.2761
4831 27 588.2546 71.49465
4831 27 588.2546 71.49465
4832 27 588.42584 65.16133
4832 27 588.42584 65.16133
4833 27 587.40735 56.26994
4833 27 587.40735 56.26994
4834 27 586.9231 59.41487
4834 27 586.9231 59.41487
4835 27 586.02185 56.84168
4835 27 586.02185 56.84168
4836 27 584.2252 56.656868
4836 27 584.2252 56.656868
4837 27 587.5793 62.02821
4838 27 586.0032 66.74111
4839 27 586.2921 77.82403
4839 27 586.2921 77.82403
4840 27 586.857 82.052704
4841 27 586.3908 68.830284
4842 27 588.7349 55.753365
4843 28 592.22473 61.686295
4843 28 592.22473 61.686295
4844 28 592.70605 61.636135
4845 27 590.12756 72.15205
4845 27 590.12756 72.15205
4846 27 587.47284 82.68846
4847 27 585.8533 77.10578
4848 27 582.9015 60.994457
4849 27 581.65533 58.250507
4850 27 585.62177 58.077393
4851 27 591.6245 60.313553
4851 27 591.6245 60.313553
4852 27 591.0968 70.24174
4852 27 591.0968 70.24174
4853 27 582.9014 74.25589
4854 27 577.7848 68.14932
4855 27 577.5309 69.3987
4856 27 583.8662 68.65119
4857 27 587.15424 57.162357
4858 27 589.62286 57.779305
4860 25 545.5231 46.1234
4861 24 524.0886 43.921085
4862 23 506.99625 35.79428
4868 46 992.4379 46.60542
4869 46 992.16376 52.78844
4870 46 991.2862 48.70877
4872 46 986.07074 26.267754
4873 46 988.22766 30.07355
4874 46 989.7073 38.391388
4875 46 990.3612 40.44818
4876 46 990.1169 26.996162
4878 46 986.0434 21.380701
4879 46 988.3421 24.045572
4880 46 993.39343 23.878479
4881 41 890.81116 25.360771
4882 31 673.3882 55.1513
4883 45 963.3402 27.87487
4898 46 991.32715 47.950413
4898 46 991.32715 47.950413
4899 46 988.87964 29.431158
4900 46 983.56177 31.58232
4901 46 989.42224 46.102516
4902 46 991.4872 41.423115
4905 46 992.99146 33.28681
4906 36 780.30646 54.26494
4907 36 779.02783 46.09272
4908 36 776.6868 66.58065
4908 36 776.6868 66.58065
4909 36 781.15826 83.42057
4909 36 781.15826 83.42057
4910 36 779.99225 67.154686
4910 36 779.99225 67.154686
4911 36 777.4278 61.880817
4912 36 782.8416 63.422276
4912 36 782.8416 63.422276
4913 36 783.3358 60.30822
4913 36 783.3358 60.30822
4914 36 782.88104 66.279655
4914 36 782.88104 66.279655
4915 36 781.7531 57.383938
4915 36 781.7531 57.383938
4916 36 775.58 50.558834
4916 36 775.58 50.558834
4917 35 762.4821 62.745266
4917 35 762.4821 62.745266
4918 34 741.15546 50.27227
4918 34 741.15546 50.27227
4919 33 716.9946 51.16141
4919 33 716.9946 51.16141
4920 30 655.91113 36.29291
4920 30 655.91113 36.29291
4921 28 612.4824 35.713062
4921 28 612.4824 35.713062
4922 27 587.1024 31.776022
4922 27 587.1024 31.776022
4923 27 583.1927 31.70505
4923 27 583.1927 31.70505
4925 28 592.27826 50.971275
4925 28 592.27826 50.971275
4927 27 591.30756 51.149395
4927 27 591.30756 51.149395
4930 29 618.46576 51.512577
4930 29 618.46576 51.512577
4931 31 651.25726 65.93924
4931 31 651.25726 65.93924
4932 31 667.7622 81.9984
4932 31 667.7622 81.9984
4933 31 669.0336 77.448875
4933 31 669.0336 77.448875
4934 30 657.01245 61.863247
4934 30 657.01245 61.863247
4935 30 650.74414 78.558205
4936 30 652.63916 60.315624
4936 30 652.63916 60.315624
4937 31 660.1605 73.19415
4937 31 660.1605 73.19415
4938 31 663.5141 84.62479
4938 31 663.5141 84.62479
4939 31 663.1712 75.786674
4939 31 663.1712 75.786674
4940 31 659.1771 66.36042
4940 31 659.1771 66.36042
4941 31 659.6611 68.29671
4942 30 659.77295 66.927605
4943 31 656.201 74.95523
4944 31 659.42804 87.25405
4944 31 659.42804 87.25405
4945 31 659.6661 59.80214
4945 31 659.6661 59.80214
4946 31 659.1321 63.513424
4946 31 659.1321 63.513424
4947 30 656.9911 62.85607
4947 30 656.9911 62.85607
4948 30 655.6989 59.57387
4948 30 655.6989 59.57387
4949 31 658.10547 67.64001
4949 31 658.10547 67.64001
4950 31 660.9886 74.27716
4951 31 664.0646 77.310684
4951 31 664.0646 77.310684
4952 31 661.90814 71.24208
4952 31 661.90814 71.24208
4953 31 659.78986 70.445435
4953 31 659.78986 70.445435
4954 31 659.541 72.75604
4954 31 659.541 72.75604
4955 31 658.71216 81.64711
4955 31 658.71216 81.64711
4956 31 660.4281 89.89258
4957 31 659.907 84.338806
4958 31 660.6604 87.38513
4958 31 660.6604 87.38513
4959 31 661.2094 80.791145
4959 31 661.2094 80.791145
4960 31 661.59796 70.86805
4961 30 655.81506 61.922073
4961 30 655.81506 61.922073
4962 30 655.35706 67.80898
4962 30 655.35706 67.80898
4963 31 655.3329 69.57943
4963 31 655.3329 69.57943
4964 31 658.3415 82.01333
4964 31 658.3415 82.01333
4965 31 660.09845 92.90849
4965 31 660.09845 92.90849
4966 31 661.58203 76.23935
4967 31 657.8594 53.02919
4967 31 657.8594 53.02919
4968 31 655.4066 50.540478
4968 31 655.4066 50.540478
4969 31 658.47876 61.256577
4969 31 658.47876 61.256577
4970 31 660.06445 70.559044
4970 31 660.06445 70.559044
4971 31 659.1703 74.99828
4972 31 660.5029 73.351685
4973 31 659.7142 75.615036
4974 31 661.6589 76.31972
4975 31 662.5144 71.29247
4975 31 662.5144 71.29247
4976 31 659.1935 63.359673
4977 31 658.50366 46.992783
4977 31 658.50366 46.992783
4978 31 657.50354 55.267467
4978 31 657.50354 55.267467
4979 31 659.57214 62.44854
4979 31 659.57214 62.44854
4980 31 659.84814 58.25911
4980 31 659.84814 58.25911
4981 31 659.0963 64.55462
4981 31 659.0963 64.55462
4982 31 660.1407 67.11287
4982 31 660.1407 67.11287
4983 31 660.96643 71.17061
4984 31 658.9527 67.61702
4984 31 658.9527 67.61702
4985 31 657.72217 72.45525
4985 31 657.72217 72.45525
4986 31 656.1236 73.8403
4986 31 656.1236 73.8403
4987 31 657.56555 78.38967
4987 31 657.56555 78.38967
4988 31 660.5549 83.01216
4988 31 660.5549 83.01216
4989 31 662.2468 82.46736
4989 31 662.2468 82.46736
4990 31 659.29926 63.95359
4990 31 659.29926 63.95359
4991 31 659.5249 68.62456
4991 31 659.5249 68.62456
4992 31 660.14496 76.498924
4993 30 658.55524 67.638145
4993 30 658.55524 67.638145
4994 30 655.194 74.124855
4995 31 658.03015 68.51321
4996 31 659.19586 68.180084
4997 31 659.5404 62.47914
4998 30 657.2624 62.098766
4998 30 657.2624 62.098766
4999 31 660.49664 73.20962
4999 31 660.49664 73.20962
5000 31 666.47144 62.144398
5000 31 666.47144 62.144398
5001 30 655.39746 66.45988
5001 30 655.39746 66.45988
5002 30 653.46204 71.33515
5003 31 658.85284 81.635735
5004 31 664.74567 86.649376
5005 30 659.86694 70.64617
5006 30 655.3922 71.504814
5007 31 659.79755 80.19617
5008 31 662.9239 78.101845
5009 31 661.4602 78.028465
5010 31 663.7017 52.311752
5011 31 660.807 39.324837
5012 31 664.28253 49.639557
5014 30 644.4445 56.893215
5016 26 565.6696 43.612732
5016 26 565.6696 43.612732
5017 26 559.3408 45.408592
5017 26 559.3408 45.408592
5018 27 575.8612 56.103497
5019 28 593.6657 74.66
5020 28 600.2053 88.72392
5020 28 600.2053 88.72392
5021 28 597.19507 77.173065
5021 28 597.19507 77.173065
5022 27 592.2272 47.667095
5022 27 592.2272 47.667095
5033 28 595.437 58.403008
5033 28 595.437 58.403008
5034 27 593.5439 62.55914
5034 27 593.5439 62.55914
5035 27 589.2251 78.20861
5036 27 584.93774 81.80002
5036 27 584.93774 81.80002
5037 27 585.2291 82.65572
5037 27 585.2291 82.65572
5038 27 584.52893 71.47048
5038 27 584.52893 71.47048
5039 27 587.19604 57.351646
5039 27 587.19604 57.351646
5040 27 590.06213 56.588135
5040 27 590.06213 56.588135
5041 27 589.03143 64.30146
5041 27 589.03143 64.30146
5042 27 588.83984 54.48087
5042 27 588.83984 54.48087
5043 27 586.6973 57.953903
5043 27 586.6973 57.953903
5044 27 585.45416 52.88548
5044 27 585.45416 52.88548
5045 27 587.6201 54.981388
5045 27 587.6201 54.981388
5046 27 587.43964 59.16563
5046 27 587.43964 59.16563
5047 27 585.34607 65.574936
5047 27 585.34607 65.574936
5048 27 585.2789 69.41217
5048 27 585.2789 69.41217
5049 27 588.1113 67.088844
5049 27 588.1113 67.088844
5050 27 587.8383 77.501396
5050 27 587.8383 77.501396
5051 27 585.7659 65.02853
5051 27 585.7659 65.02853
5052 27 583.27277 59.39047
5052 27 583.27277 59.39047
5053 27 587.27277 57.47273
5053 27 587.27277 57.47273
5054 27 591.89966 57.765667
5054 27 591.89966 57.765667
5055 27 587.8151 60.576458
5056 27 584.4694 61.27356
5056 27 584.4694 61.27356
5057 27 589.65765 55.363625
5058 27 589.5111 61.507313
5058 27 589.5111 61.507313
5059 27 587.8922 54.82315
5059 27 587.8922 54.82315
5060 27 584.3787 67.00236
5060 27 584.3787 67.00236
5061 27 586.7525 70.152016
5061 27 586.7525 70.152016
5062 27 586.1177 76.12516
5062 27 586.1177 76.12516
5063 27 586.1459 69.70029
5063 27 586.1459 69.70029
5064 27 586.63696 60.719116
5064 27 586.63696 60.719116
5065 27 585.9138 59.33355
5065 27 585.9138 59.33355
5066 27 588.1548 60.41175
5066 27 588.1548 60.41175
5067 28 591.7491 58.3023
5067 28 591.7491 58.3023
5068 27 591.2711 57.44248
5068 27 591.2711 57.44248
5069 27 587.6647 64.86019
5069 27 587.6647 64.86019
5070 27 589.46265 68.46976
5070 27 589.46265 68.46976
5071 27 589.26056 72.41255
5071 27 589.26056 72.41255
5072 27 586.5803 73.35492
5072 27 586.5803 73.35492
5073 27 584.88104 73.62965
5073 27 584.88104 73.62965
5075 27 585.61206 59.972816
5075 27 585.61206 59.972816
5076 27 586.728 59.511677
5076 27 586.728 59.511677
5077 27 582.8935 61.630535
5077 27 582.8935 61.630535
5078 27 582.999 66.17445
5078 27 582.999 66.17445
5079 27 588.1845 57.711952
5079 27 588.1845 57.711952
5080 27 587.2809 59.53507
5080 27 587.2809 59.53507
5081 27 586.21967 68.96955
5081 27 586.21967 68.96955
5082 27 589.3554 63.964706
5082 27 589.3554 63.964706
5083 28 593.1716 60.898544
5083 28 593.1716 60.898544
5084 27 588.73517 73.06577
5084 27 588.73517 73.06577
5085 27 586.7155 73.1324
5085 27 586.7155 73.1324
5086 27 586.11945 67.723526
5086 27 586.11945 67.723526
5087 27 586.4642 76.97627
5087 27 586.4642 76.97627
5088 27 590.0605 73.18184
5088 27 590.0605 73.18184
5089 27 588.8296 72.28838
5090 27 585.85583 78.510216
5091 27 586.3637 73.77676
5092 27 588.81793 68.87261
5092 27 588.81793 68.87261
5093 27 586.3572 73.097786
5093 27 586.3572 73.097786
5094 27 586.5117 73.991516
5094 27 586.5117 73.991516
5095 27 588.5764 66.13737
5095 27 588.5764 66.13737
5096 27 588.1386 75.20677
5096 27 588.1386 75.20677
5097 27 586.3079 79.70679
5098 27 588.0085 76.34072
5098 27 588.0085 76.34072
5099 27 588.3077 73.10571
5099 27 588.3077 73.10571
5100 27 586.16064 74.85273
5100 27 586.16064 74.85273
5101 27 586.3956 67.97077
5101 27 586.3956 67.97077
5102 27 588.4269 68.81669
5102 27 588.4269 68.81669
5103 27 588.94885 73.79893
5103 27 588.94885 73.79893
5104 27 586.514 75.971794
5104 27 586.514 75.971794
5105 27 587.2911 82.449455
5106 27 589.7469 84.539986
5107 27 588.3051 78.76207
5108 27 587.8809 83.87847
5108 27 587.8809 83.87847
5109 27 587.7337 72.98925
5109 27 587.7337 72.98925
5110 27 586.915 67.78794
5110 27 586.915 67.78794
5111 27 586.3155 61.333622
5111 27 586.3155 61.333622
5112 27 584.6169 58.69057
5113 27 584.56793 66.926865
5113 27 584.56793 66.926865
5114 27 585.83594 65.402374
5115 27 587.08057 57.082466
5115 27 587.08057 57.082466
5116 27 588.24457 73.91508
5117 27 588.33453 72.11773
5118 27 588.5558 72.83303
5119 27 588.4343 74.35668
5120 27 586.793 79.32021
5121 27 586.8771 70.21647
5122 27 589.8282 68.85141
5123 27 591.4358 57.793133
5124 27 588.763 57.728928
5125 27 584.7334 58.349686
5126 27 583.7964 55.41718
5127 27 584.14844 60.167896
5128 27 584.3092 67.64142
5129 27 583.0361 68.91191
5130 27 584.6145 70.71455
5131 27 584.21826 45.225727
5132 27 588.5791 51.49053
5133 27 589.9075 59.606552
5134 27 588.06256 49.243294
5135 46 990.936 36.263126
5136 46 991.63403 33.878983
5137 46 991.9188 28.79894
5138 46 991.7963 21.205294
5139 24 532.3889 18.660315
5141 46 992.05817 19.591394
5142 41 888.8788 21.489252
5146 41 888.6867 25.037106
5146 41 888.6867 25.037106
5148 41 888.3001 25.44136
5148 41 888.3001 25.44136
5151 37 788.60455 24.03397
5155 46 988.7616 21.720448
5157 46 988.2125 29.083063
5158 46 986.8807 23.609184
5160 46 990.2587 44.335224
5161 46 990.77795 45.605213
5162 46 991.87036 39.066673
5163 37 789.07526 32.30364
5164 37 789.30835 28.531643
5166 37 791.38007 33.550316
5167 37 790.11725 31.521288
5169 37 792.04803 31.798792
5170 37 791.3765 28.048555
5171 46 990.2248 33.3828
5172 46 986.5309 42.454
5173 46 988.95764 48.709545
5173 46 988.95764 48.709545
5174 46 990.5651 56.287914
5175 46 990.81323 64.52124
5176 46 991.413 54.046547
5177 46 990.4555 41.601254
5178 46 989.418 33.401817
5179 24 523.4192 34.676
5181 46 988.3603 25.339949
5182 46 988.1496 33.531147
5183 46 990.551 38.368835
5191 37 790.11346 21.847649
5194 46 983.26276 26.150272
5195 46 995.02106 35.935287
5197 46 988.14984 31.267166
5197 46 988.14984 31.267166
5198 46 987.3117 40.84779
5198 46 987.3117 40.84779
5199 46 987.0831 35.709343
5200 46 988.3636 30.153446
5204 46 990.283 38.062298
5205 46 988.6058 51.43944
5208 46 986.5625 50.484
5209 46 988.85504 52.56002
5210 46 988.9801 48.602104
5211 46 990.22736 43.904613
5211 46 990.22736 43.904613
5213 46 989.98676 41.327137
5214 46 990.4357 46.948353
5214 46 990.4357 46.948353
5215 46 989.32275 41.030663
5217 46 988.72394 34.227795
5218 36 796.2269 35.541077
5222 36 783.9297 40.715885
5222 36 783.9297 40.715885
5224 46 986.4831 38.906036
5225 36 781.61365 32.142326
5226 36 780.3826 60.849396
5227 36 779.9925 50.962708
5229 36 782.42267 46.654335
5231 36 769.8126 30.146492
5232 37 788.2556 25.263544
5233 36 787.67 55.764812
5234 37 786.9417 52.69362
5236 36 779.5515 47.779106
5237 46 989.87665 48.838768
5238 46 991.96655 46.286545
5238 46 991.96655 46.286545
5239 36 782.41254 58.549545
5239 36 782.41254 58.549545
5240 36 777.3222 52.344727
5241 36 776.04425 39.58764
5241 36 776.04425 39.58764
5242 36 784.4268 48.370613
5243 36 782.8049 66.92859
5247 46 990.5699 37.50334
5248 46 990.86816 44.3571
5250 46 990.6971 38.47247
5255 36 785.51434 30.8535
5255 36 785.51434 30.8535
5256 36 782.2534 40.303867
5257 36 780.53326 53.955147
5258 36 780.70404 40.669876
5258 36 780.70404 40.669876
5262 36 779.25305 33.92973
5266 24 527.487 34.915867
5270 24 520.8497 42.43646
5272 24 518.2708 56.47727
5273 46 990.1137 46.46548
5274 46 991.2938 52.507153
5278 41 879.7265 35.611668
5281 41 877.856 52.995
5282 36 784.905 38.696358
5283 46 990.7425 31.312996
5284 41 876.8921 50.13795
5287 36 778.61237 39.548756
5289 37 787.79047 40.095074
5289 37 787.79047 40.095074
5290 37 788.2289 33.75512
5291 41 895.02423 32.992958
5291 41 895.02423 32.992958
5293 41 887.1083 55.759872
5294 41 885.47906 26.42225
5295 41 889.8265 32.665436
5296 41 893.31256 40.063663
5297 41 882.5109 58.93923
5300 41 891.97754 42.90922
5300 41 891.97754 42.90922
5301 37 791.0748 39.12246
5306 41 883.7722 26.06487
5308 27 593.5011 33.43052
5308 27 593.5011 33.43052
5309 27 589.7982 38.588085
5310 27 587.64655 39.579567
5311 27 583.56946 38.464046
5318 27 590.5893 39.508167
5322 41 885.0699 43.291744
5323 27 587.2398 50.88819
5326 27 588.91223 49.778812
5328 27 589.2248 61.529552
5330 27 587.83 50.4236
5336 27 583.607 42.53711
5338 27 576.79663 36.02641
5340 46 994.56854 31.236492
5353 41 878.1532 28.64946
5354 36 786.3405 22.879288
5372 41 879.2552 31.496683
5373 41 876.0239 35.821457
5377 34 741.68256 19.044147
5381 27 587.86707 27.522863
5382 27 588.5492 21.242981
5386 27 589.3008 25.154264
5387 27 590.2108 25.551716
5388 37 787.86115 21.460276
5394 37 787.85986 27.492647
5396 35 738.7532 19.175627
5408 46 982.01074 54.790276
5412 46 979.287 56.15725
5413 46 987.4021 34.059658
5413 46 987.4021 34.059658
5416 45 975.8692 35.122005
5416 45 975.8692 35.122005
5418 45 970.3916 31.106909
5419 45 971.8328 22.101133
5423 37 789.19556 35.238388
5423 37 789.19556 35.238388
5424 37 790.4506 35.20685
5424 37 790.4506 35.20685
5425 46 981.2597 36.88333
5425 46 981.2597 36.88333
5427 37 790.8757 36.538273
5427 37 790.8757 36.538273
5428 45 972.5649 44.905655
5428 45 972.5649 44.905655
5429 47 996.9064 32.93746
5429 47 996.9064 32.93746
5431 46 993.3505 63.67931
5431 46 993.3505 63.67931
5432 46 988.12354 83.54184
5432 46 988.12354 83.54184
5433 46 989.2126 58.89991
5433 46 989.2126 58.89991
5434 46 990.6554 32.09172
5434 46 990.6554 32.09172
5435 45 971.5148 30.748783
5435 45 971.5148 30.748783
5438 46 993.97876 46.042274
5438 46 993.97876 46.042274
5439 46 987.712 75.26161
5439 46 987.712 75.26161
5440 46 990.36096 50.140903
5441 34 734.3795 42.82445
5441 34 734.3795 42.82445
5442 34 734.1621 32.11948
5442 34 734.1621 32.11948
5443 34 742.95386 37.870266
5445 46 987.11615 46.036777
5445 46 987.11615 46.036777
5447 37 795.466 64.36179
5447 37 795.466 64.36179
5448 37 793.3087 53.383957
5448 37 793.3087 53.383957
5451 46 986.59454 47.937225
5452 46 988.4603 48.261806
5452 46 988.4603 48.261806
5453 36 775.5238 49.3067
5454 36 782.7234 55.294582
5455 46 989.6633 55.47148
5456 46 986.1043 53.531364
5457 36 770.4914 57.928158
5459 36 769.87195 48.962517
5460 35 763.8195 48.722656
5461 35 756.9737 49.016525
5461 35 756.9737 49.016525
5463 36 773.5317 41.574253
5464 36 782.2479 43.78415
5464 36 782.2479 43.78415
5465 36 784.3207 43.027714
5466 36 783.32947 39.940823
5467 36 783.40454 45.285168
5468 36 784.0017 49.43268
5468 36 784.0017 49.43268
5469 46 988.75323 40.396805
5469 46 988.75323 40.396805
5470 36 777.3467 42.294857
5472 36 774.18884 59.04702
5472 36 774.18884 59.04702
5473 36 779.90137 44.958122
5473 36 779.90137 44.958122
5474 46 987.99347 47.527115
5475 46 987.9701 50.1723
5476 36 781.3857 44.899715
5476 36 781.3857 44.899715
5477 46 986.7443 38.079735
5480 37 788.3879 26.887728
5480 37 788.3879 26.887728
5481 36 789.29755 30.968876
5481 36 789.29755 30.968876
5482 36 785.8836 49.19305
5482 36 785.8836 49.19305
5483 46 989.7596 42.112186
5483 46 989.7596 42.112186
5484 36 786.1085 38.818787
5484 36 786.1085 38.818787
5486 36 770.9109 58.427475
5486 36 770.9109 58.427475
5489 36 778.85004 64.0997
5489 36 778.85004 64.0997
5490 36 780.5413 66.18231
5493 36 780.2279 54.49872
5494 36 777.4456 38.43716
5494 36 777.4456 38.43716
5496 31 670.7232 30.10279
5496 31 670.7232 30.10279
5497 30 657.4016 29.998987
5498 30 646.23804 30.426937
5498 30 646.23804 30.426937
5500 46 985.7712 41.656246
5500 46 985.7712 41.656246
5501 46 989.02527 41.06176
5502 36 775.9014 48.2041
5503 31 667.87805 49.529766
5504 46 991.0881 49.094963
5504 46 991.0881 49.094963
5505 46 991.70886 44.96631
5505 46 991.70886 44.96631
5506 36 780.5162 45.18049
5506 36 780.5162 45.18049
5507 46 989.1254 43.35158
5507 46 989.1254 43.35158
5508 46 990.7063 27.57146
5508 46 990.7063 27.57146
5509 36 785.9592 25.35307
5509 36 785.9592 25.35307
5514 36 785.5007 42.308006
5514 36 785.5007 42.308006
5515 36 778.5355 51.506725
5515 36 778.5355 51.506725
5516 36 775.2915 40.48541
5517 36 779.94037 36.99819
5518 36 783.45135 40.009342
5518 36 783.45135 40.009342
5519 36 780.0667 42.67747
5519 36 780.0667 42.67747
5520 36 774.69495 39.933075
5520 36 774.69495 39.933075
5521 31 662.0867 41.24644
5522 31 659.25616 45.279137
5523 31 663.1551 37.775536
5523 31 663.1551 37.775536
5524 36 779.5282 49.50186
5524 36 779.5282 49.50186
5525 37 788.4591 42.729782
5525 37 788.4591 42.729782
5526 31 662.1542 40.492165
5526 31 662.1542 40.492165
5527 46 985.8669 34.748795
5527 46 985.8669 34.748795
5528 46 986.28436 38.63097
5528 46 986.28436 38.63097
5530 30 655.17365 45.79933
5530 30 655.17365 45.79933
5531 31 656.5604 49.760185
5531 31 656.5604 49.760185
5532 30 655.3951 50.627605
5532 30 655.3951 50.627605
5533 30 657.1956 44.762646
5533 30 657.1956 44.762646
5534 31 656.6423 43.56368
5534 31 656.6423 43.56368
5537 36 768.6432 29.39144
5537 36 768.6432 29.39144
5539 46 988.175 27.89358
5539 46 988.175 27.89358
5540 46 989.4725 35.649624
5540 46 989.4725 35.649624
5541 46 989.9976 37.078995
5541 46 989.9976 37.078995
5545 27 579.6806 32.067364
5545 27 579.6806 32.067364
5546 27 587.53 44.386185
5546 27 587.53 44.386185
5547 27 588.6243 45.228104
5547 27 588.6243 45.228104
5548 27 590.36115 48.290543
5548 27 590.36115 48.290543
5549 27 585.72845 52.393673
5551 41 879.1099 54.06623
5551 41 879.1099 54.06623
5552 37 790.33014 34.03133
5552 37 790.33014 34.03133
5553 36 786.25134 30.364317
5553 36 786.25134 30.364317
5554 41 884.521 37.41572
5554 41 884.521 37.41572
5555 41 876.8605 40.68531
5555 41 876.8605 40.68531
5558 41 884.30975 42.853672
5558 41 884.30975 42.853672
5564 27 582.0433 41.234936
5564 27 582.0433 41.234936
5565 27 585.38495 39.42607
5565 27 585.38495 39.42607
5566 27 590.1902 36.886005
5566 27 590.1902 36.886005
5568 27 586.1132 51.390705
5568 27 586.1132 51.390705
5569 27 586.33734 53.456642
5569 27 586.33734 53.456642
5574 27 587.5487 60.144016
5574 27 587.5487 60.144016
5575 27 586.36127 56.288025
5575 27 586.36127 56.288025
5582 27 585.5887 45.33638
5582 27 585.5887 45.33638
5583 27 588.4106 41.76067
5583 27 588.4106 41.76067
5584 27 588.5257 45.613113
5584 27 588.5257 45.613113
5585 27 590.07526 41.15479
5585 27 590.07526 41.15479
5588 27 586.581 46.774937
5588 27 586.581 46.774937
5591 27 586.36975 34.86601
5591 27 586.36975 34.86601
5592 40 863.30133 36.38573
5592 40 863.30133 36.38573
5594 27 587.7991 42.94261
5594 27 587.7991 42.94261
5607 27 587.2308 44.20327
5607 27 587.2308 44.20327
5608 27 585.1083 48.79448
5608 27 585.1083 48.79448
5609 27 587.5432 49.95163
5609 27 587.5432 49.95163
5610 27 588.22205 51.99187
5611 27 588.58044 58.81376
5611 27 588.58044 58.81376
5612 27 587.8489 57.60854
5613 27 586.40436 55.261444
5613 27 586.40436 55.261444
5614 27 589.0484 50.576565
5614 27 589.0484 50.576565
5615 27 589.77295 37.375164
5618 27 589.73785 34.63334
5618 27 589.73785 34.63334
5619 27 583.48926 42.343815
5619 27 583.48926 42.343815
5620 27 585.86316 53.564514
5620 27 585.86316 53.564514
5621 27 585.7316 53.62165
5621 27 585.7316 53.62165
5622 27 586.63715 59.895676
5622 27 586.63715 59.895676
5623 27 588.76697 50.408382
5623 27 588.76697 50.408382
5624 27 588.9954 55.001858
5624 27 588.9954 55.001858
5625 27 585.47754 56.694824
5625 27 585.47754 56.694824
5626 27 586.6711 57.031353
5626 27 586.6711 57.031353
5627 27 587.6673 51.015095
5627 27 587.6673 51.015095
5628 27 586.91034 40.45007
5628 27 586.91034 40.45007
5629 27 586.71747 40.894127
5629 27 586.71747 40.894127
5630 34 742.4844 39.86051
5631 35 742.23914 46.71399
5632 35 744.63245 43.72278
5632 35 744.63245 43.72278
5633 35 741.20514 41.73225
5633 35 741.20514 41.73225
5634 27 584.5977 44.89231
5634 27 584.5977 44.89231
5635 27 587.16797 49.586807
5635 27 587.16797 49.586807
5636 27 586.34595 49.56951
5637 27 586.0747 51.466568
5638 27 587.3589 42.97251
5638 27 587.3589 42.97251
5639 27 587.1082 42.026577
5641 27 585.76624 32.936295
5641 27 585.76624 32.936295
5642 27 587.90533 39.758575
5642 27 587.90533 39.758575
5643 27 587.3426 34.099422
5643 27 587.3426 34.099422
5644 27 584.5038 34.079678
5644 27 584.5038 34.079678
5645 27 587.76843 37.036682
5645 27 587.76843 37.036682
5646 27 587.9379 42.875538
5646 27 587.9379 42.875538
5647 27 584.6792 49.95356
5647 27 584.6792 49.95356
5648 27 584.53046 56.45261
5648 27 584.53046 56.45261
5649 27 586.3756 46.354446
5649 27 586.3756 46.354446
5650 27 590.7399 45.192753
5650 27 590.7399 45.192753
5651 27 590.3661 45.57264
5651 27 590.3661 45.57264
5652 27 587.216 21.76902
5652 27 587.216 21.76902
5655 28 594.9383 28.491058
5655 28 594.9383 28.491058
5663 45 975.9836 34.586796
5663 45 975.9836 34.586796
5666 46 984.0356 41.819675
5666 46 984.0356 41.819675
5677 46 980.23816 60.992203
5677 46 980.23816 60.992203
5680 45 975.16144 59.27095
5680 45 975.16144 59.27095
5687 45 972.22754 59.030704
5687 45 972.22754 59.030704
5688 46 982.5948 54.234455
5688 46 982.5948 54.234455
5690 45 975.49286 64.27981
5690 45 975.49286 64.27981
5691 46 982.3254 50.246925
5691 46 982.3254 50.246925
5703 45 972.61597 13.347352
5703 45 972.61597 13.347352
6164 36 775.82806 23.123365
6174 41 882.24176 19.099932
6176 41 879.261 21.428894
6180 41 880.64954 16.54626
6189 31 666.6763 30.143326
6190 31 661.8578 25.420633
6190 31 661.8578 25.420633
6191 31 658.8429 22.91334
6191 31 658.8429 22.91334
6192 31 659.4518 20.192375
6204 31 658.1984 22.409477
6215 46 988.0769 18.364311
6215 46 988.0769 18.364311
6216 36 760.5535 13.608196
6217 36 777.31635 14.155156
6287 36 779.07745 30.023441
6384 41 883.1338 30.426714
6414 41 885.93616 24.424553
6415 41 879.4071 27.353212
6441 41 885.89514 22.766132
6441 41 885.89514 22.766132
6454 37 783.1447 12.179529
6486 46 991.28906 18.827927
6512 46 991.2686 23.202034
6512 46 991.2686 23.202034
6664 36 779.3238 21.070858
6685 36 786.0452 23.523531
6685 36 786.0452 23.523531
6688 41 876.5572 27.205757
6688 41 876.5572 27.205757
6689 41 876.5123 26.408205
6689 41 876.5123 26.408205
6698 41 870.35333 25.157598
6698 41 870.35333 25.157598
6740 45 985.2705 12.52595
6740 45 985.2705 12.52595
6775 46 983.4486 15.220597
6775 46 983.4486 15.220597
6776 36 764.222 13.604193
6776 36 764.222 13.604193
6781 31 663.53705 15.016934
6781 31 663.53705 15.016934
6783 36 783.77893 15.08316
6783 36 783.77893 15.08316
6791 46 997.4147 24.1002
6791 46 997.4147 24.1002
6794 36 777.5663 21.039669
6794 36 777.5663 21.039669
6802 36 780.5872 18.276241
6802 36 780.5872 18.276241
6846 36 779.32184 20.606129
6846 36 779.32184 20.606129
6854 36 763.9168 15.510341
6854 36 763.9168 15.510341
6894 31 661.2668 33.623367
6894 31 661.2668 33.623367
6895 31 658.5153 36.547062
6895 31 658.5153 36.547062
6896 31 660.2381 35.35887
6896 31 660.2381 35.35887
6907 31 662.4424 16.900614
6912 36 776.7056 15.796394
6913 36 778.1432 14.747233
6914 41 885.9924 8.590339
6915 41 880.07336 15.406839
6919 36 779.4323 18.739393
6925 37 810.0983 9.604212
6932 31 663.7152 29.92356
6933 31 663.31836 27.854635
6934 31 663.7189 21.75839
6942 37 790.7045 14.10414
6952 31 659.8637 29.357327
6972 36 781.2004 49.399105
6972 36 781.2004 49.399105
6974 37 787.04553 46.601887
6974 37 787.04553 46.601887
6976 36 782.88153 52.423656
6976 36 782.88153 52.423656
6977 36 778.06494 49.42805
6977 36 778.06494 49.42805
6998 30 636.87354 33.074615
6998 30 636.87354 33.074615
7004 31 658.9609 37.22501
7004 31 658.9609 37.22501
7005 30 654.61816 33.01755
7005 30 654.61816 33.01755
7008 31 656.1893 34.308296
7008 31 656.1893 34.308296
7014 31 660.1844 42.54371
7014 31 660.1844 42.54371
7019 31 660.0917 50.78025
7019 31 660.0917 50.78025
7020 31 663.39087 49.235237
7020 31 663.39087 49.235237
7021 31 664.8069 46.46929
7021 31 664.8069 46.46929
7022 31 662.9135 42.442837
7022 31 662.9135 42.442837
7024 31 657.4772 37.83761
7024 31 657.4772 37.83761
7031 31 659.36646 45.62355
7031 31 659.36646 45.62355
7040 30 654.5367 48.22977
7040 30 654.5367 48.22977
7042 31 657.10596 43.03784
7042 31 657.10596 43.03784
7043 31 659.0262 44.347675
7043 31 659.0262 44.347675
7044 31 659.0868 50.94797
7044 31 659.0868 50.94797
7045 31 663.3885 54.17763
7045 31 663.3885 54.17763
7050 31 655.7097 36.159653
7050 31 655.7097 36.159653
7051 31 657.06445 37.0867
7051 31 657.06445 37.0867
7052 31 658.107 39.908836
7052 31 658.107 39.908836
7053 31 657.1555 45.92129
7053 31 657.1555 45.92129
7054 30 656.39874 46.94282
7054 30 656.39874 46.94282
7055 31 656.38824 47.871655
7055 31 656.38824 47.871655
7056 31 659.69574 50.412914
7056 31 659.69574 50.412914
7057 31 660.0883 51.762672
7057 31 660.0883 51.762672
7058 30 658.0058 45.000816
7058 30 658.0058 45.000816
7059 31 655.89294 38.45442
7059 31 655.89294 38.45442
7060 31 662.1089 44.034676
7060 31 662.1089 44.034676
7061 31 664.812 49.50658
7063 31 655.18427 43.69775
7063 31 655.18427 43.69775
7067 31 657.5458 46.07131
7067 31 657.5458 46.07131
7071 31 660.9228 49.3343
7071 31 660.9228 49.3343
7072 30 656.30566 42.428593
7072 30 656.30566 42.428593
7073 31 655.88556 36.66003
7073 31 655.88556 36.66003
7074 31 657.81335 37.06448
7074 31 657.81335 37.06448
7076 31 665.66156 46.615524
7076 31 665.66156 46.615524
7078 31 657.2139 38.688286
7078 31 657.2139 38.688286
7080 30 654.7376 52.815464
7080 30 654.7376 52.815464
7122 27 590.82904 31.054829
7137 27 587.9356 33.57538
7137 27 587.9356 33.57538
7139 27 587.68774 33.032658
7139 27 587.68774 33.032658
7145 27 585.6496 32.009346
7145 27 585.6496 32.009346
7171 27 588.7927 30.492231
7171 27 588.7927 30.492231
7172 27 586.49255 34.87725
7172 27 586.49255 34.87725
7173 27 584.85034 33.749226
7173 27 584.85034 33.749226
7174 27 583.5749 29.3706
7174 27 583.5749 29.3706
7178 27 587.2692 35.781303
7178 27 587.2692 35.781303
7179 27 580.60187 31.952438
7179 27 580.60187 31.952438
7180 27 577.73975 25.186737
7180 27 577.73975 25.186737
7181 27 579.21484 24.795837
7181 27 579.21484 24.795837
7182 27 585.0301 24.233253
7182 27 585.0301 24.233253
7185 26 570.29395 23.198795
7185 26 570.29395 23.198795
7187 24 518.9473 13.361582
7187 24 518.9473 13.361582
7207 31 671.2141 24.309065
7208 31 671.1292 34.84636
7208 31 671.1292 34.84636
7222 31 671.1211 42.182785
7222 31 671.1211 42.182785
7231 37 806.7862 26.310177
7231 37 806.7862 26.310177
7232 36 782.2916 38.91877
7233 36 780.8195 46.740467
7234 36 779.4516 50.574265
7235 36 780.5177 46.62822
7236 36 779.1785 41.325024
7237 36 780.21655 34.66659
7238 36 783.4039 36.482876
7247 36 782.82 40.092857
7247 36 782.82 40.092857
7248 36 778.9417 46.7624
7248 36 778.9417 46.7624
7249 36 779.21783 47.250916
7251 36 779.30615 38.355507
7252 36 783.3829 35.771374
7252 36 783.3829 35.771374
7253 36 782.15826 42.462467
7253 36 782.15826 42.462467
7255 36 780.4425 45.54038
7255 36 780.4425 45.54038
7256 36 776.6089 46.30383
7256 36 776.6089 46.30383
7257 31 660.7924 43.687878
7257 31 660.7924 43.687878
7258 31 669.5454 48.52734
7258 31 669.5454 48.52734
7261 30 652.1287 37.924267
7261 30 652.1287 37.924267
7263 31 661.01917 39.892784
7263 31 661.01917 39.892784
7264 31 663.49884 43.63844
7265 31 661.02106 37.15074
7265 31 661.02106 37.15074
7266 31 659.2952 39.785557
7266 31 659.2952 39.785557
7267 31 660.29694 41.18271
7268 31 658.90753 40.03957
7269 31 657.38806 45.604115
7271 30 659.9109 17.646738
7272 31 663.4118 66.384674
7272 31 663.4118 66.384674
7273 31 661.80164 67.52551
7273 31 661.80164 67.52551
7274 30 655.684 68.61674
7274 30 655.684 68.61674
7275 31 656.11285 53.025223
7275 31 656.11285 53.025223
7276 31 660.065 34.21937
7278 31 659.7285 42.253025
7279 31 662.5519 50.90682
7279 31 662.5519 50.90682
7280 31 660.2589 45.94185
7280 31 660.2589 45.94185
7281 31 659.6614 46.72489
7281 31 659.6614 46.72489
7283 31 658.5757 22.205135
7290 31 660.82837 36.000076
7290 31 660.82837 36.000076
7291 31 662.689 55.293575
7291 31 662.689 55.293575
7292 31 659.5245 61.15605
7293 31 659.4607 73.99581
7294 31 659.11957 75.68686
7295 31 659.161 75.99697
7295 31 659.161 75.99697
7296 31 660.00775 81.35971
7296 31 660.00775 81.35971
7297 31 659.84174 83.214645
7298 31 660.47125 78.19803
7298 31 660.47125 78.19803
7299 31 660.3732 79.06861
7300 31 661.06714 68.03879
7301 31 658.3833 46.20693
7302 31 657.7068 36.1683
7307 46 990.6525 25.541908
7307 46 990.6525 25.541908
7310 46 989.2798 35.17577
7310 46 989.2798 35.17577
7311 46 988.746 26.411919
7311 46 988.746 26.411919
7312 31 660.70795 38.09726
7312 31 660.70795 38.09726
7313 31 659.3679 47.795338
7314 31 660.9537 53.730614
7314 31 660.9537 53.730614
7315 31 662.09143 43.669266
7316 31 659.297 37.22874
7319 30 658.66876 37.68468
7320 31 658.29034 54.057186
7320 31 658.29034 54.057186
7321 31 658.39526 59.51141
7321 31 658.39526 59.51141
7322 31 659.242 67.36115
7322 31 659.242 67.36115
7323 31 659.57416 66.83715
7324 31 658.1487 70.39058
7325 31 662.90436 54.165947
7327 30 656.42145 32.005222
7328 31 657.9245 55.17979
7329 31 662.57434 66.99384
7329 31 662.57434 66.99384
7330 31 662.8236 42.01138
7330 31 662.8236 42.01138
7331 31 657.176 42.82478
7331 31 657.176 42.82478
7332 31 658.2427 55.787994
7332 31 658.2427 55.787994
7333 31 662.2386 49.656082
7334 31 663.3645 30.98973
7336 46 991.8196 32.158073
7336 46 991.8196 32.158073
7338 31 661.5325 46.52032
7338 31 661.5325 46.52032
7340 30 640.77435 44.138374
7343 31 658.73047 18.887537
7343 31 658.73047 18.887537
7344 31 664.43976 29.452354
7344 31 664.43976 29.452354
7346 28 600.91724 31.20311
7358 27 575.0976 40.137566
7358 27 575.0976 40.137566
7359 28 595.5826 54.92357
7359 28 595.5826 54.92357
7360 27 590.28485 71.56647
7360 27 590.28485 71.56647
7361 27 588.5494 74.85665
7362 27 586.3014 74.180534
7363 27 585.2663 67.49774
7364 27 585.95844 64.62518
7365 27 587.5089 72.43966
7366 27 587.9031 74.48217
7366 27 587.9031 74.48217
7367 27 589.4285 68.85364
7368 27 586.91705 61.38677
7369 27 586.2149 65.488716
7370 27 586.1482 68.75832
7370 27 586.1482 68.75832
7371 27 588.6932 59.954353
7371 27 588.6932 59.954353
7372 27 586.13605 72.75388
7373 27 585.1667 68.558044
7374 27 586.4913 62.137947
7374 27 586.4913 62.137947
7375 27 588.4898 64.57945
7376 27 585.88403 60.71586
7376 27 585.88403 60.71586
7377 27 585.42377 59.875046
7378 27 586.95807 66.80217
7378 27 586.95807 66.80217
7379 27 590.23175 70.52807
7380 27 589.4296 69.33605
7381 27 586.1035 75.46966
7382 27 587.6374 74.69332
7383 27 590.56696 73.19763
7384 27 587.50146 79.09201
7384 27 587.50146 79.09201
7385 27 585.33844 66.85806
7386 27 585.52594 71.61265
7386 27 585.52594 71.61265
7387 27 584.7372 74.43642
7388 27 585.32385 73.85688
7388 27 585.32385 73.85688
7389 27 586.15344 77.95547
7390 27 588.1353 77.5905
7391 27 588.1136 78.70838
7392 27 588.73956 70.00525
7393 27 590.9848 63.03745
7393 27 590.9848 63.03745
7394 27 588.1666 84.33668
7395 27 587.8822 74.88006
7396 27 589.91907 70.08584
7397 27 590.116 82.050385
7398 27 587.28894 84.66899
7398 27 587.28894 84.66899
7399 27 586.3092 71.841034
7400 27 585.139 62.287212
7401 27 588.2807 50.539993
7401 27 588.2807 50.539993
7402 27 582.386 54.20573
7402 27 582.386 54.20573
7403 27 581.3543 67.942215
7404 27 584.4389 58.488003
7405 27 589.36914 64.21568
7406 27 588.25775 69.40341
7407 27 586.5807 67.99766
7408 28 590.92914 66.55692
7408 28 590.92914 66.55692
7409 27 591.6295 77.410385
7409 27 591.6295 77.410385
7410 27 587.66986 80.192406
7411 27 586.5102 77.8409
7412 27 586.9015 78.014084
7413 27 587.56036 73.96023
7414 27 588.17004 78.73415
7415 27 586.7528 77.354836
7416 27 586.05505 69.17943
7417 27 586.79236 70.43663
7418 27 589.7901 70.070244
7419 27 586.66486 68.881805
7420 27 586.49756 60.866734
7420 27 586.49756 60.866734
7421 27 589.0722 61.499046
7421 27 589.0722 61.499046
7422 27 586.94745 64.50009
7423 27 584.59186 64.10588
7424 27 588.43823 49.16502
7425 27 589.3082 56.10617
7425 27 589.3082 56.10617
7426 27 585.80707 66.99288
7427 27 587.6175 73.807045
7428 27 589.6104 76.340385
7429 27 588.22754 74.664696
7429 27 588.22754 74.664696
7430 27 586.33954 71.91946
7430 27 586.33954 71.91946
7431 27 587.83704 70.51693
7432 27 588.65314 62.6486
7433 27 588.57166 60.591213
7434 27 587.8257 63.473537
7434 27 587.8257 63.473537
7435 27 587.0168 59.111763
7435 27 587.0168 59.111763
7436 27 586.0681 65.72938
7436 27 586.0681 65.72938
7437 27 586.8337 70.9481
7438 27 584.97076 68.57463
7438 27 584.97076 68.57463
7439 27 584.77356 75.14285
7439 27 584.77356 75.14285
7440 27 586.20496 56.611202
7441 27 587.9015 58.065987
7442 27 586.4965 66.224
7442 27 586.4965 66.224
7443 27 587.10516 66.18288
7444 27 587.3534 74.57401
7444 27 587.3534 74.57401
7445 27 587.92236 76.35469
7446 27 588.4626 74.92214
7447 27 590.54846 67.01786
7448 27 591.6814 66.85369
7449 27 589.9152 76.21765
7450 27 586.91736 84.54912
7451 27 583.93964 82.85531
7451 27 583.93964 82.85531
7452 27 583.9366 73.06301
7453 27 585.5493 59.109257
7454 27 582.85095 64.60411
7454 27 582.85095 64.60411
7455 27 582.4694 69.34159
7456 27 583.8208 59.34658
7456 27 583.8208 59.34658
7457 27 587.2677 54.42683
7458 27 589.262 53.775707
7459 27 588.7183 60.41613
7460 27 586.9426 55.123478
7460 27 586.9426 55.123478
7491 37 789.6002 40.015068
7491 37 789.6002 40.015068
7494 37 790.38763 34.756275
7498 40 867.6796 34.202934
7519 24 511.0532 30.239998
7540 34 748.90283 28.374563
7540 34 748.90283 28.374563
7545 46 993.39667 23.881327
7545 46 993.39667 23.881327
7547 46 991.02185 27.325659
7547 46 991.02185 27.325659
7549 34 737.6916 38.934437
7549 34 737.6916 38.934437
7550 34 734.7457 32.112083
7550 34 734.7457 32.112083
7551 34 733.9557 24.220467
7551 34 733.9557 24.220467
7561 37 794.62933 26.360445
7561 37 794.62933 26.360445
7564 37 783.19635 16.547184
7564 37 783.19635 16.547184
7565 37 790.25635 21.400518
7565 37 790.25635 21.400518
7569 37 786.8165 22.154373
7569 37 786.8165 22.154373
7570 37 787.9112 28.094679
7570 37 787.9112 28.094679
7583 37 787.00183 36.793827
7583 37 787.00183 36.793827
7584 37 787.5472 35.840652
7584 37 787.5472 35.840652
7586 37 787.1453 26.079718
7586 37 787.1453 26.079718
7591 24 522.8618 34.41886
7591 24 522.8618 34.41886
7592 24 522.0615 35.0658
7592 24 522.0615 35.0658
7597 24 519.8019 53.533215
7597 24 519.8019 53.533215
7658 27 580.359 34.889046
7658 27 580.359 34.889046
7660 27 588.29974 45.18073
7660 27 588.29974 45.18073
7663 27 577.94495 34.750412
7663 27 577.94495 34.750412
7664 27 580.0868 36.08883
7664 27 580.0868 36.08883
7678 46 994.1244 24.9141
7678 46 994.1244 24.9141
7679 46 991.37103 28.702982
7679 46 991.37103 28.702982
7684 37 786.8764 26.304493
7684 37 786.8764 26.304493
7685 37 789.77466 31.738457
7685 37 789.77466 31.738457
7687 37 787.4563 33.239902
7687 37 787.4563 33.239902
7688 37 787.5269 32.464073
7688 37 787.5269 32.464073
7710 37 786.6138 20.449806
7710 37 786.6138 20.449806
7715 46 993.9967 17.964245
7715 46 993.9967 17.964245
7719 36 786.0309 25.731846
7719 36 786.0309 25.731846
7759 34 736.0871 46.176018
7759 34 736.0871 46.176018
7766 34 736.7724 42.50144
7766 34 736.7724 42.50144
7773 37 795.38885 75.50847
7773 37 795.38885 75.50847
7774 36 785.1144 52.164154
7774 36 785.1144 52.164154
7783 36 767.0953 54.705482
7783 36 767.0953 54.705482
7785 35 765.7633 57.113976
7785 35 765.7633 57.113976
7792 36 785.5245 43.906845
7792 36 785.5245 43.906845
7793 36 783.8347 54.25516
7793 36 783.8347 54.25516
7806 35 748.47504 44.30175
7806 35 748.47504 44.30175
7812 36 778.2423 55.17709
7812 36 778.2423 55.17709
7813 36 780.81024 45.329742
7813 36 780.81024 45.329742
7822 31 665.6499 26.039213
7822 31 665.6499 26.039213
7823 30 650.5167 33.190918
7823 30 650.5167 33.190918
7824 34 733.0539 31.24756
7824 34 733.0539 31.24756
7825 30 644.3973 37.22585
7825 30 644.3973 37.22585
7845 31 661.17236 36.43691
7845 31 661.17236 36.43691
7846 31 664.1574 50.890484
7846 31 664.1574 50.890484
7847 31 660.55664 45.806606
7847 31 660.55664 45.806606
7848 31 660.7756 44.318382
7848 31 660.7756 44.318382
7850 31 666.07056 33.80092
7850 31 666.07056 33.80092
7856 31 656.534 58.906162
7856 31 656.534 58.906162
7857 30 657.1512 61.566967
7857 30 657.1512 61.566967
7860 31 657.48584 35.93539
7860 31 657.48584 35.93539
7863 34 737.5006 18.339216
7863 34 737.5006 18.339216
7864 37 785.36426 18.496727
7864 37 785.36426 18.496727
7865 37 789.4924 21.403328
7865 37 789.4924 21.403328
7866 37 788.6799 16.882399
7866 37 788.6799 16.882399
7869 34 736.5701 26.071022
7869 34 736.5701 26.071022
7871 27 585.6041 44.571068
7871 27 585.6041 44.571068
7877 36 782.2882 18.751026
7877 36 782.2882 18.751026
7879 46 991.62286 18.675638
7879 46 991.62286 18.675638
7894 27 586.0745 47.744846
7894 27 586.0745 47.744846
7895 27 585.71313 50.53516
7895 27 585.71313 50.53516
7896 27 584.1947 46.778496
7896 27 584.1947 46.778496
7909 27 587.50555 45.60729
7909 27 587.50555 45.60729
7910 27 587.8216 53.321968
7910 27 587.8216 53.321968
7912 27 589.38434 48.782047
7912 27 589.38434 48.782047
7913 27 587.82324 48.634735
7913 27 587.82324 48.634735
7914 27 586.22705 42.704033
7914 27 586.22705 42.704033
7916 27 586.15063 28.733864
7916 27 586.15063 28.733864
7921 27 588.5917 29.833649
7921 27 588.5917 29.833649
7922 27 587.3277 32.565624
7922 27 587.3277 32.565624
7925 27 585.8187 33.983723
7925 27 585.8187 33.983723
7926 27 583.73627 35.981903
7926 27 583.73627 35.981903
7927 27 583.56976 37.36293
7927 27 583.56976 37.36293
7928 27 585.1361 42.56439
7928 27 585.1361 42.56439
7929 27 588.84595 46.25202
7929 27 588.84595 46.25202
7930 27 589.10046 49.488968
7930 27 589.10046 49.488968
7931 27 588.2773 47.009033
7931 27 588.2773 47.009033
7932 27 589.35535 38.65293
7932 27 589.35535 38.65293
7933 27 588.18286 42.96489
7933 27 588.18286 42.96489
7934 27 587.95325 47.8294
7934 27 587.95325 47.8294
7935 27 589.45123 50.48439
7935 27 589.45123 50.48439
7936 27 588.73584 52.69506
7936 27 588.73584 52.69506
7937 27 586.5454 58.79938
7937 27 586.5454 58.79938
7938 27 585.5499 59.594063
7938 27 585.5499 59.594063
7939 27 585.55865 47.651363
7939 27 585.55865 47.651363
7940 27 588.0513 36.695663
7940 27 588.0513 36.695663
7941 27 588.7871 33.41115
7941 27 588.7871 33.41115
7942 27 585.13995 33.877354
7942 27 585.13995 33.877354
7943 27 589.241 40.486446
7943 27 589.241 40.486446
7944 27 590.25757 51.852856
7944 27 590.25757 51.852856
7945 27 586.9602 52.77833
7945 27 586.9602 52.77833
7946 27 585.22736 57.69813
7946 27 585.22736 57.69813
7947 27 587.5444 55.82602
7947 27 587.5444 55.82602
7948 27 586.7262 50.50676
7948 27 586.7262 50.50676
7949 27 589.33093 49.427605
7949 27 589.33093 49.427605
7950 27 586.99316 49.727833
7950 27 586.99316 49.727833
7951 27 585.5789 45.304474
7951 27 585.5789 45.304474
7952 27 586.7364 42.10543
7952 27 586.7364 42.10543
7953 27 585.11566 39.98844
7953 27 585.11566 39.98844
7954 27 587.17365 44.676704
7954 27 587.17365 44.676704
7955 27 587.57465 49.411766
7955 27 587.57465 49.411766
7956 27 588.9749 49.66062
7956 27 588.9749 49.66062
7957 27 590.7696 48.555935
7957 27 590.7696 48.555935
7958 27 589.41113 54.52942
7958 27 589.41113 54.52942
7959 27 587.1764 62.179
7959 27 587.1764 62.179
7960 27 586.3164 60.20764
7960 27 586.3164 60.20764
7961 27 586.89667 55.615818
7961 27 586.89667 55.615818
7962 27 584.61066 46.839657
7962 27 584.61066 46.839657
7963 27 585.4851 46.684113
7963 27 585.4851 46.684113
7964 27 586.52673 44.11291
7964 27 586.52673 44.11291
7965 27 586.7856 35.14048
7965 27 586.7856 35.14048
7966 27 586.44867 37.906116
7966 27 586.44867 37.906116
7967 27 588.2902 41.161137
7967 27 588.2902 41.161137
7968 27 586.71686 44.942078
7968 27 586.71686 44.942078
7969 27 586.6839 51.09003
7969 27 586.6839 51.09003
7971 27 589.09656 51.424347
7971 27 589.09656 51.424347
7972 27 587.96924 55.52091
7972 27 587.96924 55.52091
7973 27 584.5634 42.316353
7973 27 584.5634 42.316353
7974 27 580.20764 30.863237
7974 27 580.20764 30.863237
7975 27 586.98627 30.416798
7975 27 586.98627 30.416798
7976 27 591.008 36.374664
7976 27 591.008 36.374664
7977 27 586.4401 47.736343
7977 27 586.4401 47.736343
7978 27 586.4071 57.342186
7978 27 586.4071 57.342186
7979 27 584.1463 38.682014
7979 27 584.1463 38.682014
7983 37 792.29926 18.468752
7983 37 792.29926 18.468752
8007 37 788.80145 19.585316
8007 37 788.80145 19.585316
8013 46 990.065 45.029182
8013 46 990.065 45.029182
8014 46 990.3768 38.683865
8014 46 990.3768 38.683865
8015 46 991.63556 33.324368
8015 46 991.63556 33.324368
8085 36 789.60004 56.498703
8085 36 789.60004 56.498703
8086 36 779.3311 64.2882
8086 36 779.3311 64.2882
8090 36 781.05145 51.767048
8090 36 781.05145 51.767048
8099 36 778.7985 49.300823
8099 36 778.7985 49.300823
8103 36 778.382 55.589897
8103 36 778.382 55.589897
8107 36 756.3849 52.869865
8107 36 756.3849 52.869865
8127 41 882.5539 48.41072
8127 41 882.5539 48.41072
8129 37 788.6745 39.839596
8129 37 788.6745 39.839596
8146 41 879.6969 73.39506
8146 41 879.6969 73.39506
8162 41 889.586 50.598183
8162 41 889.586 50.598183
8177 46 991.57684 65.60718
8177 46 991.57684 65.60718
8178 46 991.8491 59.618267
8178 46 991.8491 59.618267
8179 46 991.18604 48.739517
8179 46 991.18604 48.739517
8184 46 989.29913 30.993345
8184 46 989.29913 30.993345
8186 41 869.4499 27.13757
8186 41 869.4499 27.13757
8188 46 988.1271 35.226448
8188 46 988.1271 35.226448
8189 46 990.55804 47.42644
8189 46 990.55804 47.42644
8190 46 992.37415 47.222218
8190 46 992.37415 47.222218
8191 46 993.4482 29.939707
8191 46 993.4482 29.939707
8192 41 879.8462 51.8796
8192 41 879.8462 51.8796
8193 37 789.96136 31.272799
8193 37 789.96136 31.272799
8194 37 788.9171 30.86714
8194 37 788.9171 30.86714
8199 41 886.6153 39.1977
8199 41 886.6153 39.1977
8200 41 888.16736 32.3704
8200 41 888.16736 32.3704
8201 41 882.4101 31.292494
8201 41 882.4101 31.292494
8207 41 888.4588 26.603209
8207 41 888.4588 26.603209
8208 41 880.41254 32.62688
8208 41 880.41254 32.62688
8210 31 666.91016 19.115396
8210 31 666.91016 19.115396
8212 41 874.51764 22.545527
8212 41 874.51764 22.545527
8213 41 885.71375 22.593996
8213 41 885.71375 22.593996
8214 41 887.54016 29.268478
8214 41 887.54016 29.268478
8215 41 897.9393 34.454823
8215 41 897.9393 34.454823
8216 41 887.22894 41.209675
8216 41 887.22894 41.209675
8217 46 992.0794 25.784685
8217 46 992.0794 25.784685
8219 41 882.3984 26.3275
8219 41 882.3984 26.3275
8221 46 993.71747 20.402676
8221 46 993.71747 20.402676
8222 41 881.0126 34.28493
8222 41 881.0126 34.28493
8223 46 994.449 26.766884
8223 46 994.449 26.766884
8224 46 984.64923 39.45287
8224 46 984.64923 39.45287
8225 46 989.6402 43.91749
8225 46 989.6402 43.91749
8226 41 883.0962 40.54349
8226 41 883.0962 40.54349
8227 46 987.0996 39.891785
8227 46 987.0996 39.891785
8228 46 989.07446 45.793053
8228 46 989.07446 45.793053
8229 46 990.2851 50.05967
8229 46 990.2851 50.05967
8230 46 990.5171 48.109325
8230 46 990.5171 48.109325
8231 46 990.90796 42.500805
8231 46 990.90796 42.500805
8233 41 889.4608 24.735714
8233 41 889.4608 24.735714
8234 41 883.64954 26.094313
8234 41 883.64954 26.094313
8235 41 884.52216 31.638258
8235 41 884.52216 31.638258
8236 46 991.58185 34.85916
8236 46 991.58185 34.85916
8237 41 882.6845 39.98185
8237 41 882.6845 39.98185
8240 41 884.77924 39.242504
8240 41 884.77924 39.242504
8241 41 884.80884 39.708916
8241 41 884.80884 39.708916
8242 41 891.26965 35.543922
8242 41 891.26965 35.543922
8243 41 888.43774 31.864498
8243 41 888.43774 31.864498
8244 46 991.16144 31.716452
8244 46 991.16144 31.716452
8247 46 983.9753 35.489395
8247 46 983.9753 35.489395
8248 41 885.80493 28.931423
8248 41 885.80493 28.931423
8249 37 788.36426 19.762486
8249 37 788.36426 19.762486
8250 46 992.11115 38.205772
8250 46 992.11115 38.205772
8251 46 982.8273 52.699554
8251 46 982.8273 52.699554
8252 37 786.3243 23.935163
8252 37 786.3243 23.935163
8253 46 994.84357 31.862438
8253 46 994.84357 31.862438
8254 37 789.3202 27.938534
8254 37 789.3202 27.938534
8256 46 989.8107 45.23944
8256 46 989.8107 45.23944
8257 46 986.0591 47.16569
8257 46 986.0591 47.16569
8258 45 978.10425 29.065002
8258 45 978.10425 29.065002
8259 46 988.5185 21.10679
8259 46 988.5185 21.10679
8260 46 995.02106 27.600574
8260 46 995.02106 27.600574
8261 41 881.71405 27.933455
8261 41 881.71405 27.933455
8262 37 790.73474 25.955658
8262 37 790.73474 25.955658
8264 46 977.9876 41.15464
8264 46 977.9876 41.15464
8265 46 985.32587 59.949116
8265 46 985.32587 59.949116
8266 46 991.96747 54.139183
8266 46 991.96747 54.139183
8267 46 985.2459 52.437244
8267 46 985.2459 52.437244
8268 36 786.8809 33.885414
8268 36 786.8809 33.885414
8273 36 769.29407 30.415056
8273 36 769.29407 30.415056
8274 45 974.6277 45.233982
8274 45 974.6277 45.233982
8275 45 975.59656 50.611576
8275 45 975.59656 50.611576
8278 46 986.9964 50.349724
8278 46 986.9964 50.349724
8284 45 976.05334 49.127285
8284 45 976.05334 49.127285
8288 36 785.4163 26.178514
8288 36 785.4163 26.178514
8291 45 975.4612 56.567505
8291 45 975.4612 56.567505
8292 45 972.2609 28.122252
8292 45 972.2609 28.122252
8293 31 670.8466 21.283772
8293 31 670.8466 21.283772
8295 45 974.973 41.718525
8295 45 974.973 41.718525
8300 46 986.40826 43.216663
8300 46 986.40826 43.216663
8301 46 996.93396 27.786781
8301 46 996.93396 27.786781
8302 46 986.23285 50.00813
8302 46 986.23285 50.00813
8306 46 996.41833 39.228706
8306 46 996.41833 39.228706
8307 46 985.9411 55.73924
8307 46 985.9411 55.73924
8308 46 989.93634 26.66088
8308 46 989.93634 26.66088
8309 45 967.9722 26.57866
8309 45 967.9722 26.57866
8312 46 982.65717 49.26311
8312 46 982.65717 49.26311
8316 46 989.75464 42.068436
8316 46 989.75464 42.068436
8317 31 664.1957 30.81634
8317 31 664.1957 30.81634
8318 36 783.72156 47.361366
8318 36 783.72156 47.361366
8321 45 975.0031 21.188698
8321 45 975.0031 21.188698
8323 36 765.6846 29.976456
8323 36 765.6846 29.976456
8324 36 781.711 51.840645
8324 36 781.711 51.840645
8325 37 787.2677 53.598324
8325 37 787.2677 53.598324
8326 36 784.2368 54.089508
8326 36 784.2368 54.089508
8328 36 769.8587 35.056843
8328 36 769.8587 35.056843
8329 36 781.50476 37.775562
8329 36 781.50476 37.775562
8332 36 769.91455 36.611237
8332 36 769.91455 36.611237
8333 36 777.9289 41.87589
8333 36 777.9289 41.87589
8337 36 783.87415 41.33927
8337 36 783.87415 41.33927
8339 46 992.5346 48.50837
8339 46 992.5346 48.50837
8340 46 989.63654 46.78879
8340 46 989.63654 46.78879
8341 46 990.39435 47.320145
8341 46 990.39435 47.320145
8342 46 987.59314 41.265427
8342 46 987.59314 41.265427
8343 36 780.9608 47.56878
8343 36 780.9608 47.56878
8347 37 790.5051 36.142647
8347 37 790.5051 36.142647
8348 36 788.1771 54.898396
8348 36 788.1771 54.898396
8349 36 782.5331 50.766827
8349 36 782.5331 50.766827
8350 46 994.4661 25.219275
8350 46 994.4661 25.219275
8351 46 992.0653 37.845768
8351 46 992.0653 37.845768
8352 46 992.17303 38.556454
8352 46 992.17303 38.556454
8357 37 787.8505 33.819874
8357 37 787.8505 33.819874
8358 37 788.55096 30.743095
8358 37 788.55096 30.743095
8359 36 785.9268 36.486294
8359 36 785.9268 36.486294
8364 36 780.5915 40.053955
8364 36 780.5915 40.053955
8365 36 785.59454 38.69591
8365 36 785.59454 38.69591
8366 36 785.6127 39.220913
8366 36 785.6127 39.220913
8369 36 787.5163 33.494225
8369 36 787.5163 33.494225
8370 36 781.60815 35.09371
8370 36 781.60815 35.09371
8373 37 789.2803 45.5793
8373 37 789.2803 45.5793
8374 37 788.4568 38.38618
8374 37 788.4568 38.38618
8376 46 991.4012 37.845673
8376 46 991.4012 37.845673
8377 46 991.6593 35.795345
8377 46 991.6593 35.795345
8378 41 880.2563 50.370327
8378 41 880.2563 50.370327
8379 46 988.6254 32.234432
8379 46 988.6254 32.234432
8381 41 876.0037 55.594208
8381 41 876.0037 55.594208
8385 41 886.41296 42.238865
8385 41 886.41296 42.238865
8386 41 879.6372 48.197365
8386 41 879.6372 48.197365
8387 34 735.77 32.87458
8387 34 735.77 32.87458
8388 41 877.1265 49.150635
8388 41 877.1265 49.150635
8389 41 879.0206 68.03294
8389 41 879.0206 68.03294
8391 40 855.11584 27.18031
8391 40 855.11584 27.18031
8392 41 877.66156 36.87904
8392 41 877.66156 36.87904
8393 41 890.78955 39.227478
8393 41 890.78955 39.227478
8396 41 881.4951 61.198647
8396 41 881.4951 61.198647
8397 41 881.2788 59.489952
8397 41 881.2788 59.489952
8399 37 787.6101 41.91968
8399 37 787.6101 41.91968
8401 41 887.8054 48.90577
8401 41 887.8054 48.90577
8403 46 990.5461 62.353153
8403 46 990.5461 62.353153
8404 46 992.33545 63.616787
8404 46 992.33545 63.616787
8405 46 990.34863 52.767876
8405 46 990.34863 52.767876
8406 46 989.86487 35.691254
8406 46 989.86487 35.691254
8407 41 876.70917 43.955845
8407 41 876.70917 43.955845
8409 46 989.7506 41.745937
8409 46 989.7506 41.745937
8411 41 889.2576 18.858036
8411 41 889.2576 18.858036
8413 46 991.24567 38.84555
8413 46 991.24567 38.84555
8414 46 991.6733 45.341213
8414 46 991.6733 45.341213
8415 46 992.09955 35.676807
8415 46 992.09955 35.676807
8416 40 870.6808 26.791023
8416 40 870.6808 26.791023
8418 46 986.71155 29.794497
8418 46 986.71155 29.794497
8419 41 873.4221 38.45357
8419 41 873.4221 38.45357
8420 41 883.3105 41.534332
8420 41 883.3105 41.534332
8421 41 881.60175 46.755726
8421 41 881.60175 46.755726
8423 41 866.2728 29.539322
8423 41 866.2728 29.539322
8424 41 881.86536 53.65249
8424 41 881.86536 53.65249
8427 41 881.37225 37.493793
8427 41 881.37225 37.493793
8428 37 789.9091 23.56552
8428 37 789.9091 23.56552
8429 46 992.79395 28.636717
8429 46 992.79395 28.636717
8430 46 991.5221 31.89499
8430 46 991.5221 31.89499
8431 46 992.4947 26.615213
8431 46 992.4947 26.615213
8434 46 998.3239 23.458609
8434 46 998.3239 23.458609
8435 37 791.36804 18.192062
8435 37 791.36804 18.192062
8436 41 877.71185 24.734545
8436 41 877.71185 24.734545
8437 41 886.1364 23.6036
8437 41 886.1364 23.6036
8438 40 869.3308 22.935658
8438 40 869.3308 22.935658
8439 46 991.5159 26.485096
8439 46 991.5159 26.485096
8440 46 990.8885 30.402792
8440 46 990.8885 30.402792
8441 46 990.71313 34.146404
8441 46 990.71313 34.146404
8442 46 991.69305 28.99079
8442 46 991.69305 28.99079
8443 37 788.5936 29.654732
8443 37 788.5936 29.654732
8446 37 788.4514 30.6387
8446 37 788.4514 30.6387
8447 37 788.38214 30.586275
8447 37 788.38214 30.586275
8448 37 787.4397 28.071497
8448 37 787.4397 28.071497
8450 41 878.8565 28.107338
8450 41 878.8565 28.107338
8451 37 788.43994 27.579021
8451 37 788.43994 27.579021
8452 46 988.37634 25.212166
8452 46 988.37634 25.212166
8455 40 867.4944 27.775747
8455 40 867.4944 27.775747
8456 41 877.8557 26.960083
8456 41 877.8557 26.960083
8457 41 880.9451 26.281544
8457 41 880.9451 26.281544
8461 41 883.4337 29.135515
8461 41 883.4337 29.135515
8464 41 879.48535 26.010092
8464 41 879.48535 26.010092
8465 41 882.26984 32.71557
8465 41 882.26984 32.71557
8467 41 884.41034 34.673702
8467 41 884.41034 34.673702
8469 41 889.2591 29.952213
8469 41 889.2591 29.952213
8470 40 867.6978 24.77131
8470 40 867.6978 24.77131
8471 41 894.47064 49.895824
8471 41 894.47064 49.895824
8472 41 881.08276 24.235237
8472 41 881.08276 24.235237
8473 40 881.4153 19.654852
8473 40 881.4153 19.654852
8474 40 867.7532 34.61001
8474 40 867.7532 34.61001
8476 41 877.34106 30.818903
8476 41 877.34106 30.818903
8477 41 880.778 31.356827
8477 41 880.778 31.356827
8479 40 865.65454 36.76287
8479 40 865.65454 36.76287
8481 41 882.45715 44.840076
8481 41 882.45715 44.840076
8482 46 989.0373 43.230766
8482 46 989.0373 43.230766
8483 41 893.009 52.72292
8483 41 893.009 52.72292
8486 40 860.9261 28.595888
8486 40 860.9261 28.595888
8487 40 865.3941 29.474554
8487 40 865.3941 29.474554
8490 46 987.9279 36.412807
8490 46 987.9279 36.412807
8491 46 991.3853 36.88573
8491 46 991.3853 36.88573
8492 46 989.63794 29.353264
8492 46 989.63794 29.353264
8493 40 865.4619 31.597889
8493 40 865.4619 31.597889
8494 40 861.03925 38.571907
8494 40 861.03925 38.571907
8498 40 864.06476 41.22194
8498 40 864.06476 41.22194
8502 46 992.04895 43.730896
8502 46 992.04895 43.730896
8508 46 993.1025 57.146168
8508 46 993.1025 57.146168
8509 45 978.4098 46.910984
8509 45 978.4098 46.910984
8512 45 968.57745 22.643555
8512 45 968.57745 22.643555
8518 46 987.4825 48.18693
8518 46 987.4825 48.18693
8521 46 984.86566 40.585583
8521 46 984.86566 40.585583
8522 46 987.37274 53.015167
8522 46 987.37274 53.015167
8523 46 984.58673 45.170326
8523 46 984.58673 45.170326
8525 46 989.7447 50.583958
8525 46 989.7447 50.583958
8526 46 991.08923 86.2704
8526 46 991.08923 86.2704
8527 46 986.33185 59.087585
8527 46 986.33185 59.087585
8528 46 993.6018 45.56559
8528 46 993.6018 45.56559
8529 46 993.04114 34.924946
8529 46 993.04114 34.924946
8530 45 971.3358 60.788055
8530 45 971.3358 60.788055
8531 46 984.3077 34.5243
8531 46 984.3077 34.5243
8532 46 992.22656 25.786781
8532 46 992.22656 25.786781
8534 45 972.8479 51.384815
8534 45 972.8479 51.384815
8535 45 969.90436 29.320036
8535 45 969.90436 29.320036
8537 45 964.746 25.167356
8537 45 964.746 25.167356
8538 45 969.20526 29.073587
8538 45 969.20526 29.073587
8539 45 968.3208 44.1629
8539 45 968.3208 44.1629
8542 45 967.48016 35.85133
8542 45 967.48016 35.85133
8543 45 972.2525 55.55732
8543 45 972.2525 55.55732
8546 45 969.7069 45.48761
8546 45 969.7069 45.48761
8547 45 975.0133 49.57256
8547 45 975.0133 49.57256
8549 45 968.2758 27.756165
8549 45 968.2758 27.756165
8550 45 971.07935 33.07348
8550 45 971.07935 33.07348
8551 35 748.1694 19.419996
8551 35 748.1694 19.419996
8559 45 973.4749 29.940723
8559 45 973.4749 29.940723
8562 45 972.0273 23.05456
8562 45 972.0273 23.05456
8563 45 970.6165 26.704962
8563 45 970.6165 26.704962
8565 46 991.799 14.866088
8565 46 991.799 14.866088
8567 46 982.8593 17.544834
8567 46 982.8593 17.544834
8583 35 746.8227 26.832891
8583 35 746.8227 26.832891
