Event Bin Frequency Volume
0 36 775.1953 16.17305
0 75 1614.9902 21.625319
0 140 3014.6484 8.781217
0 217 4672.705 4.3100414
0 252 5426.367 4.208678
0 286 6158.496 3.2339635
0 356 7665.8203 2.9075763
1 18 396.36047 34.116558
1 54 1167.5361 8.154762
1 101 2170.2742 4.8739767
1 178 3831.405 4.4142513
1 205 4414.6235 4.374875
1 242 5217.157 2.833888
1 307 6611.953 3.0967088
1 330 7089.5347 3.6725142
2 36 778.9369 10.578574
2 72 1554.3546 6.801809
2 114 2458.4092 4.4119573
2 163 3527.5015 4.07857
2 190 4089.64 3.689638
2 256 5499.8022 3.2873418
2 289 6226.6675 3.354051
2 357 7686.626 2.776425
3 41 879.936 11.193459
3 73 1567.7467 8.764583
3 123 2650.1787 6.1722736
3 171 3680.0571 4.234248
3 195 4210.264 3.5272655
3 236 5073.4956 4.4039693
3 318 6843.521 3.307272
3 360 7766.8813 3.9646344
4 41 889.932 11.714727
4 61 1312.6984 14.092542
4 100 2152.8687 5.8398476
4 156 3369.9395 4.0938416
4 197 4260.278 3.6734345
4 238 5126.6445 3.104701
4 298 6412.5996 2.6083093
4 333 7171.0737 2.679074
5 40 871.5236 6.2115192
5 63 1341.8906 9.1706505
5 113 2429.8687 3.089115
5 155 3345.7654 4.588041
5 198 4243.3696 7.940435
5 263 5666.051 6.6278434
5 304 6536.205 5.506068
5 330 7108.6113 3.8104823
6 28 595.5417 8.64408
6 49 1055.7751 5.0458107
6 104 2240.2307 4.2413044
6 172 3684.4778 7.1009936
6 192 4154.0576 10.605128
6 236 5086.7466 7.2301893
6 283 6094.653 5.1295567
6 329 7072.4966 6.3978934
7 27 601.5347 10.912059
7 61 1309.9141 7.835732
7 124 2670.8657 7.922981
7 167 3597.3843 9.776782
7 192 4130.541 9.786553
7 236 5079.879 9.599756
7 284 6105.0605 8.321521
7 329 7082.4 5.895656
8 41 883.3017 11.868
8 62 1337.1873 10.556785
8 132 2832.5742 7.337026
8 185 3962.8923 8.813274
8 213 4605.0776 5.0389533
8 236 5074.623 7.1219683
8 300 6473.2856 6.2648993
8 361 7769.324 3.2045481
9 54 1159.6987 7.3169594
9 98 2114.201 4.6949735
9 167 3594.591 13.834731
9 207 4470.368 8.661655
9 249 5355.636 6.8403807
9 283 6094.768 6.566689
9 341 7341.089 5.486613
10 42 903.50226 8.138844
10 62 1349.1534 11.934685
10 101 2175.0571 6.216636
10 166 3573.919 11.304871
10 188 4051.452 2.9440863
10 236 5075.023 5.3398023
10 309 6653.621 4.972524
10 329 7094.599 3.2227664
11 27 583.3845 9.770084
11 61 1310.5186 10.11023
11 99 2134.5454 9.31316
11 174 3739.409 4.845079
11 195 4193.3813 3.935344
11 244 5254.642 4.6376243
11 308 6639.349 3.4011223
11 340 7326.2993 3.3288374
12 41 888.0543 13.1697035
12 76 1634.2706 5.873787
12 99 2135.1033 33.15282
12 149 3212.7803 6.5970926
12 223 4809.4995 5.363187
12 254 5475.6235 3.9929361
12 290 6252.1484 4.334737
12 337 7273.692 2.66041
13 62 1354.8164 12.959749
13 99 2131.8848 34.843315
13 147 3177.3384 8.308606
13 196 4225.458 4.0839143
13 236 5091.739 4.003043
13 299 6426.6387 2.8105748
13 346 7443.2563 3.311755
14 34 727.86255 20.463314
14 97 2068.9548 16.564486
14 145 3109.5967 9.72557
14 205 4409.7544 4.106992
14 262 5641.633 4.303964
14 316 6811.654 3.570422
14 351 7554.8555 2.8791385
15 34 736.4629 15.142598
15 73 1566.0516 5.523843
15 97 2083.8499 19.773645
15 145 3123.1174 5.4997444
15 201 4320.0264 3.2999923
15 254 5470.065 2.8442736
15 295 6345.0337 3.5436552
15 350 7552.59 3.7972698
16 27 580.6139 7.896836
16 61 1329.3141 6.273481
16 97 2084.2854 9.573914
16 162 3490.4673 4.5586696
16 213 4579.0923 3.8171222
16 243 5237.9907 4.5864844
16 281 6043.3145 3.6647792
16 371 7985.9834 2.9606607
17 35 742.18823 11.254568
17 62 1330.0754 9.584167
17 113 2426.3328 6.221917
17 162 3487.2615 5.2272105
17 191 4108.38 3.3136957
17 253 5443.052 3.5296288
17 287 6182.5317 3.9074562
17 328 7078.464 2.0554762
18 27 579.8309 24.942991
18 51 1088.4999 5.6070395
18 95 2041.8588 11.749107
18 156 3362.156 4.492898
18 202 4348.409 3.9356294
18 253 5456.9287 2.855174
18 289 6227.8833 3.0811286
18 339 7306.0234 3.4919024
19 28 590.2412 19.093094
19 62 1329.0994 6.5908065
19 97 2085.988 15.080364
19 166 3553.0159 3.2906005
19 199 4283.075 4.054601
19 236 5085.1646 3.866956
19 286 6167.882 2.5927339
19 348 7493.212 3.0300596
20 28 594.2485 23.148623
20 55 1185.7754 9.52171
20 96 2081.2388 22.13054
20 153 3291.875 3.4245772
20 213 4587.7104 2.9045024
20 260 5603.7993 3.7412403
20 288 6204.884 3.1734114
20 351 7555.752 2.5716927
21 34 738.371 13.04868
21 55 1179.3721 5.484741
21 95 2058.702 23.501629
21 167 3597.8867 4.4893074
21 223 4795.995 3.4703875
21 245 5291.521 3.4468117
21 302 6501.22 4.6250553
21 343 7386.4487 2.5053022
22 41 877.3268 12.766607
22 95 2048.8428 22.353848
22 183 3936.165 4.024106
22 211 4550.384 5.064264
22 264 5676.5835 3.4504826
22 311 6692.443 2.958468
22 343 7374.459 3.488247
23 41 876.85516 14.001116
23 61 1308.5419 6.705965
23 95 2050.3733 17.146357
23 146 3143.2964 4.3597555
23 193 4167.7983 3.5619555
23 240 5168.5054 3.8823478
23 285 6137.5093 2.9487472
23 356 7668.388 2.4947624
24 41 882.86115 18.558575
24 82 1763.5068 20.015907
24 123 2647.3647 8.39149
24 144 3119.6978 4.936654
24 209 4499.676 2.7838743
24 240 5159.1826 3.0456583
24 332 7150.8154 3.4387023
25 55 1178.0164 13.053973
25 109 2350.9639 8.509888
25 176 3791.3845 4.8502603
25 206 4451.656 3.63848
25 271 5837.8174 3.0077431
25 302 6516.8867 3.4359372
25 338 7276.183 4.7706823
26 54 1177.2407 14.713719
26 123 2651.8135 8.070615
26 143 3080.5654 4.3770027
26 205 4426.4326 3.6208355
26 238 5111.3735 2.9088762
26 285 6129.5 4.3423014
26 360 7756.4814 2.5166283
27 27 586.347 40.763657
27 54 1169.5436 16.22953
27 108 2336.046 8.251336
27 150 3238.0955 3.1014202
27 186 4000.876 3.6010926
27 255 5481.5415 3.3913164
27 294 6319.731 2.9635541
27 355 7643.523 2.5772324
28 27 585.1557 46.444004
28 54 1171.6542 17.695093
28 109 2342.2754 7.426336
28 163 3514.0103 3.7795148
28 205 4419.669 4.3176193
28 237 5104.4316 3.516889
28 296 6379.657 3.582445
28 345 7423.1777 2.9115422
29 27 586.87805 34.110294
29 55 1174.842 22.850033
29 102 2202.8745 5.878663
29 164 3527.9949 6.0239663
29 205 4414.9385 5.2249603
29 249 5371.2725 4.876237
29 281 6047.301 3.2344325
29 338 7276.8345 2.5800958
30 55 1174.8861 24.285427
30 109 2352.3474 6.7544136
30 155 3325.13 3.7687585
30 222 4779.8013 3.8891702
30 255 5483.142 4.136536
30 282 6077.411 3.2325141
30 328 7054.667 2.7664778
31 54 1173.5732 25.981556
31 109 2348.7837 6.9379478
31 185 3969.2913 3.7624907
31 211 4525.417 4.4383883
31 232 5003.56 3.496199
31 280 6031.273 3.9726088
31 339 7295.4453 3.257432
32 27 585.5662 45.66344
32 54 1170.6711 26.40753
32 101 2182.5735 7.190632
32 172 3707.8367 3.5867927
32 203 4374.0815 3.572603
32 254 5453.013 3.5020027
32 299 6434.4287 2.7980661
32 349 7500.058 3.1267185
33 27 585.4323 40.9178
33 54 1168.5662 23.77855
33 95 2051.027 4.457473
33 156 3357.8481 2.8955615
33 196 4216.4644 2.660946
33 236 5074.6865 3.5537546
33 288 6204.645 3.1249096
33 357 7690.8584 2.5931213
34 54 1172.2225 29.28372
34 108 2314.9111 2.5247886
34 154 3330.619 5.084691
34 190 4079.641 4.1359706
34 238 5132.9873 2.516832
34 287 6197.942 3.4055588
34 325 7005.1807 3.6906166
35 55 1174.428 34.551258
35 137 2953.3398 6.9263945
35 168 3613.456 3.9950705
35 205 4406.7153 3.9569097
35 237 5110.055 2.7898998
35 310 6675.0337 3.8378048
35 352 7570.586 2.6421387
36 55 1178.1128 48.318504
36 104 2247.599 4.3410444
36 164 3531.958 4.274456
36 203 4380.598 4.298228
36 266 5720.796 3.0823588
36 301 6478.752 3.6853833
36 353 7588.885 2.019116
37 27 587.1983 28.808813
37 55 1177.1458 51.251358
37 102 2206.5874 5.7373576
37 161 3469.6309 4.163943
37 229 4930.205 3.6005943
37 261 5623.9297 3.1839335
37 298 6404.4653 3.1994658
37 333 7176.8022 2.8107316
38 27 588.26855 26.210949
38 55 1176.4576 49.85339
38 122 2643.5671 3.9589918
38 170 3658.169 3.6072402
38 209 4480.3433 3.320256
38 245 5284.27 4.7002854
38 285 6135.848 3.5740209
38 364 7845.025 2.6415641
39 27 590.5935 28.445883
39 55 1176.5938 57.32213
39 109 2349.7466 5.072705
39 140 3014.6519 4.202226
39 206 4445.8716 3.8529928
39 247 5336.6025 4.438391
39 305 6563.512 4.6624207
39 333 7157.336 3.4664476
40 27 589.3617 30.94428
40 55 1179.362 61.007732
40 113 2431.301 6.4464345
40 182 3921.6597 3.9244561
40 205 4421.558 3.3622427
40 239 5159.623 3.365825
40 298 6425.8174 2.7743156
40 333 7172.177 2.6556582
41 27 587.2988 25.122065
41 55 1177.4323 58.080036
41 102 2192.2844 4.820452
41 153 3306.973 5.315702
41 186 4004.0996 4.0618377
41 233 5015.073 3.3174293
41 294 6323.373 2.1615348
41 333 7171.363 3.1405613
42 27 587.66 24.819674
42 54 1173.7472 52.30509
42 112 2419.009 3.4867735
42 163 3518.576 4.0278535
42 197 4262.984 3.8847766
42 233 5023.9116 3.0391967
42 303 6531.1504 2.8914275
42 327 7038.5317 3.0702024
43 27 586.2782 26.724089
43 54 1170.4692 44.392536
43 104 2241.563 4.3178782
43 187 4025.274 4.3286605
43 243 5239.4707 3.2815032
43 310 6675.95 3.709105
43 384 8262.289 2.631992
44 27 587.08386 22.582827
44 55 1173.7043 48.55386
44 139 2996.2393 4.1382914
44 161 3456.2986 4.984265
44 212 4561.654 2.9318762
44 234 5036.6255 3.2524388
44 294 6327.373 4.0594454
44 340 7322.5254 2.7076762
45 54 1172.8048 41.592606
45 101 2184.5947 5.728419
45 173 3710.6555 4.8381085
45 197 4237.3086 8.833698
45 267 5750.017 6.181913
45 341 7357.552 5.889678
46 32 689.7503 11.719895
46 54 1172.8547 44.354404
46 115 2480.0461 8.721952
46 145 3115.125 7.602371
46 199 4276.849 6.665555
46 299 6429.4463 7.3048897
46 343 7388.8726 5.9452624
47 27 587.5858 28.407152
47 55 1176.99 61.519978
47 116 2504.6516 5.656744
47 150 3234.6086 8.295037
47 229 4925.1265 6.346751
47 266 5730.488 7.734909
47 304 6542.248 5.9606934
47 330 7108.8037 3.9916897
48 33 704.8531 10.306
48 55 1178.9639 58.26911
48 94 2027.13 6.6272774
48 150 3241.2463 7.046109
48 213 4581.7246 4.8072724
48 233 5017.0005 3.9505854
48 301 6471.9077 3.631998
48 362 7810.0894 3.300375
49 54 1173.4552 52.44076
49 114 2474.8035 3.8315856
49 158 3395.8867 3.0720034
49 202 4345.494 5.4076633
49 235 5064.6997 4.370231
49 288 6221.1475 3.134233
49 347 7462.3237 2.946426
50 55 1173.548 54.32379
50 114 2458.9148 3.506156
50 155 3341.403 5.0078177
50 193 4141.679 4.7027664
50 249 5372.3594 2.7485309
50 293 6288.63 3.282724
50 344 7394.0303 3.525162
51 27 588.1981 29.08378
51 55 1176.0336 54.75089
51 101 2172.5237 3.4102838
51 155 3329.9922 6.112807
51 232 4985.386 3.6886878
51 272 5863.918 3.520593
51 302 6500.612 2.5172286
51 328 7070.3667 3.299572
52 27 584.8131 32.107586
52 54 1172.2565 56.347282
52 140 3002.1802 3.670854
52 196 4218.2363 4.3454075
52 237 5123.321 2.1522405
52 302 6505.83 2.9660652
52 327 7043.1533 2.771157
53 54 1169.2565 56.767654
53 152 3274.5217 4.4121733
53 203 4371.886 4.194879
53 252 5425.5815 3.7273417
53 287 6197.45 2.6370754
53 341 7335.641 3.4018836
54 55 1171.1171 54.680267
54 115 2487.4302 4.833767
54 165 3552.0947 4.511693
54 186 4007.496 3.8715603
54 238 5119.806 3.4875379
54 306 6593.2573 3.7267478
54 342 7359.37 3.1784563
55 55 1177.9131 61.773838
55 140 3005.8752 4.2290244
55 202 4355.565 4.0300765
55 247 5319.8394 4.3914795
55 281 6042.4253 3.9093263
55 354 7624.4316 3.4623048
56 54 1173.989 55.34154
56 125 2683.1145 5.3306804
56 155 3334.0232 4.8561454
56 203 4365.02 4.080111
56 241 5174.401 3.707356
56 282 6060.833 3.7036622
56 338 7284.106 3.6928205
57 55 1174.5586 60.57525
57 109 2346.542 4.318113
57 185 3996.8452 3.2065547
57 256 5527.252 3.604071
57 281 6052.7886 3.7045329
57 328 7064.455 3.105552
58 27 585.80475 26.91263
58 55 1174.3671 56.08276
58 113 2454.5151 5.624781
58 150 3230.7236 4.4737043
58 204 4377.438 2.9286687
58 263 5649.2935 4.896782
58 284 6120.1084 3.3784614
58 363 7822.335 2.8585083
59 55 1175.9725 58.672215
59 114 2440.4045 5.2159934
59 150 3231.7954 4.2823586
59 187 4036.7856 3.3027065
59 238 5143.083 3.9105806
59 302 6507.106 3.0991554
59 338 7275.9673 3.6850564
60 27 588.0027 28.377039
60 55 1176.9606 62.71874
60 103 2221.8677 5.665578
60 158 3394.7368 4.724351
60 186 4014.7095 5.39699
60 234 5040.0435 4.3659444
60 298 6399.7993 3.3264036
60 340 7338.4604 2.5538278
61 27 588.43243 28.28564
61 55 1176.4946 55.52283
61 124 2668.748 5.4338784
61 171 3662.4072 5.134689
61 205 4414.095 3.460894
61 258 5547.54 4.4725537
61 317 6826.758 3.1729944
61 340 7318.819 2.7737827
62 31 663.4035 14.135602
62 55 1174.4025 56.291767
62 103 2222.5342 6.046221
62 164 3521.1748 3.867149
62 191 4106.4976 2.6874819
62 260 5608.8667 3.6018548
62 288 6221.0566 4.1798987
62 339 7312.554 2.5898683
63 27 588.2087 23.466835
63 55 1175.2458 57.80844
63 102 2211.951 3.5169768
63 143 3099.6104 5.1077433
63 218 4698.4155 4.7811236
63 248 5318.7026 3.9582322
63 314 6776.9844 2.9195352
63 341 7332.157 2.5081365
64 27 586.2203 27.450613
64 55 1175.4705 63.390465
64 102 2195.772 4.7047987
64 151 3246.1829 5.3384056
64 219 4709.877 3.9003384
64 254 5467.962 2.8996923
64 315 6763.802 3.8225513
64 353 7615.6855 2.9392219
65 27 587.325 28.046722
65 54 1174.0945 63.691017
65 111 2388.3962 4.961476
65 150 3235.2769 5.2138014
65 206 4433.2803 3.0059977
65 243 5211.6973 2.6362135
65 290 6245.4546 3.248072
65 327 7040.081 4.5453386
66 54 1171.1978 59.424366
66 97 2090.6177 6.4567637
66 166 3569.1265 4.952564
66 207 4455.1646 3.5095997
66 241 5184.3438 4.079898
66 296 6389.764 2.997136
66 335 7218.0713 3.628411
67 55 1174.4406 60.71619
67 103 2217.2468 4.772131
67 162 3487.3816 4.4143543
67 192 4139.4517 3.902348
67 260 5609.4907 3.6068099
67 281 6051.8057 2.6390333
67 349 7512.678 2.9477606
68 27 590.9354 31.290537
68 55 1178.6019 42.459476
68 138 2965.0115 6.012913
68 163 3512.7344 2.714649
68 209 4487.9053 2.9217181
68 260 5596.5054 3.842668
68 298 6410.663 2.3373551
68 332 7148.881 3.1642587
69 27 588.7972 29.735748
69 54 1171.9116 15.5310135
69 135 2906.5728 4.3263416
69 163 3502.8381 4.58193
69 199 4274.963 3.6349382
69 244 5259.8257 3.4606743
69 308 6622.873 2.9052074
69 331 7112.073 3.3295875
70 40 870.3582 20.472507
70 62 1333.9724 6.6289086
70 113 2429.1472 5.0282407
70 155 3337.4194 4.3331065
70 189 4067.1938 3.9787827
70 256 5507.8804 3.7009645
70 279 6005.7783 4.966912
70 351 7556.8965 2.7259047
71 38 829.6297 11.712801
71 114 2434.7227 5.4728465
71 164 3529.0544 3.6816134
71 191 4117.517 4.359708
71 263 5671.757 3.293372
71 302 6499.0566 3.4802358
71 343 7373.3047 4.0610204
72 48 1027.8716 5.901953
72 109 2349.8184 4.3465834
72 145 3108.133 4.666998
72 196 4218.9854 3.618769
72 232 5014.727 3.038337
72 295 6342.3213 3.5735605
72 361 7758.2246 2.8166287
73 31 665.5839 9.305113
73 61 1322.5251 7.376342
73 111 2382.5261 4.126694
73 186 3997.7073 3.5879135
73 210 4511.002 2.8781338
73 254 5483.862 3.0072742
73 305 6571.9834 3.2127843
73 330 7105.9365 2.9403832
74 27 586.6973 10.558069
74 72 1540.6758 6.27215
74 96 2066.4507 5.2493696
74 144 3084.7178 4.517868
74 211 4538.9404 2.1951928
74 234 5029.415 3.347804
74 293 6309.49 3.4101632
74 350 7539.0776 3.5574648
75 23 483.45572 14.523516
75 51 1098.2367 6.9008455
75 106 2265.9114 3.9041243
75 156 3346.6948 4.560974
75 186 4001.3562 2.7457776
75 255 5492.61 4.5160823
75 283 6100.6074 3.7833977
75 326 7021.747 3.6600568
76 25 519.8357 37.936604
76 49 1040.8569 21.39503
76 111 2384.6338 4.202843
76 146 3141.2334 7.5918818
76 213 4598.1704 3.5803795
76 261 5630.3315 3.647813
76 340 7327.994 3.328527
77 25 535.3659 29.25072
77 50 1068.7517 57.249714
77 110 2378.0576 4.448628
77 148 3167.5156 9.044852
77 195 4205.93 3.0568347
77 251 5394.493 3.0545828
77 308 6635.6416 4.312361
77 364 7835.287 2.707931
78 49 1065.6348 35.864956
78 95 2057.7898 4.975266
78 148 3178.3496 7.5963397
78 201 4324.982 3.3741336
78 260 5613.0356 4.290316
78 288 6202.3203 3.3512387
78 368 7929.477 3.3517828
79 49 1064.7559 28.077457
79 111 2388.9941 6.094212
79 148 3188.584 9.24899
79 198 4262.9897 4.3543925
79 241 5189.6157 3.2782025
79 283 6089.5854 3.6533833
79 328 7073.6997 3.1611257
80 38 804.10474 20.01923
80 62 1340.5358 9.185544
80 93 2011.8549 4.7684784
80 148 3188.409 8.111742
80 220 4734.262 3.1040537
80 241 5190.332 3.3095253
80 298 6405.6357 3.030284
80 328 7061.641 3.6164997
81 52 1116.3289 22.48345
81 100 2151.9343 4.3822565
81 154 3324.4043 5.307959
81 198 4262.1616 3.7431698
81 262 5637.633 4.7764616
81 298 6419.7573 3.7886302
81 330 7113.75 2.8588638
82 41 882.2673 39.942734
82 69 1474.3145 7.974166
82 104 2255.6357 6.513417
82 155 3329.8103 5.226563
82 206 4448.36 3.4118721
82 233 5010.6377 2.4608505
82 290 6245.6465 2.5871158
82 355 7647.6924 2.5679011
83 55 1188.3098 41.476494
83 108 2317.8215 3.5876198
83 166 3570.4177 5.1549163
83 199 4289.0737 3.1146371
83 286 6159.502 3.8551595
83 352 7566.153 3.0152647
84 55 1191.9469 47.74289
84 102 2202.8604 4.275748
84 153 3273.4502 4.780181
84 195 4181.0625 2.6028893
84 238 5129.586 4.054803
84 292 6277.939 3.137209
84 342 7372.5435 2.5953317
85 55 1188.617 39.16687
85 113 2428.155 5.813744
85 151 3259.99 6.329161
85 197 4237.233 3.8039
85 286 6165.305 3.5120783
85 331 7135.56 4.1130824
86 55 1183.3734 40.492157
86 112 2428.9922 6.6607094
86 151 3253.3704 8.149093
86 208 4483.207 3.762191
86 265 5713.216 3.0567076
86 285 6151.261 2.8168871
86 378 8148.5737 2.165142
87 41 882.1865 40.814045
87 68 1468.2144 11.339758
87 102 2184.4495 6.6552672
87 150 3236.987 5.9005117
87 207 4459.916 4.52569
87 261 5623.469 4.614641
87 284 6111.2534 2.3549962
87 349 7514.8125 3.5700674
88 54 1168.1659 41.882946
88 111 2392.1685 5.5467024
88 149 3209.2605 7.203982
88 213 4571.8877 3.7209857
88 281 6046.6504 3.1846402
88 327 7029.615 2.794411
89 54 1169.7593 46.959892
89 102 2212.5642 5.9557333
89 150 3221.6812 8.162506
89 220 4725.2974 3.444833
89 245 5279.162 3.7156014
89 284 6109.3545 3.3408966
89 334 7193.481 3.8852842
90 54 1173.3301 48.45171
90 102 2194.658 4.530867
90 150 3227.5244 7.404927
90 208 4477.997 3.540571
90 257 5530.989 2.7299783
90 279 6012.5806 3.8133228
90 351 7544.941 3.1381335
91 54 1166.2168 34.670765
91 120 2578.6091 5.7335286
91 148 3191.1892 7.8546286
91 196 4226.7417 3.0157487
91 251 5410.219 2.7301726
91 313 6741.893 2.7262607
91 340 7337.1133 2.7026799
92 40 865.35004 30.572119
92 67 1441.4681 19.782925
92 119 2569.993 3.7207494
92 147 3177.6497 5.5585275
92 223 4803.2524 4.491419
92 247 5324.337 3.234159
92 341 7335.7495 2.5490448
93 40 865.3525 33.411003
93 67 1443.5302 18.147293
93 120 2577.8853 5.6544576
93 143 3092.898 3.2357247
93 200 4295.2705 2.1950917
93 258 5538.612 3.7024064
93 295 6344.0273 2.6038034
93 333 7174.6255 4.1026263
94 53 1149.1346 25.234594
94 121 2594.602 7.4920044
94 159 3428.9402 7.3745737
94 187 4026.339 5.522695
94 268 5778.2197 7.0061655
94 306 6599.169 4.819127
94 333 7168.1553 3.5331018
95 39 845.4566 23.271078
95 74 1590.6841 11.853545
95 95 2052.0122 5.614936
95 140 3010.1577 7.6010327
95 216 4630.4136 6.780509
95 240 5173.0215 7.707746
95 306 6594.323 5.86365
95 328 7058.571 4.2793903
96 38 833.25555 22.124607
96 62 1327.9128 7.1173124
96 111 2397.0588 4.743486
96 140 3015.4832 6.4100666
96 207 4439.1387 7.029781
96 267 5736.03 6.722576
96 330 7106.831 5.4446077
97 49 1065.0599 21.982536
97 93 2010.2465 5.0497274
97 166 3554.8845 5.540433
97 196 4216.6724 4.4200764
97 239 5127.228 4.1910996
97 302 6501.0625 4.2566547
97 332 7158.7583 4.3267307
98 48 1037.6917 25.400274
98 132 2840.1304 4.81048
98 159 3428.4045 4.7881103
98 235 5047.404 4.2157664
98 299 6434.5 3.3333256
98 327 7046.826 3.7640097
99 46 969.08826 16.188938
99 81 1740.5405 8.515825
99 101 2180.1458 5.479736
99 150 3236.426 3.9622946
99 194 4186.3965 3.128897
99 265 5717.328 3.4617941
99 298 6428.175 2.9577012
99 335 7215.2334 2.1744344
100 46 991.23773 15.132724
100 92 1980.093 7.560513
100 115 2471.225 5.215788
100 142 3055.8525 2.8515716
100 197 4224.136 4.253558
100 251 5398.1733 4.3068676
100 310 6675.9463 4.422824
100 342 7370.4507 2.5303793
101 35 741.48706 12.928233
101 57 1241.8159 6.7277937
101 101 2186.356 5.474647
101 151 3250.5862 3.479793
101 206 4445.795 2.9524488
101 263 5660.93 3.389285
101 296 6382.8325 3.350162
101 340 7305.735 2.2183757
102 28 586.3336 10.758742
102 56 1217.7156 7.6502757
102 114 2433.9111 5.650818
102 178 3812.7537 3.7395816
102 216 4647.1177 3.6614828
102 263 5660.9507 3.3186626
102 287 6189.489 2.6877766
102 327 7030.4077 4.275782
103 31 663.6738 12.06612
103 68 1460.3127 5.7212477
103 114 2460.4092 4.624943
103 171 3673.6821 4.493635
103 217 4669.4756 3.908025
103 242 5213.454 3.9061224
103 295 6348.101 3.9591243
103 329 7079.6733 2.6416633
104 23 497.2496 7.8568926
104 46 984.2569 7.3962116
104 69 1479.0645 4.8879557
104 126 2698.8164 4.70905
104 148 3193.9119 4.8713894
104 202 4367.6 3.5782297
104 241 5203.2036 4.3256903
104 286 6147.682 2.2946754
104 356 7683.4727 2.319884
105 30 648.15 6.178208
105 57 1231.5612 8.6232395
105 111 2396.3315 5.593208
105 184 3963.4324 3.2316964
105 205 4400.077 3.1596951
105 241 5193.5103 4.0203977
105 303 6523.8726 4.0254207
105 333 7172.163 2.9217339
106 34 724.35944 6.978738
106 58 1238.8358 7.9476438
106 115 2474.6167 7.582505
106 175 3748.4802 4.6644816
106 214 4609.0757 3.2649405
106 235 5051.192 3.0510418
106 285 6127.119 1.7550275
106 340 7332.3916 2.4859037
107 35 742.5583 6.681348
107 61 1322.1727 5.6232467
107 133 2871.0579 5.8950467
107 163 3488.688 6.453566
107 218 4694.1333 4.528358
107 243 5244.1597 3.5071464
107 301 6481.917 3.0163736
107 341 7337.9014 3.3589458
108 46 988.64716 8.557225
108 71 1535.8096 7.6230273
108 103 2236.018 5.2079678
108 163 3505.2134 4.158095
108 194 4173.1963 4.39729
108 242 5216.213 4.2250686
108 309 6661.205 4.789387
108 333 7185.249 2.7969177
109 27 584.6347 7.9240007
109 58 1257.5172 7.336111
109 105 2266.0977 4.792529
109 171 3686.7124 4.9926605
109 215 4616.441 4.3151846
109 243 5231.0444 6.1612763
109 290 6244.5767 7.9930735
109 353 7609.0273 3.2619362
110 30 648.6233 10.812362
110 61 1335.0243 7.253022
110 152 3272.8772 5.5159454
110 194 4188.767 5.3090568
110 251 5410.7407 3.5011284
110 285 6139.7725 7.595074
110 335 7215.243 4.7115736
111 32 685.28687 9.230133
111 57 1216.8475 5.7134824
111 122 2616.0735 4.0163846
111 153 3302.896 4.2703013
111 195 4197.858 4.2317615
111 240 5174.95 4.4983926
111 296 6376.3687 5.7362266
111 330 7103.7207 4.1006436
112 41 900.1353 7.5993457
112 71 1527.116 4.9761415
112 114 2440.6187 7.603909
112 146 3131.884 4.459003
112 189 4058.923 4.4041414
112 243 5225.9897 3.1628294
112 286 6168.462 5.145658
112 349 7511.872 2.7784512
113 51 1096.0 8.205251
113 102 2204.8447 6.109424
113 171 3672.4817 4.161134
113 201 4317.4673 4.609015
113 260 5592.6626 4.0851817
113 302 6524.3457 3.3689194
113 331 7141.0586 3.3485153
114 61 1321.9241 7.8933787
114 103 2210.29 4.721877
114 154 3306.1897 3.9784973
114 193 4150.513 4.625207
114 251 5384.298 3.2877684
114 280 6042.658 3.4312165
114 343 7393.199 2.8103817
115 25 536.9738 4.544607
115 48 1040.9894 6.9110074
115 93 2006.9229 4.680151
115 155 3335.583 4.974616
115 193 4154.745 4.3876963
115 270 5811.552 4.3057156
115 292 6272.128 2.5773673
115 353 7593.878 3.4799485
116 37 789.6334 8.889614
116 73 1569.5293 6.6655
116 102 2210.385 5.081345
116 145 3126.5308 4.919678
116 250 5372.871 3.7062032
116 283 6100.532 4.497427
116 328 7067.8794 2.9399269
117 36 783.6699 8.367109
117 62 1345.3888 6.8404684
117 97 2084.4126 5.5344167
117 184 3964.586 4.3249035
117 205 4419.0117 3.9602642
117 257 5532.82 4.0368404
117 299 6441.124 3.2871506
117 340 7328.063 2.6450882
118 24 511.12613 7.3272815
118 51 1096.7261 6.285373
118 120 2592.5032 3.6714594
118 174 3758.0676 3.3174245
118 215 4630.1475 4.191953
118 238 5123.6055 2.715058
118 314 6768.1426 4.837026
118 338 7259.95 3.512341
119 49 1046.0978 8.3009205
119 121 2599.8525 4.064424
119 142 3055.8318 4.247372
119 202 4340.5327 4.2065773
119 291 6254.972 3.3236353
119 326 7025.3965 3.1268377
120 52 1116.8195 7.83651
120 114 2469.1848 3.8336535
120 157 3399.8486 3.0922115
120 196 4216.172 3.1205094
120 257 5527.4497 2.604961
120 282 6051.1743 2.031345
120 342 7367.7915 3.403327
121 61 1309.7648 10.055311
121 128 2755.7732 4.8587685
121 152 3253.5222 3.3284492
121 192 4136.277 3.0139623
121 248 5338.0186 3.0759468
121 321 6891.908 3.9284484
121 346 7456.6226 3.4249306
122 51 1095.5609 8.429492
122 123 2640.975 3.6265895
122 172 3712.8708 3.5999086
122 203 4377.3984 4.181914
122 236 5095.07 3.7637138
122 292 6285.7964 3.1003227
122 333 7172.273 2.6268957
123 48 1038.6317 10.840906
123 112 2428.5422 3.8277445
123 141 3036.742 3.908828
123 201 4342.1836 3.664698
123 256 5512.6475 3.164794
123 281 6046.8926 2.4871643
123 355 7647.182 2.624074
124 61 1329.1339 7.8989577
124 93 2009.871 3.2040198
124 174 3762.7346 3.6968215
124 196 4215.1333 3.7018743
124 239 5152.603 2.8838644
124 311 6700.4146 2.5478313
124 352 7572.6074 3.1362526
125 49 1060.0134 8.1941
125 113 2442.882 4.7167025
125 144 3095.6926 4.665611
125 215 4637.158 3.242901
125 248 5338.1665 2.9090736
125 327 7045.97 3.0066614
126 14 300.7873 24.960003
126 61 1323.5204 18.451426
126 150 3236.7778 11.957283
126 208 4471.1704 6.134862
126 234 5036.02 5.410528
126 310 6679.165 4.6354175
126 331 7127.349 3.0179384
127 33 704.4213 23.944141
127 61 1311.2131 16.70096
127 124 2668.8386 7.841352
127 164 3519.0364 5.371162
127 195 4209.4795 8.5552635
127 249 5360.8423 8.240659
127 292 6295.1113 6.553566
127 336 7236.5874 5.451147
128 33 705.12555 8.685329
128 63 1375.5374 6.4362726
128 95 2045.1763 6.628233
128 157 3386.0984 4.8478556
128 201 4330.0093 8.138911
128 261 5627.714 5.79727
128 287 6183.621 5.844112
128 328 7061.536 4.3550935
129 33 708.0454 6.339425
129 61 1307.9948 5.9874673
129 113 2417.0134 4.0861855
129 160 3435.5295 6.647606
129 224 4817.4336 8.870438
129 261 5608.719 4.770032
129 287 6183.2144 6.6702194
129 326 7020.4307 5.104332
130 33 697.4147 5.156727
130 57 1222.6134 6.6577253
130 107 2312.2432 5.293492
130 160 3440.1262 4.2813888
130 210 4515.1646 6.288625
130 236 5090.702 4.6139
130 318 6839.1406 5.8896365
130 354 7632.718 3.7825751
131 35 757.5131 5.8500905
131 91 1957.8903 6.7767267
131 118 2533.378 3.3966808
131 161 3464.2449 6.702414
131 209 4509.4995 7.729155
131 239 5142.1787 4.0402985
131 301 6480.214 3.4482045
131 343 7380.4766 4.2177625
132 35 745.3727 12.695577
132 70 1486.4233 5.669939
132 103 2220.1306 4.39793
132 161 3462.1875 4.0597324
132 214 4607.5093 4.44748
132 275 5933.231 5.190901
132 298 6415.183 3.9458268
132 334 7172.5396 3.7062886
133 34 740.6427 8.597139
133 57 1235.5955 5.360115
133 125 2695.0955 5.4292984
133 161 3462.7644 4.2491097
133 202 4361.1377 5.155797
133 288 6193.344 6.410856
133 353 7588.538 3.0126
134 57 1229.7056 7.578884
134 103 2212.1567 6.1035876
134 171 3680.2712 5.091569
134 202 4354.7563 6.679706
134 253 5457.8745 4.4262233
134 288 6194.979 5.2928867
134 328 7051.693 4.2987905
135 23 493.20822 15.23695
135 46 980.94183 8.480683
135 68 1471.0592 6.012209
135 104 2236.3452 5.335729
135 162 3500.7454 4.7001104
135 202 4355.2065 5.4275727
135 258 5559.5146 4.371373
135 306 6580.1816 4.861985
135 327 7051.468 4.113501
136 46 985.197 9.508797
136 66 1425.1688 6.952011
136 148 3185.938 5.504298
136 202 4356.2646 6.90875
136 272 5854.0825 6.5313506
136 300 6459.8647 3.8331187
136 335 7212.3213 3.717655
137 57 1228.2052 9.116896
137 102 2199.0686 3.7121198
137 159 3402.7346 4.364123
137 203 4364.4355 5.0815835
137 236 5081.7344 3.9036663
137 281 6054.7373 4.90018
137 327 7050.8394 4.1600103
138 46 997.55304 7.7522187
138 90 1940.9777 4.6127996
138 116 2481.083 5.5125365
138 139 3002.1396 4.888871
138 197 4239.4907 3.542378
138 287 6174.087 2.670353
138 351 7546.1255 2.8383555
139 34 734.82605 6.8665457
139 70 1502.7734 7.4388385
139 104 2231.1133 4.5002747
139 185 3985.461 3.839339
139 222 4797.683 5.0185914
139 258 5547.201 3.2321372
139 287 6172.828 4.848446
139 326 7026.464 4.270461
140 46 991.83563 9.073851
140 69 1498.9849 4.390923
140 116 2501.276 5.0417175
140 156 3366.1375 3.5331926
140 222 4778.364 5.95764
140 261 5622.777 3.0389957
140 295 6354.033 2.5458646
140 348 7492.9883 2.6158981
141 22 488.0281 7.2568946
141 58 1256.6923 9.102338
141 115 2458.411 8.473692
141 162 3487.3665 4.9423523
141 196 4215.8467 4.257373
141 238 5129.1494 3.1054296
141 293 6317.5205 2.7436614
141 326 7020.9272 3.679363
142 33 715.704 12.248843
142 58 1246.5021 9.085758
142 116 2485.0037 11.924474
142 163 3514.9282 6.663142
142 216 4649.0923 4.394635
142 242 5211.5947 5.0378275
142 297 6394.527 4.0638523
142 328 7044.95 4.1208177
143 45 967.29346 24.278616
143 72 1557.4161 10.211072
143 114 2454.7012 8.545437
143 160 3439.522 5.0798755
143 216 4658.179 5.9752
143 247 5309.5312 5.4268403
143 298 6409.814 4.1597486
143 334 7187.6 4.012539
144 36 777.6479 25.813526
144 72 1545.6874 10.566505
144 125 2690.7485 7.4801626
144 155 3344.774 6.369541
144 226 4886.7007 8.016936
144 248 5336.145 6.3878946
144 312 6731.101 5.338379
144 333 7186.348 4.12937
145 46 972.4782 16.922512
145 72 1550.3492 16.897541
145 120 2581.9597 8.956
145 147 3161.2522 6.761796
145 211 4552.552 5.8160033
145 248 5335.1616 4.9542446
145 313 6731.733 6.844079
145 333 7177.375 5.4947176
146 36 771.7198 22.742151
146 72 1547.3403 9.335718
146 123 2645.8572 7.3628945
146 147 3170.9648 5.483331
146 226 4845.8003 9.711189
146 247 5332.6484 5.7448134
146 313 6736.4897 6.677927
146 336 7242.768 5.2536244
147 36 774.9032 24.13472
147 73 1581.92 12.153632
147 116 2502.9167 9.487339
147 167 3598.9514 5.6577644
147 187 4028.2644 4.047842
147 269 5789.5938 8.474089
147 307 6599.151 4.7120314
147 329 7097.533 5.5071373
148 36 777.28485 20.306934
148 91 1944.3821 8.998963
148 116 2497.9875 9.75101
148 161 3466.4082 4.128164
148 217 4674.9297 7.9167356
148 244 5256.222 4.7996144
148 303 6516.4624 6.2521696
148 333 7168.4287 6.441231
149 46 999.7942 21.004276
149 73 1588.8525 9.735413
149 116 2496.7625 9.401074
149 160 3455.2207 5.617776
149 217 4683.436 7.809064
149 237 5090.543 4.069116
149 314 6755.104 8.630356
149 363 7815.669 4.4076147
150 37 794.7533 16.837202
150 91 1951.8447 10.485676
150 113 2435.5154 7.9334445
150 161 3463.2048 6.0113297
150 217 4674.989 4.2625895
150 238 5121.364 3.7509568
150 327 7025.341 4.676277
151 47 1003.48224 15.2498
151 109 2352.5063 10.580457
151 165 3556.0933 5.2830257
151 223 4799.0493 3.6187484
151 270 5827.9185 5.044901
151 304 6548.924 6.112744
151 334 7183.61 4.617403
152 31 664.4249 21.241241
152 72 1547.0641 8.785688
152 107 2317.7783 5.667599
152 163 3496.6096 5.343037
152 217 4676.8013 5.6278896
152 269 5794.1753 4.3626566
152 305 6556.7236 4.3721323
152 328 7046.2466 4.5366836
153 31 662.74365 21.854925
153 77 1654.5851 9.087061
153 110 2375.5513 9.485022
153 170 3655.2644 6.3295383
153 217 4667.453 5.2345815
153 276 5940.8 8.174828
153 306 6587.267 4.11567
153 329 7084.978 3.5879753
154 31 661.58124 17.44426
154 91 1941.526 7.333986
154 114 2455.7454 5.8673596
154 154 3301.5222 5.1382613
154 199 4282.4346 4.2962327
154 269 5794.575 8.337
154 306 6586.043 5.776069
154 328 7075.606 4.2364907
155 37 787.20966 21.395426
155 91 1953.675 8.783223
155 122 2608.9258 6.7511535
155 158 3395.8542 5.2719917
155 222 4781.206 6.416619
155 275 5916.2476 4.747535
155 304 6535.7217 3.508329
155 327 7044.313 2.5960526
156 37 789.6369 24.394312
156 61 1321.0239 9.228389
156 123 2644.3472 7.1418123
156 156 3362.0022 6.7233186
156 217 4693.8477 5.4323936
156 269 5793.366 4.383273
156 305 6575.9814 5.047563
156 339 7298.1753 2.9018912
157 31 663.17035 15.176669
157 74 1583.4188 8.297568
157 110 2369.737 7.0900254
157 166 3574.4666 4.4447107
157 202 4346.526 5.183908
157 275 5912.133 4.923365
157 312 6712.0454 4.772088
157 337 7256.8716 3.1198828
158 36 777.598 25.04681
158 74 1585.4952 9.297903
158 119 2557.2366 8.78999
158 165 3555.3145 5.983417
158 192 4138.0034 3.0453968
158 247 5324.8223 3.3535929
158 310 6677.5864 3.9017143
158 356 7671.6377 4.1725283
159 46 1003.0432 18.651918
159 116 2494.0708 9.357114
159 153 3303.2988 7.16788
159 218 4689.6855 5.9396224
159 275 5925.3623 6.5426235
159 302 6498.512 4.078602
159 328 7075.771 4.054866
160 31 667.7337 14.424087
160 74 1584.9291 11.673419
160 109 2346.698 9.10854
160 157 3387.6753 6.3813653
160 190 4090.9563 5.076694
160 262 5633.751 4.435487
160 312 6714.1426 4.236923
160 349 7515.08 3.6400611
161 46 1004.71857 17.441298
161 115 2495.1711 8.229773
161 157 3377.4875 7.180766
161 186 4011.5422 3.8045375
161 266 5714.186 3.8831813
161 303 6511.0366 4.0539565
161 385 8293.871 2.757313
162 36 779.6233 25.137403
162 73 1563.0803 7.9850283
162 116 2491.5457 8.247315
162 151 3250.4675 6.077432
162 204 4377.4536 3.506804
162 253 5445.5747 4.2829823
162 318 6841.1284 5.25286
162 348 7489.441 2.9127839
163 37 787.8601 24.379261
163 61 1320.4401 7.2161083
163 112 2425.4712 7.8798814
163 163 3509.7312 5.9003267
163 200 4315.0063 3.7980263
163 247 5316.573 4.139647
163 339 7297.76 3.9066806
