Event Bin Frequency Volume
0 58 1248.9258 11.342366
1 15 330.75748 41.46359
2 107 2310.2493 6.357867
3 108 2316.8313 5.4644575
3 108 2316.8313 5.4644575
3 248 5337.2036 1.0245738
4 157 3383.1584 2.631453
4 196 4217.45 1.2054965
5 226 4868.3203 0.79777974
5 226 4868.3203 0.79777974
5 333 7176.431 0.044403017
6 158 3395.2607 2.9133546
6 158 3395.2607 2.9133546
7 290 6233.214 0.09483458
10 333 7181.926 0.043041464
16 58 1241.4282 8.636563
16 236 5076.2827 0.64270616
17 186 4000.382 0.4297921
18 111 2397.865 3.3484178
18 158 3398.7642 1.5375054
19 115 2476.5503 3.3266656
19 115 2476.5503 3.3266656
19 153 3291.6853 2.006037
19 153 3291.6853 2.006037
19 186 4004.3293 0.70635724
19 186 4004.3293 0.70635724
19 293 6311.226 0.08025577
20 77 1655.7877 5.893609
20 119 2561.1384 2.8933628
20 140 3015.3584 1.5616807
20 249 5357.2363 0.59330004
20 297 6403.963 0.09103279
21 108 2316.9216 3.5608053
21 108 2316.9216 3.5608053
22 334 7197.4976 0.04429965
23 198 4265.044 0.38012916
24 188 4048.1257 0.41719374
24 188 4048.1257 0.41719374
25 157 3382.5625 1.5187033
25 157 3382.5625 1.5187033
29 15 328.8566 41.198345
30 156 3361.3008 1.1020213
33 58 1240.7379 7.7847524
33 200 4312.313 0.21529661
33 292 6293.9917 0.054145098
33 336 7222.865 0.043371044
36 102 2193.7422 2.0525098
36 188 4044.9155 0.26807898
36 188 4044.9155 0.26807898
38 15 330.5901 82.94495
38 157 3397.2476 1.0440369
38 157 3397.2476 1.0440369
39 102 2201.836 2.0073016
39 102 2201.836 2.0073016
39 243 5217.2197 0.20250082
40 15 330.3953 76.91181
41 201 4329.3887 0.20693019
42 58 1240.4551 6.307999
42 158 3397.193 0.9920981
42 292 6308.7534 0.047004707
42 353 7602.2383 0.03143878
43 115 2476.3188 2.3518522
46 111 2389.1775 2.5706122
46 111 2389.1775 2.5706122
47 157 3376.7683 0.9717901
47 157 3376.7683 0.9717901
48 246 5296.578 0.18606101
49 203 4380.632 0.23852608
49 203 4380.632 0.23852608
50 23 496.05234 39.46663
52 119 2556.0522 1.5845331
53 156 3380.5137 0.7423153
54 57 1236.8716 4.442506
54 102 2189.4937 1.7568971
54 102 2189.4937 1.7568971
55 241 5188.3716 0.18831801
56 157 3379.5654 0.7693952
56 157 3379.5654 0.7693952
57 291 6284.794 0.02241902
57 341 7363.8374 0.016301412
58 187 4019.6528 0.18936229
59 199 4289.3286 0.17680387
59 199 4289.3286 0.17680387
60 187 4046.3638 0.1832322
60 244 5249.041 0.14965454
60 290 6248.699 0.03543604
60 339 7319.522 0.02923951
61 186 4009.6384 0.16633892
61 186 4009.6384 0.16633892
62 160 3445.4421 0.6135851
63 115 2479.6057 1.247392
63 152 3264.1995 0.54962355
63 152 3264.1995 0.54962355
67 23 496.30084 48.169765
68 117 2521.6533 1.1756297
68 117 2521.6533 1.1756297
69 57 1241.3257 3.832634
70 57 1237.2466 3.928829
70 197 4253.034 0.106708266
71 189 4079.1 0.12588327
71 189 4079.1 0.12588327
71 245 5266.247 0.07045436
71 291 6269.348 0.027745543
71 339 7301.8594 0.02404133
73 117 2509.3108 0.8141912
74 103 2222.8743 0.8039954
74 103 2222.8743 0.8039954
75 157 3377.311 0.37273163
76 157 3383.033 0.4176721
76 157 3383.033 0.4176721
79 15 330.8637 64.66016
80 111 2397.423 1.0097191
81 15 330.60342 69.12688
81 111 2392.337 0.93956256
81 111 2392.337 0.93956256
81 233 5036.05 0.09205163
81 281 6069.3584 0.03995527
81 336 7234.553 0.035545655
83 161 3450.4607 0.33305424
83 194 4173.906 0.117659196
85 54 1154.6521 3.9911106
86 141 3036.6536 0.31352416
86 141 3036.6536 0.31352416
86 189 4075.6926 0.08756132
86 189 4075.6926 0.08756132
91 58 1240.4951 3.1709735
91 107 2312.567 0.57424885
92 197 4241.9185 0.047195394
93 117 2519.8137 0.48002923
93 117 2519.8137 0.48002923
96 250 5377.9194 0.036863204
96 292 6285.539 0.029401973
96 333 7184.34 0.026641266
97 15 330.38998 34.847782
98 155 3346.921 0.21810229
99 155 3348.0706 0.20302665
99 155 3348.0706 0.20302665
99 186 4005.6777 0.07008356
99 186 4005.6777 0.07008356
100 15 330.75342 29.145384
100 107 2313.6338 0.639297
102 298 6414.846 0.01730583
102 340 7315.414 0.013152814
103 159 3431.8928 0.30784
103 186 4011.2598 0.09262894
104 159 3430.057 0.29989257
104 159 3430.057 0.29989257
104 186 4009.299 0.09042631
104 186 4009.299 0.09042631
105 54 1154.7208 2.6725318
106 107 2314.063 0.5391825
106 107 2314.063 0.5391825
106 232 5004.894 0.04529416
110 103 2226.6812 0.3723356
113 151 3248.4238 0.11168842
113 197 4226.581 0.044989765
113 253 5467.658 0.029853037
113 299 6459.475 0.025247062
113 343 7407.1177 0.023016326
115 15 330.59775 33.639946
115 57 1238.2131 1.735041
115 142 3054.1365 0.1375869
115 142 3054.1365 0.1375869
115 186 4004.5618 0.035343852
115 186 4004.5618 0.035343852
116 108 2314.5276 0.28431633
116 108 2314.5276 0.28431633
123 58 1241.3594 1.784713
123 107 2312.9595 0.4261599
124 117 2523.4316 0.4584938
124 117 2523.4316 0.4584938
124 140 3015.8533 0.21119514
125 152 3270.3513 0.24429685
125 152 3270.3513 0.24429685
125 246 5299.493 0.03806343
126 188 4053.5066 0.048651922
128 186 4009.1682 0.057170216
128 186 4009.1682 0.057170216
128 296 6353.2456 0.018840758
128 337 7257.369 0.017129855
129 15 330.39606 29.307207
130 15 330.48398 29.878962
136 54 1158.2152 1.5511111
136 199 4293.1514 0.03686713
136 241 5203.6455 0.02881808
136 284 6114.748 0.018900972
136 334 7192.051 0.016335351
137 159 3419.6218 0.09930035
138 102 2187.886 0.3011891
138 201 4329.7505 0.03330157
138 201 4329.7505 0.03330157
139 117 2521.1877 0.31410983
139 117 2521.1877 0.31410983
139 148 3185.0361 0.11975271
139 148 3185.0361 0.11975271
140 117 2521.5588 0.32863438
142 113 2436.7737 0.24562715
142 113 2436.7737 0.24562715
143 159 3430.0168 0.10529367
143 205 4419.5576 0.028903244
144 58 1241.457 0.81294125
144 155 3348.0735 0.10379486
144 155 3348.0735 0.10379486
148 199 4289.9463 0.044118557
148 199 4289.9463 0.044118557
148 252 5407.1626 0.028698524
148 297 6395.856 0.022743484
148 338 7256.8 0.020798827
149 15 331.00443 49.63326
150 15 331.0609 49.490097
150 112 2397.4119 0.21851821
150 140 3023.762 0.113706574
150 189 4061.302 0.056734588
150 244 5236.6416 0.04218955
151 112 2396.8362 0.1704291
151 112 2396.8362 0.1704291
152 156 3340.8132 0.0947684
152 156 3340.8132 0.0947684
152 200 4304.0376 0.047171734
152 200 4304.0376 0.047171734
152 292 6285.547 0.032621976
152 333 7190.874 0.029427838
156 54 1152.3757 1.120076
160 100 2131.8833 0.11915726
160 191 4098.5664 0.032539066
160 246 5311.197 0.025137225
160 287 6179.6084 0.020927701
160 330 7089.1963 0.018721372
162 202 4341.4307 0.029983472
162 202 4341.4307 0.029983472
163 102 2188.6953 0.0886169
163 102 2188.6953 0.0886169
163 158 3386.5325 0.06738708
165 15 329.83646 34.014786
165 156 3342.6174 0.06932148
165 156 3342.6174 0.06932148
167 60 1279.7651 0.669665
170 54 1156.2374 0.5944188
170 102 2186.4756 0.123131014
170 168 3608.76 0.06556524
170 188 4031.9712 0.045285657
170 242 5224.335 0.03545232
170 288 6220.2085 0.029230703
170 337 7257.0044 0.027250051
