Event Bin Frequency Volume
801 27 586.94147 17.310192
802 27 586.804 18.070185
1036 32 698.4326 12.117978
1264 31 659.17224 14.766859
1346 27 587.358 12.15746
1518 32 698.9798 10.672449
1525 33 693.9898 12.171776
1572 31 660.91223 7.8930726
1574 31 660.01587 9.767455
1665 27 586.2433 18.488533
1675 27 587.86 22.357412
1676 27 587.0284 18.752207
1720 36 782.34015 11.366385
1723 36 780.9839 12.182493
1741 36 784.5961 13.03303
1742 36 783.56104 13.441647
1743 36 782.37476 14.6929455
1751 36 785.2857 13.165673
1752 36 785.4388 12.323329
1792 36 782.64197 19.9648
1828 24 523.17694 39.983223
1829 24 523.08356 41.50093
1830 24 523.37054 37.867466
1831 24 522.25104 33.531677
1913 27 587.88525 43.193127
1914 27 587.64606 41.33664
1915 28 590.5439 40.95114
1916 29 613.41077 46.13628
1917 30 636.683 44.306416
1918 31 655.0078 47.314857
1919 31 659.59607 62.10325
1920 31 658.63635 51.682858
1921 31 658.11633 50.103775
1922 31 659.806 55.529243
1923 30 658.3127 52.51167
1924 30 648.3855 50.84907
1925 30 644.93945 59.866253
1926 31 656.21497 57.08724
1927 31 665.05444 53.995693
1928 31 672.9634 53.334606
1929 31 665.37164 55.44926
1930 30 654.6885 59.99271
1931 30 646.55133 60.577587
1932 30 648.3104 63.741123
1933 31 658.76135 54.927513
1934 31 668.86115 51.151512
1935 31 670.7603 67.108635
1936 31 663.3908 59.07802
1937 30 651.8495 56.893154
1938 30 644.7948 59.081055
1939 31 657.4735 60.48693
1940 31 659.4449 37.647472
1941 30 651.025 28.233551
1953 30 651.2941 9.367701
1967 32 697.94244 9.341152
1969 33 700.79376 7.2615294
1983 33 699.17145 18.944302
2044 26 554.1203 11.680066
2055 31 657.73987 5.2125134
2059 24 522.97174 43.73666
2060 24 523.2873 46.942333
2060 24 523.2873 46.942333
2061 24 522.65405 45.08679
2063 24 524.5422 26.296888
2065 25 530.1321 17.733938
2069 31 654.63354 12.381245
2141 31 662.22906 19.564705
2142 31 661.01404 22.576712
2143 41 880.5848 15.481246
2144 31 660.3558 24.651072
2145 31 659.96027 25.169268
2146 31 660.258 26.805069
2147 31 664.87573 19.653725
2148 44 938.24286 18.979313
2151 46 987.10895 33.217556
2152 46 986.72614 30.081596
2153 46 986.7455 25.28882
2154 46 987.2472 21.034422
2155 46 985.4121 21.66373
2156 46 985.90533 27.086416
2157 46 986.72003 29.02694
2158 46 986.5877 30.766933
2159 46 986.4026 29.511412
2162 46 987.05475 30.211374
2163 46 985.9696 31.677023
2164 46 986.9909 30.08299
2165 46 986.31287 30.101526
2166 46 986.524 34.945442
2167 46 986.5398 32.5596
2168 46 986.36975 32.597225
2169 46 986.81726 31.472942
2170 45 982.1136 22.09951
2210 31 660.7522 18.084833
2211 31 658.20087 18.844881
2212 30 655.4536 18.79883
2265 27 586.67035 25.299887
2286 24 522.14526 22.767319
2287 24 523.83887 30.857061
2288 24 522.54535 36.017513
2288 24 522.54535 36.017513
2289 24 523.76135 33.098507
2290 24 522.5307 30.954937
2291 24 522.8169 20.734243
2371 27 579.5501 34.418083
2372 27 586.44604 49.459152
2373 27 587.83344 48.228287
2374 27 587.7501 45.799435
2375 27 587.60345 45.186455
2376 27 587.37683 41.81486
2377 28 591.9431 37.548576
2381 31 657.69556 46.380703
2382 31 658.00385 58.70809
2383 31 658.389 62.94647
2384 31 658.87915 65.366325
2385 31 658.76044 45.88343
2386 31 660.4888 42.361355
2388 31 658.7009 56.800167
2389 31 659.0045 64.83319
2390 31 659.19806 59.252785
2391 31 658.20917 51.48352
2392 31 658.01306 53.065666
2393 31 658.4549 45.67745
2394 31 657.99915 50.51277
2395 31 658.85803 63.008297
2396 31 659.49945 59.586647
2397 31 659.0315 60.539547
2398 31 660.1013 54.32963
2399 30 654.5726 40.029312
2406 29 617.1706 22.617083
2517 24 522.3648 66.07694
2518 24 522.17004 55.254894
2519 24 523.60724 49.51668
2528 24 517.7864 19.565908
2604 31 660.3866 24.790926
2605 31 660.182 30.75403
2616 46 986.60034 27.904016
2618 46 986.8777 28.335283
2623 46 987.58154 33.048683
2628 46 986.86194 34.290634
2756 45 962.8982 12.055923
2757 46 985.92194 18.867092
2758 45 980.4959 7.068538
2761 24 523.0298 12.826163
2764 46 991.56445 8.220266
2767 24 524.7791 12.737658
2767 24 524.7791 12.737658
2768 24 522.35767 13.851507
2770 24 523.1389 14.385224
2771 24 522.5475 15.966621
2772 46 990.59283 9.794426
2773 46 990.12646 15.629528
2775 46 990.7527 13.480681
2775 46 990.7527 13.480681
2776 46 990.4095 10.896195
2776 46 990.4095 10.896195
2799 46 990.2576 16.955082
2800 46 990.4399 13.248423
2801 46 988.5619 18.072294
2805 46 992.00616 9.624286
2936 31 661.537 11.522571
2957 41 886.46967 11.04381
2957 41 886.46967 11.04381
2992 24 523.50586 14.106941
3012 41 883.2807 6.824733
3081 41 884.4351 8.298963
3082 41 883.6546 9.856307
3104 41 880.4064 26.017939
3105 43 928.81354 16.562262
3106 46 985.8094 28.807413
3107 46 986.5472 32.03529
3108 46 988.50714 32.602177
3109 46 988.4444 30.372519
3110 30 656.98987 18.811907
3111 31 658.3144 13.580556
3120 41 882.1766 10.684083
3157 30 652.1115 8.413841
3160 30 648.7156 15.808164
3161 31 661.115 22.832125
3166 30 654.13074 12.070342
3166 30 654.13074 12.070342
3174 30 654.0542 8.062283
3191 27 587.7707 26.440922
3191 27 587.7707 26.440922
3192 27 587.46313 20.277098
3192 27 587.46313 20.277098
3194 27 588.8507 14.9503565
3194 27 588.8507 14.9503565
3195 27 588.41864 13.71537
3207 34 735.006 10.405977
3208 27 587.18304 14.455663
3282 31 670.0229 10.838824
3362 36 786.8468 15.676991
3363 37 784.95874 34.328735
3364 36 784.6625 42.181904
3365 36 785.35596 35.85569
3370 36 785.51263 34.2621
3371 36 784.0181 40.996677
3372 24 522.4288 40.082897
3373 24 523.4271 41.63901
3407 31 661.63043 20.267185
3407 31 661.63043 20.267185
3408 31 660.8974 18.891813
3408 31 660.8974 18.891813
3422 24 523.055 43.974983
3422 24 523.055 43.974983
3440 30 643.917 41.49678
3441 31 652.95337 35.003304
3442 31 659.54376 38.548454
3443 31 661.051 40.157883
3444 31 660.48975 43.074062
3569 31 659.19727 9.60525
3591 24 517.6901 46.585438
3593 36 782.0533 49.963432
3594 36 784.30835 55.690685
3595 36 784.8915 56.74678
3596 36 784.89374 55.199696
3597 36 784.9312 52.27113
3598 36 784.9008 50.130573
3599 36 785.44867 47.62221
3600 37 786.997 33.126884
3601 36 787.2521 20.80655
3602 24 526.7255 25.162748
3613 27 578.57855 8.536953
3614 27 587.17004 8.289316
3621 31 663.65344 10.914615
3651 24 523.2792 43.72932
3652 24 523.0014 48.285473
3652 24 523.0014 48.285473
3653 24 523.31274 47.946278
3654 24 523.35254 46.54499
3655 24 524.23206 39.6816
3656 24 523.5485 29.807371
3692 41 882.2639 47.531845
3693 41 882.26776 32.10305
3699 41 881.38995 26.186716
3700 41 879.84845 21.26793
3705 37 794.0967 23.57167
3706 36 784.06445 28.546694
3720 41 880.08923 43.22309
3721 41 880.8418 38.71071
3722 41 881.1527 24.183727
3727 41 885.3449 24.88885
3728 41 881.04694 24.381989
3734 37 792.13635 30.46406
3735 36 782.40216 28.52624
3736 36 782.7774 19.102402
3737 36 782.4879 12.917169
3748 41 891.97766 28.841917
3749 41 880.50964 47.65694
3750 41 878.49744 31.359148
3751 41 880.38403 22.82179
3756 41 885.17847 25.037994
3757 41 882.6846 18.777826
3758 41 882.7562 18.626545
3759 41 884.24554 12.683821
3760 41 885.59973 10.094215
3762 41 882.5606 13.980523
3763 36 783.32294 32.94929
3764 36 782.4089 24.179987
3777 41 877.24585 62.03731
3778 41 881.1851 64.37491
3779 41 880.82794 38.618397
3780 41 878.68494 16.32904
3780 41 878.68494 16.32904
3784 40 872.25867 11.396417
3785 41 880.388 23.388361
3785 41 880.388 23.388361
3786 41 882.9021 22.469246
3787 41 882.48193 10.8719845
3792 33 705.54114 16.092325
3792 33 705.54114 16.092325
3793 32 700.1899 14.510966
3794 33 700.70166 11.716757
3794 33 700.70166 11.716757
3795 33 701.7802 9.665586
3795 33 701.7802 9.665586
3796 32 700.1604 10.875601
3796 32 700.1604 10.875601
3798 33 702.10004 13.451885
3806 41 882.0625 50.247314
3807 41 883.19617 40.435802
3813 41 877.43756 31.694458
3814 41 879.50885 22.78037
3816 41 875.9942 14.423851
3821 32 697.8934 24.816275
3834 32 700.3645 22.569614
3835 41 881.58514 42.2481
3836 41 879.9399 31.547579
3849 32 696.1667 21.410051
3850 33 699.2635 17.653616
3863 41 877.8016 33.609196
3864 41 879.67084 40.626957
3865 41 879.81165 27.658087
3870 41 880.9949 21.414175
3871 41 884.4005 26.563883
3872 41 883.818 22.49638
3878 32 695.75525 30.732313
3878 32 695.75525 30.732313
3879 32 697.5808 25.070234
3879 32 697.5808 25.070234
3892 41 882.79065 70.59747
3893 41 881.54266 58.493114
3920 41 881.5163 26.450882
3921 36 781.0504 49.662712
3922 36 784.9939 35.32201
3925 41 879.7061 22.379093
3926 41 880.6202 22.491117
3927 41 878.8488 19.32886
3928 36 784.4134 25.066343
3929 41 881.0335 23.08075
3930 41 880.17926 22.091267
3931 41 880.29193 25.700583
3932 41 880.4858 22.573011
3933 41 878.83246 19.498447
3934 41 881.53436 22.637953
3935 41 883.5817 24.61221
3936 32 697.78723 26.189781
3937 32 698.5669 21.30057
3939 41 879.63464 19.225847
3940 41 880.65735 19.587872
3942 27 587.7984 16.73083
3950 36 781.21173 35.34962
3951 46 988.8755 32.581055
3952 46 988.163 30.516802
3953 46 988.1043 27.558678
3956 46 987.48346 22.402748
3957 37 789.6481 20.069176
3958 36 785.31824 21.071901
3959 46 988.08765 18.113861
3960 46 988.34155 18.11474
3960 46 988.34155 18.11474
3961 46 988.1856 17.763073
3961 46 988.1856 17.763073
3962 46 987.91693 17.575712
3962 46 987.91693 17.575712
3963 46 987.998 18.58034
3963 46 987.998 18.58034
3964 32 694.69464 28.127668
3964 32 694.69464 28.127668
3965 32 697.52026 22.112576
3965 32 697.52026 22.112576
3966 46 987.7005 16.041882
3966 46 987.7005 16.041882
3973 46 988.36395 11.873363
3973 46 988.36395 11.873363
3978 36 778.07556 45.54756
3978 36 778.07556 45.54756
3979 36 781.8671 42.02853
3979 36 781.8671 42.02853
3980 36 782.80975 23.891562
3980 36 782.80975 23.891562
3985 36 782.74915 33.154877
3985 36 782.74915 33.154877
3986 36 780.52515 23.005348
3986 36 780.52515 23.005348
3989 36 783.3347 13.386821
3989 36 783.3347 13.386821
3990 37 788.5342 11.357135
3992 33 715.52905 25.823181
3993 32 697.0991 30.76863
3994 32 697.37524 22.100197
4006 36 795.5109 25.844374
4007 36 780.1453 72.170685
4008 36 782.6801 55.20734
4009 36 782.9503 39.133587
4010 36 784.59644 24.065536
4014 36 775.7379 36.470524
4015 36 783.6646 29.473055
4015 36 783.6646 29.473055
4019 36 785.0845 21.743261
4020 36 782.0709 23.418556
4021 31 666.7184 18.510853
4022 31 662.69965 18.549103
4023 31 659.3836 13.891488
4030 31 660.7372 11.109689
4031 31 661.3886 11.9592705
4031 31 661.3886 11.9592705
4032 31 659.69196 9.717329
4035 37 785.60626 35.208664
4036 36 783.34186 41.8705
4036 36 783.34186 41.8705
4037 36 784.87854 28.651096
4038 37 788.2594 14.556559
4042 37 777.0872 19.159945
4043 36 782.1719 36.469906
4044 36 782.93427 31.901648
4045 36 782.89575 16.677786
4046 31 657.6085 8.147266
4047 36 778.56445 15.172128
4048 37 785.8988 9.468222
4049 31 656.493 10.784918
4050 31 662.12354 32.787617
4051 31 661.11145 26.242844
4052 31 659.7688 25.300873
4067 27 587.45044 14.230824
4068 27 586.7808 13.509428
4069 27 587.2897 13.532081
4070 27 586.04816 14.58061
4071 37 794.69543 22.390598
4079 31 662.64966 26.897558
4080 31 659.45544 22.055977
4081 31 659.09766 15.045623
4083 30 656.5691 7.5656676
4086 27 586.80133 11.7002735
4087 27 587.8582 11.103539
4088 27 587.22833 10.223526
4089 27 586.7117 8.120931
4090 27 586.82965 6.240537
4092 36 774.36774 10.508789
4092 36 774.36774 10.508789
4093 36 777.6356 43.911346
4094 36 782.019 36.26798
4095 36 782.6335 25.276386
4100 27 586.9464 22.16358
4101 27 589.1834 25.47935
4103 27 589.18604 14.428433
4103 27 589.18604 14.428433
4104 27 588.2441 7.7081666
4105 36 774.16895 6.854237
4105 36 774.16895 6.854237
4106 36 775.23376 10.439483
4106 36 775.23376 10.439483
4107 37 788.6794 13.13622
4107 37 788.6794 13.13622
4114 31 646.5927 20.619843
4115 31 661.8587 28.060518
4116 31 659.9759 16.105793
4117 31 657.5038 8.600481
4117 31 657.5038 8.600481
4118 36 776.796 10.749479
4119 37 790.4888 6.749491
4120 37 801.43964 9.041776
4121 36 782.03955 31.73414
4122 36 780.27 47.118656
4123 36 782.51086 30.97319
4124 37 786.6659 15.164802
4129 36 774.19666 23.26226
4129 36 774.19666 23.26226
4131 37 788.70795 14.878629
4131 37 788.70795 14.878629
4136 36 777.04926 13.969602
4137 46 989.84973 16.38956
4138 46 987.97314 17.763123
4139 46 988.14636 17.446589
4140 46 987.8205 16.996078
4141 46 988.13995 16.799477
4142 46 988.17163 16.444359
4143 46 987.7343 15.734638
4144 46 988.6342 16.176266
4144 46 988.6342 16.176266
4145 46 987.8635 17.141182
4150 41 861.3451 39.920856
4151 41 882.48114 50.108
4152 41 882.86285 35.144596
4153 41 881.40234 24.047949
4154 46 988.3729 15.744639
4157 46 987.86444 16.890759
4158 41 879.92816 35.186237
4159 41 879.3187 29.604765
4160 41 880.7447 15.906424
4164 37 780.88245 14.972513
4165 36 781.44885 32.30357
4166 36 784.47156 27.080946
4167 36 783.4267 18.506443
4168 46 987.6407 11.215678
4169 46 988.183 11.628985
4170 46 987.50696 12.81327
4171 46 988.02734 11.965686
4172 46 990.0717 11.789492
4173 46 986.5403 11.749287
4174 46 988.1145 11.66207
4175 46 988.4997 11.454731
4176 46 988.28723 11.324133
4177 41 878.86444 10.993208
4179 41 887.89923 40.817177
4180 41 879.51086 30.869968
4181 41 880.417 24.85536
4181 41 880.417 24.85536
4186 41 879.30005 23.052752
4187 41 880.3044 19.601295
4188 41 882.44446 14.524452
4193 36 793.90344 25.058243
4193 36 793.90344 25.058243
4194 36 781.8892 28.568974
4194 36 781.8892 28.568974
4195 36 783.75977 17.232544
4195 36 783.75977 17.232544
4200 31 665.6085 21.53122
4200 31 665.6085 21.53122
4201 37 788.99335 11.411553
4201 37 788.99335 11.411553
4207 41 891.75867 23.092264
4207 41 891.75867 23.092264
4208 41 881.4943 52.12863
4209 41 878.9204 38.822132
4210 41 878.4422 25.218428
4210 41 878.4422 25.218428
4222 36 779.2974 27.90647
4223 36 781.5573 22.98738
4224 36 782.73645 18.650951
4236 41 869.46545 36.566196
4237 41 881.00793 47.889915
4238 41 881.64374 30.295147
4244 41 887.4563 23.969753
4251 33 705.7041 22.6434
4252 32 698.4923 19.834862
4253 32 700.27136 16.748602
4261 33 701.4352 12.855669
4263 33 700.8447 12.260702
4264 32 698.0449 13.20024
4265 41 883.34357 48.77488
4266 41 881.96436 47.0538
4267 41 881.23285 29.688717
4268 41 884.5902 13.056637
4269 41 889.43634 11.904737
4271 41 885.6978 14.366581
4272 41 879.8956 32.42038
4273 41 880.55023 36.35307
4274 41 879.8029 23.119616
4275 32 697.77673 14.292862
4276 32 694.73254 15.077039
4277 32 694.19696 13.420447
4279 32 681.68176 21.620863
4280 32 695.14215 33.007114
4281 33 700.12854 15.941054
4285 32 698.121 15.1680765
4286 32 696.293 19.319204
4293 31 686.7227 16.270697
4294 41 882.0399 42.556366
4295 41 881.6205 33.91411
4296 41 880.881 24.386662
4301 41 883.5157 28.615915
4302 31 659.71594 27.37263
4303 41 881.0101 12.790906
4304 41 880.3662 9.123468
4308 32 690.281 28.264004
4309 33 699.2446 21.763615
4311 31 658.872 11.017075
4314 31 658.10626 9.554895
4315 28 605.03357 10.016699
4316 27 588.0563 10.669494
4321 31 661.5069 13.052977
4322 41 891.66956 36.59889
4323 41 879.79114 49.972984
4324 41 878.76636 33.618828
4329 41 870.4724 17.168661
4330 41 881.87384 35.55541
4331 41 882.331 25.620802
4332 41 882.5744 22.03639
4333 31 662.5225 17.58391
4335 31 655.6591 15.520801
4335 31 655.6591 15.520801
4344 30 659.5888 10.229734
4345 31 657.14594 12.366776
4348 41 881.90173 8.10675
4351 41 864.70776 50.23134
4352 41 880.5446 50.450306
4359 41 882.51434 40.91416
4376 41 880.8137 20.104815
4378 41 880.01886 19.111038
4379 41 880.3884 18.347137
4380 36 781.83057 51.851055
4381 36 784.5803 41.89506
4382 36 784.6339 29.1368
4383 41 879.8785 26.54045
4384 41 881.0726 25.182926
4385 41 880.0056 26.115803
4386 41 878.56213 24.180656
4386 41 878.56213 24.180656
4387 36 778.8087 27.61786
4387 36 778.8087 27.61786
4388 36 783.30115 23.944807
4388 36 783.30115 23.944807
4389 41 881.049 21.69025
4389 41 881.049 21.69025
4390 41 880.8988 21.692581
4391 41 879.4881 19.781189
4392 41 880.0958 20.722565
4393 41 880.09424 23.403288
4394 33 710.0138 22.47777
4394 33 710.0138 22.47777
4395 41 880.9555 22.73175
4395 41 880.9555 22.73175
4396 32 697.746 20.360518
4396 32 697.746 20.360518
4397 41 879.4771 16.752518
4397 41 879.4771 16.752518
4402 41 880.9372 17.11143
4408 46 989.2247 41.133717
4409 46 988.3297 45.308304
4410 46 988.1892 44.37934
4411 46 988.08704 43.24008
4412 46 987.8895 42.38259
4413 46 987.9755 39.283184
4414 46 987.81213 36.311935
4415 46 987.9681 29.242367
4416 46 987.12146 19.950525
4417 46 987.81476 21.70356
4418 46 987.52167 23.04368
4418 46 987.52167 23.04368
4419 46 987.7657 24.598644
4419 46 987.7657 24.598644
4420 46 987.9769 23.88075
4420 46 987.9769 23.88075
4421 46 988.118 23.285849
4421 46 988.118 23.285849
4422 46 988.2211 23.485882
4422 46 988.2211 23.485882
4423 32 695.4738 25.198862
4423 32 695.4738 25.198862
4424 46 987.77203 22.019981
4424 46 987.77203 22.019981
4425 27 583.2565 22.822136
4425 27 583.2565 22.822136
4426 46 987.9505 20.661402
4430 27 585.0411 22.40408
4430 27 585.0411 22.40408
4436 27 583.81213 20.925348
4436 27 583.81213 20.925348
4437 36 779.5043 30.367203
4437 36 779.5043 30.367203
4438 36 780.9412 34.95288
4438 36 780.9412 34.95288
4439 36 781.9686 23.54849
4439 36 781.9686 23.54849
4452 32 692.01556 21.545105
4453 32 698.33594 16.392958
4481 24 526.95337 27.4664
4482 24 522.6082 42.186462
4483 25 525.9528 36.653275
4485 27 569.6023 63.845516
4486 27 581.8404 57.93445
4487 27 586.58014 41.83741
4488 27 587.3374 40.08635
4489 27 585.2824 35.070015
4494 24 519.18286 31.234566
4495 24 520.98236 60.448204
4496 24 523.33844 73.96353
4497 24 523.7104 73.47466
4498 24 523.6786 72.59974
4499 24 523.4226 79.68758
4500 24 523.5216 85.45387
4501 24 523.58276 58.07819
4502 36 784.15137 19.707815
4503 36 781.7354 17.079248
4509 31 667.27924 24.877178
4510 31 658.9528 14.696146
4511 31 658.65955 15.330379
4512 31 657.31903 11.780665
4546 41 864.8581 23.547674
4547 41 876.4603 32.301697
4548 41 875.76416 32.476543
4550 42 885.7451 8.307147
4551 41 890.57227 26.663061
4552 36 779.252 29.288254
4553 36 781.5076 21.384855
4555 41 888.2874 21.387058
4557 41 878.6164 35.594006
4558 41 880.7355 30.511734
4561 31 661.7488 22.689878
4562 41 876.98956 18.566023
4565 46 989.72375 11.84746
4565 46 989.72375 11.84746
4566 28 601.11725 22.925373
4566 28 601.11725 22.925373
4568 41 885.7155 15.884191
4569 31 660.3816 22.130526
4571 31 659.5617 31.214565
4574 31 661.39496 34.606197
4575 31 659.84674 30.029297
4576 38 822.47473 10.790986
4576 38 822.47473 10.790986
4577 41 892.15375 17.941004
4578 31 673.5663 16.738523
4579 31 668.86316 30.290016
4580 31 663.4929 32.143665
4581 36 780.11237 35.977444
4582 24 528.6117 39.5375
4583 36 782.765 24.98953
4588 36 782.0205 21.349422
4589 36 784.6191 21.96986
4590 36 785.4166 18.16135
4590 36 785.4166 18.16135
4591 36 784.7075 15.991738
4592 37 786.5943 13.321862
4593 37 787.2698 11.046829
4593 37 787.2698 11.046829
4594 31 663.9515 27.01374
4595 31 667.41754 18.851702
4596 31 662.10394 20.460804
4597 46 987.84875 16.165134
4597 46 987.84875 16.165134
4598 28 595.71466 17.490936
4603 46 988.425 14.937587
4604 31 662.24304 20.9478
4605 24 526.34015 20.22106
4605 46 988.2357 16.068785
4605 46 988.2357 16.068785
4606 46 988.34546 16.351467
4607 28 594.97314 18.004246
4609 31 660.73047 23.884577
4610 46 987.00366 15.840714
4611 46 988.23065 16.346981
4612 46 987.9025 15.534134
4613 46 988.3768 15.219836
4614 46 988.3712 14.904437
4616 28 593.64685 16.866142
4620 46 987.7533 14.266195
4620 46 987.7533 14.266195
4622 24 528.88245 20.777937
4622 24 528.88245 20.777937
4625 31 664.04755 17.385483
4625 31 664.04755 17.385483
4626 31 660.93964 14.483272
4626 31 660.93964 14.483272
4627 46 987.75555 11.825131
4628 46 988.70544 11.663577
4629 46 987.86487 12.581507
4630 46 988.1365 11.835295
4631 46 988.0401 12.327828
4632 24 522.94305 24.812727
4632 46 987.63324 12.041208
4632 46 987.63324 12.041208
4633 24 523.6502 19.19739
4633 46 987.45575 11.8377695
4633 46 987.45575 11.8377695
4634 46 988.2008 11.4204445
4720 33 700.8122 13.218096
4721 33 698.721 12.0641575
4734 32 698.32367 12.251701
4735 32 695.5725 13.84103
4740 36 786.454 12.802352
4741 36 781.60724 41.309444
4742 36 782.56433 60.56949
4743 36 784.67413 65.61744
4744 36 785.1668 66.04819
4744 36 785.1668 66.04819
4745 36 785.0782 64.30194
4745 36 785.0782 64.30194
4746 36 786.22455 55.784916
4746 36 786.22455 55.784916
4747 37 785.8786 50.518566
4747 37 785.8786 50.518566
4748 37 786.66943 43.08196
4748 37 786.66943 43.08196
4749 36 786.2947 31.62966
4750 24 524.35474 34.651024
4751 24 521.3493 32.19292
4751 24 521.3493 32.19292
4753 31 664.38727 25.880037
4760 31 657.59204 20.41282
4760 31 657.59204 20.41282
4761 31 659.50323 26.304863
4761 31 659.50323 26.304863
4767 30 657.4103 17.76789
4768 31 660.4389 17.640715
4783 43 931.32404 18.863724
4783 43 931.32404 18.863724
4785 24 521.3139 50.555355
4786 24 523.6674 51.61823
4786 24 523.6674 51.61823
4787 24 523.2684 44.31991
4787 24 523.2684 44.31991
4792 31 662.151 14.005572
4792 31 662.151 14.005572
4793 31 660.518 11.360882
4794 31 656.46783 11.667415
4795 30 655.2245 11.91485
4795 30 655.2245 11.91485
4797 24 527.81915 10.470287
4807 41 883.32697 7.2623057
4825 41 881.162 15.624432
4826 41 879.59686 19.538038
4827 41 879.4374 21.862906
4828 41 880.3315 24.226936
4829 41 880.64215 23.63009
4832 41 880.04346 23.265785
4833 41 880.5618 22.493183
4835 41 879.47925 21.794514
4836 41 879.73035 21.945982
4837 41 879.715 22.088936
4837 41 879.715 22.088936
4838 41 879.7537 21.943228
4838 41 879.7537 21.943228
4839 41 880.0235 21.69319
4840 41 880.5122 23.03344
4840 41 880.5122 23.03344
4841 41 880.8365 23.92525
4843 41 880.3491 22.51906
4844 41 880.2192 22.373695
4846 41 879.90857 20.611023
4847 41 879.38104 22.036701
4847 41 879.38104 22.036701
4848 41 880.10547 21.285704
4848 41 880.10547 21.285704
4849 41 880.0965 19.641182
4849 41 880.0965 19.641182
4850 41 879.7904 18.052057
4851 41 879.8062 18.515255
4852 41 880.37775 19.560747
4853 41 880.712 15.919827
4853 41 880.712 15.919827
4854 41 880.99927 21.780405
4855 41 880.4102 18.72015
4856 41 880.698 18.114296
4857 41 879.5105 16.629847
4861 41 880.2111 17.357021
4862 41 880.6167 16.786417
4863 41 880.32434 16.541971
4867 46 987.9325 36.09977
4868 46 988.23315 47.001194
4869 46 987.60834 44.078857
4870 46 987.32367 42.850933
4871 46 987.51355 42.42965
4872 46 988.014 39.999195
4873 46 988.1082 36.585587
4873 46 988.1082 36.585587
4874 46 988.28723 31.039978
4874 46 988.28723 31.039978
4875 46 987.7018 19.752453
4876 46 987.9566 21.199385
4877 46 987.8115 22.557552
4878 46 987.7604 24.39455
4879 46 987.6313 23.863255
4880 46 987.45953 23.036255
4881 46 987.64764 22.977337
4882 46 987.87885 22.859306
4883 46 988.0497 22.378384
4890 46 986.29346 13.561947
4891 46 987.41455 15.11169
4892 46 987.57355 15.058388
4893 46 988.07446 15.079665
4899 46 987.9625 13.901009
4904 46 987.209 15.352099
4968 30 658.70825 38.62854
4969 30 652.85205 56.557873
4970 30 654.52234 52.29395
4971 30 654.61444 40.967308
4973 30 653.00793 28.996601
4974 30 652.66406 31.064463
4974 30 652.66406 31.064463
4975 30 653.7818 33.76668
4975 30 653.7818 33.76668
4976 36 782.51587 18.25575
4976 36 782.51587 18.25575
4977 30 654.5706 45.39642
4977 30 654.5706 45.39642
4978 30 655.1649 37.82499
4979 24 523.70984 39.681564
4980 25 532.2015 40.895863
4980 25 532.2015 40.895863
5001 41 885.2238 15.805301
5001 41 885.2238 15.805301
5006 41 877.67615 19.870417
5006 41 877.67615 19.870417
5008 41 876.9431 20.256132
5008 41 876.9431 20.256132
5011 41 883.4569 18.962297
5011 41 883.4569 18.962297
5012 41 881.475 14.668269
5012 41 881.475 14.668269
5014 46 981.50323 12.916198
5014 46 981.50323 12.916198
5015 41 881.5119 21.580042
5016 41 880.1631 28.092815
5016 41 880.1631 28.092815
5017 41 881.2975 26.902792
5017 41 881.2975 26.902792
5018 45 979.90607 20.479689
5018 45 979.90607 20.479689
5019 27 588.5013 23.217688
5023 27 582.31104 10.00053
5024 27 585.91455 11.422661
5025 46 991.40076 10.743896
5025 46 991.40076 10.743896
5026 33 718.99994 11.078305
5027 26 561.4264 11.009325
5028 41 882.1688 10.590534
5029 41 882.62915 11.511587
5032 27 580.0909 11.379878
5032 27 580.0909 11.379878
5033 30 654.0817 12.56639
5033 30 654.0817 12.56639
5035 31 664.3488 11.280139
5036 31 669.7556 12.061747
5037 31 673.3422 12.2036295
5038 31 671.0342 19.778004
5038 31 671.0342 19.778004
5040 41 884.29425 12.441393
5040 41 884.29425 12.441393
5041 45 976.95026 6.8407063
5041 45 976.95026 6.8407063
5046 24 507.35782 21.094185
5046 24 507.35782 21.094185
5049 41 888.81476 10.431191
5050 41 881.7187 11.7527075
5051 41 877.6964 7.7292175
5053 31 661.6945 16.038813
5054 31 663.13715 7.8792825
5054 31 663.13715 7.8792825
5057 28 595.7079 11.338169
5058 27 591.6728 11.359299
5063 24 523.70544 11.127661
5064 41 880.59766 9.084645
5065 28 593.1791 9.835352
5066 24 525.8033 19.167404
5066 24 525.8033 19.167404
5067 24 526.4192 14.417354
5067 24 526.4192 14.417354
5068 24 521.9457 18.16555
5068 24 521.9457 18.16555
5069 31 662.0289 14.672686
5069 31 662.0289 14.672686
5076 36 765.90955 11.553575
5076 36 765.90955 11.553575
5077 37 790.74884 10.297636
5084 31 672.3371 27.39348
5097 30 655.3796 29.420021
5098 27 584.9402 45.404617
5099 27 585.4873 44.617237
5100 27 585.0848 45.114487
5101 27 586.32874 50.156826
5102 27 586.28204 48.24895
5104 27 583.9063 26.178772
5104 27 583.9063 26.178772
5105 27 585.8499 20.433868
5105 27 585.8499 20.433868
5106 27 585.41974 19.65772
5108 27 584.7272 17.823814
5117 27 585.6743 21.839054
5117 27 585.6743 21.839054
5118 27 586.27216 22.0092
5118 27 586.27216 22.0092
5120 27 586.6994 16.530218
5122 27 586.37604 18.625904
5123 27 586.6237 19.169468
5124 27 586.34546 18.571136
5124 27 586.34546 18.571136
5126 30 648.19727 17.845297
5140 36 784.9606 9.323328
5140 36 784.9606 9.323328
5154 24 522.59424 23.746326
5154 24 522.59424 23.746326
5169 24 519.3009 15.768073
5169 24 519.3009 15.768073
5170 46 984.2519 20.322134
5171 46 982.2274 22.495012
5174 46 983.75995 25.77173
5174 46 983.75995 25.77173
5175 46 983.8726 21.913399
5175 46 983.8726 21.913399
5180 46 984.7357 13.923365
5181 46 984.594 19.098719
5181 46 984.594 19.098719
5182 46 984.888 20.472616
5182 46 984.888 20.472616
5183 27 581.5413 31.257238
5183 27 581.5413 31.257238
5184 27 584.4608 36.017506
5184 27 584.4608 36.017506
5185 27 585.4491 34.366394
5186 27 585.7416 32.10968
5187 27 585.9293 31.794197
5188 27 585.8943 28.500635
5188 27 585.8943 28.500635
5190 27 586.8594 25.587675
5190 27 586.8594 25.587675
5191 27 586.3027 25.712618
5191 27 586.3027 25.712618
5209 27 586.3001 18.56143
5209 27 586.3001 18.56143
5210 27 586.2014 17.950378
5210 27 586.2014 17.950378
5212 36 780.36597 15.128832
5212 36 780.36597 15.128832
5220 31 662.2085 13.819495
5220 31 662.2085 13.819495
5221 31 660.14014 10.882686
5226 24 520.28436 10.609885
5226 24 520.28436 10.609885
5238 24 522.06415 20.556772
5238 24 522.06415 20.556772
5241 38 817.8909 17.092426
5241 38 817.8909 17.092426
5244 31 658.961 43.67011
5245 31 657.9084 46.57874
5246 30 656.6755 44.898205
5246 30 656.6755 44.898205
5247 30 656.58417 40.80622
5247 30 656.58417 40.80622
5248 31 656.90814 40.897324
5248 31 656.90814 40.897324
5249 31 658.44495 29.324707
5250 30 655.4948 16.950155
5252 30 650.29785 14.981118
5253 30 654.79156 23.445103
5254 31 657.93835 25.467695
5255 30 656.8533 32.03213
5255 30 656.8533 32.03213
5256 30 655.24146 35.834038
5256 30 655.24146 35.834038
5257 30 656.65393 41.133644
5258 30 655.43005 41.16833
5259 30 656.11414 35.953335
5260 31 656.8863 28.89779
5260 31 656.8863 28.89779
5265 31 658.4066 22.74346
5266 31 657.65845 28.759785
5267 31 657.1275 33.051525
5268 30 656.5629 35.22995
5268 30 656.5629 35.22995
5269 31 657.0075 34.673634
5270 31 656.957 32.406975
5271 31 657.04254 27.7433
5272 31 657.48114 23.26895
5274 31 660.2049 7.3976884
5277 30 656.1127 17.579653
5277 30 656.1127 17.579653
5278 30 656.4548 22.614824
5279 30 656.47156 25.521769
5280 31 657.38403 26.906528
5281 31 658.3833 16.106531
5283 24 519.7555 18.152937
5283 24 519.7555 18.152937
5286 24 524.7807 12.408643
5288 24 522.7214 12.6487465
5288 24 522.7214 12.6487465
5299 24 524.95435 19.71695
5299 24 524.95435 19.71695
5302 24 526.05347 21.40511
5304 24 519.2459 15.360635
5304 24 519.2459 15.360635
5321 31 671.3338 7.992342
5322 30 651.09216 10.197372
5323 30 652.18256 11.1224985
5324 30 653.5617 12.8536415
5326 30 655.1235 15.2121525
5326 30 655.1235 15.2121525
5327 30 655.7951 18.058775
5327 30 655.7951 18.058775
5328 36 782.3005 9.174434
5328 36 782.3005 9.174434
5330 30 649.29315 8.532934
5330 30 649.29315 8.532934
5331 27 584.58246 21.787357
5332 27 586.0945 31.823635
5332 27 586.0945 31.823635
5333 27 585.3787 36.020035
5333 27 585.3787 36.020035
5334 27 585.046 24.707443
5335 27 585.2883 15.989133
5335 27 585.2883 15.989133
5336 27 584.9783 10.977235
5340 27 583.5983 22.034662
5340 27 583.5983 22.034662
5342 34 731.64795 14.621395
5345 46 984.8829 25.476212
5345 46 984.8829 25.476212
5346 46 987.4073 16.632774
5346 46 987.4073 16.632774
5349 46 985.5813 23.838505
5353 41 879.15857 26.123444
5353 41 879.15857 26.123444
5354 41 877.3951 36.834457
5354 41 877.3951 36.834457
5355 41 877.1102 41.92046
5355 41 877.1102 41.92046
5356 41 877.08746 42.027847
5356 41 877.08746 42.027847
5357 41 876.8235 34.835453
5357 41 876.8235 34.835453
5358 41 875.79205 22.272308
5358 41 875.79205 22.272308
5361 41 873.5053 18.595089
5361 41 873.5053 18.595089
5362 40 870.4101 18.149614
5362 40 870.4101 18.149614
5363 41 874.9504 12.632514
5363 41 874.9504 12.632514
5364 24 520.8373 63.290173
5365 24 521.39716 68.64185
5366 24 520.9523 67.00244
5367 24 520.8165 66.65808
5368 24 521.512 60.499207
5368 24 521.512 60.499207
5370 34 731.3053 8.075491
5373 46 989.4991 29.413267
5377 46 989.25256 12.034867
5378 46 989.2448 15.184291
5381 45 981.09283 14.723601
5382 36 776.7455 20.48738
5384 36 773.3222 21.511864
5385 36 779.2129 34.222435
5387 36 781.56915 64.04299
5388 36 781.77185 70.18934
5389 36 782.04407 67.85046
5390 37 786.67535 27.545254
5391 41 880.4181 29.629578
5392 41 878.87213 29.547928
5403 30 656.2138 15.116245
5403 30 656.2138 15.116245
5404 30 655.72327 17.191181
5404 30 655.72327 17.191181
5405 30 654.51624 16.942095
5405 30 654.51624 16.942095
5407 30 655.5251 19.759163
5407 30 655.5251 19.759163
5408 30 656.1938 19.335669
5408 30 656.1938 19.335669
5415 27 585.80774 31.411436
5415 27 585.80774 31.411436
5416 27 585.5375 35.526302
5416 27 585.5375 35.526302
5417 27 585.3244 36.78872
5417 27 585.3244 36.78872
5427 40 868.0197 10.331176
5440 46 986.39075 14.275705
5440 46 986.39075 14.275705
5441 46 986.72864 13.048047
5441 46 986.72864 13.048047
5457 41 879.1198 25.765162
5457 41 879.1198 25.765162
5458 41 877.6367 26.039011
5458 41 877.6367 26.039011
5459 41 878.0319 23.654615
5478 35 742.3367 14.332865
5478 35 742.3367 14.332865
5490 36 782.29193 28.31552
5490 36 782.29193 28.31552
5491 36 781.8719 23.875217
5491 36 781.8719 23.875217
5497 31 658.30493 21.030577
5499 31 659.7135 18.660873
5504 27 586.71674 11.776898
5505 27 584.28845 29.88088
5505 27 584.28845 29.88088
5506 27 585.8603 31.116066
5506 27 585.8603 31.116066
5507 27 586.3994 28.704126
5507 27 586.3994 28.704126
5514 24 525.5018 13.401154
5517 31 657.7574 17.785423
5518 31 658.6102 19.214455
5518 31 658.6102 19.214455
5519 31 658.5327 18.346397
5519 31 658.5327 18.346397
5520 30 657.40247 16.931684
5520 30 657.40247 16.931684
5525 24 522.863 16.184143
5525 24 522.863 16.184143
5526 24 523.6033 14.659502
5526 24 523.6033 14.659502
5527 25 524.0505 13.89144
5527 25 524.0505 13.89144
5528 46 986.5932 12.022029
5563 24 524.04224 13.260194
5564 24 524.0269 8.400329
5565 24 520.4212 7.1040783
5566 24 525.8254 8.960016
5584 24 523.8812 10.619776
5593 37 792.09564 15.177613
5593 37 792.09564 15.177613
5594 37 787.94745 7.609559
5615 25 528.07806 11.918016
5615 25 528.07806 11.918016
5616 41 880.31104 14.035815
5616 41 880.31104 14.035815
5623 24 537.36975 36.183952
5624 24 517.96906 47.023643
5625 24 520.594 53.3572
5626 24 521.98596 51.15618
5628 24 521.0263 21.195034
5628 24 521.0263 21.195034
5632 24 525.7701 19.422243
5635 27 579.5779 21.475815
5635 27 579.5779 21.475815
5636 27 584.96814 24.412607
5636 27 584.96814 24.412607
5637 27 585.79846 29.798553
5637 27 585.79846 29.798553
5638 27 586.0858 30.98018
5638 27 586.0858 30.98018
5639 27 585.95746 34.44317
5639 27 585.95746 34.44317
5640 27 585.6212 33.23458
5640 27 585.6212 33.23458
5641 27 586.1974 29.479889
5641 27 586.1974 29.479889
5642 27 586.4486 27.327574
5642 27 586.4486 27.327574
5643 27 586.2375 24.960833
5643 27 586.2375 24.960833
5659 46 989.6261 18.378048
5660 46 989.1543 16.98335
5661 46 988.43994 16.616125
5661 46 988.43994 16.616125
5662 46 987.8354 15.090653
5662 46 987.8354 15.090653
5663 46 988.2366 16.113823
5664 46 988.08575 18.252314
5665 46 985.3339 16.162434
5666 46 984.90515 18.473764
5667 46 986.56476 15.033747
5672 27 589.9036 7.737012
5679 31 658.8309 19.308695
5689 41 878.078 34.054813
5690 41 877.2671 47.63532
5690 41 877.2671 47.63532
5691 41 877.10425 49.984646
5692 41 877.25696 42.142395
5693 41 877.0825 20.184948
5696 36 779.6003 30.474628
5697 36 779.78436 37.679264
5698 36 779.8197 41.372864
5699 36 780.3758 36.56506
5699 36 780.3758 36.56506
5704 46 987.8032 29.618128
5704 46 987.8032 29.618128
5705 46 984.6231 32.305077
5706 46 982.89294 28.174845
5723 24 521.9244 19.96142
5724 30 651.1849 15.544009
5725 30 656.4143 15.433872
5726 41 875.25287 28.989779
5727 41 877.16986 43.511597
5728 41 877.0973 41.408005
5729 41 877.32556 24.411264
5735 31 659.93414 17.498306
5736 31 657.91833 19.23937
5737 31 657.86884 17.283266
5738 31 659.17883 14.0333185
5742 31 662.7001 12.0153675
5746 36 779.1106 12.915094
5747 36 779.5179 15.748111
5747 36 779.5179 15.748111
5748 36 780.955 18.555445
5748 36 780.955 18.555445
5749 36 781.3151 20.084507
5750 36 781.4953 24.388742
5751 36 781.39526 20.309801
5752 24 523.26483 15.902078
5755 36 784.55853 19.521782
5756 36 783.0337 26.082563
5757 36 782.01544 32.475433
5758 36 782.2289 35.621742
5758 36 782.2289 35.621742
5759 36 782.7858 37.213634
5759 36 782.7858 37.213634
5760 36 783.37036 36.123013
5761 36 783.26636 30.31789
5761 36 783.26636 30.31789
5762 36 783.85284 23.671658
5763 36 785.0639 19.858921
5764 36 785.45026 19.748137
5764 36 785.45026 19.748137
5765 36 784.51965 25.705269
5765 36 784.51965 25.705269
5766 36 783.6416 27.841213
5766 36 783.6416 27.841213
5778 36 782.14844 31.158482
5779 36 781.73114 33.514996
5780 36 782.2668 31.534143
5781 36 782.4179 27.076527
5786 36 783.8964 26.67311
5787 36 782.9119 30.357927
5788 36 782.76965 34.39917
5789 36 782.6009 37.97484
5790 36 782.43195 38.857452
5791 36 782.2137 34.50578
5791 36 782.2137 34.50578
5792 36 781.794 26.527054
5792 36 781.794 26.527054
5798 36 779.7302 12.608756
5798 36 779.7302 12.608756
5799 36 781.42664 16.368341
5799 36 781.42664 16.368341
5800 36 782.2575 18.633623
5801 36 782.4943 18.298443
5823 36 785.03156 9.435701
5824 36 783.1083 10.131468
5834 36 782.6658 12.313019
5834 36 782.6658 12.313019
5835 36 782.58136 13.314899
5835 36 782.58136 13.314899
5836 36 782.1962 12.872181
5836 36 782.1962 12.872181
5837 36 783.0614 11.672003
5837 36 783.0614 11.672003
5845 41 880.40137 13.829516
5845 41 880.40137 13.829516
5852 36 782.7636 14.6111
5852 36 782.7636 14.6111
5858 24 517.591 17.81478
5863 24 519.2579 26.57681
5863 24 519.2579 26.57681
5865 24 520.4693 24.687593
5865 24 520.4693 24.687593
5866 23 505.11505 39.83635
5866 46 984.93964 24.782892
5866 46 984.93964 24.782892
5867 46 987.07935 29.269766
5867 46 987.07935 29.269766
5868 46 986.07855 25.729727
5868 46 986.07855 25.729727
5869 46 986.5117 22.603636
5869 46 986.5117 22.603636
5870 46 986.0446 19.936415
5870 46 986.0446 19.936415
5874 36 780.687 28.002174
5874 36 780.687 28.002174
5875 36 781.9474 28.487148
5875 36 781.9474 28.487148
5876 36 782.0651 25.094044
5876 36 782.0651 25.094044
5878 46 990.0727 11.50736
5878 46 990.0727 11.50736
5879 46 987.5952 11.454861
5879 46 987.5952 11.454861
5880 36 780.80756 14.505383
5880 36 780.80756 14.505383
5881 28 604.8388 17.294672
5881 28 604.8388 17.294672
5882 27 586.2415 21.435291
5882 27 586.2415 21.435291
5883 27 586.0165 22.1269
5883 27 586.0165 22.1269
5884 27 585.64685 23.479792
5884 27 585.64685 23.479792
5885 27 585.85126 24.43739
5885 27 585.85126 24.43739
5888 27 585.6967 19.76416
5888 27 585.6967 19.76416
5889 30 646.9758 18.921461
5890 31 658.5757 17.49728
5925 41 877.15625 20.85754
5925 41 877.15625 20.85754
5929 41 883.707 23.785818
5930 41 886.3919 22.616253
5931 27 586.6467 29.04064
5932 27 586.586 28.593117
5933 27 586.3232 31.337036
5934 27 585.9781 33.362656
5935 27 585.8646 34.372147
5936 27 585.50867 31.648054
5937 27 583.9623 25.475708
5938 34 739.1771 25.81044
5939 34 737.77246 15.651659
5944 41 878.008 12.745592
5945 36 786.10175 16.450632
5946 24 521.178 22.73422
5947 24 520.45355 21.453392
5948 36 783.95746 13.392052
5949 24 522.59796 20.44165
5950 24 520.3299 17.995708
5951 24 521.3765 18.451529
5952 36 781.66486 12.376801
5953 34 738.0891 21.056728
5954 34 738.97485 20.404657
5955 34 738.16077 19.847496
5956 34 737.2062 16.289446
5957 31 665.7109 19.750328
5958 31 660.6844 16.892658
5959 27 583.5593 11.359752
5960 27 583.43555 24.555138
5961 31 665.05646 12.70548
5962 27 585.38306 24.794048
5963 27 585.5002 22.482145
5964 31 662.7514 15.142559
5965 27 583.4945 20.917217
5966 27 588.3726 27.221577
5967 27 589.4739 24.84044
5969 27 585.4331 9.837533
5969 27 585.4331 9.837533
5971 31 662.5624 14.354423
5972 27 579.8894 9.841626
5974 36 783.24786 15.552384
5974 36 783.24786 15.552384
5982 25 527.7928 12.014583
5982 25 527.7928 12.014583
5983 25 528.47296 15.937116
5983 25 528.47296 15.937116
5984 28 596.39166 11.578318
5984 28 596.39166 11.578318
5985 28 594.3615 11.401771
5985 28 594.3615 11.401771
5986 41 881.2987 16.503471
5987 41 881.13403 52.073986
5987 41 881.13403 52.073986
5988 41 882.36035 44.656143
5988 41 882.36035 44.656143
5989 41 882.90515 30.64529
5990 41 881.00385 22.442299
5990 41 881.00385 22.442299
5991 41 884.1889 17.637007
5996 41 880.0848 29.958912
6002 36 783.4182 31.637676
6002 36 783.4182 31.637676
6003 36 782.9019 28.825964
6003 36 782.9019 28.825964
6005 36 787.73615 10.780802
6005 36 787.73615 10.780802
6006 36 782.9676 11.737619
6006 36 782.9676 11.737619
6015 41 889.88165 19.67052
6015 41 889.88165 19.67052
6016 41 881.92706 40.698185
6016 41 881.92706 40.698185
6017 41 880.8413 32.208096
6017 41 880.8413 32.208096
6018 41 881.067 26.536846
6018 41 881.067 26.536846
6019 41 881.08575 17.80249
6019 41 881.08575 17.80249
6020 41 881.7192 16.576353
6020 41 881.7192 16.576353
6023 41 876.411 15.087186
6023 41 876.411 15.087186
6024 41 881.69543 14.72355
6024 41 881.69543 14.72355
6031 36 782.3055 22.553465
6031 36 782.3055 22.553465
6044 41 883.1696 35.70476
6045 41 880.72394 42.185307
6046 41 879.71515 26.183912
6047 41 878.075 11.747239
6047 41 878.075 11.747239
6048 41 879.5276 5.8135576
6048 41 879.5276 5.8135576
6050 41 879.97034 9.098867
6050 41 879.97034 9.098867
6051 41 873.66376 21.240248
6051 41 873.66376 21.240248
6052 41 881.12744 41.042175
6052 41 881.12744 41.042175
6053 41 882.09674 33.774498
6053 41 882.09674 33.774498
6054 41 881.46423 18.699423
6054 41 881.46423 18.699423
6055 41 880.2685 10.007151
6055 41 880.2685 10.007151
6058 36 770.71747 16.625978
6058 36 770.71747 16.625978
6059 36 780.59656 31.746557
6059 36 780.59656 31.746557
6060 36 782.8363 24.867723
6060 36 782.8363 24.867723
6061 36 783.2066 17.157463
6061 36 783.2066 17.157463
6072 42 891.6161 11.9857235
6073 41 882.6892 67.68254
6073 41 882.6892 67.68254
6074 41 880.8392 53.557285
6074 41 880.8392 53.557285
6075 41 880.3518 33.639214
6075 41 880.3518 33.639214
6076 41 879.1667 23.355465
6077 41 877.87195 14.606338
6077 41 877.87195 14.606338
6080 41 898.7385 18.998955
6080 41 898.7385 18.998955
6081 41 882.0984 17.915142
6081 41 882.0984 17.915142
6082 41 880.71686 10.695738
6082 41 880.71686 10.695738
6085 41 870.148 8.406028
6085 41 870.148 8.406028
6086 32 698.03577 6.6206474
6086 32 698.03577 6.6206474
6087 32 680.3504 10.288939
6087 32 680.3504 10.288939
6088 32 694.4385 14.249607
6088 32 694.4385 14.249607
6089 32 698.01154 11.420666
6089 32 698.01154 11.420666
6095 26 552.0405 6.8118725
6095 26 552.0405 6.8118725
6098 41 881.8613 6.468351
6098 41 881.8613 6.468351
6099 32 696.2725 6.2952604
6099 32 696.2725 6.2952604
6101 41 868.4707 23.759161
6101 41 868.4707 23.759161
6102 41 881.89124 53.567455
6103 41 882.83154 35.79848
6104 41 883.5188 18.661955
6105 41 885.46857 14.076372
6106 41 886.5555 8.244306
6107 41 891.23865 12.5602455
6109 41 875.44617 28.638014
6110 41 881.0001 24.515837
6111 41 878.81824 14.755673
6112 33 702.21265 7.1930575
6113 41 896.4596 6.8131747
6116 33 710.8646 31.967794
6116 33 710.8646 31.967794
6117 32 698.42175 23.789042
6117 32 698.42175 23.789042
6118 32 698.5527 13.49537
6118 32 698.5527 13.49537
6130 41 892.2758 27.267746
6130 41 892.2758 27.267746
6131 41 880.9276 41.479916
6131 41 880.9276 41.479916
6132 41 880.63684 26.276789
6132 41 880.63684 26.276789
6133 41 881.6909 21.032688
6134 41 879.74445 10.751415
6134 41 879.74445 10.751415
6137 41 883.14813 10.881682
6137 41 883.14813 10.881682
6138 41 881.8593 14.367144
6138 41 881.8593 14.367144
6139 41 881.6294 12.81436
6158 40 874.41266 7.1854167
6159 41 882.5236 49.52395
6159 41 882.5236 49.52395
6160 41 879.23584 44.94202
6161 41 878.67633 33.631153
6161 41 878.67633 33.631153
6162 41 879.51135 22.157797
6162 41 879.51135 22.157797
6163 41 882.10645 13.911233
6163 41 882.10645 13.911233
6166 41 881.1638 27.01322
6166 41 881.1638 27.01322
6167 41 881.2348 29.22557
6167 41 881.2348 29.22557
6168 41 881.8038 21.12442
6168 41 881.8038 21.12442
6169 41 878.90546 13.376522
6169 41 878.90546 13.376522
6170 41 878.48956 13.535664
6170 41 878.48956 13.535664
6173 33 703.2049 21.535103
6174 32 696.9247 34.666763
6175 32 699.3173 22.599266
6180 41 880.2204 10.550866
6180 41 880.2204 10.550866
6185 41 879.68427 10.318651
6185 41 879.68427 10.318651
6186 41 879.46106 11.768441
6186 41 879.46106 11.768441
6187 42 890.4978 21.175985
6187 42 890.4978 21.175985
6188 41 882.8879 78.76306
6188 41 882.8879 78.76306
6189 41 880.32477 59.417885
6189 41 880.32477 59.417885
6190 41 879.0015 33.95865
6190 41 879.0015 33.95865
6191 41 880.2819 19.198454
6191 41 880.2819 19.198454
6195 41 871.8012 30.50477
6195 41 871.8012 30.50477
6196 41 883.37744 36.695007
6197 41 882.0393 26.54947
6203 41 882.5077 7.473139
6216 37 794.0006 31.084988
6216 37 794.0006 31.084988
6217 36 782.31934 46.063564
6217 36 782.31934 46.063564
6218 36 785.29614 32.57763
6218 36 785.29614 32.57763
6219 37 785.96216 22.77706
6219 37 785.96216 22.77706
6220 37 788.0482 16.489046
6220 37 788.0482 16.489046
6221 37 793.4368 8.745151
6221 37 793.4368 8.745151
6223 37 796.0137 12.608863
6223 37 796.0137 12.608863
6224 36 778.8547 25.60416
6224 36 778.8547 25.60416
6225 37 785.37537 13.96476
6225 37 785.37537 13.96476
6226 41 888.1768 6.4708495
6230 32 696.3457 10.960098
6231 32 692.2402 33.3828
6232 33 702.38074 20.920647
6232 33 702.38074 20.920647
6239 37 787.6244 8.832786
6239 37 787.6244 8.832786
6245 36 781.8936 41.19695
6245 36 781.8936 41.19695
6246 36 780.5496 33.536102
6246 36 780.5496 33.536102
6247 36 782.9008 20.392006
6247 36 782.9008 20.392006
6252 36 768.9791 11.332934
6252 36 768.9791 11.332934
6253 36 779.4481 19.250216
6253 36 779.4481 19.250216
6254 36 783.7169 15.37646
6254 36 783.7169 15.37646
6259 32 697.8364 17.34079
6259 32 697.8364 17.34079
6260 32 695.8921 23.947117
6260 32 695.8921 23.947117
6261 32 698.147 18.856625
6261 32 698.147 18.856625
6274 36 777.56903 42.80922
6274 36 777.56903 42.80922
6275 36 782.5207 35.41186
6276 36 782.022 24.2496
6276 36 782.022 24.2496
6277 36 782.5565 13.925345
6277 36 782.5565 13.925345
6281 36 786.16925 26.78634
6281 36 786.16925 26.78634
6282 36 784.3123 22.08804
6282 36 784.3123 22.08804
6283 36 784.7759 20.491375
6283 36 784.7759 20.491375
6285 36 781.3867 25.119402
6285 36 781.3867 25.119402
6287 36 777.5691 15.835817
6288 33 703.8189 21.311525
6289 32 694.5105 30.026068
6289 32 694.5105 30.026068
6302 37 782.8115 39.385757
6302 37 782.8115 39.385757
6303 36 781.43036 64.896225
6303 36 781.43036 64.896225
6304 36 783.7082 45.373154
6304 36 783.7082 45.373154
6305 36 783.4476 25.166393
6305 36 783.4476 25.166393
6306 31 659.64075 14.4804325
6306 31 659.64075 14.4804325
6308 36 779.3698 16.470142
6308 36 779.3698 16.470142
6309 37 782.7856 26.956726
6309 37 782.7856 26.956726
6310 36 786.4544 33.58
6310 36 786.4544 33.58
6311 36 783.37427 29.085297
6311 36 783.37427 29.085297
6314 36 781.1521 26.398533
6314 36 781.1521 26.398533
6315 36 783.3986 20.495787
6315 36 783.3986 20.495787
6317 31 664.2932 27.385433
6317 31 664.2932 27.385433
6318 31 659.87665 25.222164
6319 31 659.7052 19.523611
6319 31 659.7052 19.523611
6320 31 656.83417 13.706613
6320 31 656.83417 13.706613
6321 31 657.6747 13.666177
6321 31 657.6747 13.666177
6322 31 659.8949 10.900591
6322 31 659.8949 10.900591
6330 36 782.9416 10.363209
6331 36 774.626 32.45212
6332 37 788.49335 33.009583
6333 37 785.68384 24.979513
6333 37 785.68384 24.979513
6334 37 788.2804 19.538025
6334 37 788.2804 19.538025
6335 37 787.2547 9.337768
6338 36 772.5646 21.885735
6339 36 778.91614 30.929777
6340 37 784.51306 21.436665
6341 37 789.6582 15.444393
6341 37 789.6582 15.444393
6343 36 782.31146 16.100964
6343 36 782.31146 16.100964
6344 36 782.17883 17.363022
6344 36 782.17883 17.363022
6345 32 686.8793 17.321632
6345 32 686.8793 17.321632
6346 31 665.7107 26.093403
6346 31 665.7107 26.093403
6347 31 658.9443 21.151009
6347 31 658.9443 21.151009
6348 31 660.7449 16.86862
6348 31 660.7449 16.86862
6349 36 779.1518 18.43449
6349 36 779.1518 18.43449
6353 36 777.91364 8.952835
6355 36 778.4185 8.077561
6355 36 778.4185 8.077561
6358 31 661.84064 7.4761076
6358 31 661.84064 7.4761076
6360 36 781.9301 29.157825
6360 36 781.9301 29.157825
6361 36 783.1368 24.83775
6361 36 783.1368 24.83775
6362 36 783.053 21.533665
6362 36 783.053 21.533665
6363 36 781.81604 13.279193
6363 36 781.81604 13.279193
6365 31 661.5363 6.643795
6367 36 785.20105 25.255009
6368 37 786.4526 19.392181
6371 36 781.53174 14.386798
6371 36 781.53174 14.386798
6374 31 652.92175 27.297852
6376 37 789.0069 15.8570175
6388 36 763.30414 34.131733
6388 36 763.30414 34.131733
6389 36 778.38153 70.88048
6389 36 778.38153 70.88048
6390 36 781.7297 49.206566
6390 36 781.7297 49.206566
6391 36 782.6233 22.012808
6391 36 782.6233 22.012808
6393 37 786.96277 9.303257
6393 37 786.96277 9.303257
6394 37 789.73773 16.73005
6394 37 789.73773 16.73005
6395 37 792.87494 16.636995
6396 37 798.56085 25.671412
6396 37 798.56085 25.671412
6397 36 782.5422 28.353086
6397 36 782.5422 28.353086
6398 36 781.1038 12.331188
6403 27 581.6258 24.611515
6404 36 779.5994 10.852226
6417 36 769.8777 49.414
6418 36 781.3019 60.77261
6419 36 782.5111 44.87001
6420 36 782.6012 33.96865
6421 36 782.4369 19.302273
6422 36 777.48236 13.219108
6425 37 793.11163 20.772951
6426 36 784.8929 17.664957
6426 36 784.8929 17.664957
6430 36 780.72687 19.083488
6430 36 780.72687 19.083488
6433 37 788.1742 13.284803
6433 37 788.1742 13.284803
6446 41 882.12866 51.640545
6447 41 882.722 47.36202
6448 41 882.9386 32.13461
6449 41 880.97955 20.971022
6453 41 892.2309 25.449438
6454 41 881.05786 36.089977
6455 41 880.4507 27.905287
6458 41 875.80505 12.940994
6458 41 875.80505 12.940994
6459 41 881.30444 15.7755995
6459 41 881.30444 15.7755995
6460 36 771.24005 27.16699
6460 36 771.24005 27.16699
6461 36 780.9883 34.703724
6461 36 780.9883 34.703724
6462 36 783.00037 30.050945
6462 36 783.00037 30.050945
6463 36 783.2017 19.026403
6463 36 783.2017 19.026403
6474 42 883.5483 14.030096
6474 42 883.5483 14.030096
6475 41 882.9573 45.33443
6476 41 880.7575 34.818913
6477 41 880.8564 29.786285
6477 41 880.8564 29.786285
6483 41 881.22815 20.01158
6483 41 881.22815 20.01158
6489 36 777.88574 28.452084
6489 36 777.88574 28.452084
6490 36 781.9247 28.32361
6490 36 781.9247 28.32361
6503 41 883.998 32.051044
6504 41 880.4676 47.89037
6505 41 879.18286 31.075865
6506 41 877.83044 14.389675
6510 40 840.8398 15.939588
6511 41 879.9953 40.661087
6512 41 882.6177 36.58956
6512 41 882.6177 36.58956
6513 41 881.91534 21.338793
6513 41 881.91534 21.338793
6518 36 781.7147 34.406395
6519 36 783.2561 27.621346
6520 36 782.81433 19.475952
6532 41 885.37946 55.754166
6533 41 881.43494 52.265453
6533 41 881.43494 52.265453
6534 41 880.9043 33.16128
6534 41 880.9043 33.16128
6535 41 879.9837 22.51551
6535 41 879.9837 22.51551
6539 42 896.5864 12.73716
6540 41 884.05804 16.89363
6560 41 865.96826 14.172895
6560 41 865.96826 14.172895
6561 41 881.679 46.663506
6562 41 882.7013 33.677734
6563 41 883.5431 17.82497
6564 41 885.7324 12.698342
6566 41 892.5875 10.265405
6567 41 880.8304 15.200189
6568 41 874.8017 27.100697
6569 41 880.1537 23.869604
6570 41 879.0162 14.695051
6571 33 700.82526 11.605329
6575 32 695.3715 36.39058
6576 33 698.26044 37.204742
6577 32 698.4191 27.508575
6586 32 697.34015 14.711799
6587 32 693.1167 11.603559
6587 32 693.1167 11.603559
6588 32 691.98627 10.279865
6588 32 691.98627 10.279865
6589 41 895.4591 18.434227
6589 41 895.4591 18.434227
6590 41 881.8035 41.040447
6590 41 881.8035 41.040447
6591 41 879.9227 27.989267
6592 41 881.4516 21.702105
6593 41 879.5736 13.162235
6595 30 658.8374 8.925043
6595 30 658.8374 8.925043
6596 41 880.9838 14.753434
6596 41 880.9838 14.753434
6597 41 883.3285 34.541428
6598 41 882.0474 27.836803
6598 41 882.0474 27.836803
6599 41 880.57733 16.611227
6599 41 880.57733 16.611227
6600 41 878.7493 11.731909
6600 41 878.7493 11.731909
6602 41 874.3377 10.613694
6604 32 693.93005 38.692734
6616 41 879.8425 6.472877
6616 41 879.8425 6.472877
6618 41 899.42444 54.961563
6618 41 899.42444 54.961563
6619 41 880.24365 59.444218
6619 41 880.24365 59.444218
6620 41 878.7589 42.930023
6621 41 879.67865 29.319645
6622 41 881.5444 18.313908
6622 41 881.5444 18.313908
6623 41 880.5554 11.228275
6623 41 880.5554 11.228275
6625 41 880.4874 28.21979
6625 41 880.4874 28.21979
6626 41 881.3522 34.420826
6626 41 881.3522 34.420826
6627 41 881.5002 23.73891
6627 41 881.5002 23.73891
6628 41 879.3326 15.284667
6628 41 879.3326 15.284667
6629 41 878.2668 15.371602
6629 41 878.2668 15.371602
6632 33 705.17896 13.3515415
6633 32 697.21686 22.091364
6634 32 699.14374 19.912807
6635 32 698.23615 15.634482
6636 41 881.0534 12.749269
6636 41 881.0534 12.749269
6637 41 883.17816 12.853865
6637 41 883.17816 12.853865
6644 41 878.66583 10.127049
6644 41 878.66583 10.127049
6646 42 887.0956 13.37167
6646 42 887.0956 13.37167
6647 41 883.964 61.457783
6647 41 883.964 61.457783
6648 41 880.248 53.141632
6648 41 880.248 53.141632
6649 41 879.4269 32.031605
6649 41 879.4269 32.031605
6650 41 879.63544 18.068445
6650 41 879.63544 18.068445
6654 41 870.35205 22.686344
6654 41 870.35205 22.686344
6655 41 882.6388 35.152023
6655 41 882.6388 35.152023
6656 41 881.7665 27.496103
6656 41 881.7665 27.496103
6657 41 878.25275 12.634291
6657 41 878.25275 12.634291
6669 32 695.2771 23.125734
6669 32 695.2771 23.125734
6671 32 697.87964 12.352272
6671 32 697.87964 12.352272
6675 37 783.04645 24.293316
6675 37 783.04645 24.293316
6676 36 781.67566 49.11279
6676 36 781.67566 49.11279
6677 36 784.70593 35.548065
6677 36 784.70593 35.548065
6678 37 785.2031 23.842476
6678 37 785.2031 23.842476
6679 37 787.3066 17.1287
6679 37 787.3066 17.1287
6682 37 795.0775 9.785331
6682 37 795.0775 9.785331
6683 36 776.69507 27.965034
6683 36 776.69507 27.965034
6684 37 784.94293 14.627845
6684 37 784.94293 14.627845
6689 37 780.39355 9.581463
6689 37 780.39355 9.581463
6690 33 709.9116 19.368053
6690 33 709.9116 19.368053
6691 32 699.2389 21.751932
6691 32 699.2389 21.751932
6692 37 793.01996 11.79736
6692 37 793.01996 11.79736
6704 36 783.849 36.90167
6705 36 780.0667 37.39006
6706 36 783.2257 23.349373
6719 32 695.28345 26.96619
6719 32 695.28345 26.96619
6733 36 775.05273 46.475933
6734 36 781.83264 42.052963
6741 36 783.49054 28.241589
6744 36 781.6127 27.229153
6747 33 706.1341 20.510279
6747 33 706.1341 20.510279
6748 32 696.3304 28.098942
6748 32 696.3304 28.098942
6749 32 696.3724 19.898191
6749 32 696.3724 19.898191
6750 33 700.59973 15.071789
6750 33 700.59973 15.071789
6761 37 779.0514 31.125587
6761 37 779.0514 31.125587
6762 36 781.4362 68.56229
6762 36 781.4362 68.56229
6763 36 783.4911 52.09207
6764 36 783.0619 31.77029
6764 36 783.0619 31.77029
6765 31 659.7268 14.483053
6765 31 659.7268 14.483053
6766 31 658.53485 17.038475
6766 31 658.53485 17.038475
6767 31 659.9904 16.250336
6768 37 780.1444 18.735518
6768 37 780.1444 18.735518
6769 37 792.4522 27.663116
6769 37 792.4522 27.663116
6770 36 785.0088 19.323944
6770 36 785.0088 19.323944
6776 31 665.018 19.823267
6776 31 665.018 19.823267
6777 31 661.05493 18.729473
6777 31 661.05493 18.729473
6778 31 660.0968 15.869152
6778 31 660.0968 15.869152
6779 31 658.4829 12.248851
6779 31 658.4829 12.248851
6780 31 658.36957 11.890664
6780 31 658.36957 11.890664
6781 31 659.57294 12.567341
6781 31 659.57294 12.567341
6791 37 789.4073 32.920525
6791 37 789.4073 32.920525
6797 30 653.87445 14.482192
6797 30 653.87445 14.482192
6798 36 778.7307 24.07983
6798 36 778.7307 24.07983
6801 31 661.485 18.588907
6801 31 661.485 18.588907
6802 31 658.9838 22.91722
6802 31 658.9838 22.91722
6803 31 658.2198 20.94018
6803 31 658.2198 20.94018
6804 31 655.22833 21.66128
6804 31 655.22833 21.66128
6805 31 663.93915 19.777454
6805 31 663.93915 19.777454
6806 31 662.3168 17.15791
6806 31 662.3168 17.15791
6807 31 659.7099 22.398232
6807 31 659.7099 22.398232
6811 31 664.4603 15.637021
6811 31 664.4603 15.637021
6819 36 772.60004 19.290844
6820 36 782.6458 18.370869
6820 36 782.6458 18.370869
6821 36 783.6111 13.879656
6821 36 783.6111 13.879656
6826 27 587.9615 13.959689
6827 36 784.764 8.404811
6841 27 588.2477 15.037302
6841 27 588.2477 15.037302
6846 27 583.15674 11.034418
6847 31 657.6157 11.481399
6847 31 657.6157 11.481399
6848 36 778.80566 25.43015
6848 36 778.80566 25.43015
6849 36 781.86426 18.440693
6849 36 781.86426 18.440693
6850 31 660.274 10.553801
6850 31 660.274 10.553801
6851 31 661.9355 11.101964
6851 31 661.9355 11.101964
6853 31 658.68823 10.484772
6853 31 658.68823 10.484772
6854 31 658.1164 9.99302
6854 31 658.1164 9.99302
6855 42 890.9869 12.953434
6855 42 890.9869 12.953434
6856 36 781.37317 14.000914
6856 36 781.37317 14.000914
6862 40 864.5857 10.976011
6862 40 864.5857 10.976011
6865 24 522.704 47.081024
6865 24 522.704 47.081024
6870 31 660.6267 14.682647
6870 31 660.6267 14.682647
6877 24 519.73395 20.69659
6877 24 519.73395 20.69659
6878 24 523.9895 27.084007
6878 24 523.9895 27.084007
6879 24 523.1166 36.994892
6879 24 523.1166 36.994892
6880 24 522.95337 37.076275
6880 24 522.95337 37.076275
6881 24 523.2054 35.652534
6881 24 523.2054 35.652534
6882 24 521.63153 28.561123
6882 24 521.63153 28.561123
6883 24 523.61487 17.038845
6883 24 523.61487 17.038845
6932 27 591.1397 11.1586
6933 27 586.3035 10.185293
6934 27 587.8907 12.911288
6963 27 588.49133 38.94169
6963 27 588.49133 38.94169
6964 27 587.5777 44.961117
6964 27 587.5777 44.961117
6965 27 587.87476 41.59604
6965 27 587.87476 41.59604
6966 28 594.97504 46.94647
6967 29 618.0482 48.105217
6968 30 643.13556 44.343803
6968 30 643.13556 44.343803
6969 31 656.26447 48.27948
6969 31 656.26447 48.27948
6970 31 658.75415 49.463352
6970 31 658.75415 49.463352
6971 31 658.7627 51.16925
6971 31 658.7627 51.16925
6972 31 659.04803 55.67726
6972 31 659.04803 55.67726
6973 31 660.347 55.115547
6973 31 660.347 55.115547
6974 30 655.39496 57.13847
6974 30 655.39496 57.13847
6975 30 646.0184 52.673004
6975 30 646.0184 52.673004
6976 30 647.5338 63.34957
6976 30 647.5338 63.34957
6977 31 658.99744 65.423965
6977 31 658.99744 65.423965
6978 31 668.66284 48.02156
6978 31 668.66284 48.02156
6979 31 671.09534 55.671585
6979 31 671.09534 55.671585
6980 31 662.0369 57.302822
6980 31 662.0369 57.302822
6981 30 652.1379 62.397926
6981 30 652.1379 62.397926
6982 30 645.80994 60.616104
6982 30 645.80994 60.616104
6983 30 650.7508 59.906834
6983 30 650.7508 59.906834
6984 31 661.50024 61.503582
6984 31 661.50024 61.503582
6985 31 672.1562 60.91265
6985 31 672.1562 60.91265
6986 31 668.39966 72.247955
6986 31 668.39966 72.247955
6987 30 659.06116 62.23849
6987 30 659.06116 62.23849
6988 30 648.42896 58.42294
6988 30 648.42896 58.42294
6989 30 646.4615 64.97941
6989 30 646.4615 64.97941
6990 31 658.6462 59.9809
6990 31 658.6462 59.9809
6991 30 657.41046 29.773228
6991 30 657.41046 29.773228
6992 29 639.42285 26.125751
6992 29 639.42285 26.125751
6994 27 589.08545 21.032976
6994 27 589.08545 21.032976
6995 27 588.22363 25.73322
6995 27 588.22363 25.73322
6996 32 698.9031 20.92515
6996 32 698.9031 20.92515
6997 32 698.0614 15.605062
6997 32 698.0614 15.605062
6999 32 699.3229 13.309162
6999 32 699.3229 13.309162
7000 33 698.349 12.915152
7000 33 698.349 12.915152
7001 32 697.28467 14.267608
7001 32 697.28467 14.267608
7002 32 700.2092 14.0289755
7002 32 700.2092 14.0289755
7003 32 698.2188 12.501442
7003 32 698.2188 12.501442
7004 32 698.7169 12.852414
7004 32 698.7169 12.852414
7005 33 700.69916 9.187513
7005 33 700.69916 9.187513
7107 24 519.86566 16.908272
7107 24 519.86566 16.908272
7118 41 875.19946 6.059414
7118 41 875.19946 6.059414
7120 24 516.12756 6.0453053
7120 24 516.12756 6.0453053
7160 31 658.25543 5.9263463
7160 31 658.25543 5.9263463
7169 37 784.1272 6.410641
7206 35 746.0303 14.643094
7206 35 746.0303 14.643094
7207 34 738.6105 11.282536
7207 34 738.6105 11.282536
7208 34 738.0531 13.851562
7208 34 738.0531 13.851562
7227 31 659.306 16.88592
7227 31 659.306 16.88592
7228 31 659.58655 15.467311
7228 31 659.58655 15.467311
7246 31 659.69495 6.891359
7246 31 659.69495 6.891359
7250 31 658.9855 8.752948
7250 31 658.9855 8.752948
7251 31 660.37286 9.089381
7251 31 660.37286 9.089381
7252 31 658.9056 8.656991
7252 31 658.9056 8.656991
7264 33 710.4675 9.880958
7264 33 710.4675 9.880958
7342 26 555.6687 14.669776
7342 26 555.6687 14.669776
7360 30 635.4429 8.139203
7361 30 644.75793 10.152815
7422 27 584.4068 43.36617
7422 27 584.4068 43.36617
7423 27 586.99774 48.877254
7423 27 586.99774 48.877254
7424 27 587.9009 47.319695
7424 27 587.9009 47.319695
7425 27 587.87103 45.49117
7425 27 587.87103 45.49117
7426 27 587.59625 45.062244
7426 27 587.59625 45.062244
7427 27 587.6026 36.34236
7427 27 587.6026 36.34236
7428 28 597.38947 38.49478
7428 28 597.38947 38.49478
7429 29 617.6753 43.814304
7429 29 617.6753 43.814304
7430 30 636.73663 39.17077
7430 30 636.73663 39.17077
7431 31 654.8722 37.082813
7431 31 654.8722 37.082813
7432 31 656.4673 50.512196
7432 31 656.4673 50.512196
7433 31 658.2617 60.508358
7433 31 658.2617 60.508358
7434 31 658.9544 63.486313
7435 31 659.3175 63.250317
7435 31 659.3175 63.250317
7436 31 659.9597 42.992306
7436 31 659.9597 42.992306
7437 31 659.22565 35.013252
7437 31 659.22565 35.013252
7438 31 657.285 39.06872
7438 31 657.285 39.06872
7439 31 658.7971 55.221756
7439 31 658.7971 55.221756
7440 31 658.92365 59.628735
7440 31 658.92365 59.628735
7441 31 658.8168 50.3217
7441 31 658.8168 50.3217
7442 31 657.75244 44.896347
7442 31 657.75244 44.896347
7443 31 657.95734 46.203568
7443 31 657.95734 46.203568
7444 31 658.01733 41.71397
7444 31 658.01733 41.71397
7445 31 658.5599 47.936516
7445 31 658.5599 47.936516
7446 31 659.69995 57.951263
7446 31 659.69995 57.951263
7447 31 659.04834 54.436676
7448 31 659.1352 56.692238
7448 31 659.1352 56.692238
7449 31 659.97675 41.72444
7449 31 659.97675 41.72444
7470 32 699.11035 13.144172
7470 32 699.11035 13.144172
7471 32 697.80994 12.63104
7471 32 697.80994 12.63104
7473 32 699.8572 10.082364
7473 32 699.8572 10.082364
7474 32 698.19434 10.530616
7474 32 698.19434 10.530616
7476 33 698.3569 9.847759
7551 41 887.31903 11.080171
7608 40 859.25836 11.251267
7609 40 860.82916 10.380425
7666 34 737.61487 10.865617
7666 34 737.61487 10.865617
7667 34 735.0145 10.134443
7667 34 735.0145 10.134443
7719 31 659.18207 5.620129
7722 31 658.8 8.909606
7808 46 989.05695 15.599335
7808 46 989.05695 15.599335
7843 46 991.3643 10.443506
7843 46 991.3643 10.443506
7853 46 990.8377 10.516932
7853 46 990.8377 10.516932
7863 46 990.0816 9.8477335
7953 41 878.38855 16.150219
7953 41 878.38855 16.150219
7983 30 637.1327 11.332087
7983 30 637.1327 11.332087
7990 31 660.0672 9.730102
7990 31 660.0672 9.730102
8124 41 888.62067 9.59695
8124 41 888.62067 9.59695
8145 36 784.16565 6.382771
8145 36 784.16565 6.382771
8154 24 524.6051 16.816925
8154 24 524.6051 16.816925
8155 24 523.022 28.045715
8155 24 523.022 28.045715
8156 24 524.45483 24.482777
8156 24 524.45483 24.482777
8157 25 533.54474 28.779844
8157 25 533.54474 28.779844
8158 26 556.3862 42.269466
8158 26 556.3862 42.269466
8159 27 579.19763 38.98798
8159 27 579.19763 38.98798
8160 27 586.50885 37.64199
8160 27 586.50885 37.64199
8161 27 587.0342 31.23728
8161 27 587.0342 31.23728
8162 27 585.87396 31.698612
8163 27 585.20465 11.825539
8163 27 585.20465 11.825539
8168 24 520.50146 43.043163
8169 24 523.34424 55.96893
8169 24 523.34424 55.96893
8170 24 523.71606 57.285816
8170 24 523.71606 57.285816
8171 24 523.6286 55.380733
8171 24 523.6286 55.380733
8172 24 523.26263 59.224743
8172 24 523.26263 59.224743
8173 24 523.38007 64.37758
8173 24 523.38007 64.37758
8174 24 523.50934 50.641415
8174 24 523.50934 50.641415
8175 24 523.1018 21.185896
8175 24 523.1018 21.185896
8229 41 880.4164 8.131844
8229 41 880.4164 8.131844
8242 31 659.7231 21.152834
8242 31 659.7231 21.152834
8244 31 660.72864 25.551916
8244 31 660.72864 25.551916
8245 31 660.28503 27.591305
8245 31 660.28503 27.591305
8257 24 525.7549 25.900095
8257 24 525.7549 25.900095
8258 24 522.68884 23.324245
8258 24 522.68884 23.324245
8259 24 523.57336 20.852589
8259 24 523.57336 20.852589
8261 25 558.3782 17.930847
8261 25 558.3782 17.930847
8361 33 704.9196 15.035555
8361 33 704.9196 15.035555
8413 36 785.3771 17.178747
8413 36 785.3771 17.178747
8414 37 786.43384 32.635014
8414 37 786.43384 32.635014
8415 36 785.0866 34.615887
8415 36 785.0866 34.615887
8416 36 785.50574 30.440468
8416 36 785.50574 30.440468
8420 36 786.16266 25.582552
8420 36 786.16266 25.582552
8421 36 785.6084 32.265827
8421 36 785.6084 32.265827
8422 36 783.25616 31.86477
8422 36 783.25616 31.86477
8423 24 523.0322 39.81575
8424 24 523.8923 30.911913
8424 24 523.8923 30.911913
8458 24 520.7405 33.397285
8458 24 520.7405 33.397285
8471 41 885.23816 8.591172
8471 41 885.23816 8.591172
8603 31 659.6532 10.37123
8604 31 659.5954 10.412431
8611 24 521.7259 22.96336
8611 24 521.7259 22.96336
8612 36 783.41327 24.07403
8612 36 783.41327 24.07403
8613 37 784.2421 22.421345
8614 37 793.4107 27.847332
8614 37 793.4107 27.847332
8615 38 815.61584 32.086506
8615 38 815.61584 32.086506
8616 39 838.99365 33.85619
8616 39 838.99365 33.85619
8617 40 853.5997 33.71072
8617 40 853.5997 33.71072
8618 40 859.1779 29.076023
8618 40 859.1779 29.076023
8619 27 574.6507 30.640955
8619 27 574.6507 30.640955
8620 27 574.5269 37.164345
8621 27 573.58417 40.633816
8622 26 564.03033 45.986195
8626 24 523.3436 26.939428
8627 24 522.6013 39.105255
8628 24 523.172 41.00086
8629 24 523.77985 36.336002
8630 24 524.22064 30.54355
8631 24 523.71063 28.949999
8632 24 523.41986 30.14899
8632 24 523.41986 30.14899
8633 24 522.69946 30.820585
8633 24 522.69946 30.820585
8699 27 588.66345 10.991307
8699 27 588.66345 10.991307
8706 33 711.85596 9.859486
8706 33 711.85596 9.859486
8720 26 554.21295 11.472397
8720 26 554.21295 11.472397
8735 31 674.52466 13.0392885
8735 31 674.52466 13.0392885
8736 31 663.9996 11.332212
8736 31 663.9996 11.332212
8741 31 660.3805 10.660064
8741 31 660.3805 10.660064
8742 31 659.8758 9.978611
8742 31 659.8758 9.978611
8743 31 656.36707 12.656013
8743 31 656.36707 12.656013
8744 41 879.7523 7.114773
8744 41 879.7523 7.114773
8745 31 659.64233 15.469663
8747 31 659.87463 15.71059
8750 46 989.01886 42.148823
8751 46 988.85675 38.242752
8751 46 988.85675 38.242752
8752 46 988.15247 36.155083
8752 46 988.15247 36.155083
8753 46 987.7285 35.080757
8753 46 987.7285 35.080757
8754 46 987.4999 34.41618
8754 46 987.4999 34.41618
8755 46 987.42773 33.671062
8756 46 987.6959 28.708534
8757 46 987.40186 25.567734
8758 46 987.9353 28.13937
8760 46 988.5989 25.627497
8760 46 988.5989 25.627497
8761 46 988.4149 25.793455
8761 46 988.4149 25.793455
8763 46 988.2514 27.677834
8763 46 988.2514 27.677834
8764 41 883.3453 32.75088
8764 41 883.3453 32.75088
8765 41 880.2914 34.821712
8765 41 880.2914 34.821712
8766 41 880.2814 31.425909
8779 41 880.51025 16.33008
8780 41 880.041 17.983063
8783 41 880.3532 18.94696
8784 41 880.36304 19.90029
8785 41 880.118 19.324211
8786 41 880.14075 19.556684
8787 41 880.19037 19.190342
8788 41 880.51416 19.837004
8790 41 880.17633 18.977272
8791 41 880.29474 17.774315
8793 41 881.11255 13.397355
8794 41 879.68384 14.2042
8799 41 879.6514 15.077159
8799 41 879.6514 15.077159
8800 41 880.79877 14.887522
8800 41 880.79877 14.887522
8801 41 880.6761 14.464049
8801 41 880.6761 14.464049
8802 41 880.6343 14.102389
8803 41 880.5391 13.827944
8804 41 880.21234 13.10372
8805 41 880.4385 12.680758
8806 41 879.8562 12.549551
8811 41 881.0258 11.23925
8811 41 881.0258 11.23925
8815 31 659.84686 14.014993
8815 31 659.84686 14.014993
8821 31 658.4008 13.734431
8821 31 658.4008 13.734431
8822 31 660.0875 12.335318
8822 31 660.0875 12.335318
8823 31 659.79315 10.422203
8823 31 659.79315 10.422203
8834 46 988.5602 5.946358
8834 46 988.5602 5.946358
8835 24 523.10376 7.7887106
8835 24 523.10376 7.7887106
8848 33 699.3223 12.780249
8848 33 699.3223 12.780249
8858 33 698.58923 10.744223
8858 33 698.58923 10.744223
8860 32 698.98584 11.731828
8860 32 698.98584 11.731828
8885 31 658.5073 8.698824
8886 31 661.2995 11.073988
8887 31 660.1562 11.320468
8887 31 660.1562 11.320468
8890 31 661.23596 11.81058
8890 31 661.23596 11.81058
8892 34 739.00323 12.688739
8921 31 659.8984 10.809259
8921 31 659.8984 10.809259
8922 31 659.8523 10.015032
8922 31 659.8523 10.015032
8923 31 660.2642 9.060643
8923 31 660.2642 9.060643
8932 31 659.976 16.659744
8932 31 659.976 16.659744
8958 46 987.3441 17.086063
8958 46 987.3441 17.086063
8959 46 987.5715 19.249935
8959 46 987.5715 19.249935
8961 46 987.3397 20.644548
8961 46 987.3397 20.644548
8962 46 987.6381 19.977585
8962 46 987.6381 19.977585
8963 46 987.89056 19.688261
8963 46 987.89056 19.688261
8964 46 988.09607 19.249155
8964 46 988.09607 19.249155
8965 46 987.72504 18.409576
8965 46 987.72504 18.409576
8966 46 988.2844 18.883326
8966 46 988.2844 18.883326
8967 46 987.92163 18.24331
8967 46 987.92163 18.24331
8968 46 987.728 17.238632
8968 46 987.728 17.238632
8971 46 987.4952 15.95044
8971 46 987.4952 15.95044
8972 46 987.8119 15.485549
8972 46 987.8119 15.485549
8973 46 987.7093 15.350193
8973 46 987.7093 15.350193
8974 46 987.9757 16.213892
8974 46 987.9757 16.213892
8975 46 988.2476 15.827232
8975 46 988.2476 15.827232
8976 46 988.3636 15.615872
8976 46 988.3636 15.615872
8978 46 988.10077 13.534453
8978 46 988.10077 13.534453
8979 41 881.2524 22.709534
8979 41 881.2524 22.709534
8980 41 880.05194 27.567942
8980 41 880.05194 27.567942
8981 41 879.5621 27.115667
8981 41 879.5621 27.115667
8982 41 879.647 25.990158
8982 41 879.647 25.990158
8983 41 879.6716 25.656794
8983 41 879.6716 25.656794
8984 41 879.8291 26.164297
8984 41 879.8291 26.164297
8985 41 880.693 26.341343
8985 41 880.693 26.341343
8986 41 881.57117 25.726027
8986 41 881.57117 25.726027
8987 41 879.903 24.068275
8987 41 879.903 24.068275
8988 41 881.10016 20.911543
8988 41 881.10016 20.911543
8989 41 879.0575 21.254877
8989 41 879.0575 21.254877
8990 41 880.3341 19.844147
8990 41 880.3341 19.844147
8991 41 879.4514 20.224825
8991 41 879.4514 20.224825
8992 41 879.0611 19.712626
8992 41 879.0611 19.712626
8993 41 878.54126 16.226597
8993 41 878.54126 16.226597
8994 41 880.55194 17.724417
8994 41 880.55194 17.724417
8995 41 880.3638 18.534214
8995 41 880.3638 18.534214
8996 41 880.0658 18.60355
8996 41 880.0658 18.60355
9000 41 880.03723 17.417948
9000 41 880.03723 17.417948
9001 41 879.8877 16.478252
9001 41 879.8877 16.478252
9002 41 880.23566 15.859714
9002 41 880.23566 15.859714
9003 41 879.5928 15.458158
9003 41 879.5928 15.458158
9004 41 879.4886 15.00565
9004 41 879.4886 15.00565
9005 41 879.41113 14.886969
9005 41 879.41113 14.886969
9006 41 880.16266 15.054302
9006 41 880.16266 15.054302
9008 36 787.8481 8.752381
9008 36 787.8481 8.752381
9009 36 783.90186 11.933858
9009 36 783.90186 11.933858
9010 36 784.8172 11.160167
9010 36 784.8172 11.160167
9015 41 880.3959 9.609536
9015 41 880.3959 9.609536
9058 41 881.2188 12.009431
9058 41 881.2188 12.009431
9063 24 523.9122 22.088482
9063 24 523.9122 22.088482
9064 24 521.22504 37.407608
9064 24 521.22504 37.407608
9065 24 523.0635 38.57517
9065 24 523.0635 38.57517
9066 24 523.4337 41.111988
9066 24 523.4337 41.111988
9067 24 522.9217 40.101093
9067 24 522.9217 40.101093
9068 24 523.42456 37.632935
9068 24 523.42456 37.632935
9069 24 523.2899 38.299038
9069 24 523.2899 38.299038
9186 31 665.983 10.605817
9186 31 665.983 10.605817
9205 41 880.93195 7.8907967
9205 41 880.93195 7.8907967
9272 41 873.7522 14.174353
9272 41 873.7522 14.174353
9273 40 866.5601 14.646699
9273 40 866.5601 14.646699
9274 40 855.4334 6.9903097
9274 40 855.4334 6.9903097
9302 32 690.6142 9.414403
9302 32 690.6142 9.414403
9303 32 697.6231 9.302905
9303 32 697.6231 9.302905
9307 32 698.74176 9.612841
9307 32 698.74176 9.612841
9309 33 696.7265 6.362835
9309 33 696.7265 6.362835
9323 33 706.3205 13.081369
9323 33 706.3205 13.081369
9388 31 673.62103 12.31702
9388 31 673.62103 12.31702
9402 31 661.0629 9.356678
9402 31 661.0629 9.356678
9403 31 657.8426 8.408172
9403 31 657.8426 8.408172
9404 40 857.69684 11.690614
9404 40 857.69684 11.690614
9407 41 879.26904 10.616262
9407 41 879.26904 10.616262
9408 41 879.97 11.487095
9408 41 879.97 11.487095
9409 41 879.284 14.393097
9409 41 879.284 14.393097
9410 41 879.5707 13.792545
9410 41 879.5707 13.792545
9411 41 879.3613 12.468369
9411 41 879.3613 12.468369
9412 41 879.11414 14.239839
9412 41 879.11414 14.239839
9414 40 865.6772 12.453614
9414 40 865.6772 12.453614
9520 41 879.7308 9.787813
9520 41 879.7308 9.787813
9523 24 521.1194 30.93564
9523 24 521.1194 30.93564
9524 24 523.3071 32.746723
9524 24 523.3071 32.746723
9525 24 523.42426 33.71402
9525 24 523.42426 33.71402
9526 24 523.41675 32.57683
9526 24 523.41675 32.57683
9527 24 523.37335 32.569725
9527 24 523.37335 32.569725
9528 24 523.726 32.617523
9528 24 523.726 32.617523
9529 24 521.3657 19.10634
9529 24 521.3657 19.10634
10103 46 989.79724 6.527648
10103 46 989.79724 6.527648
10162 24 530.4988 12.961682
10198 46 989.5663 5.648208
10198 46 989.5663 5.648208
10199 46 989.9264 5.2385406
10199 46 989.9264 5.2385406
10235 32 699.08124 8.729729
10235 32 699.08124 8.729729
10449 31 658.8721 8.500415
10449 31 658.8721 8.500415
10587 46 988.7211 32.731846
10587 46 988.7211 32.731846
10588 46 988.6268 28.98026
10588 46 988.6268 28.98026
10589 46 988.4851 27.682413
10589 46 988.4851 27.682413
10591 46 988.74915 27.588966
10591 46 988.74915 27.588966
10592 46 988.515 26.127975
10593 46 987.9334 18.928083
10594 46 987.95966 17.33354
10595 46 987.89 17.45432
10600 46 987.8552 14.330047
10600 46 987.8552 14.330047
10601 41 882.0002 20.586447
10601 41 882.0002 20.586447
10602 41 880.3486 20.915916
10602 41 880.3486 20.915916
10603 41 880.0204 20.87542
10604 41 879.509 17.810389
10605 46 991.47833 11.45576
10606 41 872.8883 14.44743
10606 41 872.8883 14.44743
10607 41 877.4873 19.666912
10607 41 877.4873 19.666912
10613 41 880.82916 19.357512
10618 41 879.05145 10.675657
10620 41 879.83417 10.636828
10621 41 880.17865 10.723556
10622 41 880.56024 10.813422
10649 41 879.1723 8.368878
10650 41 876.4596 13.659536
10661 46 988.6062 9.876942
10661 46 988.6062 9.876942
10682 32 698.30914 9.664216
10682 32 698.30914 9.664216
10687 32 698.14514 8.08889
10687 32 698.14514 8.08889
10688 32 699.94257 8.750027
10688 32 699.94257 8.750027
10703 46 989.00775 5.9752803
10707 30 652.5634 5.559186
10708 32 710.3838 12.615718
10711 46 989.18024 6.8768964
10711 46 989.18024 6.8768964
10793 46 982.96985 13.747252
10793 46 982.96985 13.747252
10794 46 988.58813 18.924849
10794 46 988.58813 18.924849
10795 46 988.3004 20.344652
10795 46 988.3004 20.344652
10796 46 988.27203 20.336271
10796 46 988.27203 20.336271
10797 46 987.9398 20.239218
10797 46 987.9398 20.239218
10798 46 987.6457 20.42732
10798 46 987.6457 20.42732
10807 46 988.4391 18.834593
10814 46 987.6556 17.021746
10814 46 987.6556 17.021746
10816 41 881.5461 28.90244
10816 41 881.5461 28.90244
10817 41 880.35645 30.763424
10817 41 880.35645 30.763424
10818 41 879.99475 29.98461
10818 41 879.99475 29.98461
10821 41 879.6053 31.61898
10821 41 879.6053 31.61898
10822 41 880.81824 31.08989
10822 41 880.81824 31.08989
10823 41 879.6643 30.93589
10823 41 879.6643 30.93589
10825 41 879.9237 27.492207
10825 41 879.9237 27.492207
10826 41 880.2122 25.496656
10826 41 880.2122 25.496656
10827 41 880.65204 25.182943
10827 41 880.65204 25.182943
10828 41 880.3146 24.853586
10828 41 880.3146 24.853586
10829 41 879.4643 21.866673
10829 41 879.4643 21.866673
10830 36 774.68494 40.839333
10830 36 774.68494 40.839333
10831 36 782.9959 39.980026
10831 36 782.9959 39.980026
10832 36 784.2921 39.041965
10832 36 784.2921 39.041965
10833 36 784.0789 36.491726
10833 36 784.0789 36.491726
10834 36 784.2872 34.086983
10834 36 784.2872 34.086983
10835 36 784.60516 32.643723
10835 36 784.60516 32.643723
10836 36 784.78546 28.654154
10836 36 784.78546 28.654154
10837 36 785.0229 26.666023
10837 36 785.0229 26.666023
10838 36 785.08527 25.572378
10838 36 785.08527 25.572378
10839 36 784.82086 24.548363
10839 36 784.82086 24.548363
10840 36 784.81354 22.834383
10840 36 784.81354 22.834383
10841 36 784.4514 24.70086
10841 36 784.4514 24.70086
10842 36 784.0252 23.955568
10842 36 784.0252 23.955568
10850 36 783.571 16.280493
10850 36 783.571 16.280493
10851 36 784.0613 16.044039
10851 36 784.0613 16.044039
10852 36 784.5182 15.892301
10852 36 784.5182 15.892301
10853 36 784.25305 15.38696
10853 36 784.25305 15.38696
10854 36 783.6734 16.824642
10854 36 783.6734 16.824642
10855 36 783.93195 15.746954
10855 36 783.93195 15.746954
10856 36 784.3059 15.167842
10856 36 784.3059 15.167842
10909 31 664.8114 17.11426
10909 31 664.8114 17.11426
10913 31 660.0089 10.045677
10914 31 659.64343 9.609038
11109 41 885.3732 17.113075
11109 41 885.3732 17.113075
11224 31 652.4299 12.000749
11224 31 652.4299 12.000749
11225 31 666.43396 16.473253
11225 31 666.43396 16.473253
11239 30 661.611 7.404452
11239 30 661.611 7.404452
11240 31 656.1894 10.647151
11240 31 656.1894 10.647151
11255 27 587.46857 8.1983595
11255 27 587.46857 8.1983595
11417 31 659.36523 11.214271
11558 41 880.2118 5.8699627
11558 41 880.2118 5.8699627
11595 32 694.0159 12.597168
11595 32 694.0159 12.597168
11596 32 696.4205 14.72217
11596 32 696.4205 14.72217
11827 37 788.0719 25.402172
11827 37 788.0719 25.402172
11828 37 793.8704 21.880672
11828 37 793.8704 21.880672
11829 38 816.9093 18.713598
11829 38 816.9093 18.713598
11830 26 559.8292 19.515324
11830 26 559.8292 19.515324
11831 27 575.0366 26.818195
11831 27 575.0366 26.818195
11934 31 661.3081 15.424537
11934 31 661.3081 15.424537
11937 31 659.37494 10.719394
11937 31 659.37494 10.719394
11938 31 658.8277 9.543323
11938 31 658.8277 9.543323
11944 31 659.3231 13.307695
11944 31 659.3231 13.307695
11945 31 659.6318 13.296631
11945 31 659.6318 13.296631
11946 31 659.76996 12.3393755
11946 31 659.76996 12.3393755
11947 31 659.4968 12.095865
11947 31 659.4968 12.095865
11948 31 659.854 10.750873
11948 31 659.854 10.750873
11950 31 659.40515 10.225225
11950 31 659.40515 10.225225
11952 31 658.518 8.425852
11952 31 658.518 8.425852
11953 31 658.1379 8.581497
11953 31 658.1379 8.581497
11956 31 659.74506 10.272242
11956 31 659.74506 10.272242
11957 31 659.17926 10.076074
11957 31 659.17926 10.076074
11958 31 659.4252 9.907656
11958 31 659.4252 9.907656
11964 31 659.12415 8.211703
11964 31 659.12415 8.211703
11965 31 658.6107 7.89754
11965 31 658.6107 7.89754
11966 31 659.06476 8.987312
11966 31 659.06476 8.987312
12166 27 586.2227 12.463898
12166 27 586.2227 12.463898
12287 25 529.6026 16.01743
12287 25 529.6026 16.01743
12288 39 834.88574 18.305855
12288 39 834.88574 18.305855
12289 40 861.74927 21.921688
12289 40 861.74927 21.921688
12290 41 876.7856 24.99193
12290 41 876.7856 24.99193
12291 41 880.42017 26.22976
12291 41 880.42017 26.22976
12293 27 587.02325 22.076607
12293 27 587.02325 22.076607
12294 27 586.71857 23.71751
12294 27 586.71857 23.71751
12296 27 583.95325 8.264396
12296 27 583.95325 8.264396
12301 24 520.2398 9.304097
12301 24 520.2398 9.304097
12302 24 523.13635 9.483675
12302 24 523.13635 9.483675
12304 31 659.0617 7.817344
12304 31 659.0617 7.817344
12315 34 737.2237 12.886161
12315 34 737.2237 12.886161
12316 46 988.02167 11.98829
12316 46 988.02167 11.98829
12317 46 987.1985 16.356264
12317 46 987.1985 16.356264
12318 46 987.9934 23.051014
12318 46 987.9934 23.051014
12319 46 988.28467 21.880978
12319 46 988.28467 21.880978
12320 46 988.02966 18.14431
12320 46 988.02966 18.14431
12400 46 969.69324 9.394958
12400 46 969.69324 9.394958
12401 46 988.32996 14.9609585
12401 46 988.32996 14.9609585
12411 46 988.3269 13.886481
12411 46 988.3269 13.886481
12412 46 988.2087 13.715913
12412 46 988.2087 13.715913
12413 46 987.8121 13.191491
12413 46 987.8121 13.191491
12417 46 987.593 11.249781
12417 46 987.593 11.249781
12419 46 988.32745 10.793501
12419 46 988.32745 10.793501
12422 46 988.34064 11.237671
12422 46 988.34064 11.237671
12430 41 881.06683 21.53814
12430 41 881.06683 21.53814
12431 41 880.3567 21.788605
12431 41 880.3567 21.788605
12432 41 881.01086 21.14537
12432 41 881.01086 21.14537
12434 41 880.35834 19.97435
12434 41 880.35834 19.97435
12435 41 879.7772 18.770294
12435 41 879.7772 18.770294
12437 41 879.7686 17.230513
12437 41 879.7686 17.230513
12438 41 879.76447 16.524271
12438 41 879.76447 16.524271
12439 41 879.3401 16.55367
12439 41 879.3401 16.55367
12440 41 879.9177 16.242031
12440 41 879.9177 16.242031
12441 41 880.37384 16.32959
12441 41 880.37384 16.32959
12442 41 880.66986 15.941793
12442 41 880.66986 15.941793
12443 41 880.42694 15.048139
12443 41 880.42694 15.048139
12444 41 880.3832 14.495241
12444 41 880.3832 14.495241
12468 41 880.47925 8.75811
12468 41 880.47925 8.75811
12469 41 880.08905 8.003982
12469 41 880.08905 8.003982
12470 41 880.6392 8.480986
12470 41 880.6392 8.480986
12471 41 880.1276 8.679996
12471 41 880.1276 8.679996
12473 41 881.2546 7.5494184
12473 41 881.2546 7.5494184
12519 33 699.63745 12.489001
12519 33 699.63745 12.489001
12539 32 699.0409 7.9404283
12539 32 699.0409 7.9404283
12632 46 987.8146 21.065634
12632 46 987.8146 21.065634
12640 46 987.47833 15.013733
12640 46 987.47833 15.013733
12641 46 987.50696 14.65288
12641 46 987.50696 14.65288
12642 46 987.6034 14.392744
12642 46 987.6034 14.392744
12643 46 987.60913 14.15265
12643 46 987.60913 14.15265
12644 46 987.84064 14.869988
12644 46 987.84064 14.869988
12645 46 988.2339 15.048049
12645 46 988.2339 15.048049
12647 46 988.4265 13.816626
12647 46 988.4265 13.816626
12651 46 987.67645 12.435119
12651 46 987.67645 12.435119
12652 46 987.6085 11.649405
12652 46 987.6085 11.649405
12653 46 987.6668 11.370449
12653 46 987.6668 11.370449
12660 41 881.1207 30.1514
12660 41 881.1207 30.1514
12661 41 879.8802 29.736027
12661 41 879.8802 29.736027
12662 41 879.4801 29.18181
12662 41 879.4801 29.18181
12663 41 879.1389 29.38627
12663 41 879.1389 29.38627
12664 41 879.2307 28.519901
12664 41 879.2307 28.519901
12665 41 879.7622 27.426512
12665 41 879.7622 27.426512
12666 41 880.2561 25.702808
12666 41 880.2561 25.702808
12667 41 880.2986 24.939123
12667 41 880.2986 24.939123
12668 41 880.5533 24.010475
12668 41 880.5533 24.010475
12669 41 880.9721 24.945639
12669 41 880.9721 24.945639
12670 41 880.8593 24.509441
12670 41 880.8593 24.509441
12671 41 879.85187 22.892254
12671 41 879.85187 22.892254
12672 41 879.4649 22.465872
12672 41 879.4649 22.465872
12676 41 879.3861 20.791882
12676 41 879.3861 20.791882
12680 41 880.6531 18.760176
12680 41 880.6531 18.760176
12681 41 880.4767 17.741919
12681 41 880.4767 17.741919
12682 41 880.62415 18.333805
12682 41 880.62415 18.333805
12683 41 880.2401 17.552109
12683 41 880.2401 17.552109
12684 41 879.92523 16.633976
12684 41 879.92523 16.633976
12685 41 879.5797 16.070244
12685 41 879.5797 16.070244
12689 41 880.029 15.431709
12689 41 880.029 15.431709
12690 41 880.51056 15.299358
12690 41 880.51056 15.299358
12691 41 880.455 15.076908
12691 41 880.455 15.076908
12692 41 880.2442 14.541088
12692 41 880.2442 14.541088
12696 41 879.78217 11.898123
12696 41 879.78217 11.898123
12697 41 879.76953 11.641904
12697 41 879.76953 11.641904
12698 41 880.2048 11.341886
12698 41 880.2048 11.341886
12699 41 880.42883 11.1544695
12699 41 880.42883 11.1544695
12700 41 880.10425 11.143035
12700 41 880.10425 11.143035
12701 41 880.07465 11.136098
12701 41 880.07465 11.136098
12702 41 880.6061 10.934621
12702 41 880.6061 10.934621
12703 41 880.15826 10.447604
12703 41 880.15826 10.447604
12705 41 879.7676 10.1606045
12705 41 879.7676 10.1606045
12706 41 880.29803 10.308913
12706 41 880.29803 10.308913
12716 36 781.0874 18.554777
12716 36 781.0874 18.554777
12717 36 780.77106 32.39986
12717 36 780.77106 32.39986
12718 36 784.3672 29.016909
12718 36 784.3672 29.016909
12719 36 784.6838 25.13399
12719 36 784.6838 25.13399
12720 36 785.23645 20.416851
12720 36 785.23645 20.416851
12721 36 785.1562 17.757109
12721 36 785.1562 17.757109
12722 36 785.1788 15.500543
12722 36 785.1788 15.500543
12723 36 785.2016 13.579889
12723 36 785.2016 13.579889
12724 36 785.0018 12.039497
12724 36 785.0018 12.039497
12725 36 784.92883 11.93767
12725 36 784.92883 11.93767
12726 36 784.25226 11.17879
12726 36 784.25226 11.17879
12727 36 784.46564 9.645618
12727 36 784.46564 9.645618
12737 41 879.8701 5.4135265
12737 41 879.8701 5.4135265
12738 41 879.3246 5.23159
12738 41 879.3246 5.23159
12741 41 880.4445 5.4286656
12741 41 880.4445 5.4286656
12745 31 665.0488 15.63451
12745 31 665.0488 15.63451
12746 41 881.255 19.814047
12746 41 881.255 19.814047
12747 41 882.04285 18.30868
12747 41 882.04285 18.30868
12748 28 601.6884 14.461208
12748 28 601.6884 14.461208
12749 29 623.1829 15.882924
12749 29 623.1829 15.882924
12750 30 647.02234 20.683144
12750 30 647.02234 20.683144
12751 31 658.4655 28.570393
12751 31 658.4655 28.570393
12752 31 659.10895 28.602205
12752 31 659.10895 28.602205
12753 31 658.9372 20.596827
12753 31 658.9372 20.596827
12754 31 658.62213 14.175159
12754 31 658.62213 14.175159
12755 31 659.359 12.93363
12755 31 659.359 12.93363
12756 31 659.7804 12.002949
12756 31 659.7804 12.002949
12764 31 659.0778 8.859968
12764 31 659.0778 8.859968
12765 31 659.5392 9.928066
12765 31 659.5392 9.928066
12774 36 783.9301 13.571973
12774 36 783.9301 13.571973
12775 24 523.96075 23.54048
12775 24 523.96075 23.54048
12776 24 523.90814 26.344158
12776 24 523.90814 26.344158
12777 24 523.46014 27.572783
12777 24 523.46014 27.572783
12778 24 523.37286 29.56286
12778 24 523.37286 29.56286
12779 24 523.31854 28.51647
12779 24 523.31854 28.51647
13207 37 786.1302 16.019735
13207 37 786.1302 16.019735
13211 27 582.738 27.386496
13211 27 582.738 27.386496
13212 27 586.8801 32.785027
13212 27 586.8801 32.785027
13213 27 586.3568 21.94182
13213 27 586.3568 21.94182
13214 41 879.58234 8.7578945
13214 41 879.58234 8.7578945
13234 34 737.2851 12.882767
13234 34 737.2851 12.882767
13235 34 740.5147 12.109872
13235 34 740.5147 12.109872
13236 34 742.00635 12.862528
13236 34 742.00635 12.862528
13237 34 741.05835 13.754806
13237 34 741.05835 13.754806
13239 34 741.61993 13.398864
13239 34 741.61993 13.398864
13240 34 740.7024 11.880094
13240 34 740.7024 11.880094
