Event Bin Frequency Volume
40 25 538.1368 88.490395
41 23 501.70007 58.910435
129 26 572.2774 95.002365
149 24 521.72534 91.67569
196 45 979.7877 75.51601
197 44 959.0869 65.21312
208 33 715.9629 38.52053
232 27 585.3411 47.06605
330 25 545.9427 57.956802
364 44 944.3117 26.750122
379 42 904.1024 66.71955
386 25 553.57526 76.116196
387 25 533.49335 83.43701
395 37 803.9399 87.062836
397 37 789.11005 61.94064
399 37 798.08 67.46268
445 24 507.82922 75.287
446 24 514.60657 92.872444
447 24 524.8765 86.41743
472 37 786.21173 40.157677
484 40 865.8379 26.781996
487 41 889.5549 57.123062
488 41 892.11456 74.42018
489 41 883.2557 100.19079
551 44 960.131 24.433264
595 40 862.88275 72.06719
648 27 577.1538 58.972965
650 41 882.9545 26.502638
659 26 570.9117 105.81097
660 25 545.77167 120.443146
662 24 513.7921 70.02406
663 24 517.55994 91.92482
664 24 519.87665 88.04772
767 33 700.3258 66.16373
852 33 716.69916 105.47045
853 32 689.0146 107.48673
891 32 698.5198 96.16986
892 32 692.8187 95.9808
894 32 690.9329 90.25722
895 31 678.8859 97.81867
897 31 661.3633 88.81376
900 32 674.0822 81.183014
901 32 689.2585 63.896793
936 33 710.29724 83.59697
937 32 699.9412 95.93407
1060 26 555.8097 123.64847
1061 24 518.6159 105.9764
1145 26 560.4286 69.048164
1227 32 692.3571 79.49949
1228 32 691.9793 130.02467
1229 32 685.2449 134.89276
1230 31 672.35974 111.97023
1231 30 654.7096 79.00592
1232 30 647.5977 46.558453
1232 30 647.5977 46.558453
1233 29 637.82996 70.68125
1273 24 505.46024 104.60218
1275 34 740.2398 105.30891
1437 36 782.0227 61.166546
1443 36 785.6234 41.62174
1446 24 521.165 103.743835
1447 24 519.79364 154.01799
1448 24 520.38525 159.7384
1449 24 519.7589 122.74534
1452 24 525.03094 134.77798
1453 24 526.77423 139.05406
1454 24 523.34155 100.75353
1455 36 780.747 81.7376
1456 36 780.3954 78.744804
1457 36 776.8766 70.56047
1460 24 522.9843 48.703056
1469 43 927.6249 94.2105
1469 43 927.6249 94.2105
1470 43 923.65106 71.468895
1470 43 923.65106 71.468895
1471 43 915.6152 81.38273
1471 43 915.6152 81.38273
1488 31 674.2023 97.4941
1490 31 650.67426 72.2875
1491 31 662.3559 75.63741
1492 31 659.0048 68.01258
1539 27 586.56854 32.43001
1540 27 585.5806 33.77085
1645 33 713.2655 86.23983
1647 31 684.94006 44.85414
1657 32 690.4875 90.76321
1662 31 661.9591 95.54952
1663 31 662.02435 76.55439
1689 31 673.1779 82.71066
1690 30 657.9411 94.30942
1692 30 650.3591 92.971954
1693 31 657.5259 102.29278
1694 31 662.4833 94.389084
1699 29 639.946 112.913086
1701 27 586.83325 90.66227
1702 27 580.563 89.19097
1703 27 583.69727 100.22287
1704 27 586.2622 112.744095
1705 27 588.70886 92.10354
1750 31 662.0807 64.70363
1759 43 934.31934 24.727022
1760 43 931.00684 38.10189
1793 25 530.7389 101.52344
1794 25 531.9439 178.27618
1795 24 526.33826 160.10864
1796 24 525.20483 148.87965
1797 24 521.80096 145.77219
1859 32 687.07275 113.15163
1860 31 673.529 118.737656
1861 30 658.4979 118.10346
1862 30 653.3894 93.82186
1863 31 656.0958 82.96607
1868 30 652.37 64.68762
1873 27 587.1614 74.11349
1874 27 586.0179 90.968834
1876 27 585.04816 94.11353
1876 27 585.04816 94.11353
1877 27 583.47614 92.37319
1877 27 583.47614 92.37319
1878 27 589.16003 55.069576
1879 27 588.9369 40.125896
1946 31 673.98236 145.17403
1947 31 662.5541 118.71155
1948 30 656.8041 114.13349
1949 31 657.9004 109.94372
1951 30 652.49396 113.50621
1955 27 579.6083 95.078575
1957 28 599.82764 74.98712
1958 28 608.1863 85.389046
1959 27 591.1599 84.99226
1988 31 663.4267 114.97899
1989 31 668.4644 118.876976
1990 30 660.00616 70.531456
1991 30 656.0586 78.243416
1997 28 592.55023 55.336765
2009 32 688.8322 65.38393
2011 32 695.7903 39.00559
2029 32 694.7582 107.84278
2030 31 674.4216 104.23615
2106 32 698.0855 80.17651
2107 32 695.12024 60.4363
2113 32 690.44 74.277115
2114 32 692.4064 75.29479
2124 24 514.5374 95.91104
2128 24 524.28015 61.271484
2129 25 527.7176 135.39613
2130 25 532.61523 139.78642
2134 24 525.1129 117.06008
2135 24 516.79065 107.70217
2136 24 508.84418 36.47266
2152 33 701.3815 88.37113
2153 33 705.64844 111.165855
2154 32 699.19086 112.39141
2155 32 695.1477 91.57044
2247 24 524.85803 19.263111
2269 34 731.3711 11.453466
2283 24 515.47253 128.06772
2284 24 515.63806 139.43483
2285 24 518.8324 135.22217
2286 24 518.03296 118.13215
2287 25 529.8444 98.59884
2288 25 531.90393 163.07233
2289 25 534.7101 204.68176
2290 25 536.32074 169.9667
2291 25 534.157 87.45785
2292 25 530.52124 104.92899
2302 24 525.43585 108.97269
2305 24 518.1908 83.196266
2306 24 510.01566 107.793
2315 32 694.10016 95.172714
2316 32 695.2934 86.60171
2335 31 666.6165 120.72243
2336 30 658.4291 89.4025
2337 30 653.1027 81.75471
2413 24 525.36664 27.6555
2432 33 703.0434 70.90512
2442 32 695.032 89.62287
2451 24 522.54895 102.64337
2453 24 523.0786 95.252975
2455 25 526.8442 89.3727
2456 24 525.7689 111.64913
2457 25 525.20447 116.49559
2458 25 529.9879 131.1499
2459 24 524.4988 124.418434
2469 25 523.87726 85.063385
2470 25 537.04956 152.165
2470 25 537.04956 152.165
2471 24 526.5436 115.81379
2471 24 526.5436 115.81379
2473 24 523.859 92.05786
2473 24 523.859 92.05786
2474 35 764.7813 55.843853
2483 32 688.65436 86.77963
2484 32 691.855 131.04619
2484 32 691.855 131.04619
2485 32 689.64685 110.935036
2486 32 691.5153 70.37853
2506 31 667.16376 103.856575
2507 30 658.02673 92.00317
2508 30 653.6563 92.72591
2509 31 657.075 89.534515
2510 31 660.1751 66.86972
2519 23 508.08704 52.76549
2549 27 582.01965 36.37125
2620 32 698.29614 109.587555
2621 31 673.28265 83.503395
2653 33 699.1764 79.81051
2684 33 716.86163 96.7947
2686 33 706.6152 67.20771
2686 33 706.6152 67.20771
2687 32 696.6493 133.55792
2687 32 696.6493 133.55792
2691 43 926.4228 29.49566
2692 43 921.3194 33.32183
2697 41 882.9165 29.563911
2703 41 887.29675 11.849148
2715 32 695.9682 42.263664
2722 27 587.66437 36.342697
2741 27 588.1875 36.051205
2753 29 626.3217 33.117268
2754 25 535.7341 64.21893
2767 45 961.6128 18.01217
2768 34 727.6449 90.82623
2769 32 700.565 82.84407
2770 32 692.3515 96.98039
2771 32 690.4281 81.6799
2782 30 651.0342 37.887917
2783 30 652.98816 28.138123
2783 30 652.98816 28.138123
2811 33 711.14954 97.92266
2812 32 695.078 65.09384
2813 32 679.24994 94.184166
2816 41 880.93616 29.818356
2824 31 667.86676 41.99579
2853 33 719.6363 50.462917
2855 32 687.29626 79.92463
2856 31 677.1558 59.856754
2857 32 676.0338 52.541904
2879 27 588.0317 58.26803
2882 28 591.4382 24.282732
2910 27 588.9041 58.35724
2911 27 590.084 53.091393
2929 27 591.2911 36.717846
2938 33 710.6985 112.066574
2939 32 698.3732 87.94192
2939 32 698.3732 87.94192
2946 43 921.9643 29.025639
2980 33 712.0041 95.376625
2981 32 702.18744 81.84406
2981 32 702.18744 81.84406
2983 31 670.23645 56.744427
2983 31 670.23645 56.744427
2984 31 676.1701 54.20839
2984 31 676.1701 54.20839
2985 32 685.54254 83.23955
2985 32 685.54254 83.23955
2988 27 589.0789 22.907307
2989 42 895.2328 19.996956
2990 31 668.7355 21.469019
2991 31 664.35077 31.86136
2992 30 655.8954 31.330133
2993 31 657.13354 35.683804
2994 30 655.127 24.386827
3022 23 515.4051 73.10305
3026 31 670.412 58.123158
3034 31 663.3577 28.247496
3093 25 525.6452 72.67932
3094 24 525.0351 66.8286
3105 24 505.83572 49.720444
3107 33 722.4593 71.81082
3108 32 699.7834 74.16451
3108 32 699.7834 74.16451
3110 32 699.0982 56.8325
3118 30 649.6569 33.29609
3119 25 528.86096 49.068943
3120 25 530.42285 59.868378
3121 24 523.876 65.85813
3129 43 925.78375 18.943579
3132 41 874.19403 42.153267
3133 41 887.5544 44.98784
3134 41 887.1595 39.47922
3136 40 867.45654 44.976204
3139 24 521.43896 43.726032
3142 24 522.34515 31.36458
3150 32 697.1056 111.86572
3151 32 694.3005 83.169365
3177 41 877.1121 39.077724
3177 41 877.1121 39.077724
3182 41 880.4691 68.43925
3193 32 690.43756 73.18435
3193 32 690.43756 73.18435
3202 24 527.3209 45.30824
3212 24 527.4552 27.044943
3262 29 623.1122 30.707384
3264 29 623.4943 32.01117
3276 33 721.67145 100.61745
3276 33 721.67145 100.61745
3277 32 700.8085 72.38317
3277 32 700.8085 72.38317
3278 31 673.3635 88.8483
3278 31 673.3635 88.8483
3279 31 673.7256 72.66436
3279 31 673.7256 72.66436
3290 24 519.94476 34.378956
3391 30 648.4912 97.83482
3432 25 549.47864 58.68383
3472 25 540.933 57.176857
3478 33 705.37024 88.83389
3479 31 678.5894 85.95314
3479 31 678.5894 85.95314
3515 24 519.78516 98.22251
3552 35 741.8762 31.746105
3553 24 524.59686 23.832325
3556 24 523.81036 26.242933
3556 24 523.81036 26.242933
3557 24 527.01117 66.485886
3562 33 707.88153 72.63588
3563 32 695.7763 116.00741
3564 31 678.0342 86.01096
3585 24 511.47058 21.204977
3600 33 705.3691 69.89912
3602 32 696.17633 95.24883
3603 32 690.78217 76.163376
3605 32 686.4162 72.22398
3606 31 670.5524 87.87205
3607 31 661.91034 99.77791
3609 31 658.01874 98.05412
3610 31 667.1541 80.96797
3611 32 684.809 91.54988
3615 43 917.5405 19.105457
3647 33 708.4999 100.58931
3684 26 566.28046 130.05815
3685 24 527.7856 97.852905
3721 38 826.87976 28.326017
3721 38 826.87976 28.326017
3722 37 793.50433 22.41018
3722 37 793.50433 22.41018
3731 25 551.0212 83.98359
3731 25 551.0212 83.98359
3732 24 525.39343 79.08472
3732 24 525.39343 79.08472
3771 27 594.3629 110.38896
3772 25 558.4037 111.80848
3776 24 514.6045 30.844913
3887 32 697.7753 21.568502
3941 31 668.0185 125.96468
3942 30 650.7748 142.9926
3943 30 644.204 85.77626
3944 29 638.9219 83.543625
3945 29 626.6814 82.37593
3946 27 585.4325 38.57615
3986 34 735.34357 57.666153
3987 32 699.14764 81.01506
3988 29 629.3092 56.307865
4074 30 667.0657 26.38406
4092 32 687.7164 30.29278
4169 32 678.0889 58.070724
4170 32 687.4218 94.333664
4182 30 654.9027 88.4139
4182 30 654.9027 88.4139
4186 30 637.1842 75.67202
4187 29 640.914 97.92426
4188 28 617.75995 94.28123
4238 25 533.65125 171.70943
4239 25 531.78 112.50973
4240 23 504.53363 89.940765
4248 24 516.2847 116.64361
4256 23 505.39084 79.52843
4264 23 500.60406 163.69064
4306 32 692.09717 107.15401
4307 33 702.19354 128.14514
4308 33 706.8476 119.74824
4309 33 704.7394 69.10897
4310 30 640.3848 50.521088
4311 28 610.40424 26.398567
4348 31 666.3406 71.95636
4349 31 663.19006 73.16912
4356 31 671.9904 78.437515
4357 30 648.2978 78.803696
4358 30 639.6142 104.213486
4359 30 643.165 33.72981
4362 30 645.3228 86.36555
4363 30 650.2219 82.63282
4363 30 650.2219 82.63282
4392 25 532.5914 68.20852
4393 26 554.7784 63.779606
4404 34 725.5186 82.44486
4416 28 602.2223 112.71764
4417 26 565.35175 77.097755
4422 28 605.2281 91.38919
4432 24 529.25305 115.47105
4460 23 510.53888 21.2095
4460 23 510.53888 21.2095
4462 32 692.1113 151.28908
4463 32 693.5734 118.39678
4464 32 691.0196 77.008736
4473 37 789.52356 51.700714
4474 35 759.0884 49.85622
4475 34 749.03357 46.130123
4475 34 749.03357 46.130123
4476 44 955.6549 36.105946
4486 41 874.4148 35.643066
4494 43 925.0561 23.205534
4535 42 907.8383 55.726543
4536 42 905.4006 58.894512
4537 41 889.77594 63.682774
4547 33 702.9481 101.50021
4548 31 680.06665 85.667404
4561 32 686.3624 69.31287
4562 32 683.7958 110.650856
4562 32 683.7958 110.650856
4563 32 689.99664 58.059853
4563 32 689.99664 58.059853
4574 31 663.64764 86.40337
4581 25 525.0971 98.319725
4581 25 525.0971 98.319725
4582 25 541.3241 117.72749
4583 27 577.3008 44.50234
4583 27 577.3008 44.50234
4586 27 581.87634 111.84563
4586 27 581.87634 111.84563
4587 27 576.7958 110.873856
4587 27 576.7958 110.873856
4588 26 569.9607 100.26732
4588 26 569.9607 100.26732
4589 27 567.48016 80.51152
4590 27 582.7867 115.907394
4591 40 862.21924 57.868244
4592 40 861.4956 60.342705
4593 27 576.5715 50.108643
4600 24 510.30188 148.77477
4601 23 510.29742 130.23422
4610 37 788.3807 14.67617
4614 32 692.992 12.679473
4623 31 673.5186 56.8537
4632 44 948.22253 26.03112
4642 27 579.59937 22.108582
4643 36 776.78455 79.56079
4644 35 758.1897 68.85331
4645 33 702.41754 55.871708
4669 31 672.8636 84.25881
4669 31 672.8636 84.25881
4706 43 915.2262 39.25239
4707 32 690.85974 60.38293
4708 31 681.43884 71.6353
4708 31 681.43884 71.6353
4709 31 675.4659 97.55168
4709 31 675.4659 97.55168
4716 33 705.22437 105.85758
4717 32 695.783 72.364296
4717 32 695.783 72.364296
4718 32 687.5408 88.39229
4731 31 668.0189 83.15402
4733 32 682.6002 84.366806
4759 25 526.5997 51.245
4759 25 526.5997 51.245
4760 25 536.7878 77.956276
4760 25 536.7878 77.956276
4761 24 519.76166 60.43728
4761 24 519.76166 60.43728
4763 25 534.42426 86.279396
4763 25 534.42426 86.279396
4764 24 522.6284 46.915234
4764 24 522.6284 46.915234
4765 24 524.76965 75.1916
4765 24 524.76965 75.1916
4785 24 523.4361 25.312132
4786 24 525.59485 25.686607
4787 24 525.7399 22.287582
4788 24 525.09515 25.487469
4791 33 711.5484 20.594849
4792 32 695.3022 24.176123
4801 45 966.04315 27.656115
4801 45 966.04315 27.656115
4802 45 961.78296 30.55065
4802 45 961.78296 30.55065
4810 32 691.9209 45.89
4811 31 673.544 91.92603
4813 41 885.051 67.12002
4814 41 879.927 70.47825
4815 31 659.8586 36.465836
4815 31 659.8586 36.465836
4816 30 652.6809 63.00938
4816 30 652.6809 63.00938
4832 31 648.46405 27.360935
4832 31 648.46405 27.360935
4842 36 782.17114 25.405628
4853 31 665.4971 45.806717
4854 31 665.0525 99.69972
4874 32 698.4753 27.249039
4894 46 995.7341 30.953896
4895 33 713.5554 70.80655
4899 31 660.41785 40.168972
4900 30 648.18976 52.696285
4922 27 581.5051 36.174896
4938 32 684.5768 80.461845
4939 31 678.3057 58.687595
4952 24 529.2851 18.99815
4953 29 625.80176 22.801622
4954 24 527.20215 17.052217
4955 24 524.7906 15.277844
4971 32 691.645 74.82632
4972 31 677.2213 95.45832
4973 31 666.87164 112.5526
4978 41 880.61957 26.02002
4981 33 710.02814 67.09997
4983 44 945.97034 51.287537
4984 33 707.0817 42.041393
4985 33 707.71246 42.493885
4986 32 695.02386 38.998993
4986 32 695.02386 38.998993
4999 33 701.9666 49.880527
5013 44 936.6199 30.92013
5020 30 652.08777 59.49469
5020 30 652.08777 59.49469
5024 31 671.8258 51.77117
5034 31 662.1825 88.45188
5035 30 653.70135 68.588585
5036 29 631.97723 78.943306
5036 29 631.97723 78.943306
5055 31 670.1875 123.5181
5056 30 654.2593 127.117805
5057 30 643.16 86.11613
5064 31 664.01654 88.79391
5065 31 665.5889 78.060074
5072 29 631.2788 19.38362
5092 33 708.2437 30.90397
5093 32 697.7355 25.185568
5123 30 651.16345 76.445854
5159 29 616.5064 65.49762
5160 29 624.5411 84.89885
5160 29 624.5411 84.89885
5161 30 665.46674 57.6824
5161 30 665.46674 57.6824
5162 30 643.65405 59.36171
5163 30 651.62994 48.122234
5164 27 592.5244 53.820602
5165 27 581.11926 18.513342
5170 30 650.4004 72.170425
5195 29 637.2136 91.49014
5196 29 627.4318 83.65443
5196 29 627.4318 83.65443
5214 31 665.3932 106.523605
5215 30 653.0204 144.12718
5216 30 646.1504 127.48293
5246 28 606.22925 107.706825
5332 31 658.08826 114.60615
5332 31 658.08826 114.60615
5333 31 666.0275 100.57424
5333 31 666.0275 100.57424
5336 44 936.51984 40.508335
5337 42 910.8362 58.745342
5356 32 704.3737 62.041214
5356 32 704.3737 62.041214
5379 34 739.84985 32.400482
5389 43 921.5282 126.31676
5390 43 921.70544 125.69604
5394 34 726.3508 80.868256
5395 33 718.7549 95.467
5396 32 694.30786 85.517105
5444 27 594.22894 16.316793
5451 27 587.81085 41.1166
5461 28 618.44257 27.554003
5463 24 536.748 29.17544
5465 25 538.336 64.92125
5466 24 520.4626 44.192146
5476 29 625.8777 19.451448
5478 34 728.5833 76.569275
5479 34 727.8755 107.30072
5480 32 701.6971 70.06649
5480 32 701.6971 70.06649
5481 32 692.06934 93.44512
5482 32 691.20056 76.09106
5483 43 921.68317 20.80633
5489 41 895.99133 29.275616
5490 41 886.563 23.217058
5501 42 904.20825 14.812903
5504 29 624.9681 52.25964
5504 29 624.9681 52.25964
5508 42 904.2509 28.803135
5509 42 910.80945 19.447798
5522 33 712.43567 86.379524
5524 31 674.08716 55.53198
5532 41 898.8021 19.881554
5534 31 665.9855 48.539215
5535 31 667.9913 29.83337
5538 41 875.65076 22.212461
5540 41 885.7104 25.8827
5564 33 719.6852 58.058437
5568 32 679.23517 66.2774
5577 30 657.1549 33.485832
5590 27 586.41394 63.93199
5591 27 587.5947 50.85161
5591 27 587.5947 50.85161
5592 28 588.6111 36.437134
5592 28 588.6111 36.437134
5593 28 594.3988 33.729874
5603 27 585.90753 24.48119
5609 27 589.45465 52.46335
5609 27 589.45465 52.46335
5617 31 671.32874 27.69572
5617 31 671.32874 27.69572
5618 27 588.1182 35.800182
5619 27 586.43176 46.82252
5620 27 587.6958 45.702675
5627 27 589.8632 37.417988
5628 28 590.1913 24.679249
5629 26 570.43567 38.711235
5632 24 517.1414 30.046347
5633 25 522.0704 30.455095
5633 25 522.0704 30.455095
5634 24 526.9769 18.366653
5634 24 526.9769 18.366653
5635 25 527.73956 27.854
5635 25 527.73956 27.854
5636 25 527.46893 30.144701
5636 25 527.46893 30.144701
5642 27 585.7461 28.456264
5648 32 685.52277 64.431885
5648 32 685.52277 64.431885
5649 33 708.94354 105.18789
5650 32 699.5825 88.3715
5650 32 699.5825 88.3715
5651 32 690.24207 79.67757
5651 32 690.24207 79.67757
5652 32 688.6633 66.1937
5660 31 665.7029 32.779156
5661 31 667.4126 31.506962
5662 31 665.3414 23.160814
5671 40 865.77435 22.558289
5671 40 865.77435 22.558289
5673 41 884.1358 12.896762
5674 40 865.5664 27.502838
5675 41 874.5238 23.479418
5691 33 704.5077 94.615585
5704 30 654.712 28.293411
5734 33 710.8546 106.731384
5737 31 671.59314 50.80565
5750 32 698.4322 13.692947
5752 31 662.541 17.267391
5760 24 519.43915 27.85308
5761 27 590.4008 21.285013
5762 30 638.9761 24.001518
5763 29 633.7888 55.729557
5763 29 633.7888 55.729557
5764 33 730.05225 38.512875
5764 33 730.05225 38.512875
5765 31 670.1325 45.087967
5790 27 588.8253 44.74704
5790 27 588.8253 44.74704
5791 27 587.8098 46.877182
5792 27 588.67053 48.11329
5800 24 521.60345 45.55472
5800 24 521.60345 45.55472
5802 24 518.32654 60.799797
5803 24 526.3115 45.453358
5804 24 526.4897 71.75463
5805 24 524.09644 45.78618
5813 29 626.03687 22.485624
5813 29 626.03687 22.485624
5814 29 624.35114 15.662533
5817 24 518.93115 54.650925
5818 33 720.7582 78.85797
5827 41 879.8227 15.525819
5828 40 868.5449 17.873968
5829 25 543.4468 37.228363
5830 31 654.6038 34.812965
5831 30 656.6355 37.92855
5832 40 869.177 18.72731
5836 29 619.90393 27.278389
5842 40 849.12463 34.69401
5842 40 849.12463 34.69401
5843 41 874.4166 38.755806
5843 41 874.4166 38.755806
5844 41 885.7479 40.786953
5845 41 887.7952 42.135853
5851 41 883.3538 53.101963
5853 41 881.814 54.220768
5861 33 702.18195 63.16678
5863 31 664.38165 56.463375
5864 31 661.14575 46.59701
5865 30 657.4441 39.66885
5866 30 653.59283 54.013607
5866 30 653.59283 54.013607
5867 32 697.14685 39.897476
5868 33 702.8281 32.34535
5869 33 705.9488 26.679668
5871 24 523.7569 41.681965
5872 24 521.6257 70.64059
5873 24 525.26385 70.6343
5874 24 524.37756 73.361206
5878 41 884.4849 32.17037
5878 41 884.4849 32.17037
5882 23 502.50748 50.136166
5891 24 518.6316 36.05062
5891 24 518.6316 36.05062
5892 24 521.334 25.193943
5892 24 521.334 25.193943
5894 41 884.1292 31.995485
5895 24 520.24066 44.193592
5903 32 699.61005 81.39596
5904 32 692.704 67.730515
5905 32 697.50336 87.49326
5906 32 693.1442 76.405365
5914 24 532.4327 39.95589
5915 25 525.8397 63.064884
5916 24 527.61456 46.976368
5917 41 878.4992 22.24603
5922 25 526.8369 18.288832
5926 27 585.2697 47.86141
5934 36 773.58636 41.667507
5935 37 786.688 59.016354
5935 37 786.688 59.016354
5949 32 703.94055 28.711063
5965 37 787.5175 67.50757
5966 37 789.3599 70.08478
5967 37 789.2437 53.85348
5968 37 790.29236 39.770332
5980 24 527.43994 13.257201
5981 29 626.73413 17.2438
5988 32 702.32684 81.565895
5989 31 673.3768 85.54127
5989 31 673.3768 85.54127
5991 27 588.3748 64.15586
5991 27 588.3748 64.15586
6000 24 524.94366 49.84772
6001 24 520.4563 37.08557
6001 24 520.4563 37.08557
6003 27 587.65356 25.317638
6004 27 587.8978 28.961958
6013 41 880.42267 47.45442
6014 41 887.70593 50.205166
6014 41 887.70593 50.205166
6016 40 868.1082 47.18081
6019 31 653.38965 22.334644
6021 41 883.6248 39.55082
6021 41 883.6248 39.55082
6022 41 881.1005 44.529255
6023 24 525.0346 39.221294
6023 24 525.0346 39.221294
6033 32 685.2802 46.135254
6034 25 528.1989 32.905113
6034 25 528.1989 32.905113
6036 28 596.49603 29.277756
6036 28 596.49603 29.277756
6037 27 590.6653 25.285301
6037 27 590.6653 25.285301
6040 41 880.2316 27.571115
6054 24 512.7058 54.93237
6054 24 512.7058 54.93237
6058 41 875.3894 36.235424
6058 41 875.3894 36.235424
6059 41 886.734 51.508896
6059 41 886.734 51.508896
6061 24 521.3029 44.57015
6061 24 521.3029 44.57015
6062 24 522.10114 29.840176
6062 24 522.10114 29.840176
6063 41 894.34625 32.860985
6063 41 894.34625 32.860985
6064 41 882.6019 39.922237
6064 41 882.6019 39.922237
6065 41 880.72815 40.900974
6065 41 880.72815 40.900974
6082 32 710.0087 59.0914
6083 33 694.7403 80.21
6084 34 731.97076 110.76035
6084 34 731.97076 110.76035
6104 36 766.69617 84.95944
6105 35 760.6072 61.94431
6105 35 760.6072 61.94431
6107 33 712.2017 36.526928
6107 33 712.2017 36.526928
6110 33 720.81256 108.54867
6111 33 712.23846 147.79747
6112 33 708.07367 142.46945
6124 36 772.00867 93.96141
6125 35 769.74194 70.56214
6125 35 769.74194 70.56214
6133 35 753.5729 45.290318
6134 34 737.03394 51.574535
6135 33 721.17957 151.56593
6136 33 713.1953 123.99731
6138 34 722.1234 29.689232
6139 33 725.8063 25.514675
6141 24 523.60626 27.778845
6148 35 761.6821 52.678997
6155 34 732.1195 77.8829
6156 33 716.13776 121.099236
6157 33 711.42926 155.46402
6158 33 706.70715 147.60907
6159 32 701.317 100.84916
6160 33 701.17334 48.8469
6176 33 723.6467 79.96484
6177 32 698.32916 172.54953
6177 32 698.32916 172.54953
6178 32 691.8867 118.88331
6179 32 688.0507 96.81215
6179 32 688.0507 96.81215
6181 31 675.90454 61.668777
6181 31 675.90454 61.668777
6182 30 625.4846 54.668823
6182 30 625.4846 54.668823
6183 31 664.22845 32.291336
6183 31 664.22845 32.291336
6188 37 792.4265 54.564365
6188 37 792.4265 54.564365
6189 39 842.11633 92.51489
6189 39 842.11633 92.51489
6190 39 845.6734 109.9998
6190 39 845.6734 109.9998
6191 39 846.9925 81.565834
6191 39 846.9925 81.565834
6192 37 798.0646 66.35244
6192 37 798.0646 66.35244
6193 36 791.193 145.75371
6193 36 791.193 145.75371
6194 35 760.30585 62.29029
6194 35 760.30585 62.29029
6195 33 696.0279 78.92271
6196 33 713.76294 144.02826
6197 33 710.7991 186.80241
6198 33 706.47845 176.1658
6199 32 699.5213 213.03561
6200 32 690.8327 161.93057
6201 32 686.5489 124.87944
6201 32 686.5489 124.87944
6202 32 685.1084 153.19673
6202 32 685.1084 153.19673
6203 31 673.42975 101.893105
6203 31 673.42975 101.893105
6204 31 659.6625 68.02507
6204 31 659.6625 68.02507
6205 32 676.91016 39.42587
6205 32 676.91016 39.42587
6206 31 675.9341 67.72377
6206 31 675.9341 67.72377
6207 31 668.31067 38.850307
6208 30 627.3047 78.9098
6208 30 627.3047 78.9098
6209 31 654.69025 68.81993
6209 31 654.69025 68.81993
6210 30 647.8919 48.534927
6210 30 647.8919 48.534927
6212 30 649.94495 77.98368
6213 31 656.7424 77.051735
6214 30 656.7076 66.72823
6214 30 656.7076 66.72823
6215 30 664.2664 58.403717
6216 30 648.2218 139.41623
6217 30 652.2643 68.15556
6217 30 652.2643 68.15556
6221 30 635.4639 65.01924
6223 30 635.34033 47.731167
6223 30 635.34033 47.731167
6224 40 868.02563 56.71596
6224 40 868.02563 56.71596
6225 40 858.8981 94.751625
6225 40 858.8981 94.751625
6226 30 651.13226 93.429565
6226 30 651.13226 93.429565
6227 30 657.86816 90.302765
6228 30 651.6283 81.342705
6229 38 816.89 51.33532
6231 30 647.8539 38.487537
6231 30 647.8539 38.487537
6232 36 767.0702 58.479816
6232 36 767.0702 58.479816
6233 30 650.99115 86.94375
6236 35 752.7841 101.72332
6236 35 752.7841 101.72332
6237 34 744.86896 104.209114
6238 34 733.2352 120.2688
6238 34 733.2352 120.2688
6241 34 739.88116 103.882545
6242 34 736.4757 70.07328
6243 34 735.1894 89.743324
6244 35 741.26917 82.05767
6245 34 733.49884 74.01424
6246 34 731.01605 62.300438
6247 34 736.4798 121.28497
6250 34 747.8156 78.19679
6250 34 747.8156 78.19679
6251 35 736.3061 33.82117
6251 35 736.3061 33.82117
6252 37 792.689 89.23983
6254 33 716.1711 80.11586
6254 33 716.1711 80.11586
6255 34 731.7891 70.47298
6257 34 735.44995 84.95848
6258 34 730.6465 63.209103
6262 34 730.3418 119.72288
6263 34 731.2921 90.73703
6264 34 732.7115 51.703037
6266 34 730.78436 89.62386
6279 33 718.2823 164.65549
6291 35 755.7922 46.266457
6292 35 760.382 125.043396
6294 34 731.4159 68.99155
6295 34 732.5581 104.43161
6298 34 733.2447 20.076712
6301 35 761.4658 38.7377
6302 35 753.5566 89.69091
6303 34 741.2173 75.87648
6306 34 728.74786 104.14766
6307 33 712.3708 63.78258
6310 24 524.1852 18.00121
6315 33 707.56647 112.06541
6316 33 708.462 150.21211
6317 33 705.412 153.47067
6318 32 697.251 119.61388
6319 32 690.63 125.6008
6320 32 688.47375 41.959854
6322 31 663.14264 68.46508
6326 31 660.0748 77.23442
6327 30 656.08844 75.00185
6335 33 721.8779 20.987604
6337 29 623.0763 10.916845
6345 33 713.16077 97.39566
6346 33 708.71216 162.33438
6347 32 696.7354 74.7889
6347 32 696.7354 74.7889
6358 39 845.7916 55.92201
6358 39 845.7916 55.92201
6359 40 854.80334 122.83945
6359 40 854.80334 122.83945
6360 40 861.04926 110.356926
6360 40 861.04926 110.356926
6361 39 846.2614 99.40128
6361 39 846.2614 99.40128
6362 39 840.39557 71.19199
6362 39 840.39557 71.19199
6363 36 767.0724 78.852875
6364 35 756.47046 86.94183
6365 34 734.40155 89.97408
6365 34 734.40155 89.97408
6366 33 723.51886 140.14636
6367 33 712.00934 167.99725
6368 33 704.74255 151.09099
6369 32 700.63525 178.70546
6370 32 686.92804 153.02567
6371 32 683.5689 132.35701
6372 31 684.55414 127.61854
6373 31 671.55804 111.74109
6374 30 663.5367 46.004513
6375 31 665.60693 89.29638
6376 31 667.70984 40.355644
6376 31 667.70984 40.355644
6377 30 640.9277 56.740303
6378 31 666.5335 90.025665
6382 31 662.7293 49.808544
6382 31 662.7293 49.808544
6383 31 666.66125 38.642616
6383 31 666.66125 38.642616
6384 31 663.6046 73.3858
6384 31 663.6046 73.3858
6385 30 659.52155 121.08899
6385 30 659.52155 121.08899
6386 30 650.16125 111.06101
6386 30 650.16125 111.06101
6387 30 656.0141 78.18812
6387 30 656.0141 78.18812
6388 35 749.1407 77.230255
6388 35 749.1407 77.230255
6389 36 767.2574 73.12446
6390 37 811.61487 72.38377
6391 38 813.09735 91.4605
6392 39 831.47925 73.63529
6394 30 652.7984 101.996346
6395 30 654.1375 102.591545
6395 30 654.1375 102.591545
6396 30 655.49536 71.00969
6396 30 655.49536 71.00969
6399 30 649.61865 93.72451
6400 30 636.2502 48.597538
6401 35 762.73035 56.797676
6401 35 762.73035 56.797676
6402 34 729.94696 87.91002
6402 34 729.94696 87.91002
6403 34 733.5345 99.52614
6403 34 733.5345 99.52614
6404 34 731.094 119.146545
6404 34 731.094 119.146545
6405 34 733.09106 131.55647
6405 34 733.09106 131.55647
6406 33 727.0843 82.039375
6406 33 727.0843 82.039375
6407 34 715.43036 92.75549
6407 34 715.43036 92.75549
6408 34 730.2796 104.06696
6409 34 734.0791 84.13356
6413 34 736.1946 54.000683
6413 34 736.1946 54.000683
6415 33 713.0682 77.80388
6416 33 715.60675 90.836044
6417 33 719.0378 103.31902
6418 34 724.51056 116.07099
6418 34 724.51056 116.07099
6419 34 730.30133 112.87548
6419 34 730.30133 112.87548
6420 33 719.9609 70.75407
6420 33 719.9609 70.75407
6421 34 717.35657 95.129745
6422 37 790.82605 71.2305
6425 33 721.77716 113.96553
6426 34 727.7763 94.381744
6428 33 716.09515 110.17239
6430 34 743.33514 64.07966
6434 34 730.3979 39.716385
6435 33 721.32104 38.182415
6436 32 699.2581 44.438637
6441 33 719.1019 57.472347
6441 33 719.1019 57.472347
6443 36 784.3527 68.282875
6444 36 778.0381 59.89689
6448 33 722.9987 148.2717
6449 33 716.337 129.88672
6450 33 711.0972 102.89724
6451 33 711.8214 57.44641
6453 35 759.57837 28.552826
6454 35 756.1395 24.047533
6462 34 741.88947 17.128906
6472 35 758.9598 47.14862
6473 35 757.73834 71.5233
6475 33 707.5338 46.765953
6475 33 707.5338 46.765953
6476 35 754.30396 28.556719
6488 33 728.78394 58.326214
6489 33 710.33405 69.17433
6489 33 710.33405 69.17433
6494 30 643.3196 60.387695
6495 30 644.23236 79.55968
6496 30 645.704 49.764534
6497 30 648.462 62.25077
6498 30 648.3085 99.366554
6499 29 629.52246 55.950783
6501 31 680.21265 23.408026
6515 32 690.9061 106.41018
6516 32 693.08295 121.22745
6517 31 678.545 67.71987
6518 31 672.3734 67.32756
6519 32 684.77655 67.97148
6520 32 693.42633 78.52054
6521 33 702.52783 23.094538
6521 33 702.52783 23.094538
6522 31 669.55835 22.734188
6522 31 669.55835 22.734188
6526 27 585.5245 24.025108
6527 37 801.7052 22.864202
6529 39 840.6791 124.048935
6530 39 838.64197 63.994595
6530 39 838.64197 63.994595
6531 36 782.6025 67.771126
6531 36 782.6025 67.771126
6532 35 765.0196 74.77794
6532 35 765.0196 74.77794
6533 35 755.4328 53.564476
6533 35 755.4328 53.564476
6535 33 709.5075 113.31149
6536 32 700.2369 161.45508
6537 32 691.2678 151.70421
6538 32 681.8418 85.84954
6538 32 681.8418 85.84954
6539 31 688.21265 80.90955
6539 31 688.21265 80.90955
6540 31 669.98944 126.91341
6541 31 668.37537 51.42827
6541 31 668.37537 51.42827
6542 31 673.952 65.53769
6542 31 673.952 65.53769
6543 31 672.4677 64.29972
6543 31 672.4677 64.29972
6544 31 670.90625 52.558273
6544 31 670.90625 52.558273
6545 31 668.2783 75.801445
6546 31 656.145 60.346558
6546 31 656.145 60.346558
6547 30 655.13055 88.56177
6547 30 655.13055 88.56177
6548 30 651.406 91.16042
6548 30 651.406 91.16042
6549 30 647.16266 90.31568
6549 30 647.16266 90.31568
6550 30 645.9933 91.901024
6550 30 645.9933 91.901024
6552 29 635.57355 78.804375
6552 29 635.57355 78.804375
6553 30 638.4399 109.585335
6553 30 638.4399 109.585335
6554 30 645.00006 125.02515
6554 30 645.00006 125.02515
6555 30 640.32104 154.87361
6555 30 640.32104 154.87361
6556 30 641.2346 145.94708
6556 30 641.2346 145.94708
6557 30 640.9617 97.23569
6557 30 640.9617 97.23569
6558 29 637.4313 82.46786
6558 29 637.4313 82.46786
6559 38 813.0433 96.67402
6559 38 813.0433 96.67402
6560 38 815.95465 112.292854
6561 39 826.02435 110.69751
6562 30 637.0509 114.774605
6562 30 637.0509 114.774605
6563 38 819.3948 93.88505
6563 38 819.3948 93.88505
6564 38 821.3322 77.66505
6564 38 821.3322 77.66505
6565 38 804.1626 63.689316
6565 38 804.1626 63.689316
6568 30 638.22546 102.850105
6568 30 638.22546 102.850105
6570 29 637.5624 89.54342
6570 29 637.5624 89.54342
6571 29 627.3438 102.60288
6572 34 738.3584 70.03337
6572 34 738.3584 70.03337
6573 34 731.1591 97.469505
6573 34 731.1591 97.469505
6574 33 724.14795 94.806175
6574 33 724.14795 94.806175
6575 34 719.4722 110.29004
6575 34 719.4722 110.29004
6576 34 737.0185 99.11545
6576 34 737.0185 99.11545
6577 35 741.54236 53.93131
6577 35 741.54236 53.93131
6578 34 744.57434 65.248276
6581 34 729.28094 127.27701
6581 34 729.28094 127.27701
6582 33 721.9863 97.96281
6582 33 721.9863 97.96281
6583 34 716.2217 92.812454
6583 34 716.2217 92.812454
6584 34 727.78674 122.522064
6584 34 727.78674 122.522064
6585 34 731.83154 87.41551
6585 34 731.83154 87.41551
6586 35 739.9968 32.771095
6588 34 719.5204 76.8592
6588 34 719.5204 76.8592
6592 34 733.66364 107.67304
6592 34 733.66364 107.67304
6593 34 732.9767 76.47252
6594 33 718.65356 53.632305
6595 35 759.1135 99.064224
6595 35 759.1135 99.064224
6596 35 755.7068 110.96383
6596 35 755.7068 110.96383
6597 33 717.8917 85.14205
6598 34 725.4817 83.03462
6599 33 717.5464 83.00334
6600 34 727.42596 71.73305
6601 34 746.7693 95.19068
6601 34 746.7693 95.19068
6602 34 731.7286 88.76769
6602 34 731.7286 88.76769
6603 33 714.0046 47.773315
6603 33 714.0046 47.773315
6604 34 717.01245 58.648018
6604 34 717.01245 58.648018
6605 34 727.22833 79.12679
6605 34 727.22833 79.12679
6606 33 719.7136 54.164326
6606 33 719.7136 54.164326
6607 34 720.2402 67.5508
6612 36 780.50476 49.324543
6612 36 780.50476 49.324543
6613 36 765.1214 87.329544
6614 36 771.848 104.335655
6614 36 771.848 104.335655
6617 34 745.8375 42.702507
6617 34 745.8375 42.702507
6618 34 738.57935 80.7713
6619 34 732.5622 121.070915
6620 34 730.37036 162.42038
6621 34 731.2214 172.0162
6622 34 738.8833 90.87389
6622 34 738.8833 90.87389
6623 33 711.69904 19.431028
6624 35 757.01385 29.349117
6624 35 757.01385 29.349117
6625 35 758.66284 18.184774
6625 35 758.66284 18.184774
6643 35 757.49255 51.856846
6643 35 757.49255 51.856846
6644 36 796.69257 73.214195
6644 36 796.69257 73.214195
6645 36 772.30133 87.97604
6645 36 772.30133 87.97604
6646 36 768.77484 45.202335
6647 33 706.8289 78.6516
6648 33 710.4941 43.23532
6648 33 710.4941 43.23532
6649 24 524.62115 15.727558
6649 24 524.62115 15.727558
6650 37 794.54047 16.193031
6654 34 722.2734 46.652386
6655 34 727.70953 124.848915
6656 33 717.1449 42.637352
6656 33 717.1449 42.637352
6661 29 622.8588 24.702168
6665 31 671.66284 126.7729
6666 31 666.3939 181.99004
6666 31 666.3939 181.99004
6667 31 663.14844 161.77332
6668 30 657.14624 123.77697
6669 30 654.48865 107.41775
6670 31 660.13873 54.476315
6685 32 679.544 48.146713
6685 32 679.544 48.146713
6686 32 686.91614 138.09717
6686 32 686.91614 138.09717
6687 31 671.402 70.8193
6687 31 671.402 70.8193
6688 31 663.525 69.21625
6689 32 683.99414 59.009968
6690 32 703.31866 20.005306
6690 32 703.31866 20.005306
6691 39 828.36707 26.659994
6691 39 828.36707 26.659994
6692 39 837.22424 43.088657
6692 39 837.22424 43.088657
6693 39 839.3849 36.742496
6693 39 839.3849 36.742496
6694 40 850.42676 35.93393
6696 38 822.07367 30.599836
6697 39 828.0616 82.68037
6697 39 828.0616 82.68037
6698 39 832.75586 169.81161
6698 39 832.75586 169.81161
6699 39 835.2362 174.34879
6699 39 835.2362 174.34879
6700 38 825.06366 196.48666
6701 38 816.37897 73.31436
6702 37 813.6546 51.035454
6703 35 754.9664 149.52078
6704 35 747.8803 88.272804
6705 34 748.8824 76.11602
6706 33 724.56464 121.342255
6707 32 693.7571 149.56712
6708 32 682.71344 190.2586
6709 31 680.4173 132.78876
6710 32 681.25714 168.13211
6711 32 707.5199 152.66348
6712 31 676.8256 159.00209
6713 31 673.6842 124.08353
6714 31 672.5821 116.14206
6718 32 685.3068 131.5651
6719 32 681.5592 163.71829
6719 32 681.5592 163.71829
6720 32 679.74115 164.88841
6721 31 677.6981 174.92957
6722 32 680.32684 104.435974
6723 32 689.3923 123.40334
6724 31 675.62024 214.16016
6725 31 676.32806 192.52032
6726 32 678.5583 94.59829
6727 32 677.3618 75.59618
6728 32 681.10913 122.22941
6728 32 681.10913 122.22941
6729 32 680.4554 145.59726
6730 32 679.2446 137.7036
6731 32 682.034 161.9066
6732 32 685.83997 71.29288
6733 32 699.0192 117.0313
6734 38 819.756 90.69651
6736 31 670.39307 126.156654
6737 37 786.2362 89.45776
6738 31 671.4093 71.25407
6739 32 679.8523 60.77505
6739 32 679.8523 60.77505
6740 31 679.57086 57.552258
6741 31 672.6751 118.20191
6742 32 677.5575 42.91077
6743 31 683.6747 62.400814
6744 34 732.9276 131.41127
6745 34 734.51337 144.87303
6746 34 736.3415 84.37307
6747 34 735.8836 129.27403
6748 34 731.4521 155.16866
6749 34 730.46796 101.03147
6749 34 730.46796 101.03147
6750 34 739.1813 50.638542
6751 34 731.4808 53.225334
6754 34 734.6075 125.584724
6754 34 734.6075 125.584724
6755 34 727.4136 75.31654
6755 34 727.4136 75.31654
6759 33 721.4548 66.097946
6760 33 718.1098 71.1251
6761 34 724.27246 92.94643
6761 34 724.27246 92.94643
6762 33 718.5304 56.64263
6763 34 725.9441 109.60762
6764 33 720.5742 79.30672
6764 33 720.5742 79.30672
6766 33 718.22284 37.28295
6766 33 718.22284 37.28295
6768 34 723.9414 36.630424
6769 35 748.1064 56.76312
6770 33 712.5306 42.106537
6771 34 714.4045 54.991287
6772 33 717.5678 67.50931
6773 34 715.97144 68.342
6774 35 745.295 45.45452
6774 35 745.295 45.45452
6775 34 737.5569 59.95215
6776 33 728.238 73.92523
6776 33 728.238 73.92523
6777 34 729.6416 80.96008
6777 34 729.6416 80.96008
6820 26 563.87317 36.169655
6843 33 697.7346 69.06185
6843 33 697.7346 69.06185
6844 34 730.75055 88.48581
6844 34 730.75055 88.48581
6845 34 744.0921 133.94417
6846 34 731.83527 88.342636
6847 32 684.4178 34.023937
6848 29 631.5274 23.858868
6848 29 631.5274 23.858868
6865 30 659.42096 22.77376
6865 30 659.42096 22.77376
6868 27 579.1403 22.38661
6868 27 579.1403 22.38661
6869 26 564.56775 37.70109
6869 26 564.56775 37.70109
6870 25 547.1285 41.730988
6870 25 547.1285 41.730988
6871 25 534.0803 36.303333
6872 24 529.3494 25.784727
6881 24 528.1303 15.472441
6904 24 525.31635 24.93231
6908 27 587.37897 127.27745
6908 27 587.37897 127.27745
6909 26 571.32324 130.85202
6909 26 571.32324 130.85202
6910 26 563.6967 46.27142
6911 27 562.1681 64.41023
6911 27 562.1681 64.41023
6912 27 581.1305 182.23338
6912 27 581.1305 182.23338
6913 27 581.73 163.32483
6913 27 581.73 163.32483
6914 27 578.9813 43.94273
6914 27 578.9813 43.94273
6917 27 571.4108 98.10228
6917 27 571.4108 98.10228
6918 27 577.3686 143.60103
6918 27 577.3686 143.60103
6919 26 566.67053 99.864105
6919 26 566.67053 99.864105
6920 27 574.9532 23.898188
6920 27 574.9532 23.898188
6921 27 583.56757 25.375408
6923 24 516.5569 97.04672
6933 39 840.0775 19.776474
6934 25 540.68665 51.96457
6935 24 514.4648 91.30817
6936 23 506.03427 86.47805
6960 30 643.41876 95.13592
6961 29 627.1789 48.15671
6971 32 691.95337 59.934498
6972 31 680.00256 46.747494
6982 31 681.37683 62.874905
6982 31 681.37683 62.874905
6984 33 700.98956 21.130157
6995 29 636.38135 49.042164
7008 29 621.384 25.203558
7011 31 658.4023 88.52138
7030 28 603.9932 58.315166
7031 27 590.5446 68.06716
7031 27 590.5446 68.06716
7032 24 529.2911 28.577784
7032 24 529.2911 28.577784
7033 24 517.3357 16.893837
7033 24 517.3357 16.893837
7072 32 686.1368 78.98084
7072 32 686.1368 78.98084
7073 31 678.719 91.61511
7074 31 671.4267 91.2766
7075 31 666.9224 81.202934
7075 31 666.9224 81.202934
7076 31 657.36664 93.500824
7076 31 657.36664 93.500824
7090 31 678.0637 103.93804
7090 31 678.0637 103.93804
7091 31 672.40515 89.53221
7099 31 659.65955 56.327118
7100 31 668.87067 91.89201
7101 41 882.1269 76.40996
7102 41 887.7084 61.31626
7103 31 660.26025 50.372856
7103 31 660.26025 50.372856
7104 31 657.9039 66.76716
7104 31 657.9039 66.76716
7105 31 663.4286 79.65095
7105 31 663.4286 79.65095
7121 25 538.7286 24.084465
7123 25 534.0754 27.251686
7124 25 535.9587 57.77183
7125 26 556.98914 129.16356
7126 25 555.8109 108.42391
7127 24 524.9236 74.11009
7136 25 540.1096 149.64444
7136 25 540.1096 149.64444
7137 25 536.6191 167.82024
7138 24 526.60095 128.73447
7139 24 518.811 43.463055
7142 37 793.6798 76.35592
7144 24 521.9033 77.7403
7145 24 517.4541 57.084328
7147 24 524.7992 75.31612
7154 24 525.42896 98.539696
7156 26 564.43933 23.012781
7160 24 520.67865 88.71167
7160 24 520.67865 88.71167
7161 25 525.43115 15.182439
7173 24 520.2993 100.32835
7175 36 777.90765 76.51249
7176 24 512.9899 63.076275
7177 23 507.27606 109.824646
7178 23 500.36823 112.754486
7179 36 763.23846 137.6958
7179 36 763.23846 137.6958
7180 36 769.70355 83.309875
7180 36 769.70355 83.309875
7181 36 770.57495 103.757416
7181 36 770.57495 103.757416
7185 34 720.5409 34.11613
7186 34 737.6313 89.44244
7187 34 735.33307 85.54355
7188 33 722.4763 57.8071
7189 33 719.03827 63.951504
7189 33 719.03827 63.951504
7190 34 725.5909 63.939808
7190 34 725.5909 63.939808
7191 36 757.67065 76.4684
7192 23 509.66183 45.913284
7199 23 502.2448 124.82057
7202 31 678.9792 39.823235
7202 31 678.9792 39.823235
7219 31 676.1585 74.21425
7219 31 676.1585 74.21425
7220 30 648.289 79.310745
7220 30 648.289 79.310745
7235 32 695.1102 76.99156
7235 32 695.1102 76.99156
7257 31 671.6037 110.687454
7257 31 671.6037 110.687454
7258 30 658.5334 55.199474
7258 30 658.5334 55.199474
7259 39 844.4931 62.658344
7259 39 844.4931 62.658344
7266 32 690.0969 91.886406
7266 32 690.0969 91.886406
7269 40 869.4028 70.229904
7269 40 869.4028 70.229904
7270 41 876.08417 74.75929
7270 41 876.08417 74.75929
7271 40 874.93854 48.308807
7271 40 874.93854 48.308807
7272 30 653.0903 82.908745
7272 30 653.0903 82.908745
7277 31 656.5741 47.805653
7280 40 843.54565 54.12721
7292 28 597.7814 39.46394
7293 29 609.93494 115.91906
7294 29 621.92444 88.988655
7294 29 621.92444 88.988655
7300 32 696.2401 88.674255
7301 32 697.17145 116.71891
7302 32 694.73627 49.14108
7304 31 676.0021 122.826904
7305 31 671.58984 87.69472
7309 30 642.6682 115.651085
7312 32 685.32135 84.45823
7312 32 685.32135 84.45823
7313 32 691.7108 94.90655
7314 30 650.6966 57.344013
7323 25 524.10144 17.756681
7326 32 677.187 116.005714
7326 32 677.187 116.005714
7327 32 684.52606 129.31548
7327 32 684.52606 129.31548
7328 32 685.75995 77.8096
7328 32 685.75995 77.8096
7329 32 686.25116 80.354805
7334 34 738.71204 49.163673
7334 34 738.71204 49.163673
7335 33 719.676 76.44063
7337 29 614.7205 11.555521
7345 32 695.5229 72.4566
7346 32 688.653 136.91312
7346 32 688.653 136.91312
7347 32 688.1813 52.29038
7351 32 690.54767 137.23004
7351 32 690.54767 137.23004
7352 32 693.2581 86.67849
7356 33 700.57104 51.045193
7357 32 698.3214 77.18278
7363 32 690.69696 93.301315
7364 32 684.93756 58.81904
7364 32 684.93756 58.81904
7366 29 633.68256 48.08201
7377 32 692.8632 60.340935
7377 32 692.8632 60.340935
7378 32 695.09985 109.03345
7378 32 695.09985 109.03345
7396 33 707.6207 89.15171
7396 33 707.6207 89.15171
7397 32 702.77997 66.07441
7397 32 702.77997 66.07441
7398 32 693.2732 101.30832
7398 32 693.2732 101.30832
7399 32 690.10077 73.498024
7399 32 690.10077 73.498024
7405 32 690.78125 75.853004
7405 32 690.78125 75.853004
7418 32 687.05945 78.83789
7418 32 687.05945 78.83789
7438 23 501.3326 112.76426
7438 23 501.3326 112.76426
7450 31 679.1492 135.1875
7450 31 679.1492 135.1875
7451 31 666.3144 118.138916
7453 31 647.3328 21.669613
7469 24 506.82513 54.917618
7470 23 501.4296 164.44757
7471 24 507.9754 188.70125
7479 35 750.7538 36.547684
7480 34 743.5794 91.46367
7481 33 711.3312 59.975563
7482 32 696.2403 70.44782
7483 31 681.1688 78.025314
7490 32 696.5475 70.22292
7491 31 668.06165 25.598911
7495 45 976.8907 26.732286
7501 33 712.7158 21.542738
7502 33 716.6486 72.831345
7503 33 714.8189 82.2609
7515 24 532.0014 19.24447
7516 34 734.1731 68.15873
7517 33 716.171 88.15302
7529 33 702.66077 98.982864
7529 33 702.66077 98.982864
7530 33 716.7402 90.89219
7530 33 716.7402 90.89219
7531 33 712.37396 99.72823
7531 33 712.37396 99.72823
7538 24 510.6554 41.637524
7538 24 510.6554 41.637524
7539 31 671.9494 124.980484
7539 31 671.9494 124.980484
7540 31 668.48596 120.92245
7540 31 668.48596 120.92245
7541 30 656.3511 113.194405
7541 30 656.3511 113.194405
7542 26 565.20306 21.702185
7542 26 565.20306 21.702185
7543 30 643.86743 15.403559
7543 30 643.86743 15.403559
7553 43 918.85443 13.943632
7553 43 918.85443 13.943632
7559 31 678.1599 57.15935
7559 31 678.1599 57.15935
7584 24 525.7666 22.130434
7584 24 525.7666 22.130434
7595 33 712.7007 105.89727
7595 33 712.7007 105.89727
7610 32 689.31116 99.593414
7610 32 689.31116 99.593414
7611 32 692.3505 60.604507
7611 32 692.3505 60.604507
7670 31 671.33795 18.417646
7670 31 671.33795 18.417646
7671 30 655.5306 21.694265
7671 30 655.5306 21.694265
7679 43 928.60175 37.418873
7679 43 928.60175 37.418873
7691 32 682.2026 43.1883
7691 32 682.2026 43.1883
7692 31 669.381 113.0301
7692 31 669.381 113.0301
7693 31 663.9588 158.89804
7693 31 663.9588 158.89804
7694 30 650.5707 185.77457
7694 30 650.5707 185.77457
7695 30 643.6781 73.35099
7695 30 643.6781 73.35099
7702 30 653.4573 67.60315
7702 30 653.4573 67.60315
7703 30 651.55804 141.81123
7703 30 651.55804 141.81123
7704 29 640.3327 96.82386
7704 29 640.3327 96.82386
7705 27 588.8334 55.499477
7705 27 588.8334 55.499477
7724 24 524.507 72.23997
7724 24 524.507 72.23997
7725 24 516.4706 44.365437
7725 24 516.4706 44.365437
7726 24 508.81436 103.23454
7726 24 508.81436 103.23454
7727 24 516.6268 149.42116
7727 24 516.6268 149.42116
7728 24 517.1183 118.17362
7728 24 517.1183 118.17362
7729 24 517.3669 99.26917
7729 24 517.3669 99.26917
7730 23 503.83057 58.37698
7730 23 503.83057 58.37698
7733 24 514.69446 110.27347
7733 24 514.69446 110.27347
7734 36 766.76556 80.72547
7734 36 766.76556 80.72547
7735 36 770.3374 122.669685
7735 36 770.3374 122.669685
7736 24 519.1941 120.767006
7736 24 519.1941 120.767006
7737 24 519.82367 95.4669
7737 24 519.82367 95.4669
7738 36 782.1551 107.81616
7738 36 782.1551 107.81616
7739 37 787.256 138.09251
7739 37 787.256 138.09251
7740 37 790.0505 86.12872
7740 37 790.0505 86.12872
7744 24 514.5143 84.44065
7744 24 514.5143 84.44065
7745 24 524.3152 175.4157
7745 24 524.3152 175.4157
7746 24 520.77576 141.13039
7746 24 520.77576 141.13039
7747 24 515.33813 60.37008
7747 24 515.33813 60.37008
7748 25 530.5535 77.48379
7748 25 530.5535 77.48379
7749 24 523.93677 159.15808
7749 24 523.93677 159.15808
7750 24 516.92096 68.662834
7750 24 516.92096 68.662834
7751 23 506.74686 37.703518
7751 23 506.74686 37.703518
7756 36 773.11176 91.58618
7756 36 773.11176 91.58618
7757 35 762.9242 118.36448
7757 35 762.9242 118.36448
7758 36 758.5951 122.13092
7758 36 758.5951 122.13092
7759 36 769.01044 118.773315
7764 24 514.22974 89.1119
7764 24 514.22974 89.1119
7765 24 518.7949 86.57158
7765 24 518.7949 86.57158
7766 34 741.7858 80.842865
7766 34 741.7858 80.842865
7772 24 516.4815 120.00789
7772 24 516.4815 120.00789
7774 35 745.9774 94.99041
7774 35 745.9774 94.99041
7775 35 761.28625 112.79993
7775 35 761.28625 112.79993
7776 35 760.1845 77.312874
7777 35 755.5649 60.682602
7782 23 500.15454 90.304924
7782 23 500.15454 90.304924
7786 32 697.5902 68.091194
7786 32 697.5902 68.091194
7787 31 677.8599 56.55306
7787 31 677.8599 56.55306
7802 26 554.0585 89.22073
7803 25 541.18335 153.2094
7803 25 541.18335 153.2094
7804 24 528.11035 133.31664
7804 24 528.11035 133.31664
7808 25 535.7548 64.816826
7808 25 535.7548 64.816826
7809 25 539.8331 131.33736
7809 25 539.8331 131.33736
7810 25 543.6183 68.15619
7810 25 543.6183 68.15619
7813 24 521.0743 45.986397
7813 24 521.0743 45.986397
7814 25 531.3601 81.51313
7815 25 531.45105 56.94861
7816 24 520.9175 34.930927
7816 24 520.9175 34.930927
7819 26 552.99646 114.15127
7820 26 562.3934 105.29248
7822 28 600.4145 15.686471
7825 26 552.3963 140.53261
7826 25 543.83545 125.04159
7829 25 537.0966 79.4984
7830 24 523.51227 61.856384
7830 24 523.51227 61.856384
7839 25 546.4341 63.00433
7839 25 546.4341 63.00433
7840 25 533.9659 95.5654
7840 25 533.9659 95.5654
7841 35 755.3928 67.1227
7842 36 761.48773 94.74509
7842 36 761.48773 94.74509
7843 37 783.83795 83.02807
7843 37 783.83795 83.02807
7844 37 792.66766 76.59179
7844 37 792.66766 76.59179
7845 24 529.9639 64.29183
7845 24 529.9639 64.29183
7846 25 534.19366 62.212475
7846 25 534.19366 62.212475
7847 24 506.2306 88.39535
7847 24 506.2306 88.39535
7849 24 513.68854 94.91406
7849 24 513.68854 94.91406
7850 25 527.8795 178.46002
7850 25 527.8795 178.46002
7851 24 522.30383 121.83198
7851 24 522.30383 121.83198
7852 24 515.0844 83.77151
7852 24 515.0844 83.77151
7853 36 771.0996 86.88136
7853 36 771.0996 86.88136
7854 36 769.8546 132.07341
7855 36 774.44775 125.07738
7856 37 787.7631 74.33827
7857 37 804.3245 70.86297
7857 37 804.3245 70.86297
7858 38 810.46454 66.82805
7858 38 810.46454 66.82805
7859 25 540.8451 100.30629
7859 25 540.8451 100.30629
7860 24 526.3115 92.46173
7860 24 526.3115 92.46173
7863 24 522.9819 89.77843
7863 24 522.9819 89.77843
7864 24 520.00525 100.33173
7864 24 520.00525 100.33173
7865 24 518.70886 127.10522
7865 24 518.70886 127.10522
7866 24 521.2506 103.59864
7866 24 521.2506 103.59864
7871 31 673.0199 66.000244
7871 31 673.0199 66.000244
7881 35 757.3756 15.1301565
7897 45 976.6045 11.741662
7898 24 509.24597 108.50549
7899 24 512.8692 131.76358
7899 24 512.8692 131.76358
7900 23 508.48477 75.51695
7916 34 731.3102 32.841568
7916 34 731.3102 32.841568
7918 44 951.2731 28.63751
7919 43 932.56067 36.732635
7919 43 932.56067 36.732635
7921 24 524.15234 23.997852
7921 24 524.15234 23.997852
7922 24 526.6515 23.219301
7922 24 526.6515 23.219301
7923 24 522.4426 25.02306
7924 33 705.4729 18.407251
7925 46 970.0873 41.13246
7925 46 970.0873 41.13246
7927 24 510.2314 32.0475
7934 24 502.90826 96.46418
7934 24 502.90826 96.46418
7945 23 500.78226 123.94758
7945 23 500.78226 123.94758
7946 35 754.2208 71.22935
7946 35 754.2208 71.22935
7947 35 757.569 86.314644
7947 35 757.569 86.314644
7948 34 744.8152 106.24492
7949 33 717.7712 76.66305
7955 46 988.24225 42.260067
7956 44 958.50446 23.962152
7957 43 930.2404 31.126865
7957 43 930.2404 31.126865
7958 43 920.75793 46.66768
7958 43 920.75793 46.66768
7959 42 911.6537 51.79862
7959 42 911.6537 51.79862
7960 33 710.4173 118.03943
7960 33 710.4173 118.03943
7961 33 707.8713 95.59745
7978 33 704.8376 19.214258
7979 32 699.7989 17.255358
7986 32 690.75586 77.0176
7987 31 670.9243 78.29822
7988 30 658.41724 79.41
7991 32 694.1465 85.047325
7992 32 693.51263 67.87792
7998 24 516.9861 63.947723
8000 33 707.0071 37.20878
8001 32 708.08954 57.346146
8002 33 702.56903 95.64452
8002 33 702.56903 95.64452
8003 33 705.1324 52.75718
8003 33 705.1324 52.75718
8009 33 708.09406 29.221272
8033 32 695.641 76.761314
8036 29 630.4277 113.29339
8036 29 630.4277 113.29339
8046 29 622.57556 80.647606
8047 26 568.2579 63.711357
8060 31 655.79736 82.730896
8060 31 655.79736 82.730896
8061 30 652.23444 115.98533
8061 30 652.23444 115.98533
8074 34 732.6155 82.3721
8089 32 691.61145 65.51109
8094 30 662.4786 15.560925
8116 42 914.5174 24.588451
8117 32 681.28265 99.49852
8118 32 692.8753 125.56935
8119 30 648.2815 86.1051
8120 30 641.61316 78.41062
8121 29 631.426 48.682983
8138 31 671.39825 52.252228
8139 31 672.949 91.37524
8140 31 664.462 79.59901
8148 33 704.47107 81.17765
8148 33 704.47107 81.17765
8156 24 514.59985 42.615677
8157 31 672.7016 60.933216
8159 30 649.2873 89.02389
8159 30 649.2873 89.02389
8167 32 690.3981 92.21429
8175 31 667.48926 125.81106
8176 31 669.4469 90.06562
8177 32 680.7709 100.81569
8179 29 626.1884 33.15542
8190 34 731.1214 93.098595
8191 33 720.64703 94.02451
8192 31 674.6621 47.790432
8193 31 653.61786 45.066635
8194 31 664.0538 51.440147
8198 43 925.05334 18.09833
8217 28 598.0547 30.27627
8218 28 597.301 26.033533
8219 25 554.75525 47.845078
8220 28 584.8922 70.76182
8221 32 696.8374 33.083454
8222 30 656.54486 44.831303
8234 28 596.7971 25.864046
8234 28 596.7971 25.864046
8235 28 595.2153 32.908424
8235 28 595.2153 32.908424
8255 27 584.9881 30.372404
8255 27 584.9881 30.372404
8263 26 564.13617 20.098858
8263 26 564.13617 20.098858
8264 25 541.63727 15.277812
8264 25 541.63727 15.277812
8275 34 727.9009 82.73711
8275 34 727.9009 82.73711
8276 32 694.80176 103.15967
8276 32 694.80176 103.15967
8277 32 690.3937 104.89331
8277 32 690.3937 104.89331
8285 41 889.6346 34.814774
8285 41 889.6346 34.814774
8305 31 673.2656 21.123762
8305 31 673.2656 21.123762
8306 31 670.71674 16.76155
8306 31 670.71674 16.76155
8307 42 899.0432 18.821762
8308 32 708.4513 17.863974
8309 31 665.5139 12.703918
8315 33 700.4458 16.162775
8319 42 917.35974 50.032284
8320 32 672.10547 76.22391
8323 32 702.7278 17.70219
8330 31 666.20984 42.696922
8331 31 667.79456 29.424662
8345 31 662.9408 22.232166
8348 26 557.927 19.461172
8356 24 526.3625 15.653371
8357 24 526.34247 29.28768
8361 32 697.5189 78.811356
8361 32 697.5189 78.811356
8362 31 679.25085 64.74332
8363 31 674.8313 65.1026
8363 31 674.8313 65.1026
8372 30 659.19476 22.746992
8373 30 655.45953 29.049425
8377 31 663.099 12.914607
8378 24 523.72 13.604861
8379 24 525.40643 10.724393
8383 27 583.0694 38.49704
8383 27 583.0694 38.49704
8386 41 882.27155 16.4677
8387 27 588.3868 49.007603
8387 27 588.3868 49.007603
8392 27 582.3575 25.090586
8403 35 758.2822 24.961832
8403 35 758.2822 24.961832
8411 31 671.0277 20.675034
8411 31 671.0277 20.675034
8412 27 583.85846 26.091356
8412 27 583.85846 26.091356
8414 27 585.9342 44.941784
8414 27 585.9342 44.941784
8425 26 570.4469 35.36947
8425 26 570.4469 35.36947
8445 33 708.1903 114.975746
8445 33 708.1903 114.975746
8446 32 697.06 89.26648
8446 32 697.06 89.26648
8447 32 689.22815 72.174774
8447 32 689.22815 72.174774
8448 32 689.94507 62.770477
8448 32 689.94507 62.770477
8456 31 665.40424 34.785645
8456 31 665.40424 34.785645
8471 41 881.3285 28.550116
8472 41 886.0237 29.798084
8485 44 947.95715 16.278605
8486 33 701.39624 57.068302
8487 33 706.89056 94.46101
8488 32 701.759 60.477997
8488 32 701.759 60.477997
8490 31 670.30133 54.55241
8508 42 907.78424 20.887144
8509 41 882.5439 15.469613
8517 42 895.50116 10.731264
8528 24 505.65436 51.450035
8528 24 505.65436 51.450035
8529 34 724.68445 61.323456
8530 33 716.52026 96.46287
8531 32 691.49713 66.0066
8532 31 674.34344 77.04694
8534 32 692.22516 22.23998
8557 27 593.5275 36.264336
8557 27 593.5275 36.264336
8558 25 533.85657 51.973465
8558 25 533.85657 51.973465
8559 28 587.3725 56.61184
8559 28 587.3725 56.61184
8560 31 673.09827 31.488424
8560 31 673.09827 31.488424
8561 30 655.1471 43.13387
8561 30 655.1471 43.13387
8568 27 590.33746 20.564606
8568 27 590.33746 20.564606
8582 27 587.5303 26.257814
8582 27 587.5303 26.257814
8584 27 587.1083 39.739334
8584 27 587.1083 39.739334
8585 27 589.8584 42.222187
8585 27 589.8584 42.222187
8609 29 626.53705 19.661423
8609 29 626.53705 19.661423
8626 25 532.04407 47.83467
8626 25 532.04407 47.83467
8627 24 527.0604 65.85459
8627 24 527.0604 65.85459
8641 41 886.8668 36.133125
8641 41 886.8668 36.133125
8642 41 886.6155 52.706665
8642 41 886.6155 52.706665
8645 41 866.23505 21.958015
8645 41 866.23505 21.958015
8646 41 879.7121 52.55977
8646 41 879.7121 52.55977
8647 41 882.9551 66.37932
8647 41 882.9551 66.37932
8648 41 884.37805 58.16128
8648 41 884.37805 58.16128
8655 25 539.01575 39.156666
8655 25 539.01575 39.156666
8656 32 696.9549 85.03276
8656 32 696.9549 85.03276
8657 32 696.6436 101.86908
8657 32 696.6436 101.86908
8661 31 652.6968 41.893326
8661 31 652.6968 41.893326
8667 25 540.9789 38.3394
8667 25 540.9789 38.3394
8668 24 515.96454 29.853048
8668 24 515.96454 29.853048
8669 25 529.04736 59.673927
8669 25 529.04736 59.673927
8671 24 520.90063 69.88095
8671 24 520.90063 69.88095
8674 41 884.09625 21.160439
8680 24 509.14554 56.584473
8680 24 509.14554 56.584473
8685 41 881.81647 59.659084
8685 41 881.81647 59.659084
8686 41 882.1636 52.074127
8686 41 882.1636 52.074127
8687 41 878.36096 37.727474
8687 41 878.36096 37.727474
8688 41 874.0002 26.374937
8688 41 874.0002 26.374937
8690 24 524.1643 34.33886
8690 24 524.1643 34.33886
8698 33 727.02997 53.376232
8698 33 727.02997 53.376232
8699 32 696.8258 90.630554
8699 32 696.8258 90.630554
8700 32 692.535 91.83074
8700 32 692.535 91.83074
8701 32 697.5331 76.47157
8701 32 697.5331 76.47157
8702 28 609.20276 62.567314
8702 28 609.20276 62.567314
8709 30 646.7574 50.988865
8709 30 646.7574 50.988865
8710 31 661.82336 45.409
8710 31 661.82336 45.409
8711 24 531.8133 42.84151
8712 24 523.7564 83.87061
8713 24 518.62537 38.46535
8713 24 518.62537 38.46535
8725 28 592.3261 33.111034
8725 28 592.3261 33.111034
8730 37 787.9958 37.381683
8730 37 787.9958 37.381683
8731 37 788.2468 52.056923
8731 37 788.2468 52.056923
8732 37 789.1739 53.019318
8732 37 789.1739 53.019318
8736 36 776.8413 33.01963
8736 36 776.8413 33.01963
8737 36 778.1732 55.237877
8737 36 778.1732 55.237877
8742 36 786.47736 63.409256
8742 36 786.47736 63.409256
8756 36 781.11176 53.185154
8756 36 781.11176 53.185154
8783 33 710.2873 104.70228
8783 33 710.2873 104.70228
8784 32 699.9549 93.09813
8784 32 699.9549 93.09813
8785 31 673.49585 84.07903
8785 31 673.49585 84.07903
8786 32 673.34735 59.573933
8786 32 673.34735 59.573933
8793 31 650.8735 27.767128
8793 31 650.8735 27.767128
8794 25 537.2796 53.54722
8794 25 537.2796 53.54722
8795 24 527.54694 51.082314
8795 24 527.54694 51.082314
8815 24 518.10315 37.04084
8815 24 518.10315 37.04084
8816 41 872.84595 39.9881
8816 41 872.84595 39.9881
8817 41 877.1827 41.888924
8817 41 877.1827 41.888924
8818 24 524.2139 46.61607
8818 24 524.2139 46.61607
8819 24 522.1127 46.263103
8819 24 522.1127 46.263103
8826 32 699.6281 75.18623
8826 32 699.6281 75.18623
8829 32 691.2524 54.95927
8829 32 691.2524 54.95927
8838 24 522.2071 39.90487
8838 24 522.2071 39.90487
8839 24 515.4919 53.28863
8839 24 515.4919 53.28863
8845 42 890.24896 9.207259
8848 24 516.6851 41.04104
8850 24 514.53864 49.08309
8850 24 514.53864 49.08309
8853 24 520.94543 66.48778
8853 24 520.94543 66.48778
8858 24 520.58777 42.3248
8858 24 520.58777 42.3248
8878 36 772.94226 26.225903
8878 36 772.94226 26.225903
8879 36 775.8433 33.410007
8879 36 775.8433 33.410007
8880 35 763.00793 34.349987
8880 35 763.00793 34.349987
8886 36 780.4948 12.663922
8886 36 780.4948 12.663922
8899 35 756.31226 40.366634
8899 35 756.31226 40.366634
8900 35 762.053 93.55324
8900 35 762.053 93.55324
8901 35 760.41437 62.09055
8901 35 760.41437 62.09055
8902 35 758.72174 42.790367
8902 35 758.72174 42.790367
8903 33 717.6036 40.350098
8903 33 717.6036 40.350098
8904 33 718.14185 50.345436
8904 33 718.14185 50.345436
8905 33 721.80865 55.806847
8905 33 721.80865 55.806847
8906 33 719.7538 129.01129
8906 33 719.7538 129.01129
8907 33 710.1312 148.34183
8907 33 710.1312 148.34183
8908 33 709.4736 116.20154
8908 33 709.4736 116.20154
8909 33 706.4865 29.17387
8909 33 706.4865 29.17387
8910 34 725.62524 25.314213
8910 34 725.62524 25.314213
8919 36 776.30536 67.17531
8919 36 776.30536 67.17531
8920 36 772.0681 97.300964
8920 36 772.0681 97.300964
8921 35 766.7352 64.95414
8921 35 766.7352 64.95414
8922 35 748.7995 32.18652
8922 35 748.7995 32.18652
8924 33 712.0685 100.88841
8924 33 712.0685 100.88841
8925 33 702.60834 32.00206
8925 33 702.60834 32.00206
8929 35 752.548 58.2806
8929 35 752.548 58.2806
8930 34 736.1113 61.318943
8931 33 717.45593 176.30962
8932 33 712.3238 88.8656
8934 34 724.7909 28.606283
8937 24 524.0751 26.375975
8937 24 524.0751 26.375975
8939 24 524.79083 23.819202
8939 24 524.79083 23.819202
8941 35 761.51733 27.546005
8941 35 761.51733 27.546005
8942 35 761.72614 58.363365
8942 35 761.72614 58.363365
8944 35 757.1805 59.498375
8944 35 757.1805 59.498375
8951 34 731.99335 84.44032
8951 34 731.99335 84.44032
8952 33 715.92554 136.34163
8952 33 715.92554 136.34163
8953 33 709.6837 151.82556
8954 33 706.0735 142.5195
8954 33 706.0735 142.5195
8955 33 703.12463 88.03892
8955 33 703.12463 88.03892
8972 33 715.40015 109.41885
8972 33 715.40015 109.41885
8973 32 697.178 169.45988
8973 32 697.178 169.45988
8974 32 690.6155 98.57206
8975 32 687.16766 85.54842
8975 32 687.16766 85.54842
8976 32 685.24646 47.463467
8976 32 685.24646 47.463467
8977 31 670.18134 61.70045
8977 31 670.18134 61.70045
8978 30 662.7068 47.659203
8978 30 662.7068 47.659203
8979 31 665.9323 28.26747
8979 31 665.9323 28.26747
8985 39 843.2326 101.04412
8985 39 843.2326 101.04412
8986 40 851.59796 109.20205
8986 40 851.59796 109.20205
8987 39 845.68744 80.09599
8987 39 845.68744 80.09599
8988 37 797.9575 84.142555
8988 37 797.9575 84.142555
8989 36 778.4893 143.18028
8989 36 778.4893 143.18028
8990 35 757.097 48.98333
8990 35 757.097 48.98333
8991 33 699.73285 94.790215
8991 33 699.73285 94.790215
8992 33 713.9863 163.93481
8993 33 710.3466 174.73566
8994 33 705.98236 177.19534
8994 33 705.98236 177.19534
8995 32 696.41534 207.98647
8995 32 696.41534 207.98647
8996 32 689.49023 139.9323
8996 32 689.49023 139.9323
8997 32 686.26996 119.33517
8997 32 686.26996 119.33517
8998 31 680.85266 142.91255
8998 31 680.85266 142.91255
8999 31 671.15894 98.24871
8999 31 671.15894 98.24871
9000 31 662.1066 51.928967
9000 31 662.1066 51.928967
9001 31 681.3447 43.07397
9001 31 681.3447 43.07397
9002 31 669.5739 65.996254
9002 31 669.5739 65.996254
9003 29 627.61285 39.377987
9003 29 627.61285 39.377987
9004 30 645.6527 65.718285
9005 30 656.04065 70.70756
9006 30 646.3272 40.86479
9006 30 646.3272 40.86479
9008 30 648.9279 88.15894
9008 30 648.9279 88.15894
9009 31 657.9453 80.96655
9009 31 657.9453 80.96655
9010 30 655.1067 57.464535
9010 30 655.1067 57.464535
9011 30 663.62354 91.56448
9011 30 663.62354 91.56448
9012 30 648.59784 135.24599
9012 30 648.59784 135.24599
9013 30 652.7907 60.38368
9014 31 657.71497 32.581047
9015 35 758.32526 69.01384
9015 35 758.32526 69.01384
9016 39 830.8696 55.849125
9016 39 830.8696 55.849125
9017 30 635.2809 69.70063
9018 40 854.0121 95.2505
9018 40 854.0121 95.2505
9019 30 636.37146 49.91298
9019 30 636.37146 49.91298
9020 40 869.5584 78.15834
9020 40 869.5584 78.15834
9021 30 644.5735 102.86621
9021 30 644.5735 102.86621
9022 31 655.88074 89.105064
9022 31 655.88074 89.105064
9023 30 657.37 100.38362
9023 30 657.37 100.38362
9024 30 650.84064 64.217224
9024 30 650.84064 64.217224
9025 38 815.81116 51.976627
9025 38 815.81116 51.976627
9028 36 769.92175 56.852116
9028 36 769.92175 56.852116
9029 30 648.9143 80.526924
9029 30 648.9143 80.526924
9031 34 724.378 66.15095
9031 34 724.378 66.15095
9032 35 750.38025 96.463806
9032 35 750.38025 96.463806
9033 34 741.2032 115.12168
9033 34 741.2032 115.12168
9034 34 733.4835 117.034424
9034 34 733.4835 117.034424
9035 34 736.19385 88.220314
9035 34 736.19385 88.220314
9036 35 738.6169 62.029545
9036 35 738.6169 62.029545
9037 34 736.995 107.91216
9037 34 736.995 107.91216
9038 34 738.4218 68.418564
9038 34 738.4218 68.418564
9039 34 733.1623 81.62976
9039 34 733.1623 81.62976
9040 35 742.4999 89.653534
9040 35 742.4999 89.653534
9041 34 730.8174 61.200264
9041 34 730.8174 61.200264
9042 34 733.4945 73.2615
9042 34 733.4945 73.2615
9043 34 735.2478 120.29495
9043 34 735.2478 120.29495
9046 34 740.0435 78.79634
9046 34 740.0435 78.79634
9047 35 736.97455 30.790918
9047 35 736.97455 30.790918
9048 37 792.33154 100.64558
9048 37 792.33154 100.64558
9049 36 783.42413 85.87518
9049 36 783.42413 85.87518
9050 34 718.2938 81.22898
9050 34 718.2938 81.22898
9051 34 734.53754 66.59541
9051 34 734.53754 66.59541
9052 34 741.79364 65.577415
9052 34 741.79364 65.577415
9053 34 732.84515 79.294464
9053 34 732.84515 79.294464
9054 34 730.39984 56.644947
9054 34 730.39984 56.644947
9055 34 731.48517 34.509335
9055 34 731.48517 34.509335
9056 34 737.1115 86.45773
9056 34 737.1115 86.45773
9057 34 732.0223 108.792015
9057 34 732.0223 108.792015
9058 34 731.0233 115.123924
9062 34 730.75433 84.89045
9062 34 730.75433 84.89045
9064 33 730.1367 45.91689
9064 33 730.1367 45.91689
9065 34 726.2554 40.43585
9065 34 726.2554 40.43585
9066 34 734.03107 31.092596
9066 34 734.03107 31.092596
9067 36 757.3751 49.860527
9067 36 757.3751 49.860527
9068 35 763.80524 80.45214
9068 35 763.80524 80.45214
9070 34 737.5937 44.47885
9070 34 737.5937 44.47885
9071 34 729.50446 56.28271
9071 34 729.50446 56.28271
9072 34 730.4442 33.84427
9072 34 730.4442 33.84427
9074 34 744.1902 105.79959
9074 34 744.1902 105.79959
9075 33 717.88873 163.00626
9075 33 717.88873 163.00626
9076 33 710.6091 95.77247
9076 33 710.6091 95.77247
9077 35 748.20874 34.059948
9077 35 748.20874 34.059948
9078 34 723.3409 14.540137
9078 34 723.3409 14.540137
9087 35 757.89154 61.04513
9087 35 757.89154 61.04513
9088 35 760.2316 123.167496
9088 35 760.2316 123.167496
9089 36 765.5304 40.49835
9089 36 765.5304 40.49835
9090 34 732.4019 83.12121
9090 34 732.4019 83.12121
9091 33 724.57996 98.07474
9091 33 724.57996 98.07474
9092 33 708.0482 47.36556
9092 33 708.0482 47.36556
9097 35 758.9325 47.46678
9098 35 753.0425 85.88514
9098 35 753.0425 85.88514
9099 34 739.72015 68.68449
9100 33 714.7908 72.856346
9101 34 715.82935 85.2224
9102 33 689.1191 107.53102
9103 32 700.1002 47.464523
9104 33 702.98303 40.162395
9110 33 710.6021 62.65459
9111 33 709.3708 124.34567
9112 33 707.6486 157.21661
9112 33 707.6486 157.21661
9113 33 704.9394 130.16136
9113 33 704.9394 130.16136
9114 32 695.81256 115.06724
9114 32 695.81256 115.06724
9115 32 689.18414 115.24149
9115 32 689.18414 115.24149
9117 31 669.44 45.561047
9117 31 669.44 45.561047
9118 31 663.36096 81.90067
9118 31 663.36096 81.90067
9119 32 681.4481 58.826366
9119 32 681.4481 58.826366
9121 31 661.16187 83.0631
9121 31 661.16187 83.0631
9122 31 659.4028 83.597626
9122 31 659.4028 83.597626
9141 33 712.3668 124.88597
9141 33 712.3668 124.88597
9142 33 706.93176 147.68199
9142 33 706.93176 147.68199
9143 33 701.1604 58.49463
9143 33 701.1604 58.49463
9146 31 657.00714 44.89808
9149 32 695.5685 24.041702
9149 32 695.5685 24.041702
9154 39 847.17883 77.993614
9154 39 847.17883 77.993614
9155 40 856.893 122.644844
9155 40 856.893 122.644844
9157 39 844.3342 94.56128
9157 39 844.3342 94.56128
9158 39 839.26044 56.03552
9158 39 839.26044 56.03552
9159 35 764.0263 75.30383
9159 35 764.0263 75.30383
9160 34 746.9424 76.18515
9160 34 746.9424 76.18515
9161 34 731.22705 100.76357
9161 34 731.22705 100.76357
9162 33 721.074 156.40587
9162 33 721.074 156.40587
9163 33 709.85156 156.93777
9163 33 709.85156 156.93777
9164 33 704.751 148.51537
9164 33 704.751 148.51537
9165 32 696.7631 182.61127
9165 32 696.7631 182.61127
9166 32 684.9829 137.2513
9166 32 684.9829 137.2513
9167 32 684.47736 116.05858
9168 31 678.4641 132.8169
9168 31 678.4641 132.8169
9169 31 670.7895 83.98959
9169 31 670.7895 83.98959
9170 30 657.9862 55.689476
9170 30 657.9862 55.689476
9171 31 662.89294 92.09764
9171 31 662.89294 92.09764
9173 31 676.1432 69.812935
9173 31 676.1432 69.812935
9174 31 667.1836 91.53704
9174 31 667.1836 91.53704
9175 31 658.77203 78.472115
9175 31 658.77203 78.472115
9176 30 660.9436 60.37556
9176 30 660.9436 60.37556
9178 31 664.28986 54.484768
9178 31 664.28986 54.484768
9180 31 662.6655 77.64797
9180 31 662.6655 77.64797
9181 30 656.40497 130.3601
9181 30 656.40497 130.3601
9182 30 650.60583 90.00184
9182 30 650.60583 90.00184
9185 35 764.06525 67.87269
9185 35 764.06525 67.87269
9186 38 809.5656 65.65809
9186 38 809.5656 65.65809
9187 38 816.54614 93.09584
9187 38 816.54614 93.09584
9188 38 828.9189 65.12368
9188 38 828.9189 65.12368
9189 38 822.5089 89.50849
9189 38 822.5089 89.50849
9190 30 651.2097 88.13598
9190 30 651.2097 88.13598
9191 30 653.7176 83.05864
9191 30 653.7176 83.05864
9192 30 655.51263 61.734055
9192 30 655.51263 61.734055
9193 38 796.76764 51.20352
9193 38 796.76764 51.20352
9194 30 650.9983 69.24225
9194 30 650.9983 69.24225
9195 30 646.2054 69.9472
9195 30 646.2054 69.9472
9196 36 789.50165 60.486023
9196 36 789.50165 60.486023
9198 34 738.66724 94.20682
9198 34 738.66724 94.20682
9199 34 732.5926 102.75784
9199 34 732.5926 102.75784
9200 34 731.4933 123.295166
9200 34 731.4933 123.295166
9201 34 733.41864 131.01207
9201 34 733.41864 131.01207
9202 33 724.2013 85.88338
9202 33 724.2013 85.88338
9203 34 717.17505 107.04272
9203 34 717.17505 107.04272
9204 34 732.4274 102.10365
9204 34 732.4274 102.10365
9205 34 732.75104 71.44397
9205 34 732.75104 71.44397
9206 34 728.312 57.79569
9206 34 728.312 57.79569
9207 34 735.77893 72.071945
9207 34 735.77893 72.071945
9209 34 736.2219 44.99235
9209 34 736.2219 44.99235
9210 33 712.70593 51.656143
9210 33 712.70593 51.656143
9211 33 714.30896 77.09998
9211 33 714.30896 77.09998
9212 33 716.11426 95.83805
9212 33 716.11426 95.83805
9213 34 720.26697 100.93749
9213 34 720.26697 100.93749
9214 34 726.3511 110.34072
9214 34 726.3511 110.34072
9215 34 731.12683 105.22031
9215 34 731.12683 105.22031
9216 33 717.8947 67.30817
9216 33 717.8947 67.30817
9217 34 728.19037 87.83503
9217 34 728.19037 87.83503
9218 36 782.0969 84.44493
9218 36 782.0969 84.44493
9219 37 790.3476 81.170006
9219 37 790.3476 81.170006
9220 34 728.25226 87.45083
9220 34 728.25226 87.45083
9221 34 722.3074 119.602646
9221 34 722.3074 119.602646
9222 34 728.552 89.13815
9222 34 728.552 89.13815
9223 33 721.422 119.558716
9223 33 721.422 119.558716
9224 33 715.6603 100.20316
9224 33 715.6603 100.20316
9225 33 712.4471 46.74375
9225 33 712.4471 46.74375
9226 34 740.5883 66.6773
9226 34 740.5883 66.6773
9230 34 727.69495 38.282852
9230 34 727.69495 38.282852
9231 33 719.34424 37.894054
9231 33 719.34424 37.894054
9232 33 701.3299 47.163162
9232 33 701.3299 47.163162
9233 34 725.5432 56.04423
9233 34 725.5432 56.04423
9234 34 724.63794 41.053314
9234 34 724.63794 41.053314
9235 33 714.3119 64.991585
9235 33 714.3119 64.991585
9236 33 719.22485 50.785553
9236 33 719.22485 50.785553
9239 36 782.67413 67.82635
9239 36 782.67413 67.82635
9240 36 776.71155 40.65831
9240 36 776.71155 40.65831
9241 35 769.74054 24.07696
9241 35 769.74054 24.07696
9242 34 735.538 90.256676
9242 34 735.538 90.256676
9243 34 729.5205 134.08089
9243 34 729.5205 134.08089
9244 33 721.37616 158.14526
9244 33 721.37616 158.14526
9245 33 715.034 128.34424
9245 33 715.034 128.34424
9246 33 711.5161 107.53421
9246 33 711.5161 107.53421
9247 33 709.5482 38.29556
9247 33 709.5482 38.29556
9248 35 752.0464 25.84743
9248 35 752.0464 25.84743
9269 35 755.61444 70.08097
9269 35 755.61444 70.08097
9270 33 718.1532 58.498917
9270 33 718.1532 58.498917
9271 33 705.7258 37.392384
9271 33 705.7258 37.392384
9272 35 754.4547 29.259758
9272 35 754.4547 29.259758
9284 33 722.8843 71.94561
9284 33 722.8843 71.94561
9285 32 699.2794 66.35152
9285 32 699.2794 66.35152
9290 30 642.7534 75.98608
9290 30 642.7534 75.98608
9291 30 644.3984 74.06743
9291 30 644.3984 74.06743
9293 30 650.67566 68.02965
9293 30 650.67566 68.02965
9294 30 645.13837 96.323425
9294 30 645.13837 96.323425
9311 32 692.0819 130.19048
9311 32 692.0819 130.19048
9312 32 693.0483 99.229935
9312 32 693.0483 99.229935
9313 31 672.47906 67.51083
9313 31 672.47906 67.51083
9315 32 689.0142 83.48445
9315 32 689.0142 83.48445
9316 32 692.8214 58.395794
9316 32 692.8214 58.395794
9324 39 838.92834 65.0782
9324 39 838.92834 65.0782
9325 39 840.09033 124.98612
9325 39 840.09033 124.98612
9327 36 778.19775 80.14626
9327 36 778.19775 80.14626
9328 35 761.689 73.36883
9328 35 761.689 73.36883
9331 33 709.2615 122.45417
9331 33 709.2615 122.45417
9332 32 697.9463 170.25761
9332 32 697.9463 170.25761
9333 32 689.3405 136.68019
9333 32 689.3405 136.68019
9334 32 681.63086 69.49055
9334 32 681.63086 69.49055
9335 31 686.0731 98.81378
9335 31 686.0731 98.81378
9336 31 668.6161 114.46385
9336 31 668.6161 114.46385
9338 31 672.99335 68.68369
9338 31 672.99335 68.68369
9339 31 672.61884 71.16303
9339 31 672.61884 71.16303
9340 31 672.6407 64.011635
9340 31 672.6407 64.011635
9341 31 665.1246 74.91921
9341 31 665.1246 74.91921
9343 30 652.41833 87.87431
9343 30 652.41833 87.87431
9344 30 650.28076 95.61227
9344 30 650.28076 95.61227
9345 30 647.2885 87.91506
9345 30 647.2885 87.91506
9346 30 644.28174 81.240295
9346 30 644.28174 81.240295
9347 30 645.4417 54.47516
9347 30 645.4417 54.47516
9348 29 632.55115 82.207085
9348 29 632.55115 82.207085
9349 30 639.69995 102.846825
9349 30 639.69995 102.846825
9350 30 645.22614 127.954025
9350 30 645.22614 127.954025
9351 30 639.17017 157.66829
9351 30 639.17017 157.66829
9352 30 642.4492 127.724464
9352 30 642.4492 127.724464
9353 30 640.318 100.995186
9353 30 640.318 100.995186
9354 29 636.043 82.81381
9354 29 636.043 82.81381
9355 38 813.45294 102.396164
9355 38 813.45294 102.396164
9356 38 817.6638 116.37255
9356 38 817.6638 116.37255
9357 30 640.56305 112.29655
9357 30 640.56305 112.29655
9358 30 636.34814 115.120346
9358 30 636.34814 115.120346
9359 38 820.19934 101.02495
9359 38 820.19934 101.02495
9361 38 804.62415 76.20362
9361 38 804.62415 76.20362
9362 30 635.2691 70.2399
9362 30 635.2691 70.2399
9363 30 641.59766 74.52726
9363 30 641.59766 74.52726
9364 30 637.6181 102.07224
9364 30 637.6181 102.07224
9365 30 640.43195 55.579887
9365 30 640.43195 55.579887
9366 29 632.2853 94.019424
9366 29 632.2853 94.019424
9367 29 626.70306 105.056816
9367 29 626.70306 105.056816
9368 34 736.2862 69.89008
9368 34 736.2862 69.89008
9369 34 730.34204 105.956665
9369 34 730.34204 105.956665
9370 33 722.2173 97.52765
9370 33 722.2173 97.52765
9371 34 721.93713 117.22733
9371 34 721.93713 117.22733
9372 34 738.7942 100.27958
9372 34 738.7942 100.27958
9373 35 741.78784 49.499783
9373 35 741.78784 49.499783
9377 34 728.2381 134.26648
9377 34 728.2381 134.26648
9378 33 720.8282 94.83013
9378 33 720.8282 94.83013
9379 34 718.13245 106.71484
9379 34 718.13245 106.71484
9380 34 728.9916 117.94533
9380 34 728.9916 117.94533
9381 34 732.5567 76.93829
9381 34 732.5567 76.93829
9383 33 699.58636 46.92435
9383 33 699.58636 46.92435
9384 34 721.19763 76.38772
9384 34 721.19763 76.38772
9386 34 721.92236 68.483536
9386 34 721.92236 68.483536
9388 34 735.14526 111.14025
9388 34 735.14526 111.14025
9389 33 726.7204 60.60253
9389 33 726.7204 60.60253
9390 33 717.1499 53.813137
9390 33 717.1499 53.813137
9391 35 758.08044 99.28949
9391 35 758.08044 99.28949
9392 34 715.51074 124.42703
9392 34 715.51074 124.42703
9393 33 717.8499 81.27096
9393 33 717.8499 81.27096
9395 33 715.4435 89.299194
9395 33 715.4435 89.299194
9396 35 740.7871 54.13227
9396 35 740.7871 54.13227
9397 34 745.9598 114.52544
9397 34 745.9598 114.52544
9398 35 742.23175 67.94013
9398 35 742.23175 67.94013
9400 34 719.1201 68.76529
9400 34 719.1201 68.76529
9401 34 725.76953 75.44486
9401 34 725.76953 75.44486
9402 33 719.73376 51.91609
9402 33 719.73376 51.91609
9403 34 724.23444 65.70175
9403 34 724.23444 65.70175
9404 35 740.35956 37.745724
9404 35 740.35956 37.745724
9405 32 702.12354 47.139652
9405 32 702.12354 47.139652
9406 33 708.23676 29.830015
9406 33 708.23676 29.830015
9408 36 772.67755 56.100204
9408 36 772.67755 56.100204
9409 36 764.75 108.145874
9409 36 764.75 108.145874
9410 36 772.4767 93.78691
9410 36 772.4767 93.78691
9413 34 744.11395 51.870556
9413 34 744.11395 51.870556
9414 34 736.8312 90.15006
9414 34 736.8312 90.15006
9415 34 731.85736 129.86232
9415 34 731.85736 129.86232
9416 34 729.87225 164.03183
9416 34 729.87225 164.03183
9417 34 732.7413 148.11958
9417 34 732.7413 148.11958
9418 34 738.9247 84.02383
9418 34 738.9247 84.02383
9439 35 756.47327 58.298923
9439 35 756.47327 58.298923
9440 36 762.26965 86.381676
9440 36 762.26965 86.381676
9441 35 774.23517 103.19906
9441 35 774.23517 103.19906
9442 33 713.7672 50.59832
9442 33 713.7672 50.59832
9443 33 708.77826 80.94094
9443 33 708.77826 80.94094
9450 34 722.3873 76.36079
9450 34 722.3873 76.36079
9451 34 728.2098 112.86065
9451 34 728.2098 112.86065
9461 31 667.11304 153.16272
9461 31 667.11304 153.16272
9462 31 665.7349 177.95064
9462 31 665.7349 177.95064
9463 31 662.60345 144.76753
9463 31 662.60345 144.76753
9464 30 655.59076 120.0572
9464 30 655.59076 120.0572
9465 31 657.4726 94.8933
9465 31 657.4726 94.8933
9481 32 680.14075 74.69693
9481 32 680.14075 74.69693
9482 32 686.9211 123.59954
9482 32 686.9211 123.59954
9484 31 665.6445 68.67453
9484 31 665.6445 68.67453
9487 39 829.36707 33.196976
9487 39 829.36707 33.196976
9488 39 838.4215 41.799843
9488 39 838.4215 41.799843
9489 39 839.9537 34.359
9489 39 839.9537 34.359
9493 39 828.8961 103.1265
9493 39 828.8961 103.1265
9494 39 833.98804 179.53766
9494 39 833.98804 179.53766
9495 39 834.13586 150.35051
9495 39 834.13586 150.35051
9496 38 821.6233 184.60385
9496 38 821.6233 184.60385
9497 38 815.65546 61.288837
9497 38 815.65546 61.288837
9499 35 752.8126 148.77693
9499 35 752.8126 148.77693
9500 35 748.37195 69.233665
9500 35 748.37195 69.233665
9501 34 747.7115 82.341675
9501 34 747.7115 82.341675
9502 33 722.4201 150.16754
9502 33 722.4201 150.16754
9503 32 692.0758 135.03493
9503 32 692.0758 135.03493
9504 32 683.49133 202.26663
9504 32 683.49133 202.26663
9505 31 679.0855 133.66173
9505 31 679.0855 133.66173
9506 33 702.2858 114.64261
9506 33 702.2858 114.64261
9507 32 705.51276 189.43459
9507 32 705.51276 189.43459
9508 31 676.64484 145.0686
9508 31 676.64484 145.0686
9509 31 673.1471 116.72469
9509 31 673.1471 116.72469
9510 31 672.65643 110.8927
9510 31 672.65643 110.8927
9511 31 675.1197 80.79645
9511 31 675.1197 80.79645
9514 32 683.1998 146.89299
9514 32 683.1998 146.89299
9515 32 681.0816 171.22333
9515 32 681.0816 171.22333
9516 32 679.3829 171.53532
9516 32 679.3829 171.53532
9517 31 677.262 176.33876
9517 31 677.262 176.33876
9518 32 681.9986 96.29094
9518 32 681.9986 96.29094
9519 32 687.9261 159.26062
9519 32 687.9261 159.26062
9520 31 676.5746 218.5365
9520 31 676.5746 218.5365
9521 31 676.41437 178.39651
9521 31 676.41437 178.39651
9522 32 678.69495 84.61151
9522 32 678.69495 84.61151
9523 32 677.5415 95.104576
9523 32 677.5415 95.104576
9524 32 681.022 135.21878
9524 32 681.022 135.21878
9525 32 680.2144 138.3322
9525 32 680.2144 138.3322
9526 32 679.8342 142.58603
9526 32 679.8342 142.58603
9527 32 682.5113 156.49689
9527 32 682.5113 156.49689
9528 33 691.2412 60.70049
9528 33 691.2412 60.70049
9529 32 694.29456 126.42157
9529 32 694.29456 126.42157
9530 38 818.6568 83.53844
9530 38 818.6568 83.53844
9531 31 662.52295 88.386406
9531 31 662.52295 88.386406
9532 31 670.0861 122.21149
9532 31 670.0861 122.21149
9533 37 803.5353 93.888504
9533 37 803.5353 93.888504
9534 31 673.1683 84.41507
9534 31 673.1683 84.41507
9535 32 679.3973 80.18333
9535 32 679.3973 80.18333
9536 31 679.29584 78.41558
9536 31 679.29584 78.41558
9537 31 670.84814 100.36517
9537 31 670.84814 100.36517
9538 32 677.6769 41.487244
9538 32 677.6769 41.487244
9539 35 750.38074 60.661274
9539 35 750.38074 60.661274
9540 34 733.6662 143.7513
9540 34 733.6662 143.7513
9541 34 735.1947 131.42043
9541 34 735.1947 131.42043
9542 34 736.3403 86.5076
9542 34 736.3403 86.5076
9543 34 735.0137 141.11037
9543 34 735.0137 141.11037
9544 34 731.08154 149.54875
9544 34 731.08154 149.54875
9545 34 731.24524 83.38789
9545 34 731.24524 83.38789
9546 34 739.08246 56.111687
9546 34 739.08246 56.111687
9548 35 762.6345 26.6425
9548 35 762.6345 26.6425
9549 34 728.03284 65.194115
9549 34 728.03284 65.194115
9550 34 733.4583 124.08787
9550 34 733.4583 124.08787
9551 33 722.80304 66.533676
9551 33 722.80304 66.533676
9553 34 735.04846 93.101715
9553 34 735.04846 93.101715
9554 33 722.142 73.17903
9554 33 722.142 73.17903
9555 33 720.2921 59.607388
9555 33 720.2921 59.607388
9556 33 718.8286 74.398605
9556 33 718.8286 74.398605
9557 34 726.0277 82.58454
9557 34 726.0277 82.58454
9558 33 717.40845 63.09151
9558 33 717.40845 63.09151
9559 34 726.104 111.93829
9559 34 726.104 111.93829
9560 33 720.0015 69.65845
9560 33 720.0015 69.65845
9562 33 717.4397 32.18771
9562 33 717.4397 32.18771
9563 33 710.0118 24.738894
9563 33 710.0118 24.738894
9564 34 723.91016 44.75932
9564 34 723.91016 44.75932
9565 35 747.4771 54.94222
9565 35 747.4771 54.94222
9566 33 716.2058 40.944756
9566 33 716.2058 40.944756
9567 33 719.3561 60.811024
9567 33 719.3561 60.811024
9568 33 716.615 63.977844
9568 33 716.615 63.977844
9569 34 719.61676 66.91952
9569 34 719.61676 66.91952
9570 35 746.5695 46.256256
9570 35 746.5695 46.256256
9571 34 732.42224 54.737606
9571 34 732.42224 54.737606
9572 34 723.41327 81.28656
9572 34 723.41327 81.28656
9573 34 730.7033 72.419914
9573 34 730.7033 72.419914
9574 32 695.0532 59.2909
9574 32 695.0532 59.2909
9575 25 535.8616 48.88684
9575 25 535.8616 48.88684
9596 25 535.7916 18.068262
9596 25 535.7916 18.068262
9597 29 636.9514 14.171559
9597 29 636.9514 14.171559
9598 32 703.6749 14.621375
9598 32 703.6749 14.621375
9599 30 648.297 11.064005
9599 30 648.297 11.064005
9612 24 519.89685 31.920603
9612 24 519.89685 31.920603
9617 25 538.1711 49.35603
9617 25 538.1711 49.35603
9690 41 880.5797 17.120537
9690 41 880.5797 17.120537
9698 25 530.38257 26.978695
9698 25 530.38257 26.978695
9699 44 951.7592 21.01004
9699 44 951.7592 21.01004
9702 25 549.61487 54.93991
9702 25 549.61487 54.93991
9735 24 522.9088 13.028396
9735 24 522.9088 13.028396
9736 24 525.0427 15.604837
9736 24 525.0427 15.604837
9745 23 510.01132 85.65333
9745 23 510.01132 85.65333
9748 33 697.22784 77.46892
9748 33 697.22784 77.46892
9768 33 712.39056 23.24115
9768 33 712.39056 23.24115
9779 24 523.1676 24.104046
9779 24 523.1676 24.104046
9790 31 670.5287 66.38239
9790 31 670.5287 66.38239
9801 24 525.04553 25.595667
9801 24 525.04553 25.595667
9802 24 526.30383 26.461977
9802 24 526.30383 26.461977
9803 24 527.1083 23.948
9803 24 527.1083 23.948
9815 32 710.228 22.274015
9815 32 710.228 22.274015
9816 29 621.0 22.376244
9816 29 621.0 22.376244
9824 24 504.044 41.004795
9824 24 504.044 41.004795
9825 29 626.47174 54.794174
9825 29 626.47174 54.794174
9831 33 713.58496 147.30399
9831 33 713.58496 147.30399
9832 32 695.87714 115.81997
9832 32 695.87714 115.81997
9844 24 524.1988 23.653957
9844 24 524.1988 23.653957
9845 24 527.37256 33.12892
9845 24 527.37256 33.12892
9847 32 694.0668 16.896923
9847 32 694.0668 16.896923
9867 29 626.0079 47.601883
9867 29 626.0079 47.601883
9868 26 563.2107 72.89564
9868 26 563.2107 72.89564
9869 28 605.3998 81.770805
9869 28 605.3998 81.770805
9870 27 587.9098 96.00628
9870 27 587.9098 96.00628
9871 26 572.6325 85.15084
9871 26 572.6325 85.15084
9872 26 559.2899 77.32795
9872 26 559.2899 77.32795
9873 25 550.0351 71.05013
9873 25 550.0351 71.05013
9889 26 566.3889 21.116346
9889 26 566.3889 21.116346
9917 34 739.6053 82.669266
9917 34 739.6053 82.669266
9918 32 696.06085 81.58805
9918 32 696.06085 81.58805
9950 24 518.82404 25.181797
9950 24 518.82404 25.181797
9954 26 576.7907 42.156605
9954 26 576.7907 42.156605
9955 25 555.3712 88.75815
9955 25 555.3712 88.75815
9956 23 504.73148 82.12191
9956 23 504.73148 82.12191
9957 29 627.0553 61.40162
9957 29 627.0553 61.40162
9958 27 592.80145 69.75737
9958 27 592.80145 69.75737
9959 26 564.3356 74.878174
9959 26 564.3356 74.878174
9960 24 517.5951 44.77845
9960 24 517.5951 44.77845
9971 25 527.6903 21.157936
9971 25 527.6903 21.157936
9972 24 527.39056 23.911974
9972 24 527.39056 23.911974
9977 24 524.87976 30.32992
9977 24 524.87976 30.32992
9998 27 579.5686 94.457146
9998 27 579.5686 94.457146
10004 41 879.30646 22.559536
10004 41 879.30646 22.559536
10016 41 884.71704 14.921842
10016 41 884.71704 14.921842
10017 32 692.27264 18.814388
10017 32 692.27264 18.814388
10028 41 879.93774 18.261806
10028 41 879.93774 18.261806
10029 41 881.57416 22.182974
10029 41 881.57416 22.182974
10037 23 501.30728 64.45991
10037 23 501.30728 64.45991
10038 26 561.5492 86.24491
10038 26 561.5492 86.24491
10041 24 514.73944 28.952166
10041 24 514.73944 28.952166
10082 23 501.41553 77.10115
10082 23 501.41553 77.10115
10083 25 540.8339 110.695305
10083 25 540.8339 110.695305
10093 23 502.28268 93.17717
10093 23 502.28268 93.17717
10118 24 527.70874 31.434042
10118 24 527.70874 31.434042
10120 23 504.116 80.08606
10120 45 989.7542 14.651728
10120 45 989.7542 14.651728
10121 45 977.375 39.82461
10121 45 977.375 39.82461
10123 32 688.6304 130.61157
10123 32 688.6304 130.61157
10124 31 677.71924 145.15593
10124 31 677.71924 145.15593
10125 30 658.03033 128.6031
10125 30 658.03033 128.6031
10126 30 647.12964 141.6517
10126 30 647.12964 141.6517
10127 29 633.6156 135.51373
10127 29 633.6156 135.51373
10128 29 630.7103 74.45901
10128 29 630.7103 74.45901
10129 28 594.1156 81.55011
10129 28 594.1156 81.55011
10131 29 625.0788 24.098867
10131 29 625.0788 24.098867
10134 29 626.6529 24.041178
10134 29 626.6529 24.041178
10135 29 624.98126 24.338213
10135 29 624.98126 24.338213
10163 29 622.75354 27.859896
10163 29 622.75354 27.859896
10164 32 686.6624 28.152103
10164 32 686.6624 28.152103
10168 24 508.0407 103.196
10168 24 508.0407 103.196
10169 24 518.97144 153.1262
10169 24 518.97144 153.1262
10170 35 754.89496 101.322044
10170 35 754.89496 101.322044
10171 34 736.17615 54.80353
10171 34 736.17615 54.80353
10172 29 630.2382 63.63031
10172 29 630.2382 63.63031
10174 27 584.3797 21.956203
10174 27 584.3797 21.956203
10191 35 754.9218 23.530773
10191 35 754.9218 23.530773
