Event Bin Frequency Volume
169 46 987.6421 7.8610353
171 24 524.30176 8.2035475
172 36 779.83606 13.981166
174 41 892.2221 7.2890496
175 37 790.31775 10.041026
189 41 884.54614 10.764729
190 41 879.8966 15.208621
218 27 583.5509 15.394815
239 28 594.58215 44.40861
243 28 593.7267 11.509671
250 27 577.5742 8.2834
290 33 705.4478 10.035822
428 37 800.3661 32.695843
429 37 793.594 23.739964
496 37 782.44714 23.141142
497 37 798.7388 32.15654
500 46 990.148 49.967525
501 46 989.3162 26.402102
503 23 502.15457 35.45
514 26 564.96173 27.873678
525 29 633.75287 27.397747
534 31 665.226 35.078182
536 31 669.69006 24.700438
543 33 706.65765 37.27459
544 33 704.52185 35.71886
545 32 705.6906 38.099922
546 33 705.71234 32.395252
547 33 712.4432 28.852468
548 33 714.2814 37.800823
549 33 712.8809 46.675823
556 33 710.8157 25.973478
567 29 626.09216 56.64845
680 35 763.1269 2.3861268
723 26 551.5556 71.87134
724 27 573.1341 66.59786
736 36 779.5216 60.412483
755 35 763.3215 49.75133
760 35 751.5897 107.82391
761 35 757.0596 91.01278
762 36 764.9589 79.60769
777 24 519.73334 13.241216
788 37 804.62164 42.100544
789 36 780.2418 78.07545
790 34 739.0072 53.73907
791 32 693.5316 29.699625
793 32 706.5172 32.109
794 31 674.3736 51.4021
795 31 672.5694 50.027416
811 30 649.57385 14.505808
820 36 756.26184 40.13211
821 35 758.3789 68.8416
822 34 739.65045 52.324593
827 41 876.05426 34.21007
828 43 911.23785 30.49337
830 44 937.36957 45.658962
831 44 942.451 62.30287
832 43 936.2276 27.335606
837 44 950.27765 27.737806
838 26 559.8783 48.42076
864 34 748.40704 36.920708
877 29 635.8646 49.658398
879 37 799.9283 67.61968
895 33 709.5225 43.238613
899 30 645.89154 25.155247
900 29 624.6887 20.58652
901 31 663.83417 79.54682
902 31 670.0014 87.90614
903 32 685.31665 91.10851
904 33 707.99133 72.78081
923 31 687.17554 14.839451
924 31 665.5509 21.979431
931 37 798.39795 40.37608
936 38 813.70966 12.219293
955 36 770.20734 114.16903
956 37 787.90936 101.090004
957 37 798.9273 72.67969
958 37 802.8994 26.032207
984 36 776.51904 69.49635
985 35 760.3968 57.240818
1027 37 804.03143 72.5587
1028 36 785.3836 54.74327
1097 26 555.32794 75.77223
1102 42 915.0472 42.404385
1103 39 843.5857 44.959755
1104 38 822.68066 36.16524
1111 32 687.1197 75.45223
1157 29 618.6569 28.329666
1158 28 610.72217 37.70469
1159 36 780.31305 18.101194
1180 31 676.749 53.010498
1181 30 653.3978 43.70409
1185 35 754.69995 53.528484
1186 35 752.35474 62.175697
1190 27 582.0114 24.551786
1206 33 717.95605 56.460403
1211 32 700.62177 39.468018
1212 32 695.351 38.3792
1213 31 682.70294 26.882238
1213 31 682.70294 26.882238
1225 36 765.78033 62.828026
1226 37 791.3663 86.62652
1227 38 813.41614 62.66308
1243 29 633.00696 26.489662
1244 38 822.42755 58.56345
1245 38 824.1328 57.845795
1262 33 712.4834 13.150273
1267 27 587.3798 14.5293
1267 27 587.3798 14.5293
1268 36 773.3404 7.554136
1278 34 730.25366 41.81256
1302 31 667.9755 58.925697
1310 39 836.7208 28.695017
1312 36 771.5022 22.592022
1313 36 776.8239 57.08963
1314 35 767.7381 35.953094
1314 35 767.7381 35.953094
1315 43 929.1031 36.464493
1391 24 523.63165 74.43736
1392 24 522.0988 78.09229
1393 25 531.77637 57.672234
1401 25 530.43896 23.740984
1402 37 788.7751 49.8568
1403 37 790.7288 74.296104
1404 36 783.5853 38.186516
1409 25 543.0571 76.2468
1410 25 543.13666 73.34246
1411 26 548.6037 71.50037
1412 26 552.4068 80.683235
1413 25 546.2276 83.39988
1414 24 529.18976 50.27278
1435 27 579.4242 34.29183
1436 35 759.7221 16.546232
1437 36 761.1668 17.816305
1438 38 811.6167 58.984238
1439 39 833.79535 52.631992
1451 32 698.17365 7.0635977
1478 27 589.3231 35.540123
1499 34 738.7843 45.6441
1500 33 720.4158 53.111557
1518 30 643.93463 12.117118
1555 39 849.93805 35.051983
1557 29 623.9002 42.832195
1562 36 783.209 34.705235
1568 34 733.19147 36.441208
1568 34 733.19147 36.441208
1569 34 733.6477 52.1474
1569 34 733.6477 52.1474
1570 32 696.04346 30.460413
1570 32 696.04346 30.460413
1571 32 692.5864 37.030666
1571 32 692.5864 37.030666
1593 30 650.24884 25.961462
1594 29 635.46484 47.205853
1595 29 626.0908 47.071968
1610 27 589.8051 37.104153
1619 30 647.64264 60.127655
1622 36 772.6919 57.81464
1643 37 792.6771 40.95586
1644 41 877.11804 40.884
1669 33 715.11865 30.815378
1673 32 693.3558 9.447037
1676 35 734.44556 3.8827605
1678 35 752.0043 6.297566
1679 25 543.15686 8.862476
1700 27 593.3043 32.35406
1722 36 774.1151 50.216347
1728 30 643.29376 28.219679
1737 24 525.42413 72.19035
1760 32 698.16156 59.35292
1760 32 698.16156 59.35292
1809 36 778.3051 42.815006
1810 36 782.6555 32.277046
1820 35 751.25214 10.019483
1822 36 783.80493 27.027071
1835 43 927.41895 9.929562
1835 43 927.41895 9.929562
1836 44 946.0505 8.68221
1850 29 630.00714 13.213642
1852 29 638.35315 8.507065
1852 29 638.35315 8.507065
1853 38 821.9824 30.893284
1854 38 820.67175 24.210651
1854 38 820.67175 24.210651
1857 39 838.7403 23.50512
1858 40 848.58 31.378355
1859 40 855.6896 20.834536
1862 40 855.6084 42.18365
1862 40 855.6084 42.18365
1872 34 727.0925 63.313053
1873 45 970.5491 61.44926
1889 30 646.6687 22.614864
1890 30 646.314 28.82928
1897 31 667.4188 5.8179517
1900 32 695.3405 39.694748
1904 34 728.6857 37.13057
1921 32 686.0499 73.82372
1922 32 692.5457 105.3085
1923 32 689.5608 74.04276
1923 32 689.5608 74.04276
1924 31 673.52527 12.038209
1924 31 673.52527 12.038209
1938 35 774.8026 33.18616
1945 31 672.7454 40.056114
1947 31 666.12115 3.0349283
1947 31 666.12115 3.0349283
1954 31 676.364 29.131495
1955 41 884.1135 37.993134
1955 41 884.1135 37.993134
1956 41 878.87616 29.44568
1969 36 791.25574 38.280205
1970 35 757.2327 20.69814
2033 27 578.058 82.76518
2092 32 687.0777 20.337904
2093 33 702.9355 32.554276
2094 33 704.40283 25.818945
2103 31 673.33093 27.665241
2108 30 640.59924 24.11432
2109 30 645.55396 19.281866
2116 27 584.5693 69.391464
2117 27 585.39655 78.78198
2125 29 620.4316 18.049553
2126 28 611.2311 26.109352
2126 28 611.2311 26.109352
2161 28 610.3878 25.88656
2171 29 630.28613 34.107883
2181 33 712.16266 71.626366
2181 33 712.16266 71.626366
2182 34 730.92786 64.082504
2182 34 730.92786 64.082504
2183 35 751.17914 44.6334
2183 35 751.17914 44.6334
2184 24 515.1384 36.14372
2190 41 890.53284 9.284196
2218 29 605.5703 21.362513
2219 37 813.3409 6.076469
2219 37 813.3409 6.076469
2220 28 607.66 97.2884
2220 28 607.66 97.2884
2221 27 588.9255 51.698345
2228 28 605.8666 57.070274
2229 28 601.9105 67.197556
2230 37 792.2211 67.29147
2230 37 792.2211 67.29147
2231 38 803.4956 55.696075
2232 30 633.31635 60.429455
2233 30 642.8056 69.420876
2234 30 645.27734 12.562163
2250 29 635.3336 16.500559
2250 29 635.3336 16.500559
2251 29 624.5532 55.55668
2251 29 624.5532 55.55668
2252 29 622.2498 53.481895
2253 28 605.87445 17.431948
2254 28 602.9731 27.582468
2264 28 606.79785 17.456942
2272 31 660.2507 68.904106
2273 32 681.5286 81.266914
2274 32 687.9363 86.57822
2275 31 675.254 47.66073
2296 32 688.066 21.598606
2297 34 723.904 19.99957
2298 36 768.4804 22.144943
2298 36 768.4804 22.144943
2312 31 666.16504 53.335625
2314 30 658.491 39.33906
2315 30 652.60535 31.97382
2340 24 501.73914 68.18667
2341 25 523.6402 57.021664
2351 29 629.1809 69.66762
2352 28 611.5952 53.0793
2361 30 652.6517 3.8093152
2399 29 621.4713 38.608677
2400 33 716.26306 23.954266
2401 38 824.1722 24.221674
2417 27 585.5635 47.30429
2417 27 585.5635 47.30429
2419 32 695.8086 22.645454
2478 24 524.47253 96.54964
2479 23 515.18365 70.08707
2483 33 714.3677 52.696247
2492 24 521.29535 28.66229
2501 29 625.787 9.733204
2525 34 726.8122 56.19268
2526 35 746.99194 72.64966
2527 36 769.7863 54.895298
2528 38 805.8678 59.630627
2543 33 710.6323 9.000816
2549 33 701.56616 21.064362
2549 33 701.56616 21.064362
2551 34 723.8044 31.044264
2551 34 723.8044 31.044264
2579 26 557.19794 64.543274
2579 26 557.19794 64.543274
2580 25 551.1758 86.88263
2581 25 539.75653 67.20343
2581 25 539.75653 67.20343
2606 30 658.7825 30.541056
2615 32 681.3566 23.86131
2615 32 681.3566 23.86131
2626 42 899.3265 28.968359
2650 28 607.71674 58.811104
2651 28 603.826 72.50301
2655 36 785.2322 47.127213
2656 35 761.4112 43.689026
2686 30 645.6977 17.95952
2687 30 649.8708 59.611492
2688 31 661.7668 68.25921
2690 31 680.9827 18.041187
2696 45 969.2273 12.350809
2701 29 638.02374 4.3792934
2702 27 581.3958 47.44315
2702 27 581.3958 47.44315
2703 44 954.74963 42.08475
2703 44 954.74963 42.08475
2706 33 706.8242 34.57897
2723 29 631.11487 21.378323
2751 29 630.8096 22.221584
2773 30 645.8167 18.1607
2795 26 566.05096 61.47478
2796 26 559.4427 61.160862
2823 23 515.34595 53.814175
2838 41 884.8447 17.743248
2838 41 884.8447 17.743248
2839 40 867.65 16.138638
2839 40 867.65 16.138638
2843 29 641.41174 17.917625
2843 29 641.41174 17.917625
2860 29 639.73395 13.646618
2860 29 639.73395 13.646618
2861 42 889.56177 18.085974
2863 24 510.8125 52.033222
2865 26 557.45325 51.207115
2873 29 636.1184 67.054474
2880 30 643.93286 15.137817
2880 30 643.93286 15.137817
2887 30 652.90314 42.434998
2932 36 768.7483 6.198141
2942 26 565.4461 37.48479
2943 31 648.53674 39.549168
2943 31 648.53674 39.549168
2944 30 652.73584 60.452877
2945 30 643.6202 55.278355
2945 30 643.6202 55.278355
2946 29 634.7829 26.337288
2946 29 634.7829 26.337288
2964 32 689.37726 10.535892
2978 32 684.9209 28.126554
2978 32 684.9209 28.126554
2982 30 657.3457 4.79936
3015 29 625.4932 15.10303
3026 29 627.0039 66.59139
3027 28 605.9597 57.329624
3028 35 755.03345 72.80059
3029 35 754.62555 70.35276
3042 30 650.2085 78.2327
3043 28 612.2061 45.871273
3049 41 878.223 22.853992
3073 34 739.18616 42.922123
3074 39 843.0235 30.982784
3075 43 932.55444 22.782276
3075 43 932.55444 22.782276
3076 29 619.5719 24.080933
3076 29 619.5719 24.080933
3126 30 658.1205 52.939877
3127 28 613.0722 40.932507
3127 28 613.0722 40.932507
3182 24 515.625 97.03896
3202 35 759.0496 5.067055
3212 29 618.3704 55.20606
3213 29 620.4669 48.34546
3214 39 827.99225 43.42117
3214 39 827.99225 43.42117
3215 31 654.1377 58.420113
3216 31 666.96246 46.19638
3232 32 691.73724 91.95946
3233 32 688.80365 79.48774
3233 32 688.80365 79.48774
3234 32 685.672 74.67472
3234 32 685.672 74.67472
3235 32 692.10693 81.06202
3236 32 692.94196 35.99034
3242 28 617.615 2.3701468
3242 28 617.615 2.3701468
3265 28 603.1356 69.26547
3345 45 972.6857 20.466314
3351 33 706.5548 10.300399
3357 32 697.29004 36.007668
3358 30 651.4355 39.24001
3358 30 651.4355 39.24001
3368 29 629.5333 48.36963
3369 29 621.4656 72.574615
3370 36 785.24646 43.44017
3372 43 932.64874 38.710907
3373 33 723.4232 42.64757
3374 33 714.03424 42.59376
3395 25 544.09717 80.21176
3399 25 534.62805 53.16823
3400 31 676.15234 63.981506
3401 31 673.27826 43.403618
3407 30 648.47076 70.42243
3414 30 636.30316 48.009937
3455 43 922.9317 23.627054
3456 33 718.762 55.671795
3457 32 693.1749 58.192825
3457 32 693.1749 58.192825
3458 31 669.869 47.035275
3458 31 669.869 47.035275
3459 30 650.07556 43.530983
3459 30 650.07556 43.530983
3486 28 612.6242 63.811123
3486 28 612.6242 63.811123
3524 24 533.6893 11.062131
3536 24 526.1389 16.095789
3582 24 518.53906 64.254326
3583 24 519.8093 84.98179
3584 24 517.8648 62.01276
3585 30 650.0697 19.954723
3625 30 660.1075 58.526657
3626 30 646.0127 64.26743
3629 44 958.46045 6.13479
3631 33 726.06464 25.829428
3632 34 727.2153 54.79899
3633 33 717.06384 57.912834
3635 33 706.9122 35.56212
3636 32 696.5689 65.658394
3645 28 602.5228 74.36033
3646 27 595.2405 59.707195
3647 27 586.2249 63.02249
3648 27 574.9963 50.85756
3675 24 508.6229 51.346592
3675 24 508.6229 51.346592
3676 23 504.813 41.95133
3677 33 716.82275 44.464397
3678 31 675.23 65.29885
3679 29 629.0515 31.497334
3679 29 629.0515 31.497334
3684 28 604.37256 73.97223
3685 27 589.5423 58.932617
3689 26 560.89496 56.714096
3690 26 556.38477 51.522987
3720 35 755.3443 12.21958
3720 35 755.3443 12.21958
3722 42 904.94366 10.640572
3723 43 918.54315 10.588978
3735 24 506.1682 83.936424
3736 24 513.83923 94.25346
3737 24 520.2136 93.46773
3738 24 522.3964 93.31357
3739 24 518.53204 82.189415
3743 37 798.03174 21.99145
3745 46 981.04565 10.185988
3758 33 711.72644 51.288223
3759 33 716.4327 50.59027
3761 26 552.6515 70.81391
3762 25 546.4414 66.70446
3771 32 700.8873 46.443443
3772 31 676.87476 63.510693
3773 31 668.3342 57.640755
3774 37 806.6027 44.090084
3775 42 908.73444 22.117973
3775 42 908.73444 22.117973
3798 33 709.65393 33.097057
3813 24 520.2376 45.887962
3814 24 514.13525 34.15455
3839 30 659.15594 8.182625
3841 30 658.144 67.16045
3842 30 647.43726 59.366768
3843 29 628.605 66.56537
3844 28 611.2375 55.453613
3877 24 516.73413 84.320656
3878 24 515.06104 95.43798
3879 23 500.28204 52.843544
3880 44 959.4683 12.49109
3881 32 699.96075 56.399185
3882 31 677.77594 62.407215
3893 45 974.588 38.298973
3893 45 974.588 38.298973
3894 29 633.2788 11.145761
3894 29 633.2788 11.145761
3908 33 700.4838 2.2194455
3915 30 653.99207 77.276215
3916 29 634.8117 72.236855
3917 28 611.2002 52.316265
3938 30 659.4737 3.3779316
3938 30 659.4737 3.3779316
3941 32 698.1124 6.526775
3942 31 671.55426 8.930179
3958 26 562.7839 66.13401
3959 35 747.74176 73.163826
3960 35 758.43665 64.80754
3964 31 674.6294 29.175716
3982 31 659.54926 14.490737
3992 33 710.12744 6.1699424
4004 25 537.10077 61.484093
4004 25 537.10077 61.484093
4013 31 648.0246 29.322754
4016 28 602.4531 38.22428
4017 27 590.06714 26.756155
4017 27 590.06714 26.756155
4032 32 680.9149 18.362844
4033 33 695.3281 14.346473
4047 28 604.4007 66.813934
4048 27 584.529 36.351032
4049 26 579.8407 34.372765
4050 30 651.29956 23.398075
4050 30 651.29956 23.398075
4051 28 607.0015 20.657173
4051 28 607.0015 20.657173
4052 26 573.09204 14.477951
4052 26 573.09204 14.477951
4063 28 603.8509 53.1299
4064 29 613.1414 39.819473
4071 31 675.26215 27.970905
4072 31 663.9423 29.66998
4073 30 653.4933 37.894245
4073 30 653.4933 37.894245
4074 30 648.2377 18.367197
4080 29 630.3908 42.984062
4082 44 941.04065 40.602005
4086 25 539.3864 84.47527
4087 25 541.3403 69.491135
4088 25 543.079 44.604588
4098 35 763.1251 18.886671
4098 35 763.1251 18.886671
4104 32 681.5811 21.632273
4117 27 584.7966 28.534315
4125 28 596.465 79.88152
4126 27 588.9493 41.519253
4132 31 661.69165 72.39635
4133 31 665.9744 74.00232
4134 31 672.2291 32.083473
4168 29 623.4179 17.956778
4170 30 649.0805 36.98478
4182 28 604.81903 76.403114
4184 27 587.19916 24.537592
4185 28 600.7369 25.226406
4195 30 645.85974 81.33838
4197 36 776.34937 49.077385
4198 28 606.49603 51.34751
4203 27 577.3982 18.926346
4207 29 614.7696 45.78945
4208 30 636.8234 9.829581
4218 38 799.12445 13.045048
4219 37 796.77045 14.55346
4219 37 796.77045 14.55346
4243 40 854.76154 10.772348
4244 40 866.5037 11.881926
4255 40 865.8376 13.410375
4304 36 778.8368 30.323776
4317 27 587.6739 53.9426
4317 27 587.6739 53.9426
4318 40 854.98846 65.770996
4323 28 604.38776 69.17403
4323 28 604.38776 69.17403
4326 28 601.89087 68.73576
4327 28 604.86005 45.359238
4336 34 735.64276 54.08128
4337 32 695.78107 75.067444
4338 31 673.3373 33.974693
4342 24 513.41376 8.333255
4351 32 685.08575 42.563457
4352 42 901.0089 49.721962
4353 31 675.3918 43.690002
4361 38 817.5826 43.996563
4362 37 808.4601 54.382275
4362 37 808.4601 54.382275
4363 37 801.8779 51.8081
4363 37 801.8779 51.8081
4364 37 797.33435 11.599741
4387 37 812.9099 20.449635
4387 37 812.9099 20.449635
4388 34 735.1844 76.949615
4388 34 735.1844 76.949615
4415 34 735.59906 59.8194
4461 23 508.69873 36.611313
4462 23 500.2083 51.59817
4463 35 752.13086 61.798626
4463 35 752.13086 61.798626
4464 34 742.54346 50.82285
4464 34 742.54346 50.82285
4476 40 867.0868 28.118229
4476 40 867.0868 28.118229
4477 33 697.1291 31.080702
4478 33 709.234 18.637056
4496 33 711.0528 23.481972
4512 43 919.0919 60.15891
4532 35 757.0497 57.070217
4533 36 768.6189 24.019527
4538 33 720.1958 53.40149
4539 33 715.0465 13.844367
4543 33 710.21674 76.22713
4544 35 741.03894 77.753296
4555 27 582.8587 65.651085
4563 29 630.531 64.9959
4571 33 717.68567 30.419876
4571 33 717.68567 30.419876
4606 33 697.622 50.595783
4606 33 697.622 50.595783
4607 33 710.9585 50.571453
4607 33 710.9585 50.571453
4611 29 617.8008 47.317852
4612 30 637.4263 66.06155
4613 33 693.039 29.049648
4614 34 727.9108 89.14607
4615 35 744.3677 47.411743
4617 40 857.1296 35.575195
4645 37 795.3604 35.944607
4645 37 795.3604 35.944607
4646 36 779.053 48.597717
4651 33 712.01245 56.37066
4652 32 694.05994 25.489069
4652 32 694.05994 25.489069
4676 36 779.7852 29.482895
4677 43 924.02295 19.238895
4710 29 630.5346 45.142063
4715 26 547.5309 40.299778
4715 26 547.5309 40.299778
4717 28 601.9135 10.845084
4755 24 513.50397 68.25197
4756 24 517.46716 72.79545
4757 33 700.1533 57.27764
4758 35 743.2411 58.619545
4759 36 767.5963 62.602
4759 36 767.5963 62.602
4760 36 778.3865 68.5869
4760 36 778.3865 68.5869
4761 26 575.7214 63.34471
4761 26 575.7214 63.34471
4763 25 531.9727 69.95695
4763 25 531.9727 69.95695
4764 31 668.8663 14.054069
4766 26 562.24725 56.369953
4767 29 630.71326 60.08181
4767 29 630.71326 60.08181
4768 28 607.7693 63.933113
4769 26 571.60706 39.902832
4769 26 571.60706 39.902832
4770 25 540.6458 14.848631
4818 32 673.27606 43.20102
4819 32 692.3953 32.044548
4819 32 692.3953 32.044548
4821 27 568.0777 14.553828
4821 27 568.0777 14.553828
4833 26 565.4187 63.894016
4834 26 555.7271 63.28761
4835 25 548.3416 62.96454
4836 33 707.70636 36.238785
4858 29 611.988 9.929085
4858 29 611.988 9.929085
4859 39 835.1767 9.953018
4881 25 544.1905 54.538147
4881 25 544.1905 54.538147
4882 24 524.97107 50.486546
4882 24 524.97107 50.486546
4883 23 508.46777 30.589142
4929 37 793.68463 12.996503
4929 37 793.68463 12.996503
4930 29 614.86896 16.95154
4930 29 614.86896 16.95154
4932 40 860.806 8.142792
4932 40 860.806 8.142792
4935 31 673.44586 43.595634
4935 31 673.44586 43.595634
4949 23 500.2055 68.23727
4954 26 551.64764 83.310005
4955 27 573.7982 88.57
4970 29 606.9339 21.434954
4971 27 587.8528 59.899082
4980 33 724.8847 18.04066
4980 33 724.8847 18.04066
5005 28 604.69794 32.036552
5006 32 689.3876 27.736807
5006 32 689.3876 27.736807
5021 28 611.2643 46.40531
5022 33 715.26495 45.41866
5023 32 693.20776 49.157978
5024 25 546.84436 61.711475
5025 25 541.56055 60.873356
5042 31 661.645 10.225738
5042 31 661.645 10.225738
5044 31 668.97125 6.0603247
5055 31 658.3855 12.71087
5057 31 675.38696 10.280352
5057 31 675.38696 10.280352
5059 28 615.8842 8.051674
5064 44 939.81323 4.6922584
5065 44 951.7037 4.0557394
5066 29 629.1692 66.200966
5067 33 716.302 48.29442
5068 31 671.9426 51.77436
5069 30 655.8441 37.627483
5073 33 707.2491 8.4069805
5073 33 707.2491 8.4069805
5087 27 579.4144 39.725193
5087 27 579.4144 39.725193
5088 31 669.342 47.767532
5088 31 669.342 47.767532
5089 31 663.2183 30.95398
5093 29 618.4381 24.475153
5094 30 632.5592 24.43111
5096 32 675.56683 13.927022
5096 32 675.56683 13.927022
5108 25 547.6858 58.547283
5109 31 672.41956 13.396895
5125 42 907.48376 35.017845
5126 41 884.2626 40.358475
5127 36 762.4647 36.003532
5129 36 766.19086 5.246038
5133 26 569.25287 24.006092
5134 26 554.8105 74.87025
5135 26 555.2702 64.54015
5140 28 612.60443 69.25843
5144 33 692.9075 14.738172
5152 39 840.0122 21.244305
5153 25 544.58704 68.503624
5154 29 629.7047 69.619
5155 28 608.54663 49.427433
5156 27 586.3789 44.36052
5156 27 586.3789 44.36052
5157 26 561.1156 9.545496
5157 26 561.1156 9.545496
5158 28 623.7607 6.663408
5158 28 623.7607 6.663408
5160 30 632.26056 7.101233
5173 26 559.2342 31.741488
5199 31 672.6227 16.714354
5199 31 672.6227 16.714354
5200 35 750.7186 35.159813
5200 35 750.7186 35.159813
5201 31 662.59875 22.078367
5211 31 659.815 50.729755
5212 34 722.1741 23.187237
5213 37 787.04486 10.479193
5214 28 604.3663 51.020855
5215 28 612.68506 54.12539
5216 27 590.1725 61.836105
5217 31 677.0127 36.289845
5218 34 745.2305 45.14532
5220 34 737.4741 37.402245
5223 34 739.9014 8.888192
5228 29 624.0468 43.759922
5229 27 589.48505 55.371822
5231 26 561.1049 54.63499
5231 26 561.1049 54.63499
5232 26 553.7672 19.379473
5232 26 553.7672 19.379473
5238 44 944.68835 10.7688465
5241 26 550.57245 27.456512
5242 25 548.0668 34.59278
5242 25 548.0668 34.59278
5256 30 652.794 25.035583
5256 30 652.794 25.035583
5257 35 753.87573 40.09982
5258 29 635.8723 27.341356
5263 34 744.2879 4.8062515
5263 34 744.2879 4.8062515
5265 25 538.2863 12.583407
5269 39 844.1969 20.937786
5289 29 628.8565 5.0448794
5289 29 628.8565 5.0448794
5307 26 578.729 14.064826
5307 26 578.729 14.064826
5308 25 543.9959 49.080074
5308 25 543.9959 49.080074
5310 28 588.91675 11.292845
5310 28 588.91675 11.292845
5311 27 599.7721 9.243012
5335 38 810.6269 21.811474
5354 29 638.15576 57.815704
5355 27 586.31433 53.960876
5367 25 537.36 9.003937
5371 24 518.68774 64.235596
5372 23 502.8163 44.645473
5392 28 609.0403 41.47662
5394 27 568.4185 17.437609
5395 27 574.9808 16.01486
5396 27 577.8424 42.859997
5397 26 561.63385 60.709362
5401 24 518.67114 47.86031
5407 23 505.01614 40.82363
5414 31 658.2647 51.53133
5415 30 651.2557 71.62726
5416 28 613.24786 63.218403
5416 28 613.24786 63.218403
5442 24 512.27826 58.27045
5443 26 550.31744 70.04278
5443 26 550.31744 70.04278
5444 26 565.1551 54.352318
5445 26 567.7445 43.727856
5459 27 585.25507 40.342087
5469 32 678.48663 39.975094
5470 27 570.1738 48.87721
5471 28 593.0175 61.60107
5471 28 593.0175 61.60107
5472 27 589.33167 55.222397
5472 27 589.33167 55.222397
5519 29 620.86743 27.315477
5520 36 778.45215 25.68175
5520 36 778.45215 25.68175
5526 26 563.0602 55.429005
5527 33 712.8457 73.27912
5528 38 820.03174 41.93657
5529 38 806.0483 24.953833
5597 24 515.2604 94.39563
5597 24 515.2604 94.39563
5598 23 504.64902 66.00136
5598 23 504.64902 66.00136
5605 27 582.2652 47.066086
5611 28 605.4904 40.160755
5624 37 801.89905 62.83595
5625 37 794.88025 72.60091
5626 36 779.67053 61.424465
5627 37 782.5816 63.603462
5644 32 692.4855 25.664358
5646 35 759.6988 58.61143
5647 35 753.0972 67.92215
5648 34 737.5953 31.773087
5679 35 757.61536 65.21005
5679 35 757.61536 65.21005
5680 34 744.6529 64.84012
5680 34 744.6529 64.84012
5683 29 620.7301 31.326548
5683 29 620.7301 31.326548
5685 29 632.55206 55.87471
5715 34 730.8059 46.695004
5715 34 730.8059 46.695004
5716 35 747.51404 104.244156
5717 37 781.08496 65.49185
5763 30 654.16376 9.5339775
5776 30 650.9356 73.38784
5777 29 633.5132 59.98227
5778 36 779.7415 56.565918
5778 36 779.7415 56.565918
5779 35 759.70166 73.12305
5779 35 759.70166 73.12305
5780 35 749.43066 60.51949
5780 35 749.43066 60.51949
5781 35 750.0289 48.09405
5781 35 750.0289 48.09405
5782 35 753.4263 23.242683
5782 35 753.4263 23.242683
5789 33 715.473 15.3320675
5802 37 802.9375 9.67415
5803 36 784.3638 25.914299
5806 35 761.30646 47.151596
5806 35 761.30646 47.151596
5807 34 744.2778 69.30991
5807 34 744.2778 69.30991
5808 33 717.9627 48.522877
5812 29 620.55884 80.95869
5814 33 702.50354 21.314636
5829 36 767.4972 13.320002
5835 30 642.33167 11.655412
5840 36 776.67615 32.29163
5841 36 772.2588 17.481339
5847 29 635.2708 28.554007
5848 29 626.1802 63.637604
5854 38 826.1225 36.361027
5863 35 759.9375 38.01391
5865 35 764.07074 17.26508
5870 42 894.7163 22.66649
5871 32 687.5553 18.099842
5873 32 674.5386 25.95141
5874 31 677.25024 42.447086
5879 30 629.5305 19.555773
5880 37 801.54736 27.64637
5880 37 801.54736 27.64637
5881 36 776.2638 31.555838
5881 36 776.2638 31.555838
5885 40 861.73145 25.618563
5912 37 796.17535 41.48706
5913 37 795.28326 31.766981
5913 37 795.28326 31.766981
5917 35 753.13226 14.697808
5922 36 772.24976 70.187416
5923 36 779.545 76.60429
5924 44 955.2347 55.395947
5951 31 669.23694 31.155046
5951 31 669.23694 31.155046
5963 35 753.5446 56.465843
5963 35 753.5446 56.465843
5964 35 753.71265 47.5412
5964 35 753.71265 47.5412
5965 34 740.5629 30.533237
5965 34 740.5629 30.533237
5966 33 714.81396 20.176332
5974 39 845.3448 25.531996
5975 38 823.45935 65.2046
5994 35 750.4306 13.221189
5994 35 750.4306 13.221189
5995 34 737.9409 24.07421
5995 34 737.9409 24.07421
6001 32 696.78314 19.438057
6026 33 703.9464 64.28488
6027 42 901.2229 55.611668
6046 29 622.85425 54.391804
6046 29 622.85425 54.391804
6047 29 624.78284 49.26724
6047 29 624.78284 49.26724
6053 36 772.19965 29.61608
6054 35 758.96985 34.33684
6054 35 758.96985 34.33684
6055 35 752.02325 12.936289
6067 40 864.3122 8.433233
6068 38 823.9631 7.3914123
6068 38 823.9631 7.3914123
6074 44 947.8586 47.590473
6075 45 958.8072 61.7858
6075 45 958.8072 61.7858
6076 24 509.6531 55.44094
6076 24 509.6531 55.44094
6077 36 777.0749 8.529508
6077 36 777.0749 8.529508
6092 43 930.92316 9.215408
6092 43 930.92316 9.215408
6107 33 716.1921 34.278294
6108 33 712.90454 22.241451
6132 35 761.06366 35.206455
6132 35 761.06366 35.206455
6133 41 894.4889 36.160988
6133 41 894.4889 36.160988
6149 31 669.2516 31.294342
6149 31 669.2516 31.294342
6150 32 677.4317 61.72308
6150 32 677.4317 61.72308
6151 32 688.8442 81.67759
6151 32 688.8442 81.67759
6152 32 695.5914 77.51896
6152 32 695.5914 77.51896
6153 32 697.14514 89.57112
6153 32 697.14514 89.57112
6154 32 689.2603 84.41299
6155 31 670.7356 63.118942
6160 34 733.5658 53.470707
6165 33 708.0752 27.712915
6165 33 708.0752 27.712915
6166 33 710.5384 36.58477
6178 34 728.93427 46.757484
6178 34 728.93427 46.757484
6179 33 721.52765 47.161472
6179 33 721.52765 47.161472
6183 34 731.20856 56.057926
6184 33 717.5 66.07095
6184 33 717.5 66.07095
6185 33 711.1227 11.179001
6195 35 753.57947 20.917517
6196 36 773.66113 80.51069
6197 35 763.6057 69.535065
6197 35 763.6057 69.535065
6198 34 738.5514 37.395077
6198 34 738.5514 37.395077
6208 34 733.6395 31.330387
6209 35 750.07935 44.818134
6210 42 908.97375 41.44037
6229 29 615.7529 66.33787
6231 30 641.52405 56.877705
6231 30 641.52405 56.877705
6232 31 663.4173 70.82206
6232 31 663.4173 70.82206
6233 32 688.01184 90.43638
6233 32 688.01184 90.43638
6234 32 693.19946 35.23962
6237 34 729.6065 97.13905
6237 34 729.6065 97.13905
6238 34 733.7877 119.05584
6238 34 733.7877 119.05584
6239 34 738.9213 77.04559
6239 34 738.9213 77.04559
6240 33 721.4525 15.164066
6240 33 721.4525 15.164066
6242 36 770.508 37.144653
6242 36 770.508 37.144653
6243 36 768.7905 38.183945
6243 36 768.7905 38.183945
6258 46 993.2206 42.041435
6272 36 777.9067 58.439457
6273 36 769.5035 38.327568
6275 34 724.584 11.82161
6276 34 733.2814 42.43067
6288 36 796.5787 21.405994
6288 36 796.5787 21.405994
6289 35 759.6858 68.71131
6289 35 759.6858 68.71131
6290 34 738.6768 22.710266
6312 38 823.6583 15.721447
6321 33 702.2109 26.647778
6322 35 744.49335 31.218918
6323 36 773.63116 39.386578
6358 34 739.5254 33.7023
6359 33 713.88983 55.200867
6359 33 713.88983 55.200867
6370 35 756.96564 45.93006
6370 35 756.96564 45.93006
6380 30 649.2673 21.49498
6441 36 777.41504 40.461845
6441 36 777.41504 40.461845
6443 38 828.82104 45.7171
6444 37 814.18396 36.94637
6444 37 814.18396 36.94637
6450 35 756.912 55.139675
6451 36 769.1146 86.805435
6452 37 791.8179 102.414955
6453 37 795.6687 95.49386
6454 36 790.05286 74.52961
6455 36 776.037 68.79489
6456 35 757.98047 26.956295
6458 43 933.401 43.904892
6460 41 887.332 15.864154
6464 38 834.78064 39.453102
6465 37 799.9246 31.559053
6478 23 501.96912 36.543774
6479 35 748.22186 55.052406
6479 35 748.22186 55.052406
6480 35 755.86035 63.09765
6481 36 767.40857 62.285072
6482 36 778.9361 39.627384
6490 30 653.2152 49.633507
6491 28 610.769 48.640247
6499 36 766.5874 28.590273
6514 34 732.5193 46.293995
6515 32 701.11414 45.726105
6515 32 701.11414 45.726105
6518 33 714.1174 36.110786
6519 33 709.6734 36.30445
6520 32 701.72406 26.135551
6537 33 696.7606 23.734753
6538 32 694.3936 71.8493
6539 32 690.9538 51.584312
6542 32 689.7072 38.5445
6543 29 635.1518 50.091213
6543 29 635.1518 50.091213
6553 24 511.70914 52.027634
6553 24 511.70914 52.027634
6555 34 734.8541 55.279877
6555 34 734.8541 55.279877
6556 33 718.92285 94.18296
6556 33 718.92285 94.18296
6557 32 691.7821 72.18797
6557 32 691.7821 72.18797
6559 38 821.42316 37.839954
6559 38 821.42316 37.839954
6569 33 699.64624 39.850132
6593 33 707.201 40.557583
6623 30 651.32855 23.198153
6623 30 651.32855 23.198153
6624 38 827.8891 39.6788
6624 38 827.8891 39.6788
6625 37 806.8242 76.835754
6626 36 785.1274 79.48159
6627 35 755.52185 91.48117
6628 34 740.35175 96.653854
6629 34 739.22253 88.73452
6629 34 739.22253 88.73452
6636 33 713.66125 36.610073
6637 31 680.41034 13.471854
6652 41 883.0177 67.66491
6653 41 878.0434 59.487778
6665 35 760.1938 30.621983
6665 35 760.1938 30.621983
6667 35 765.8122 30.027372
6668 34 737.97156 45.92794
6668 34 737.97156 45.92794
6669 33 724.72784 24.156801
6669 33 724.72784 24.156801
6681 31 655.65027 31.99908
6682 32 676.85394 53.132996
6682 32 676.85394 53.132996
6683 33 699.98334 60.48189
6684 33 712.48474 32.115715
6705 34 737.7816 38.888775
6705 34 737.7816 38.888775
6712 34 727.9356 26.16241
6715 34 717.682 37.323376
6715 34 717.682 37.323376
6716 33 716.732 71.71212
6726 36 765.4341 33.573883
6727 34 734.2429 65.918396
6728 31 670.36914 32.847427
6753 33 713.2833 50.25124
6754 41 880.95886 46.546722
6755 41 869.72766 35.38878
6756 34 720.3948 36.789825
6756 34 720.3948 36.789825
6759 31 664.95575 47.28484
6767 33 705.7803 58.666954
6768 32 691.6328 78.076584
6769 31 670.31946 15.728937
6786 39 841.9857 30.627132
6786 39 841.9857 30.627132
6855 32 699.78467 34.34507
6856 32 692.79486 58.278255
6858 31 670.63806 35.129776
6870 26 560.97675 12.683641
6870 26 560.97675 12.683641
6871 37 798.5209 63.48338
6871 37 798.5209 63.48338
6872 35 762.86096 43.92889
6872 35 762.86096 43.92889
6873 44 953.7321 46.716846
6897 32 668.2541 34.49114
6897 32 668.2541 34.49114
6898 32 689.6695 52.26059
6898 32 689.6695 52.26059
6902 31 667.6896 38.88835
6903 31 665.8045 35.47139
6903 31 665.8045 35.47139
6917 40 866.66974 16.601198
6918 29 632.19434 60.52807
6945 36 785.70184 24.352629
6946 33 721.30817 38.533653
6946 33 721.30817 38.533653
6947 31 674.1731 70.04817
6947 31 674.1731 70.04817
6948 29 628.479 87.163155
6948 29 628.479 87.163155
6949 28 607.2367 74.350586
6949 28 607.2367 74.350586
6962 31 668.2326 21.652193
6963 42 898.76654 7.793344
6985 32 693.71246 86.79194
6990 39 853.2117 11.317051
6990 39 853.2117 11.317051
7014 28 591.7761 4.323561
7014 28 591.7761 4.323561
7016 38 831.12024 6.991642
7022 28 605.3569 106.11838
7023 28 602.3014 42.051636
7023 28 602.3014 42.051636
7024 35 759.13776 33.743073
7024 35 759.13776 33.743073
7025 33 714.61664 41.900394
7025 33 714.61664 41.900394
7026 31 677.1929 35.656452
7027 31 664.96844 12.842465
7029 43 921.747 4.1866193
7048 32 685.97174 52.51452
7048 32 685.97174 52.51452
7049 31 676.33307 40.373493
7056 33 712.00867 65.08609
7057 33 713.11414 60.343307
7063 33 713.90533 88.67836
7064 32 696.8908 71.08263
7064 32 696.8908 71.08263
7065 32 691.48804 7.417781
7065 32 691.48804 7.417781
7066 35 750.43756 6.47568
7068 39 840.2644 9.920837
7068 39 840.2644 9.920837
7085 28 608.2838 67.85324
7085 28 608.2838 67.85324
7091 39 837.72974 3.5068808
7091 39 837.72974 3.5068808
7095 25 534.5835 37.93114
7096 24 525.6138 66.62055
7106 26 566.69006 54.73165
7107 36 784.29285 42.62154
7107 36 784.29285 42.62154
7108 33 720.74884 50.88544
7110 30 649.8384 41.06653
7111 39 850.2298 11.924051
7111 39 850.2298 11.924051
7112 29 618.78076 12.826284
7112 29 618.78076 12.826284
7113 30 637.08966 2.0246787
7113 30 637.08966 2.0246787
7127 32 687.9111 30.369848
7128 40 872.4607 32.443813
7128 40 872.4607 32.443813
7131 35 738.2823 30.221111
7131 35 738.2823 30.221111
7132 35 753.0389 47.68193
7132 35 753.0389 47.68193
7133 45 982.0888 47.08896
7134 44 955.28973 33.827847
7159 35 743.4828 64.19377
7159 35 743.4828 64.19377
7160 34 740.44794 44.36648
7160 34 740.44794 44.36648
7161 44 950.3421 56.538204
7162 43 931.20984 72.27958
7163 32 691.9555 40.57936
7164 32 688.505 13.959251
7178 30 650.1606 33.018543
7178 30 650.1606 33.018543
7192 34 732.19 49.794773
7192 34 732.19 49.794773
7193 43 928.7742 39.660603
7200 40 856.23395 12.05039
7200 40 856.23395 12.05039
7215 30 639.4298 70.0127
7216 29 639.8661 78.06451
7217 29 623.6219 68.01253
7224 37 791.7594 40.470875
7225 36 778.1068 22.474773
7250 33 713.45483 12.858115
7251 31 675.07965 52.47778
7252 29 633.94446 67.05843
7273 40 854.8063 12.585177
7278 26 556.6727 61.838436
7278 26 556.6727 61.838436
7292 29 621.0691 49.218697
7293 29 621.2527 109.42138
7294 28 608.3806 68.94364
7316 38 818.2194 28.566698
7316 38 818.2194 28.566698
7317 37 802.56635 73.1483
7317 37 802.56635 73.1483
7318 36 781.92505 53.64351
7320 45 982.33575 53.449303
7321 45 971.53564 36.880566
7326 29 627.91003 65.48519
7327 29 623.4293 64.88695
7327 29 623.4293 64.88695
7341 41 887.0712 8.233971
7341 41 887.0712 8.233971
7351 35 756.09656 75.57072
7351 35 756.09656 75.57072
7352 33 719.9815 47.911846
7352 33 719.9815 47.911846
7353 33 709.14087 9.983386
7353 33 709.14087 9.983386
7372 37 801.1233 61.28558
7372 37 801.1233 61.28558
7377 28 608.95746 32.085873
7387 28 603.5138 56.09924
7387 28 603.5138 56.09924
7388 28 604.6291 55.72143
7388 28 604.6291 55.72143
7420 31 677.28296 73.056114
7420 31 677.28296 73.056114
7421 29 629.0878 58.283825
7422 36 777.6436 36.80288
7422 36 777.6436 36.80288
7423 35 757.84375 64.28987
7423 35 757.84375 64.28987
7424 34 739.89813 60.043087
7424 34 739.89813 60.043087
7425 33 722.484 36.409977
7425 33 722.484 36.409977
7426 33 710.13885 15.833154
7443 25 544.42615 57.22205
7443 25 544.42615 57.22205
7444 24 531.2788 61.494324
7444 24 531.2788 61.494324
7445 24 519.66644 77.03031
7445 24 519.66644 77.03031
7479 39 848.6659 63.65214
7479 39 848.6659 63.65214
7483 37 807.9393 39.282253
7490 24 510.88773 45.71118
7490 24 510.88773 45.71118
7492 34 736.55426 69.268776
7492 34 736.55426 69.268776
7493 33 722.26434 41.096188
7493 33 722.26434 41.096188
7494 34 720.7937 13.446689
7512 33 716.9944 52.0613
7513 31 680.0254 59.20584
7540 32 678.8283 54.505272
7541 32 685.4201 53.397736
7542 33 698.0295 58.901966
7542 33 698.0295 58.901966
7543 33 708.5892 40.738804
7543 33 708.5892 40.738804
7551 31 668.4113 47.061707
7551 31 668.4113 47.061707
7552 31 668.4302 65.849045
7552 31 668.4302 65.849045
7578 36 776.864 41.300755
7585 24 517.4942 54.439728
7586 26 556.12427 59.680008
7587 27 578.5382 75.11858
7588 27 583.71686 70.94186
7589 26 563.2519 71.570564
7590 25 540.96265 72.64202
7608 29 620.49615 79.845
7609 29 622.8699 68.42411
7614 24 512.45447 40.35322
7615 25 535.93274 40.772827
7615 25 535.93274 40.772827
7616 26 553.0613 69.61014
7616 26 553.0613 69.61014
7617 26 557.1394 44.509956
7617 26 557.1394 44.509956
7633 46 983.084 50.6016
7635 40 852.8712 54.556126
7635 40 852.8712 54.556126
7636 28 598.1799 43.17108
7654 29 620.5789 75.30641
7662 33 713.70087 17.921234
7662 33 713.70087 17.921234
7681 32 694.3148 40.059334
7681 32 694.3148 40.059334
7703 23 502.29645 53.09528
7709 30 646.7939 67.23323
7710 28 614.74097 52.894806
7711 43 929.18994 36.868248
7711 43 929.18994 36.868248
7740 28 600.90967 55.764828
7740 28 600.90967 55.764828
7741 27 583.86896 58.6038
7741 27 583.86896 58.6038
7751 32 690.97986 54.492184
7751 32 690.97986 54.492184
7752 45 978.0892 33.64563
7752 45 978.0892 33.64563
7753 30 642.0876 28.6454
7755 28 613.05334 44.771038
7766 36 772.24615 34.50264
7766 36 772.24615 34.50264
7769 24 513.4766 45.44374
7782 27 594.9246 66.94513
7782 27 594.9246 66.94513
7784 34 740.7031 41.74692
7785 32 694.82806 50.964714
7785 32 694.82806 50.964714
7786 29 632.55475 37.874424
7786 29 632.55475 37.874424
7791 28 611.4072 60.998142
7791 28 611.4072 60.998142
7798 27 582.7345 65.71753
7799 26 566.4587 41.423973
7800 25 545.1449 42.521152
7801 24 523.3785 31.776
7812 43 921.6017 15.347381
7840 43 936.4907 27.937555
7840 43 936.4907 27.937555
7845 42 899.6566 18.12051
7846 42 899.61725 8.891534
7851 39 841.8463 51.49679
7851 39 841.8463 51.49679
7864 43 908.0606 4.1222444
7865 46 995.6445 5.9024615
7866 24 517.705 37.870605
7866 24 517.705 37.870605
7876 25 545.7958 33.193768
7884 27 597.71936 18.463413
7885 39 838.96515 47.15335
7886 37 807.7959 59.628464
7887 37 796.818 10.122209
7892 25 538.45105 49.29027
7892 25 538.45105 49.29027
7898 37 792.5894 31.876326
7924 44 948.21936 10.702204
7940 25 535.78735 62.90612
7940 25 535.78735 62.90612
7941 31 667.0333 51.81934
7941 31 667.0333 51.81934
7942 36 773.4593 44.607582
7942 36 773.4593 44.607582
7943 36 769.8183 43.667698
7943 36 769.8183 43.667698
7944 29 637.60266 26.914814
7945 28 610.4978 9.102595
7945 28 610.4978 9.102595
7952 45 976.659 19.55166
7955 44 952.0696 20.992043
7955 44 952.0696 20.992043
7956 44 947.6661 16.246246
7956 44 947.6661 16.246246
7957 43 936.5415 13.062719
7957 43 936.5415 13.062719
7960 44 937.07996 24.55076
7960 44 937.07996 24.55076
7974 42 915.11584 25.159657
7974 42 915.11584 25.159657
7975 42 903.0369 26.866785
7975 42 903.0369 26.866785
7976 24 509.25128 33.53053
7976 24 509.25128 33.53053
7977 24 510.3294 27.105013
7977 24 510.3294 27.105013
7983 25 538.8726 44.637684
7983 25 538.8726 44.637684
7984 30 651.8655 64.038155
7985 35 755.8636 44.768215
7985 35 755.8636 44.768215
7986 34 742.37213 38.62456
7986 34 742.37213 38.62456
7987 34 731.7053 40.333225
7987 34 731.7053 40.333225
7988 33 720.7164 34.820873
7988 33 720.7164 34.820873
8026 24 520.9691 62.586933
8026 24 520.9691 62.586933
8027 29 627.86334 59.483646
8027 29 627.86334 59.483646
8028 34 736.6519 56.79556
8032 37 807.4514 35.396454
8032 37 807.4514 35.396454
8033 37 793.44745 25.967058
8033 37 793.44745 25.967058
8036 37 791.27783 3.8262212
8039 36 787.4996 2.8744144
8057 24 512.0956 62.07062
8071 37 792.4767 33.18954
8071 37 792.4767 33.18954
8083 28 601.99396 49.14062
8084 27 585.4537 48.793163
8084 27 585.4537 48.793163
8085 26 569.08 29.00308
8103 24 517.50024 17.590721
8103 24 517.50024 17.590721
8104 45 977.99677 11.122388
8104 45 977.99677 11.122388
8105 45 971.49133 7.5888267
8119 32 679.90076 29.157776
8119 32 679.90076 29.157776
8120 40 853.0274 32.727108
8120 40 853.0274 32.727108
8121 29 609.4437 37.608833
8133 27 580.94666 16.63408
8134 27 583.8673 21.473671
8134 27 583.8673 21.473671
8171 30 666.7655 22.6927
8175 36 786.06616 24.39419
8179 35 763.9812 18.06577
8217 28 598.4732 68.75015
8217 28 598.4732 68.75015
8218 28 604.866 30.818624
8225 35 750.6478 36.402294
8225 35 750.6478 36.402294
8237 27 579.332 14.903643
8237 27 579.332 14.903643
8248 26 565.72473 35.500767
8248 26 565.72473 35.500767
8249 26 560.61084 19.244793
8249 26 560.61084 19.244793
8267 23 501.80777 26.37682
8295 27 583.343 69.91267
8295 27 583.343 69.91267
8296 26 568.05835 43.022488
8297 39 836.3831 31.423609
8297 39 836.3831 31.423609
8298 32 694.3633 32.245598
8299 25 543.2095 9.908809
8299 25 543.2095 9.908809
8310 30 649.3464 51.456852
8310 30 649.3464 51.456852
8311 35 756.51764 28.113026
8312 45 974.7135 26.766682
8317 30 635.324 13.975868
8317 30 635.324 13.975868
8329 40 859.94763 17.81629
8329 40 859.94763 17.81629
8331 46 983.3387 12.47834
8368 28 604.9209 34.390274
8416 27 583.57886 40.160625
8416 27 583.57886 40.160625
8433 23 509.01306 41.759342
8433 23 509.01306 41.759342
8509 24 514.14606 55.89571
8510 25 524.70776 58.680782
8511 25 539.9754 56.976284
8511 25 539.9754 56.976284
8512 25 539.8425 53.043877
8512 25 539.8425 53.043877
8513 24 522.6807 44.475845
8513 24 522.6807 44.475845
8524 27 582.43665 43.81422
8525 27 578.97546 39.52364
8528 27 575.0557 31.835287
8528 27 575.0557 31.835287
8529 27 577.0543 23.295784
8529 27 577.0543 23.295784
8552 24 515.97906 51.8498
8581 29 625.0519 50.58266
8581 29 625.0519 50.58266
8582 32 699.34045 47.749477
8582 32 699.34045 47.749477
8583 41 886.2367 29.831774
8584 40 865.5353 22.121656
8585 30 637.41064 21.037642
8585 30 637.41064 21.037642
8608 25 543.2087 38.54526
8608 25 543.2087 38.54526
8609 24 526.8847 58.42997
8609 24 526.8847 58.42997
8610 24 515.7987 64.38252
8610 24 515.7987 64.38252
8611 23 503.6766 76.75159
8611 23 503.6766 76.75159
8612 23 502.50262 75.00151
8612 23 502.50262 75.00151
8613 45 984.4117 26.965912
8613 45 984.4117 26.965912
8649 25 530.97363 100.05832
8650 25 534.1947 70.23107
8651 30 649.1015 60.782536
8651 30 649.1015 60.782536
8652 29 634.69 41.4486
8674 37 806.424 36.272453
8674 37 806.424 36.272453
8694 23 500.75998 38.36087
8719 23 500.5475 16.631641
8719 23 500.5475 16.631641
8720 23 502.6205 22.01477
8720 23 502.6205 22.01477
8754 40 864.6474 15.259257
8793 30 638.60175 69.283295
8793 30 638.60175 69.283295
8794 29 636.6198 47.977955
8794 29 636.6198 47.977955
8818 45 968.6819 26.939728
8819 44 954.74036 36.14405
8820 44 951.516 40.898174
8821 25 536.1476 65.36831
8822 24 527.35535 57.719147
8822 24 527.35535 57.719147
8823 23 510.8619 24.00415
8823 23 510.8619 24.00415
8824 23 503.50812 30.220125
8824 23 503.50812 30.220125
8826 32 705.2016 2.6577854
8873 29 630.9299 47.82975
8874 29 620.8119 22.474316
8874 29 620.8119 22.474316
8883 33 706.39746 50.49673
8885 33 707.64886 43.584476
8892 31 666.1695 43.564754
8892 31 666.1695 43.564754
8893 30 660.4442 36.22416
8893 30 660.4442 36.22416
8898 36 794.6008 13.579068
8899 35 757.1572 62.498005
8900 42 908.8248 44.881634
8900 42 908.8248 44.881634
8904 39 836.6278 40.79634
8904 39 836.6278 40.79634
8909 38 817.3495 32.99953
8909 38 817.3495 32.99953
8910 38 823.9662 38.193188
8910 38 823.9662 38.193188
8923 33 703.1063 30.370472
8925 35 748.8002 48.71462
8936 37 789.20905 9.311723
8938 41 893.3297 15.574972
8939 28 621.927 31.07114
8939 28 621.927 31.07114
8940 27 588.01624 43.622856
8940 27 588.01624 43.622856
8941 25 549.3357 21.83462
8942 32 698.7953 18.36147
8942 32 698.7953 18.36147
8943 33 699.422 9.217388
8943 33 699.422 9.217388
8944 27 578.59503 3.3882315
8949 36 782.17883 4.416354
8958 43 926.60345 14.071181
8959 43 927.22455 7.9799185
8959 43 927.22455 7.9799185
8968 43 924.6541 2.8025763
8968 43 924.6541 2.8025763
8975 41 883.02527 3.2502854
8990 46 984.246 8.661766
8990 46 984.246 8.661766
8991 46 986.4011 7.3279066
8992 46 986.0814 5.358087
9006 40 857.3059 7.067313
9032 25 537.8851 42.621716
9034 24 526.11536 47.16413
9052 39 838.64764 34.533035
9052 39 838.64764 34.533035
9053 40 854.99225 20.885303
9065 44 949.6534 5.0783
9065 44 949.6534 5.0783
9080 37 796.37115 33.15995
9080 37 796.37115 33.15995
9081 37 797.723 85.13804
9081 37 797.723 85.13804
9082 37 796.39575 78.31522
9083 37 789.1621 26.098461
9085 37 798.68726 91.6752
9086 37 797.57367 69.90676
9086 37 797.57367 69.90676
9100 36 784.2999 6.8450394
9101 36 773.1879 2.8154945
9101 36 773.1879 2.8154945
9105 37 802.73114 55.05804
9105 37 802.73114 55.05804
9106 36 781.594 86.08497
9106 36 781.594 86.08497
9107 35 761.6364 29.177467
9107 35 761.6364 29.177467
9109 30 636.00604 12.180741
9109 30 636.00604 12.180741
9110 29 628.76886 60.30791
9117 31 674.83154 11.250982
9117 31 674.83154 11.250982
9120 30 652.7423 50.66923
9120 30 652.7423 50.66923
9121 40 858.7963 10.202819
9121 40 858.7963 10.202819
9131 36 788.0967 7.3637495
9141 30 641.45764 2.172577
9142 31 667.6649 12.426289
9156 24 525.88495 42.275864
9156 24 525.88495 42.275864
9157 24 516.5159 88.63003
9157 24 516.5159 88.63003
9163 24 520.52026 41.497906
9163 24 520.52026 41.497906
9177 33 701.34827 44.904182
9177 33 701.34827 44.904182
9178 33 706.0605 29.220148
9181 30 653.32404 46.743954
9181 30 653.32404 46.743954
9182 30 645.05865 33.129177
9182 30 645.05865 33.129177
9188 46 988.38934 4.9245954
9194 33 725.739 45.951767
9194 33 725.739 45.951767
9195 33 707.1511 118.373436
9195 33 707.1511 118.373436
9196 33 706.50415 103.36148
9197 33 704.2719 85.062195
9198 33 707.88794 73.55899
9199 33 708.48254 30.733541
9199 33 708.48254 30.733541
9206 35 760.33655 45.84713
9206 35 760.33655 45.84713
9212 30 646.27765 10.325069
9212 30 646.27765 10.325069
9231 32 681.52734 35.915348
9231 32 681.52734 35.915348
9233 31 670.08124 34.590958
9243 32 684.78107 64.56487
9244 31 672.0822 58.113964
9258 30 645.7841 57.2726
9259 29 631.1184 79.833664
9274 46 996.49304 22.791367
9298 28 598.3302 41.872406
9298 28 598.3302 41.872406
9299 28 598.19073 62.031647
9299 28 598.19073 62.031647
9300 43 919.2367 21.031115
9300 43 919.2367 21.031115
9322 39 852.24854 27.80799
9322 39 852.24854 27.80799
9325 42 910.10675 32.617702
9325 42 910.10675 32.617702
9329 32 699.04846 16.840223
9329 32 699.04846 16.840223
9330 41 881.8024 46.720596
9330 41 881.8024 46.720596
9331 40 865.7404 30.582577
9335 32 693.36646 41.6202
9335 32 693.36646 41.6202
9336 42 909.2865 60.27282
9336 42 909.2865 60.27282
9337 31 670.9841 26.684956
9337 31 670.9841 26.684956
9342 32 685.61035 24.402302
9342 32 685.61035 24.402302
9343 41 891.2913 24.421185
9362 30 653.5272 15.67497
9362 30 653.5272 15.67497
9363 37 800.9698 13.256582
9363 37 800.9698 13.256582
9366 35 759.7112 22.993511
9366 35 759.7112 22.993511
9367 35 760.7458 10.73861
9376 38 822.3065 12.56639
9376 38 822.3065 12.56639
9383 30 650.21643 32.365566
9384 37 804.86786 13.354979
9384 37 804.86786 13.354979
9391 30 644.7504 4.228462
9391 30 644.7504 4.228462
9392 38 830.0295 3.6950982
9392 38 830.0295 3.6950982
9393 37 799.82715 25.75428
9393 37 799.82715 25.75428
9394 37 801.38824 45.36571
9394 37 801.38824 45.36571
9395 38 808.7204 43.492725
9395 38 808.7204 43.492725
9402 30 655.07104 30.331604
9402 30 655.07104 30.331604
9413 30 649.5925 43.206837
9414 39 842.3464 36.947395
9432 33 714.4016 16.044083
9432 33 714.4016 16.044083
9433 34 729.1566 22.840918
9434 35 750.0594 10.951603
9434 35 750.0594 10.951603
9438 33 714.90326 50.222816
9438 33 714.90326 50.222816
9439 32 694.80536 51.556694
9444 32 691.93085 58.346325
9445 32 686.7268 32.004883
9448 34 723.6788 45.55418
9449 35 742.08636 55.960934
9450 35 747.5271 38.802635
9450 35 747.5271 38.802635
9453 34 728.0266 27.714869
9454 34 730.7179 34.350704
9454 34 730.7179 34.350704
9455 33 714.0628 14.002052
9455 33 714.0628 14.002052
9461 39 859.76117 10.665267
9475 29 628.5646 14.947827
9479 30 646.827 78.96535
9480 29 632.9851 59.79521
9480 29 632.9851 59.79521
9488 30 651.4256 52.87032
9488 30 651.4256 52.87032
9489 30 640.9241 34.15226
9489 30 640.9241 34.15226
9496 31 667.887 34.246204
9497 39 844.30225 47.48976
9497 39 844.30225 47.48976
9498 39 845.15076 54.921356
9499 38 831.1522 31.775932
9503 30 638.5617 17.089443
9503 30 638.5617 17.089443
9504 39 840.449 41.991966
9504 39 840.449 41.991966
9505 38 824.22 25.45512
9505 38 824.22 25.45512
9509 29 631.0076 52.10932
9509 29 631.0076 52.10932
9510 29 627.596 84.08058
9510 29 627.596 84.08058
9515 38 812.6587 45.328762
9515 38 812.6587 45.328762
9530 30 633.11053 25.988703
9530 30 633.11053 25.988703
9531 36 782.3473 48.721424
9531 36 782.3473 48.721424
9555 31 669.3734 29.378204
9555 31 669.3734 29.378204
9556 42 899.02606 51.44518
9557 41 891.8294 39.742573
9610 32 681.798 54.076843
9610 32 681.798 54.076843
9652 33 711.828 63.209934
9652 33 711.828 63.209934
9653 37 808.24634 46.14912
9653 37 808.24634 46.14912
9654 35 764.7422 38.28022
9666 28 609.017 12.690314
9667 36 778.81354 12.056677
9671 30 633.2742 32.675785
9672 30 646.01117 42.07058
9685 31 656.41907 10.36645
9686 31 668.5351 35.124214
9699 32 687.2445 61.109535
9699 32 687.2445 61.109535
9704 43 929.90106 66.59845
9720 37 801.81177 30.496239
9720 37 801.81177 30.496239
9793 36 774.19916 36.98793
9794 34 727.90265 57.330036
9794 34 727.90265 57.330036
9795 34 731.35754 15.503089
9805 28 595.6323 35.12917
9806 27 585.31055 72.06768
9809 38 814.4233 48.46642
9810 37 803.58716 58.829792
9815 36 788.3393 35.05521
9816 36 776.9455 28.989279
9825 27 586.8385 42.887188
9825 27 586.8385 42.887188
9826 27 583.21313 88.57407
9826 27 583.21313 88.57407
9827 27 578.14685 73.06191
9827 27 578.14685 73.06191
9831 33 718.5432 46.81983
9831 33 718.5432 46.81983
9832 32 700.6061 49.00005
9832 32 700.6061 49.00005
9837 33 708.97296 34.31219
9837 33 708.97296 34.31219
9838 32 699.40375 59.903267
9851 38 826.8345 13.36989
9852 38 827.5978 16.486576
9853 37 816.78253 7.880494
9884 28 586.45636 29.554232
9884 28 586.45636 29.554232
9885 37 791.1308 57.003254
9885 37 791.1308 57.003254
9886 37 798.9614 31.589397
9886 37 798.9614 31.589397
9895 29 637.996 4.431598
9896 36 762.56964 2.314186
9896 36 762.56964 2.314186
9900 34 742.63245 27.497334
9901 34 737.11194 36.187897
9904 35 759.361 50.2246
9904 35 759.361 50.2246
9905 37 781.43884 44.43173
9905 37 781.43884 44.43173
9906 37 792.5907 33.31135
9906 37 792.5907 33.31135
9921 34 737.7882 5.727616
9922 35 749.4151 37.952
9922 35 749.4151 37.952
9923 35 752.02747 41.752007
9923 35 752.02747 41.752007
9925 29 616.6276 57.540283
9925 29 616.6276 57.540283
9926 30 641.0996 25.65979
9948 36 780.51355 21.089859
9951 33 717.6287 65.18481
9968 37 800.7128 5.35378
9968 37 800.7128 5.35378
9979 27 568.37195 66.51481
9979 27 568.37195 66.51481
9980 27 579.89294 83.85233
9981 40 866.8222 32.28434
9981 40 866.8222 32.28434
9982 38 823.2767 12.617202
9982 38 823.2767 12.617202
9984 36 780.16724 27.758854
9985 34 740.79987 31.399015
9985 34 740.79987 31.399015
9994 31 659.3214 3.8389072
9995 32 684.94006 31.95609
9996 32 682.2867 54.47899
9997 31 678.10114 39.181892
9998 31 670.87604 6.856011
10012 35 741.35004 9.737947
10012 35 741.35004 9.737947
10013 33 717.4052 30.445545
10013 33 717.4052 30.445545
10015 33 725.7426 52.05045
10015 33 725.7426 52.05045
10016 33 707.2104 74.67565
10016 33 707.2104 74.67565
10017 32 699.6015 52.548477
10017 32 699.6015 52.548477
10039 37 786.178 22.307524
10040 46 983.9518 51.399387
10041 46 988.5199 51.09412
10041 46 988.5199 51.09412
10056 36 780.1454 78.26577
10056 36 780.1454 78.26577
10057 35 759.006 71.3316
10057 35 759.006 71.3316
10058 33 717.6832 36.040764
10058 33 717.6832 36.040764
10063 34 728.35223 24.79832
10064 35 744.9829 50.994267
10064 35 744.9829 50.994267
10065 36 765.1543 40.86489
10065 36 765.1543 40.86489
10066 29 611.9699 56.535416
10067 29 622.57605 82.43146
10068 38 839.4346 3.180682
10072 35 748.3464 31.89894
10073 41 902.12683 38.77709
10078 34 735.1659 36.41588
10079 33 714.49817 37.330673
10083 33 699.9931 15.130968
10092 36 766.9735 35.98759
10092 36 766.9735 35.98759
10093 37 794.6967 25.05587
10093 37 794.6967 25.05587
10106 35 734.35175 54.207695
10106 35 734.35175 54.207695
10107 35 753.2351 51.63201
10107 35 753.2351 51.63201
10108 34 744.15497 28.290733
10108 34 744.15497 28.290733
10109 33 721.2632 11.045893
10109 33 721.2632 11.045893
10112 44 947.8514 19.826246
10112 44 947.8514 19.826246
10122 43 912.9428 39.20912
10122 43 912.9428 39.20912
10123 37 787.6932 38.93407
10123 37 787.6932 38.93407
10124 37 794.5356 16.379467
10124 37 794.5356 16.379467
10153 35 760.74976 10.137848
10153 35 760.74976 10.137848
10154 35 756.25745 6.181622
10158 29 620.08923 43.834206
10159 30 641.9811 32.929066
10169 31 684.64404 42.2189
10169 31 684.64404 42.2189
10174 39 831.2965 11.918681
10174 39 831.2965 11.918681
10175 38 816.7526 10.64884
10175 38 816.7526 10.64884
10176 37 806.6103 11.9718
10176 37 806.6103 11.9718
10178 37 803.53925 11.403408
10178 37 803.53925 11.403408
10186 38 813.80927 4.653727
10186 38 813.80927 4.653727
10192 33 714.0102 35.52133
10192 33 714.0102 35.52133
10214 33 714.31537 54.302227
10214 33 714.31537 54.302227
10215 31 682.5092 41.817757
10215 31 682.5092 41.817757
10220 35 752.37445 63.986435
10220 35 752.37445 63.986435
10221 44 941.8466 59.837914
10221 44 941.8466 59.837914
10222 43 935.00916 41.08574
10222 43 935.00916 41.08574
10233 34 730.14154 28.590641
10233 34 730.14154 28.590641
10234 33 717.02954 33.928898
10234 33 717.02954 33.928898
10235 33 716.2268 18.218527
10235 33 716.2268 18.218527
10251 32 691.9602 28.887123
10251 32 691.9602 28.887123
10252 31 674.55743 22.09041
10267 33 701.2717 31.22984
10267 33 701.2717 31.22984
10281 34 715.2667 11.901682
10281 34 715.2667 11.901682
10282 36 763.27783 26.581423
10282 36 763.27783 26.581423
10283 39 833.8461 23.572088
10283 39 833.8461 23.572088
10284 40 862.6918 18.37175
10284 40 862.6918 18.37175
10287 40 875.91113 29.273523
10287 40 875.91113 29.273523
10288 38 824.76086 32.429165
10288 38 824.76086 32.429165
10289 33 727.033 11.98124
10289 33 727.033 11.98124
10290 33 710.03455 37.722633
10298 36 786.88617 10.942507
10298 36 786.88617 10.942507
10299 36 775.56085 32.60723
10300 35 761.66705 15.600162
10300 35 761.66705 15.600162
10310 37 804.01135 60.712025
10311 36 781.6527 28.59663
10321 29 634.3612 16.223581
10321 29 634.3612 16.223581
10325 33 708.4173 47.39273
10325 33 708.4173 47.39273
10326 43 924.2188 59.214252
10326 43 924.2188 59.214252
10330 33 706.8136 23.84321
10330 33 706.8136 23.84321
10331 33 710.8246 37.2586
10331 33 710.8246 37.2586
10332 31 674.785 13.22162
10332 31 674.785 13.22162
10337 40 842.4779 20.563879
10337 40 842.4779 20.563879
10340 34 731.5518 60.52242
10340 34 731.5518 60.52242
10341 32 700.5619 41.26708
10341 32 700.5619 41.26708
10342 32 683.8767 15.115356
10342 32 683.8767 15.115356
10364 23 504.67953 40.077732
10364 23 504.67953 40.077732
10367 35 755.1882 19.013737
10367 35 755.1882 19.013737
10368 34 734.1801 47.62256
10368 34 734.1801 47.62256
10369 39 849.072 23.154863
10369 39 849.072 23.154863
10370 38 822.5963 17.996117
10370 38 822.5963 17.996117
10378 41 866.12305 25.335814
10378 41 866.12305 25.335814
10379 40 864.7555 32.51969
10379 40 864.7555 32.51969
10394 34 732.5005 27.490057
10395 41 882.4422 27.524652
10397 41 883.5257 16.296629
10397 41 883.5257 16.296629
10398 33 709.5162 11.624074
10398 33 709.5162 11.624074
10403 33 717.6245 99.31151
10403 33 717.6245 99.31151
10404 29 630.04504 21.37885
10404 29 630.04504 21.37885
10405 32 690.8243 11.114218
10432 41 883.0574 21.941332
10434 41 880.5533 25.527857
10435 41 880.1219 23.224073
10436 41 879.4715 24.116238
10437 41 881.3621 20.644133
10437 41 881.3621 20.644133
10439 41 881.65796 17.072046
10440 41 882.1463 19.290049
10441 41 880.9507 19.390734
10441 41 880.9507 19.390734
10447 41 879.47327 17.338203
10450 42 895.3708 25.564512
10451 31 659.51263 29.186235
10452 31 659.0479 25.245003
10453 31 659.17676 19.259521
10454 31 659.64105 17.100183
10454 31 659.64105 17.100183
10457 41 881.08466 9.249627
10457 41 881.08466 9.249627
10465 31 670.5006 39.20634
10465 31 670.5006 39.20634
10468 32 700.22723 23.18438
10468 32 700.22723 23.18438
10472 33 703.76447 48.376793
10472 33 703.76447 48.376793
10473 34 726.8339 37.735565
10473 34 726.8339 37.735565
10477 32 700.49896 21.428679
10477 32 700.49896 21.428679
10484 33 705.7187 23.645206
10484 33 705.7187 23.645206
10485 33 707.6314 13.787364
10485 33 707.6314 13.787364
10486 32 698.5187 13.315016
10486 32 698.5187 13.315016
10487 33 701.632 14.478901
10487 33 701.632 14.478901
10488 27 589.8208 11.24709
10488 27 589.8208 11.24709
10489 33 694.7141 16.807913
10489 33 694.7141 16.807913
10491 33 691.23956 18.84121
10491 33 691.23956 18.84121
10493 32 694.8826 29.317663
10493 32 694.8826 29.317663
10498 32 670.8883 17.288033
10498 32 670.8883 17.288033
10499 32 692.9441 35.598305
10499 32 692.9441 35.598305
10501 33 701.8445 42.956455
10502 32 700.48444 28.653168
10503 32 699.4589 30.8023
10503 32 699.4589 30.8023
10508 27 587.59955 24.13792
10508 27 587.59955 24.13792
10514 41 881.0392 16.504004
10514 41 881.0392 16.504004
10518 31 659.91504 28.947336
10518 31 659.91504 28.947336
10519 31 659.4646 25.747852
10519 31 659.4646 25.747852
10520 31 659.16754 19.55097
10520 31 659.16754 19.55097
10522 27 586.6567 17.245085
10522 27 586.6567 17.245085
10523 27 585.94574 19.734509
10523 27 585.94574 19.734509
10524 27 586.8954 21.756098
10525 27 586.5969 23.700384
10525 27 586.5969 23.700384
10538 33 698.5299 24.934969
10538 33 698.5299 24.934969
10541 27 587.5625 41.555298
10541 27 587.5625 41.555298
10545 27 587.89325 19.58273
10547 32 698.53723 22.493704
10547 32 698.53723 22.493704
10548 31 664.32117 31.295767
10548 31 664.32117 31.295767
10549 31 661.2915 31.076672
10549 31 661.2915 31.076672
10552 31 661.4 13.477773
10552 31 661.4 13.477773
10553 31 659.28876 13.683253
10553 31 659.28876 13.683253
10556 27 587.67755 13.612812
10556 27 587.67755 13.612812
10557 27 586.2743 11.4909725
10557 27 586.2743 11.4909725
10558 41 883.7213 12.829571
10558 41 883.7213 12.829571
10566 33 729.1287 53.812424
10566 33 729.1287 53.812424
10567 32 699.0754 51.513298
10567 32 699.0754 51.513298
10568 33 700.61444 24.670559
10568 33 700.61444 24.670559
10569 32 697.8307 28.811678
10569 32 697.8307 28.811678
10570 35 742.72565 27.793444
10571 32 698.7033 21.80429
10572 34 740.7546 22.063719
10572 34 740.7546 22.063719
10573 32 700.9379 36.456898
10573 32 700.9379 36.456898
10574 32 695.5289 42.553413
10574 32 695.5289 42.553413
10578 33 704.7548 24.85998
10578 33 704.7548 24.85998
10581 32 690.8041 46.17611
10581 32 690.8041 46.17611
10582 33 695.48175 42.387165
10582 33 695.48175 42.387165
10583 31 661.34607 21.50625
10588 27 589.69806 12.507812
10593 41 881.3498 12.321491
10593 41 881.3498 12.321491
10594 41 881.9565 12.132111
10596 32 691.01245 28.596596
10597 32 695.8935 33.553448
10598 33 699.46606 24.289413
10599 33 699.5059 18.116215
10601 32 699.21796 21.427322
10602 32 698.522 20.84875
10603 23 503.2792 23.063992
10604 32 699.0266 19.708574
10606 32 697.28735 18.974062
10606 32 697.28735 18.974062
10621 27 584.1308 15.394781
10621 27 584.1308 15.394781
10622 24 520.90857 16.607697
10622 24 520.90857 16.607697
10628 33 702.8626 25.972422
10628 33 702.8626 25.972422
10631 33 700.2239 20.294317
10631 33 700.2239 20.294317
10632 33 700.0466 21.176752
10632 33 700.0466 21.176752
10636 32 699.40814 25.963865
10637 32 698.4099 25.231894
10638 27 588.1902 22.519182
10638 27 588.1902 22.519182
10641 27 588.3256 20.459297
10642 27 586.4674 20.961432
10643 27 587.55756 23.796335
10644 31 659.95044 24.278719
10645 31 659.90137 36.472134
10650 41 882.9842 15.755593
10650 41 882.9842 15.755593
10663 32 699.19574 21.706816
10664 27 586.85583 27.791973
10665 27 587.0892 29.397856
10665 27 587.0892 29.397856
10666 27 587.0842 31.959831
10667 27 587.294 32.21264
10667 27 587.294 32.21264
10668 27 587.17865 27.028133
10668 27 587.17865 27.028133
10669 27 588.07025 22.387451
10669 27 588.07025 22.387451
10672 32 698.2055 23.963633
10673 32 698.4501 32.273373
10674 31 661.11206 30.571024
10679 27 588.6038 33.01934
10680 27 588.18146 36.02412
10680 27 588.18146 36.02412
10681 27 587.3112 35.83993
10681 27 587.3112 35.83993
10682 27 587.1641 34.358513
10682 27 587.1641 34.358513
10683 27 586.0771 28.797205
10683 27 586.0771 28.797205
10684 27 588.6343 22.96418
10684 27 588.6343 22.96418
10685 27 588.7074 21.008394
10686 31 660.74054 16.28363
10686 31 660.74054 16.28363
10690 33 702.2629 32.63201
10690 33 702.2629 32.63201
10691 33 700.9249 31.222687
10691 33 700.9249 31.222687
10692 32 699.38885 26.63985
10692 32 699.38885 26.63985
10693 32 699.70233 21.762623
10693 32 699.70233 21.762623
10694 32 698.61816 20.087418
10694 32 698.61816 20.087418
10695 32 698.2506 18.96912
10695 32 698.2506 18.96912
10696 27 582.3541 15.722607
10696 27 582.3541 15.722607
10702 41 879.1857 23.634718
10703 41 882.17865 38.374664
10704 40 861.52325 40.9912
10704 40 861.52325 40.9912
10705 41 875.5686 19.22655
10705 41 875.5686 19.22655
10706 41 889.99744 35.91002
10708 41 873.2148 51.01336
10708 41 873.2148 51.01336
10709 41 884.84467 38.284725
10709 41 884.84467 38.284725
10710 41 886.32996 56.204407
10710 41 886.32996 56.204407
10711 40 867.8525 47.70768
10712 40 858.16223 39.823723
10713 27 588.3981 21.66922
10714 27 587.62537 23.834297
10716 27 587.8115 20.552174
10716 27 587.8115 20.552174
10724 32 693.512 18.25085
10724 32 693.512 18.25085
10729 32 695.92004 27.22383
10730 27 586.0481 24.462948
10736 41 882.08496 10.426034
10736 41 882.08496 10.426034
10740 33 701.92175 22.348068
10740 33 701.92175 22.348068
10742 33 699.3118 20.716482
10742 33 699.3118 20.716482
10746 34 743.86017 36.74284
10746 34 743.86017 36.74284
10752 34 733.75684 24.877337
10752 34 733.75684 24.877337
10754 40 863.8598 22.881178
10754 40 863.8598 22.881178
10766 32 692.2626 14.034633
10766 32 692.2626 14.034633
10769 32 701.17755 13.305317
10770 32 693.88885 25.96485
10774 33 700.7002 22.737467
10774 33 700.7002 22.737467
10775 32 697.55835 22.641842
10775 32 697.55835 22.641842
10776 27 590.5404 21.587433
10776 27 590.5404 21.587433
10777 27 588.0977 25.471062
10777 27 588.0977 25.471062
10779 27 587.196 27.215496
10779 27 587.196 27.215496
10780 27 586.7379 23.73865
10780 27 586.7379 23.73865
10781 41 881.82684 25.163094
10781 41 881.82684 25.163094
10782 41 881.2538 33.856647
10782 41 881.2538 33.856647
10788 31 658.34076 27.4173
10788 31 658.34076 27.4173
10791 41 880.8995 22.13627
10792 41 881.13025 22.937151
10797 27 588.2842 23.358288
10797 27 588.2842 23.358288
10798 27 587.9349 24.147556
10798 27 587.9349 24.147556
10802 32 693.5269 29.050396
10802 32 693.5269 29.050396
10806 33 699.9483 15.777978
10808 27 588.15265 28.953709
10808 27 588.15265 28.953709
10809 27 588.2511 29.53426
10809 27 588.2511 29.53426
10810 27 588.9799 32.727417
10810 27 588.9799 32.727417
10816 27 586.29535 23.340647
10816 27 586.29535 23.340647
10817 27 585.6197 24.421358
10817 27 585.6197 24.421358
10819 31 663.84845 30.1931
10819 31 663.84845 30.1931
10820 31 660.8568 28.654743
10820 31 660.8568 28.654743
10821 31 659.84564 24.83214
10821 31 659.84564 24.83214
10825 27 587.16895 23.304527
10825 27 587.16895 23.304527
10828 27 587.6996 26.507524
10829 27 587.3242 30.569366
10829 27 587.3242 30.569366
10830 27 587.8587 36.99741
10830 27 587.8587 36.99741
10831 27 586.42706 37.33816
10832 27 586.7023 34.656597
10833 27 586.6839 32.29945
10833 27 586.6839 32.29945
10836 41 882.0443 58.148483
10836 41 882.0443 58.148483
10837 41 879.0248 42.8679
10837 41 879.0248 42.8679
10839 41 880.8245 34.974743
10839 41 880.8245 34.974743
10840 41 880.1547 54.405296
10840 41 880.1547 54.405296
10844 41 882.5602 42.734688
10844 41 882.5602 42.734688
10846 41 881.0874 48.8028
10846 41 881.0874 48.8028
10848 41 866.1075 23.49067
10848 41 866.1075 23.49067
10853 31 661.6289 29.416338
10853 31 661.6289 29.416338
10860 31 685.5886 21.568975
10860 31 685.5886 21.568975
10862 41 879.33246 12.726202
10862 41 879.33246 12.726202
10864 41 880.8225 11.99016
10864 41 880.8225 11.99016
10865 41 880.5509 10.510033
10865 41 880.5509 10.510033
10866 41 881.0806 8.267928
10866 41 881.0806 8.267928
10867 37 795.1973 14.665572
10867 37 795.1973 14.665572
10868 36 785.7238 15.283229
10868 36 785.7238 15.283229
10869 36 784.1244 13.2932625
10869 36 784.1244 13.2932625
10873 36 785.6859 11.638568
10873 36 785.6859 11.638568
10874 27 590.08307 16.256268
10874 27 590.08307 16.256268
10875 27 588.4812 17.677794
10875 27 588.4812 17.677794
10876 27 584.2307 16.331167
10876 27 584.2307 16.331167
10877 46 989.36084 8.530935
10877 46 989.36084 8.530935
10878 30 653.8736 9.533069
10878 30 653.8736 9.533069
10881 32 689.4448 17.51168
10883 41 880.9409 14.693888
10883 41 880.9409 14.693888
10884 41 880.2745 17.20066
10884 41 880.2745 17.20066
10885 41 880.99506 14.621134
10885 41 880.99506 14.621134
10886 32 690.1681 14.637433
10887 32 691.33527 10.901198
10890 41 881.8472 7.8397384
10890 41 881.8472 7.8397384
10891 41 878.9366 7.774671
10891 41 878.9366 7.774671
10892 32 676.54236 7.0958076
10892 32 676.54236 7.0958076
10893 38 817.8945 23.23447
10893 38 817.8945 23.23447
10896 43 922.2681 43.84408
10896 43 922.2681 43.84408
10897 45 964.62506 29.306892
10897 45 964.62506 29.306892
10916 36 795.43353 28.771145
10916 36 795.43353 28.771145
10921 35 758.73706 9.16065
10921 35 758.73706 9.16065
10925 27 571.378 26.258915
10925 27 571.378 26.258915
10935 36 776.3708 6.9300375
10942 41 867.0406 29.561628
10942 41 867.0406 29.561628
10944 42 921.542 13.2704935
10944 42 921.542 13.2704935
10945 40 866.0278 11.037622
10945 40 866.0278 11.037622
10950 37 781.8743 23.35638
10950 37 781.8743 23.35638
10951 37 800.29443 29.974245
10951 37 800.29443 29.974245
10954 38 815.76416 62.10367
10954 38 815.76416 62.10367
10955 37 802.2458 48.756817
10955 37 802.2458 48.756817
10956 34 739.1503 25.114595
10956 34 739.1503 25.114595
10959 34 730.7118 15.417807
10959 34 730.7118 15.417807
10960 33 711.9176 39.689514
10960 33 711.9176 39.689514
10961 33 707.5953 30.347073
10961 33 707.5953 30.347073
10962 34 720.2144 9.445623
10962 34 720.2144 9.445623
10971 32 688.8362 48.512856
10971 32 688.8362 48.512856
10972 31 677.1202 66.91836
10972 31 677.1202 66.91836
10977 33 708.2904 95.05295
10977 33 708.2904 95.05295
10978 32 697.61304 71.79894
10978 32 697.61304 71.79894
10979 32 695.20386 61.836506
10979 32 695.20386 61.836506
10980 32 691.0948 50.823246
10980 32 691.0948 50.823246
10981 32 694.0421 12.377623
10981 32 694.0421 12.377623
10982 32 692.71857 31.103642
10982 32 692.71857 31.103642
10983 31 683.3026 54.98362
10983 31 683.3026 54.98362
10984 37 803.8193 23.185116
10984 37 803.8193 23.185116
10985 36 777.81726 40.021664
10985 36 777.81726 40.021664
10986 35 764.08997 32.729477
10986 35 764.08997 32.729477
10989 37 799.60645 5.7306037
10989 37 799.60645 5.7306037
10998 28 611.6802 50.089382
10998 28 611.6802 50.089382
11004 38 822.03516 17.506815
11004 38 822.03516 17.506815
11008 27 585.5596 4.3217015
11008 27 585.5596 4.3217015
11010 39 839.4984 20.712969
11010 39 839.4984 20.712969
11011 37 805.9597 37.613636
11011 37 805.9597 37.613636
11018 43 946.24207 15.112561
11018 43 946.24207 15.112561
11019 41 890.47833 38.250927
11019 41 890.47833 38.250927
11020 41 888.2814 32.380424
11020 41 888.2814 32.380424
11021 41 888.21124 25.844503
11021 41 888.21124 25.844503
11022 31 662.5624 6.113092
11022 31 662.5624 6.113092
11023 31 654.49005 25.212257
11023 31 654.49005 25.212257
11024 41 883.94965 47.655224
11024 41 883.94965 47.655224
11034 36 776.94696 25.441368
11034 36 776.94696 25.441368
11050 24 526.3711 6.0521936
11050 24 526.3711 6.0521936
11063 32 686.36786 56.528774
11063 32 686.36786 56.528774
11064 41 885.4231 65.838165
11064 41 885.4231 65.838165
11069 45 977.11096 54.35124
11069 45 977.11096 54.35124
11075 38 818.4434 14.814787
11075 38 818.4434 14.814787
11087 42 888.3637 39.49834
11087 42 888.3637 39.49834
11107 37 777.37213 12.978328
11107 37 777.37213 12.978328
11111 34 728.00446 22.922361
11111 34 728.00446 22.922361
11112 36 771.39935 16.527803
11112 36 771.39935 16.527803
11118 37 811.71796 12.897482
11118 37 811.71796 12.897482
11141 25 552.72656 18.895458
11141 25 552.72656 18.895458
11142 24 522.57385 55.08636
11142 24 522.57385 55.08636
11151 40 865.64825 23.408043
11152 40 860.2593 36.963017
11152 40 860.2593 36.963017
11162 39 852.3243 4.3147173
11162 39 852.3243 4.3147173
11173 35 756.0596 10.8608055
11173 35 756.0596 10.8608055
11180 40 859.34534 36.69073
11214 25 550.5319 27.274334
11215 25 543.2497 64.132225
11215 25 543.2497 64.132225
11222 33 712.8108 15.908669
11233 34 747.7507 20.361986
11233 34 747.7507 20.361986
11234 33 715.30237 55.304268
11234 33 715.30237 55.304268
11235 46 999.6349 24.575071
11235 46 999.6349 24.575071
11236 46 986.53955 23.3606
11236 46 986.53955 23.3606
11237 32 672.78754 15.547158
11237 32 672.78754 15.547158
11261 33 703.3391 1.5657059
11262 34 745.75964 11.140065
11263 33 721.54297 51.346466
11264 33 713.46924 63.789646
11265 33 714.863 39.767067
11265 33 714.863 39.767067
11280 33 711.7013 37.885906
11280 33 711.7013 37.885906
11281 33 709.698 40.542637
11281 33 709.698 40.542637
11282 32 704.0684 70.732
11283 31 679.5009 45.50595
11287 35 756.50616 44.01564
11290 45 967.8731 27.740473
11290 45 967.8731 27.740473
11295 32 682.90326 13.408943
11316 28 602.6147 54.216606
11316 28 602.6147 54.216606
11325 45 984.7805 3.9572878
11325 45 984.7805 3.9572878
11326 42 919.93054 6.554243
11327 26 574.5719 41.206474
11328 25 543.1964 57.743816
11328 25 543.1964 57.743816
11329 23 505.88693 44.938854
11329 23 505.88693 44.938854
11330 34 732.3723 37.251972
11330 34 732.3723 37.251972
11331 33 716.6287 43.26121
11332 44 947.38934 34.242413
11332 44 947.38934 34.242413
11333 33 707.733 41.09752
11333 33 707.733 41.09752
11334 33 705.4313 45.289745
11334 33 705.4313 45.289745
11335 33 705.5399 43.65315
11335 33 705.5399 43.65315
11336 32 693.3394 32.261517
11336 32 693.3394 32.261517
11337 42 903.4052 37.020622
11337 42 903.4052 37.020622
11338 41 886.30743 63.23889
11338 41 886.30743 63.23889
11339 41 883.821 65.20384
11339 41 883.821 65.20384
11340 41 878.0788 56.144993
11341 41 878.0163 35.391014
11341 41 878.0163 35.391014
11372 40 860.0815 8.033816
11372 40 860.0815 8.033816
11380 24 508.67294 51.738518
11380 46 995.43823 19.991825
11380 46 995.43823 19.991825
11381 45 969.63965 20.812191
11404 35 755.63354 16.973066
11404 35 755.63354 16.973066
11405 35 762.0381 13.336372
11405 35 762.0381 13.336372
11415 29 611.7755 45.097927
11415 29 611.7755 45.097927
11416 29 622.29205 82.85486
11416 29 622.29205 82.85486
11417 29 623.9157 79.5834
11417 29 623.9157 79.5834
11418 37 803.8756 75.410416
11418 37 803.8756 75.410416
11419 36 784.52124 74.80077
11419 36 784.52124 74.80077
11420 35 765.0079 40.274143
11420 35 765.0079 40.274143
11429 35 756.2391 38.20925
11429 35 756.2391 38.20925
11430 35 757.198 17.559769
11430 35 757.198 17.559769
11431 35 764.9794 11.979218
11431 35 764.9794 11.979218
11438 35 756.26807 4.266595
11438 35 756.26807 4.266595
11444 34 743.51276 34.919212
11444 34 743.51276 34.919212
11445 33 720.50305 68.46025
11445 33 720.50305 68.46025
11458 42 896.32715 20.95681
11458 42 896.32715 20.95681
11459 32 688.635 28.63182
11459 32 688.635 28.63182
11460 33 704.0828 31.108566
11460 33 704.0828 31.108566
11462 35 757.46893 17.18966
11462 35 757.46893 17.18966
11463 35 755.44965 33.736572
11463 35 755.44965 33.736572
11464 34 744.3295 26.133419
11464 34 744.3295 26.133419
11475 27 578.43756 68.71924
11475 27 578.43756 68.71924
11476 26 564.813 57.911377
11476 26 564.813 57.911377
11477 39 845.06085 21.756437
11477 39 845.06085 21.756437
11487 30 651.253 44.262615
11487 30 651.253 44.262615
11493 33 719.01166 31.33585
11493 33 719.01166 31.33585
11494 39 847.19617 51.365734
11494 39 847.19617 51.365734
11506 30 646.46466 20.86592
11506 30 646.46466 20.86592
11524 33 707.0231 45.514526
11529 33 711.97894 79.43645
11529 33 711.97894 79.43645
11533 44 941.2728 57.6506
11534 34 717.1823 45.79088
11535 34 727.2818 44.62869
11574 37 804.25214 48.43925
11574 37 804.25214 48.43925
11594 29 634.8831 56.63619
11594 29 634.8831 56.63619
11595 29 627.14294 75.24655
11595 29 627.14294 75.24655
11604 37 799.5471 34.029503
11604 37 799.5471 34.029503
11611 31 668.54877 55.809338
11611 31 668.54877 55.809338
11612 30 648.0001 63.648533
11612 30 648.0001 63.648533
11613 39 840.40784 39.606853
11613 39 840.40784 39.606853
11614 38 823.3434 34.063324
11614 38 823.3434 34.063324
11627 37 800.6229 65.57086
11627 37 800.6229 65.57086
11628 36 785.8841 77.35684
11628 36 785.8841 77.35684
11629 36 778.189 31.408087
11629 36 778.189 31.408087
11634 36 780.98334 42.203793
11634 36 780.98334 42.203793
11641 35 765.68634 15.202536
11641 35 765.68634 15.202536
11666 33 690.7127 16.950914
11666 33 690.7127 16.950914
11667 34 723.6397 58.452934
11667 34 723.6397 58.452934
11668 35 748.12256 45.477543
11668 35 748.12256 45.477543
11669 38 810.71136 38.963696
11669 38 810.71136 38.963696
11670 30 641.454 38.303493
11670 30 641.454 38.303493
11671 31 663.64594 63.41831
11671 31 663.64594 63.41831
11672 31 670.35 38.474022
11672 31 670.35 38.474022
11690 46 995.0779 1.7633916
11690 46 995.0779 1.7633916
11694 35 740.53754 22.906048
11694 35 740.53754 22.906048
11695 36 761.66174 64.1369
11695 36 761.66174 64.1369
11696 37 789.6366 84.604355
11696 37 789.6366 84.604355
11697 39 820.9023 37.4858
11697 39 820.9023 37.4858
11698 41 871.9268 35.244473
11698 41 871.9268 35.244473
11699 31 669.09534 52.574265
11699 31 669.09534 52.574265
11702 30 654.6575 29.716114
11702 30 654.6575 29.716114
11703 29 626.5664 62.579315
11703 29 626.5664 62.579315
11709 33 718.97034 21.086664
11709 33 718.97034 21.086664
11724 44 933.37665 45.093212
11724 44 933.37665 45.093212
11725 45 961.82056 57.69175
11726 36 765.03156 55.05081
11726 36 765.03156 55.05081
11727 36 770.51013 48.016537
11727 36 770.51013 48.016537
11745 27 574.9031 67.00123
11745 27 574.9031 67.00123
11750 29 618.24365 65.314285
11750 29 618.24365 65.314285
11751 29 622.82306 95.64311
11752 29 630.5802 66.66411
11752 29 630.5802 66.66411
11762 25 531.60297 40.887398
11763 24 525.33954 60.853466
11771 38 820.62524 51.420155
11771 38 820.62524 51.420155
11772 37 805.5765 60.9179
11772 37 805.5765 60.9179
11773 37 796.4124 49.049797
11773 37 796.4124 49.049797
11782 30 647.01086 58.520332
11782 30 647.01086 58.520332
11783 29 636.55396 53.651974
11783 29 636.55396 53.651974
11784 28 616.1579 42.709156
11786 35 758.46155 38.970074
11796 29 610.03687 58.52396
11796 29 610.03687 58.52396
11814 31 668.8354 56.27507
11814 31 668.8354 56.27507
11815 32 686.1446 65.344925
11815 32 686.1446 65.344925
11816 44 943.5599 52.849422
11816 44 943.5599 52.849422
11817 46 983.469 55.512047
11817 46 983.469 55.512047
11818 36 770.9474 55.025097
11818 36 770.9474 55.025097
11819 37 790.112 28.09693
11819 37 790.112 28.09693
11828 34 721.88873 36.370216
11828 34 721.88873 36.370216
11829 33 721.4441 54.6147
11829 33 721.4441 54.6147
11830 32 697.42596 31.901203
11830 32 697.42596 31.901203
11838 39 834.1482 41.546986
11838 39 834.1482 41.546986
11839 42 894.9329 30.811771
11839 42 894.9329 30.811771
11846 37 807.24664 28.517746
11846 37 807.24664 28.517746
11850 39 842.024 24.538225
11850 39 842.024 24.538225
11851 36 783.39484 42.977802
11851 36 783.39484 42.977802
11852 34 738.8825 42.22518
11852 34 738.8825 42.22518
11855 32 686.05225 36.752304
11855 32 686.05225 36.752304
11856 32 680.9748 34.521034
11856 32 680.9748 34.521034
11858 33 696.4494 22.445421
11858 33 696.4494 22.445421
11869 29 630.5634 76.75542
11869 29 630.5634 76.75542
11903 31 662.40533 25.741913
11903 31 662.40533 25.741913
11904 31 667.9347 70.548294
11904 31 667.9347 70.548294
11905 30 656.235 51.48995
11905 30 656.235 51.48995
11930 37 797.8643 34.89866
11930 37 797.8643 34.89866
11938 38 831.4758 42.102596
11938 38 831.4758 42.102596
11939 37 806.1286 46.60997
11939 37 806.1286 46.60997
11941 36 776.94403 50.283245
11941 36 776.94403 50.283245
11942 37 786.55273 59.628315
11942 37 786.55273 59.628315
11943 37 793.70294 29.74238
11943 37 793.70294 29.74238
11948 38 828.3224 11.941152
11948 38 828.3224 11.941152
11955 25 531.8749 78.09092
11955 25 531.8749 78.09092
11956 24 531.35864 73.573044
11956 24 531.35864 73.573044
11957 34 735.6862 70.85513
11957 34 735.6862 70.85513
11958 33 722.25494 81.24462
11958 33 722.25494 81.24462
11959 43 936.3855 55.447174
11959 43 936.3855 55.447174
11960 43 927.3782 65.71892
11960 43 927.3782 65.71892
11961 43 921.3321 41.79631
11961 43 921.3321 41.79631
11963 43 922.99396 41.48903
11963 43 922.99396 41.48903
11977 30 644.17206 51.624012
11977 30 644.17206 51.624012
11993 37 799.55273 65.435844
11993 37 799.55273 65.435844
11994 37 799.988 78.22983
11994 37 799.988 78.22983
11997 44 957.0673 35.928165
11997 44 957.0673 35.928165
11998 41 889.1635 30.727827
11998 41 889.1635 30.727827
11999 39 849.38025 20.96088
11999 39 849.38025 20.96088
12019 30 643.01996 43.589363
12019 30 643.01996 43.589363
12020 41 875.07654 81.21706
12020 41 875.07654 81.21706
12021 42 893.47736 69.860214
12021 42 893.47736 69.860214
12077 36 777.1779 78.36612
12077 36 777.1779 78.36612
12078 36 778.2873 52.084877
12078 36 778.2873 52.084877
12080 37 791.36346 10.833411
12080 37 791.36346 10.833411
12090 37 805.91394 37.95352
12090 37 805.91394 37.95352
12091 36 781.4643 34.018604
12091 36 781.4643 34.018604
12101 45 974.38226 19.419985
12101 45 974.38226 19.419985
12114 34 741.3494 18.914936
12114 34 741.3494 18.914936
12115 33 717.2791 44.77391
12115 33 717.2791 44.77391
12116 41 892.92834 50.046967
12116 41 892.92834 50.046967
12117 40 866.1445 44.214756
12117 40 866.1445 44.214756
12118 30 635.08356 17.548763
12118 30 635.08356 17.548763
12119 30 651.6087 49.41029
12119 30 651.6087 49.41029
12120 31 656.0381 67.156715
12120 31 656.0381 67.156715
12121 31 670.94 26.867418
12121 31 670.94 26.867418
12125 34 734.42377 40.4844
12125 34 734.42377 40.4844
12126 34 736.29553 65.914604
12126 34 736.29553 65.914604
12127 34 734.65265 44.88689
12127 34 734.65265 44.88689
12132 34 733.1057 18.44477
12132 34 733.1057 18.44477
12133 34 737.7126 14.686412
12133 34 737.7126 14.686412
12146 45 966.3545 10.032198
12146 45 966.3545 10.032198
12147 36 772.3478 10.387677
12147 36 772.3478 10.387677
12149 36 778.79205 47.82892
12149 36 778.79205 47.82892
12150 36 777.2384 64.12262
12150 36 777.2384 64.12262
12151 45 963.5553 46.308403
12151 45 963.5553 46.308403
12169 32 701.6631 40.648453
12169 32 701.6631 40.648453
12175 35 752.63306 21.877192
12175 35 752.63306 21.877192
12182 36 794.2535 22.645098
12182 36 794.2535 22.645098
12183 34 736.44336 33.26105
12183 34 736.44336 33.26105
12202 32 697.5969 32.372272
12202 32 697.5969 32.372272
12203 31 674.3434 68.03448
12203 31 674.3434 68.03448
12204 39 849.2932 77.86206
12204 39 849.2932 77.86206
12206 46 994.2771 57.813828
12206 46 994.2771 57.813828
12207 45 969.59686 50.324013
12207 45 969.59686 50.324013
12208 35 762.0371 24.36584
12208 35 762.0371 24.36584
12213 37 802.1868 9.91437
12213 37 802.1868 9.91437
12214 36 779.673 8.735042
12214 36 779.673 8.735042
12218 36 769.01154 25.730408
12218 36 769.01154 25.730408
12237 37 792.6429 12.756602
12237 37 792.6429 12.756602
12238 29 606.1918 11.25801
12238 29 606.1918 11.25801
12245 35 758.23035 33.71757
12245 35 758.23035 33.71757
12246 34 735.9909 89.399704
12246 34 735.9909 89.399704
12247 33 715.8218 60.932194
12247 33 715.8218 60.932194
12250 32 680.0269 20.570663
12250 32 680.0269 20.570663
12272 32 690.40533 30.442474
12272 32 690.40533 30.442474
12273 32 693.96094 79.84029
12273 32 693.96094 79.84029
12274 32 697.5348 79.424484
12274 32 697.5348 79.424484
12275 31 685.0221 47.21363
12275 31 685.0221 47.21363
12285 30 638.9053 6.3793955
12285 30 638.9053 6.3793955
12286 37 796.72235 59.240204
12286 37 796.72235 59.240204
12287 37 803.3958 58.168274
12287 37 803.3958 58.168274
12288 35 759.69305 10.357556
12288 35 759.69305 10.357556
12300 33 707.36365 38.496296
12300 33 707.36365 38.496296
12301 41 891.83777 60.57308
12301 41 891.83777 60.57308
12302 40 871.7011 32.228355
12302 40 871.7011 32.228355
12306 28 601.3811 28.351986
12306 28 601.3811 28.351986
12307 34 748.4917 35.08004
12307 34 748.4917 35.08004
12308 33 716.447 45.082054
12308 33 716.447 45.082054
12310 32 690.95764 25.479652
12310 32 690.95764 25.479652
12311 33 707.03845 29.080671
12311 33 707.03845 29.080671
12316 35 752.66833 58.961098
12316 35 752.66833 58.961098
12317 41 891.7119 33.76192
12317 41 891.7119 33.76192
12318 32 697.5739 18.835033
12318 32 697.5739 18.835033
12319 32 689.2481 13.713246
12319 32 689.2481 13.713246
12327 28 593.6049 4.8178988
12327 28 593.6049 4.8178988
12334 41 882.3093 10.095844
12334 41 882.3093 10.095844
12338 41 881.6917 11.025838
12338 41 881.6917 11.025838
12339 41 880.19604 13.211075
12339 41 880.19604 13.211075
12347 41 880.3612 11.459151
12347 41 880.3612 11.459151
12350 41 880.4556 9.218054
12350 41 880.4556 9.218054
12351 41 877.86554 9.945342
12351 41 877.86554 9.945342
12355 41 879.9833 12.509111
12355 41 879.9833 12.509111
12364 41 877.37506 12.631807
12364 41 877.37506 12.631807
12392 41 880.8775 9.483527
12392 41 880.8775 9.483527
12403 27 585.6004 7.9232807
12403 27 585.6004 7.9232807
12405 41 880.14154 6.8477006
12405 41 880.14154 6.8477006
12419 25 555.9744 7.6168194
12419 25 555.9744 7.6168194
12420 41 878.6382 6.727817
12420 41 878.6382 6.727817
12479 27 561.795 21.208527
12479 27 561.795 21.208527
12480 28 603.5217 51.252773
12480 28 603.5217 51.252773
12481 27 596.8177 32.280872
12481 27 596.8177 32.280872
12493 29 631.30493 34.305527
12493 29 631.30493 34.305527
12494 26 569.73975 27.84703
12494 26 569.73975 27.84703
12495 27 569.13776 43.198254
12495 27 569.13776 43.198254
12496 36 772.6806 49.5467
12496 36 772.6806 49.5467
12497 27 577.54956 40.039318
12497 27 577.54956 40.039318
12498 26 566.9215 33.736877
12498 26 566.9215 33.736877
12519 37 800.1615 42.561687
12519 37 800.1615 42.561687
12523 36 781.33765 35.30848
12523 36 781.33765 35.30848
12524 36 771.7871 35.07431
12524 36 771.7871 35.07431
12528 36 780.4693 26.506744
12528 36 780.4693 26.506744
12548 28 600.9808 40.61215
12548 28 600.9808 40.61215
12549 27 588.31335 55.92626
12549 27 588.31335 55.92626
12550 39 845.4022 76.44486
12550 39 845.4022 76.44486
12557 30 647.95715 63.760406
12557 30 647.95715 63.760406
12558 31 658.172 73.01042
12558 31 658.172 73.01042
12559 34 724.7099 40.267483
12559 34 724.7099 40.267483
12572 34 731.59143 31.209425
12572 34 731.59143 31.209425
12583 39 844.8791 35.854305
12583 39 844.8791 35.854305
12590 35 765.5228 37.450382
12590 35 765.5228 37.450382
12591 35 757.2624 68.825615
12591 35 757.2624 68.825615
12592 43 925.9604 48.030346
12592 43 925.9604 48.030346
12593 35 737.2175 38.403496
12593 35 737.2175 38.403496
12594 36 770.6898 19.547468
12594 36 770.6898 19.547468
12631 30 637.33276 50.76456
12631 30 637.33276 50.76456
12632 32 674.42035 48.430664
12632 32 674.42035 48.430664
12633 33 706.0296 50.9847
12633 33 706.0296 50.9847
12634 34 724.29724 35.139812
12634 34 724.29724 35.139812
12642 36 769.10376 52.5178
12642 36 769.10376 52.5178
12643 34 742.25055 59.17218
12643 34 742.25055 59.17218
12644 32 697.24567 58.609627
12644 32 697.24567 58.609627
12645 30 654.0464 27.276625
12645 30 654.0464 27.276625
12646 39 859.6762 4.1998405
12646 39 859.6762 4.1998405
12647 37 781.7463 4.7143135
12647 37 781.7463 4.7143135
12648 36 783.6148 44.625748
12648 36 783.6148 44.625748
12649 34 745.4167 83.16419
12649 34 745.4167 83.16419
12650 33 719.20337 65.51047
12650 33 719.20337 65.51047
12660 33 713.1852 37.999367
12660 33 713.1852 37.999367
12661 31 675.0248 35.910778
12661 31 675.0248 35.910778
12664 33 714.9861 18.104794
12664 33 714.9861 18.104794
12666 35 771.7576 33.031357
12666 35 771.7576 33.031357
12667 43 932.25165 48.271152
12667 43 932.25165 48.271152
12683 41 872.6349 37.279854
12683 41 872.6349 37.279854
12684 36 766.02704 55.73458
12684 36 766.02704 55.73458
12685 37 794.1019 23.700306
12685 37 794.1019 23.700306
12689 25 546.55597 24.831215
12689 25 546.55597 24.831215
12710 32 689.75714 38.371002
12710 32 689.75714 38.371002
12711 31 676.58026 56.348434
12711 31 676.58026 56.348434
12712 32 686.4206 10.354565
12712 32 686.4206 10.354565
12745 37 801.89703 40.62662
12745 37 801.89703 40.62662
12746 36 778.3462 44.069073
12746 36 778.3462 44.069073
12749 37 787.07513 19.751469
12749 37 787.07513 19.751469
12754 37 796.39905 15.117979
12754 37 796.39905 15.117979
12759 37 798.8423 35.59801
12759 37 798.8423 35.59801
12760 37 795.67737 39.187984
12760 37 795.67737 39.187984
12761 37 793.86725 25.238375
12761 37 793.86725 25.238375
12762 46 991.0464 36.512012
12762 46 991.0464 36.512012
12775 26 564.11633 33.181107
12775 26 564.11633 33.181107
12777 26 561.92596 36.169052
12777 26 561.92596 36.169052
12778 26 559.61224 34.5265
12778 26 559.61224 34.5265
12779 26 558.4728 38.033875
12779 26 558.4728 38.033875
12780 26 562.2068 31.756418
12780 26 562.2068 31.756418
12781 27 568.42566 21.90846
12781 27 568.42566 21.90846
12783 26 559.3009 11.487742
12783 26 559.3009 11.487742
12785 33 707.83636 12.202683
12785 33 707.83636 12.202683
12786 30 642.6535 31.298067
12786 30 642.6535 31.298067
12787 29 633.75323 31.756731
12787 29 633.75323 31.756731
12793 31 670.7255 26.868912
12793 31 670.7255 26.868912
12803 33 715.1224 41.518547
12803 33 715.1224 41.518547
12804 33 711.3724 42.914803
12804 33 711.3724 42.914803
12805 33 707.8324 37.91541
12805 33 707.8324 37.91541
12808 33 703.0847 28.35773
12808 33 703.0847 28.35773
12810 33 712.97687 30.2947
12810 33 712.97687 30.2947
12811 33 712.41724 40.57251
12811 33 712.41724 40.57251
12817 33 709.16095 27.992552
12817 33 709.16095 27.992552
12818 33 710.7563 31.110975
12818 33 710.7563 31.110975
12934 27 580.8806 6.5346375
12934 27 580.8806 6.5346375
12935 26 564.6764 12.880262
12935 26 564.6764 12.880262
12937 25 530.8193 8.225164
12937 25 530.8193 8.225164
