Event Bin Frequency Volume
1 31 659.1876 29.785608
1 76 1644.6719 6.257862
3 15 327.4124 26.675821
6 156 3375.07 1.4099625
6 196 4224.5596 1.6176007
6 265 5705.8564 1.2363616
6 293 6308.902 0.73460346
6 345 7420.0005 0.8644472
7 137 2946.2637 2.316755
7 164 3528.025 3.3612409
7 164 3528.025 3.3612409
7 191 4121.0938 1.5246749
7 191 4121.0938 1.5246749
8 136 2937.017 2.4742477
8 136 2937.017 2.4742477
10 136 2936.2874 0.8693309
11 137 2936.7053 0.7648511
11 137 2936.7053 0.7648511
13 61 1318.3044 1.8361235
13 233 5016.9526 4.847498
15 168 3622.562 3.4908466
15 191 4114.2065 7.2767596
15 348 7496.255 3.081586
16 161 3483.68 3.530455
16 161 3483.68 3.530455
16 188 4067.299 9.090262
16 188 4067.299 9.090262
16 284 6110.077 2.749437
20 187 4032.1472 0.8532668
21 187 4027.4478 0.6378702
21 187 4027.4478 0.6378702
23 133 2879.2554 0.37362418
23 237 5115.4585 0.3167239
23 286 6164.5376 0.5777919
23 356 7667.802 0.5081424
24 97 2092.6096 0.6004639
24 97 2092.6096 0.6004639
25 49 1048.6338 9.54893
25 158 3406.0493 0.5224574
27 24 523.6276 29.286098
28 158 3402.4758 0.5875523
28 158 3402.4758 0.5875523
33 16 337.85684 15.222807
34 194 4182.85 1.0822902
34 241 5195.4824 0.3040049
35 198 4261.682 1.6210756
35 198 4261.682 1.6210756
35 282 6071.5684 0.9013616
35 337 7249.744 1.1051899
37 115 2473.8918 0.6848494
37 161 3464.5735 1.5558105
38 92 1977.006 2.5950658
38 115 2474.5393 0.7461178
38 115 2474.5393 0.7461178
38 161 3461.31 1.5314415
38 161 3461.31 1.5314415
40 115 2468.2102 0.58457977
41 115 2472.1265 0.49544647
41 115 2472.1265 0.49544647
42 92 1976.5155 2.6583047
48 161 3465.3086 3.2098045
48 195 4192.71 1.4354818
48 274 5891.721 0.6125309
48 332 7152.1523 1.1231039
49 161 3464.942 3.7107081
49 161 3464.942 3.7107081
49 190 4082.8167 2.2742505
49 190 4082.8167 2.2742505
49 287 6179.022 0.752116
50 160 3456.4255 2.9460893
50 273 5885.6216 0.8500873
51 164 3534.5432 2.957799
51 164 3534.5432 2.957799
51 191 4122.908 1.3437462
51 346 7452.8584 0.5472557
52 191 4116.604 0.96114284
52 191 4116.604 0.96114284
52 282 6079.6665 0.4174384
53 100 2156.1318 4.1199913
54 100 2155.7942 3.701336
54 100 2155.7942 3.701336
55 18 391.8403 40.499363
55 91 1960.8649 3.8125038
60 18 391.69455 30.125141
60 73 1569.1085 1.5418036
60 118 2550.8616 0.86731625
60 164 3530.374 0.8610722
60 191 4116.539 0.3886907
60 273 5879.3955 0.20657586
60 319 6866.341 0.1568573
61 118 2544.9993 0.74582016
61 118 2544.9993 0.74582016
61 164 3528.046 0.68925375
61 164 3528.046 0.68925375
61 191 4116.2812 0.2245537
61 191 4116.2812 0.2245537
61 337 7255.119 0.17464672
71 55 1177.6973 0.77339774
74 146 3132.695 0.16273533
75 118 2543.5244 0.18780884
75 191 4114.4116 0.1277285
79 118 2529.9932 0.35049072
79 118 2529.9932 0.35049072
79 160 3454.3823 1.9216076
79 160 3454.3823 1.9216076
79 187 4031.3948 2.2670934
79 187 4031.3948 2.2670934
79 262 5650.185 0.31242424
79 293 6305.853 0.28191218
79 351 7552.033 0.5636495
80 161 3458.2297 3.95096
82 115 2459.2043 0.5651306
83 84 1813.0906 2.6974874
83 115 2473.9749 1.4831153
83 115 2473.9749 1.4831153
85 186 4014.4724 7.3482924
85 290 6248.0474 1.2846663
86 194 4170.81 5.484452
86 194 4170.81 5.484452
87 162 3484.15 2.4673731
87 162 3484.15 2.4673731
88 238 5115.2715 2.7462626
88 332 7152.3335 2.997214
90 161 3475.2493 2.3214743
90 191 4111.324 7.627041
90 275 5915.8027 1.827457
90 329 7078.473 1.6826558
94 156 3363.268 0.9503364
94 156 3363.268 0.9503364
94 188 4027.6797 2.5366552
94 188 4027.6797 2.5366552
94 287 6180.966 1.4047846
96 91 1947.2478 3.5244615
96 118 2542.6465 1.5978554
97 18 388.84137 41.899864
97 118 2546.9749 1.7966086
97 118 2546.9749 1.7966086
100 18 391.88702 29.293913
100 191 4116.9204 1.4884377
108 102 2197.0398 7.8646
108 143 3075.5212 0.95524323
109 61 1316.6676 7.2404265
109 102 2197.563 9.239316
109 102 2197.563 9.239316
109 143 3077.9727 1.8152107
109 143 3077.9727 1.8152107
109 194 4177.299 0.93465877
109 194 4177.299 0.93465877
109 261 5622.4917 0.33839005
109 285 6118.651 0.2802715
109 347 7474.629 0.4322768
110 61 1320.6007 6.492636
110 102 2198.836 9.741527
110 194 4177.2705 1.166393
110 285 6143.0605 0.4093351
110 347 7474.229 0.31958324
111 102 2198.8328 7.844481
111 102 2198.8328 7.844481
111 194 4175.8438 1.2058015
111 194 4175.8438 1.2058015
111 278 5999.776 0.21985641
114 143 3077.2607 1.7319224
115 143 3076.4194 2.2164702
115 143 3076.4194 2.2164702
120 347 7471.324 0.19754177
121 102 2197.7676 2.9555554
121 143 3079.2659 0.87281764
122 102 2198.9587 2.0680707
122 102 2198.9587 2.0680707
122 143 3077.7058 0.7589758
122 143 3077.7058 0.7589758
124 194 4178.1025 0.26654786
125 235 5052.861 0.11892004
127 285 6143.861 0.17995878
128 92 1976.7063 0.68858963
129 194 4174.7173 0.22244781
129 194 4174.7173 0.22244781
130 194 4175.2036 0.48083153
131 102 2198.3374 2.6327941
131 194 4176.3696 0.5402954
131 194 4176.3696 0.5402954
132 102 2198.2612 2.6007416
132 102 2198.2612 2.6007416
133 143 3077.529 0.7059324
137 72 1541.6093 0.20004635
138 262 5635.5796 0.50548553
138 297 6393.1772 0.5268971
139 143 3075.812 0.6160395
139 143 3075.812 0.6160395
139 346 7439.203 0.34733853
140 143 3075.694 0.8367051
140 194 4173.442 0.21443847
140 345 7446.918 0.17063607
141 143 3075.8584 0.78282714
141 143 3075.8584 0.78282714
141 236 5077.992 0.27148813
142 102 2198.5625 1.5116099
143 102 2198.6672 1.4783764
143 102 2198.6672 1.4783764
143 285 6143.8647 0.2259998
146 194 4176.082 0.14373544
146 194 4176.082 0.14373544
148 72 1536.0765 0.08378964
151 102 2196.4895 1.6359103
152 102 2198.256 2.2003913
152 102 2198.256 2.2003913
152 143 3079.3577 0.5580773
152 194 4175.4976 0.22175084
159 78 1682.3103 0.82273287
159 143 3075.1707 0.9287641
159 143 3075.1707 0.9287641
159 194 4174.998 0.4130247
159 194 4174.998 0.4130247
159 237 5100.256 0.24017498
159 282 6080.74 0.19629838
159 329 7089.177 0.20259495
160 71 1539.887 0.25462428
166 198 4267.101 0.3326608
167 143 3074.3354 0.30305094
167 198 4263.1924 0.4291405
167 198 4263.1924 0.4291405
167 258 5557.1094 0.52565074
167 287 6177.985 0.43507135
167 361 7778.097 0.48266208
168 102 2197.0015 1.243649
169 102 2197.466 0.9511685
169 102 2197.466 0.9511685
169 154 3330.4507 0.2679836
169 154 3330.4507 0.2679836
172 18 396.82138 38.839626
173 155 3346.776 0.2844464
173 193 4166.4956 0.24134864
173 239 5129.8066 0.1479626
173 342 7346.1987 0.13821575
174 92 1977.9363 0.65672714
174 159 3423.8674 0.19768813
174 159 3423.8674 0.19768813
174 205 4412.9414 0.17347692
174 205 4412.9414 0.17347692
174 300 6464.1562 0.17605971
177 102 2198.1506 0.79495525
178 102 2198.705 0.5845538
178 102 2198.705 0.5845538
180 92 1969.8308 0.15644863
181 285 6138.485 0.12197197
181 335 7222.6396 0.11090751
185 102 2198.4895 1.6843714
185 143 3078.3523 0.40687472
185 194 4175.543 0.21231438
186 102 2198.6028 1.3516109
186 102 2198.6028 1.3516109
186 143 3076.1858 0.16914633
186 143 3076.1858 0.16914633
186 194 4177.0806 0.11874178
186 194 4177.0806 0.11874178
189 234 5042.692 0.07962709
193 92 1977.0665 0.2979942
194 102 2197.2908 0.41633463
195 102 2197.6748 0.35278174
195 102 2197.6748 0.35278174
195 172 3683.243 0.2602874
195 302 6500.025 0.4717201
196 143 3081.1946 0.22324307
196 143 3081.1946 0.22324307
196 220 4740.035 0.3549684
196 262 5645.237 0.61639416
196 345 7425.833 0.35192788
197 224 4823.539 0.1324566
197 224 4823.539 0.1324566
202 92 1978.5421 0.62123823
203 194 4181.3926 0.4896637
204 285 6137.4404 0.6719659
204 332 7147.286 0.4121061
205 102 2197.7441 1.9752011
205 194 4175.733 0.44991952
205 194 4175.733 0.44991952
206 102 2198.2183 1.8996291
206 102 2198.2183 1.8996291
206 276 5961.0576 0.4157909
208 143 3076.794 0.71367484
209 143 3076.939 0.83492225
209 143 3076.939 0.83492225
210 305 6551.0703 0.2935347
211 235 5054.5835 0.31649688
211 329 7084.5015 0.2797083
213 102 2197.2869 5.7409883
213 194 4175.0396 0.6734805
214 102 2197.3044 4.315375
214 102 2197.3044 4.315375
214 143 3076.5242 0.97486144
214 194 4174.4243 0.6220695
214 194 4174.4243 0.6220695
215 143 3076.6694 0.72909456
215 143 3076.6694 0.72909456
219 55 1187.722 0.9379528
220 286 6161.15 0.14981522
223 102 2197.4587 1.548213
223 194 4171.756 0.30749917
223 234 5023.2935 0.17270085
224 61 1318.9647 0.48560372
224 102 2197.624 1.4903805
224 102 2197.624 1.4903805
224 194 4176.6694 0.31762388
224 194 4176.6694 0.31762388
226 143 3077.1912 0.645878
227 143 3077.9297 0.74654824
227 143 3077.9297 0.74654824
227 347 7479.331 0.07846096
231 234 5027.2236 0.10198476
233 194 4173.166 0.21794868
234 102 2196.8955 0.95477754
234 194 4175.516 0.24719879
234 194 4175.516 0.24719879
235 143 3076.1956 0.40116882
236 61 1318.9749 0.7308745
236 143 3076.6008 0.40537986
236 143 3076.6008 0.40537986
236 286 6157.3076 0.06495274
236 337 7249.5166 0.066174686
238 102 2198.0 0.9445017
238 102 2198.0 0.9445017
240 141 3036.6616 0.3644843
240 192 4120.913 0.18175644
241 103 2210.6736 1.2250103
241 144 3080.7224 0.2829284
241 144 3080.7224 0.2829284
241 186 4004.7737 0.19118284
241 186 4004.7737 0.19118284
241 286 6161.7534 0.044674203
241 341 7326.05 0.058556423
242 104 2234.3508 1.0435541
242 104 2234.3508 1.0435541
243 277 5963.3843 0.04564313
249 73 1572.7319 0.31624964
252 140 3016.2368 0.44916558
252 189 4090.3914 0.13431986
252 329 7068.8315 0.039805576
253 50 1075.3098 0.5811453
253 100 2151.974 0.6887131
253 141 3047.033 0.48496592
253 141 3047.033 0.48496592
253 191 4118.572 0.20279051
253 191 4118.572 0.20279051
253 282 6073.0806 0.03336599
254 102 2192.857 0.83029616
254 102 2192.857 0.83029616
259 232 5015.695 0.04390725
260 61 1310.6194 0.34682524
260 101 2158.0623 0.3955465
260 142 3041.4175 0.31051716
260 193 4141.6704 0.14432009
260 257 5532.882 0.07025785
260 283 6112.1147 0.07409411
260 344 7403.1924 0.074116
