Event Bin Frequency Volume
0 27 581.3965 2.9872482
1 30 636.0169 2.7594748
2 28 613.0499 3.5834942
3 37 790.03394 10.541922
4 37 794.95496 26.04654
5 37 789.4634 5.065701
6 36 777.4497 5.2328033
7 35 763.9062 44.22895
8 34 744.9128 67.56354
9 33 718.7853 51.17415
10 33 706.91266 5.280939
12 28 583.8495 35.390884
13 29 620.0476 80.609245
14 31 660.078 64.35602
15 33 702.37994 23.912521
16 38 817.4985 5.920834
18 42 906.83276 3.6664112
19 33 723.10876 24.056839
20 32 696.679 39.498474
21 31 661.6001 12.112631
25 37 809.94135 3.6275773
27 44 951.33453 3.4687002
28 34 715.3183 2.3776588
29 35 737.481 6.838
30 36 769.1668 13.432685
31 35 760.5037 3.4042485
32 24 515.6695 2.8064332
33 25 523.9114 2.0828335
34 38 831.92535 3.1148026
35 29 615.19324 3.7281108
36 30 636.01306 11.917604
37 39 834.47473 16.404238
38 38 822.3056 11.842905
40 37 798.5761 12.226973
41 36 776.42944 31.334131
42 36 772.7014 19.053944
43 34 747.0031 4.9054413
45 35 740.68463 3.5759315
46 46 995.58044 2.8298063
47 24 508.8986 3.4701848
48 29 642.68555 25.613604
49 29 626.84546 62.97009
50 28 612.85547 50.186314
51 30 632.7575 3.8657918
52 30 642.94415 4.241391
53 30 647.8215 13.679352
54 39 843.8342 45.85229
55 38 826.79816 37.201378
56 39 825.9829 4.9313974
57 35 755.5251 2.6275194
59 25 536.88934 2.0902681
59 46 984.2886 1.9075046
59 46 984.2886 1.9075046
60 37 802.00385 2.7450745
61 33 722.59924 2.7521317
62 36 768.5719 6.8773265
63 36 777.7855 27.61477
64 35 760.4592 39.749687
65 33 718.4073 8.115989
66 35 763.06396 17.451698
67 44 942.6022 30.734192
69 46 981.9721 29.601967
71 42 893.52673 22.938486
72 32 686.36115 17.625996
73 32 703.03284 3.3758647
74 32 671.0072 22.669945
75 31 677.4819 41.25022
76 30 650.2483 22.17767
77 32 702.50775 4.8698425
79 35 745.56 4.1681767
80 30 651.7793 18.706785
81 37 802.31305 26.802765
82 36 777.4313 30.671974
83 35 760.7231 5.837195
84 28 597.4434 3.5145319
85 33 714.342 8.117273
86 40 861.52374 26.056486
87 30 661.189 10.970338
89 26 554.2293 4.0794644
91 32 683.14996 2.6414256
94 44 958.96875 8.137604
96 35 747.56384 4.0612016
97 33 708.4569 2.476583
98 38 808.7158 3.1743083
99 37 804.7825 3.5397685
102 41 877.2175 3.3910186
103 40 864.08777 2.9126685
104 24 511.7325 2.6461804
105 26 572.5051 2.661212
106 33 718.13214 2.6752849
107 23 500.41882 3.9363449
108 46 991.4044 3.7010794
109 39 832.7024 6.802559
110 38 825.4126 12.062519
111 29 624.3602 6.1118274
112 37 817.01556 9.7486
113 37 795.76666 40.80809
114 37 794.79803 32.057156
115 37 792.9891 6.202961
116 40 856.50085 3.8013585
117 35 744.0431 9.152566
118 35 752.3622 15.671298
119 35 751.3707 8.223379
120 44 951.43353 4.298185
121 38 806.7959 2.7834935
122 35 759.1242 17.12344
123 36 772.6259 67.835945
124 36 779.48816 80.15005
125 44 954.9592 54.685753
126 35 759.04456 29.76154
127 33 716.6195 6.6222925
128 35 737.3326 7.356825
130 30 645.1215 2.957039
131 30 643.67487 4.6702576
132 34 737.1092 7.0356236
134 35 768.1899 2.8121052
135 35 748.38477 3.508071
136 38 815.893 2.5772026
137 32 689.8331 2.461275
138 24 516.82825 3.5471158
139 37 784.9703 2.7164395
141 40 861.6364 3.074736
142 33 691.9969 4.797278
146 34 727.2645 3.6900532
149 36 781.3647 2.9251962
150 25 525.83905 8.129882
151 32 684.88513 18.912195
152 31 670.5007 34.399097
153 30 647.2879 5.758724
156 23 500.05524 3.976472
159 42 909.3287 3.370263
160 46 990.84534 3.8482473
163 35 755.0948 16.501123
164 35 753.17883 55.288094
165 35 754.0028 49.46248
166 34 742.3673 32.183662
167 33 715.9687 18.87398
168 33 702.52625 7.572998
169 33 712.0015 6.020654
170 33 718.1287 5.3348837
174 25 534.33997 2.9219923
175 39 853.42816 22.324427
176 38 823.8092 64.64719
180 43 930.7123 31.253702
181 41 887.47925 25.672329
182 41 875.3993 7.1322045
184 39 854.83813 3.0364225
186 43 924.49725 3.718036
187 44 968.454 4.162538
188 34 730.386 5.402628
189 29 636.92664 2.6035545
190 29 627.76245 3.4183137
192 41 869.2039 2.647357
193 35 755.00055 3.9517715
194 34 741.942 4.0645137
195 35 745.516 10.56992
196 34 738.84436 25.034048
197 34 730.8254 8.620591
198 30 645.9134 3.3758957
200 33 692.6117 9.476526
201 33 710.5844 25.026056
202 32 696.8654 19.671669
203 29 630.3912 3.9432533
204 28 617.10236 3.530082
205 36 781.31384 2.8797119
207 40 860.1528 3.7722533
213 33 717.6409 3.1527095
215 32 685.49316 3.2079496
216 24 512.43304 7.26892
218 36 773.2354 11.640272
219 35 756.07007 12.4535475
220 34 750.6596 3.9396698
221 38 819.52826 2.6548972
222 34 749.239 2.3159118
223 28 594.2179 2.4262671
224 42 898.55255 2.7172382
225 33 698.3232 14.585926
226 32 698.21765 37.23661
227 33 703.60724 65.84064
228 42 900.893 56.003952
233 41 878.10583 19.650679
234 39 851.13055 16.77785
238 35 747.1494 5.5201607
239 34 736.2948 35.805393
240 33 722.38654 31.529726
241 32 696.7866 5.215479
242 32 694.9503 2.7026746
243 43 921.03876 3.3089495
244 37 779.5564 2.7840505
245 29 643.7899 6.8022404
246 29 626.94147 30.859581
247 29 622.8037 53.816692
248 29 624.1808 49.710968
251 38 820.19464 3.6288323
252 47 992.70233 3.4908593
