Event Bin Frequency Volume
0 14 301.46484 48.49779
0 41 882.8613 25.885767
0 68 1464.2578 8.357125
0 121 2605.5176 8.431755
0 149 3208.4473 5.332114
0 194 4177.4414 4.260228
0 264 5684.7656 6.0245185
0 285 6136.963 4.229921
0 360 7751.953 4.575522
1 27 584.93823 44.104763
1 54 1168.4565 25.49417
1 104 2238.5027 7.438408
1 162 3485.2598 4.3943133
1 205 4406.0244 4.381388
1 235 5051.4707 4.058742
1 293 6303.365 4.7705507
1 334 7192.4214 4.284628
2 54 1171.2062 27.93242
2 104 2236.1963 9.031849
2 140 3004.7668 4.5758886
2 201 4332.0977 4.3605943
2 236 5061.9717 4.957391
2 298 6430.7656 5.163416
2 348 7491.2183 4.0542984
3 55 1174.2632 32.47181
3 104 2248.967 8.745741
3 144 3098.1018 5.5494123
3 247 5309.713 6.0618153
3 321 6912.343 7.540242
3 362 7801.5513 4.355091
4 55 1177.5 43.428013
4 104 2247.151 6.176716
4 164 3526.6367 6.4561963
4 223 4798.84 6.7235913
4 246 5304.557 6.217186
4 304 6537.1826 4.945627
4 339 7320.041 4.0443416
5 27 587.6857 29.337152
5 55 1178.0978 52.107338
5 120 2578.6392 7.886127
5 143 3073.5776 4.3410797
5 200 4301.9707 4.9722724
5 239 5137.5625 5.89803
5 341 7342.148 5.743334
6 27 587.6918 23.529627
6 55 1176.6613 45.76656
6 135 2909.95 6.27349
6 160 3443.671 6.6022744
6 213 4588.776 4.280143
6 248 5341.231 4.4350476
6 318 6849.49 5.450772
6 356 7662.5464 4.7972984
7 27 589.32336 27.311249
7 55 1175.0837 52.028522
7 120 2584.3528 6.5510807
7 173 3723.961 6.1669054
7 196 4221.102 5.135317
7 237 5112.5566 4.966365
7 295 6334.0327 4.2251325
7 331 7129.089 4.1839952
8 27 590.1015 32.744335
8 55 1179.3337 60.29631
8 114 2464.5806 4.805655
8 166 3579.8208 4.2058706
8 200 4299.351 4.995286
8 271 5845.903 4.557702
8 313 6742.274 5.4626374
8 376 8094.7456 3.6171067
9 27 588.2495 28.335684
9 55 1178.3586 62.086998
9 112 2416.3467 6.625111
9 150 3230.3713 6.484376
9 224 4810.969 4.2693696
9 259 5579.6094 5.769508
9 297 6399.045 5.4991007
9 343 7386.822 3.6849098
10 27 586.52844 26.053043
10 54 1174.2721 51.935432
10 121 2604.7073 6.046238
10 179 3843.5364 4.5701904
10 224 4822.6436 6.21208
10 248 5332.4663 6.7025037
10 288 6206.8057 5.016874
10 353 7596.624 4.2201686
11 54 1170.782 41.830276
11 101 2176.3582 6.559278
11 172 3709.309 7.49383
11 239 5149.6377 4.9177117
11 304 6543.741 4.706899
11 345 7426.8315 4.5037937
12 27 587.5997 22.233232
12 55 1172.5781 48.664993
12 102 2189.778 4.313899
12 172 3700.425 5.6727214
12 198 4262.853 4.796215
12 243 5240.996 4.0194182
12 293 6312.9907 4.1232986
12 336 7249.1206 4.1530843
13 54 1172.496 45.145844
13 105 2273.6697 7.335451
13 177 3814.9778 7.512418
13 197 4243.271 7.3922744
13 252 5426.403 7.79751
13 308 6634.3965 6.4411907
13 340 7316.719 4.911183
14 54 1172.3824 44.572777
14 115 2482.2737 11.503231
14 193 4163.3823 11.288834
14 266 5726.1943 6.6778746
14 288 6204.4795 6.5812635
14 343 7383.8677 7.0489893
15 55 1175.505 56.884556
15 114 2461.9404 6.4539275
15 156 3351.1633 7.4768996
15 194 4170.0327 8.6747
15 266 5740.3916 10.116223
15 291 6263.871 6.370492
15 329 7082.267 7.475851
16 55 1179.5905 60.595734
16 113 2422.46 7.825381
16 150 3241.6147 7.0078244
16 215 4649.658 7.703518
16 267 5730.276 6.801332
16 308 6628.412 5.5315065
16 347 7475.402 4.4339275
17 54 1174.746 51.28469
17 127 2752.7852 5.562975
17 153 3298.8684 4.699529
17 200 4288.782 5.689963
17 233 5019.281 7.1437316
17 290 6252.289 7.809355
17 348 7482.8213 4.0763307
18 55 1173.0127 51.726418
18 103 2207.7576 6.547008
18 162 3495.1035 7.6798673
18 200 4301.956 5.1900067
18 272 5860.362 5.864291
18 294 6323.621 3.6555817
18 334 7199.5215 4.6449776
19 27 588.92633 29.325796
19 55 1176.1835 55.81324
19 114 2463.917 4.183651
19 144 3103.591 5.790244
19 201 4320.6357 4.5747733
19 241 5196.9346 5.065704
19 285 6132.1646 4.6116056
19 330 7111.858 4.3089247
20 27 586.1918 29.043232
20 54 1173.263 56.415802
20 107 2314.5017 4.657667
20 150 3222.5457 7.5708523
20 264 5675.6973 5.6048446
20 284 6118.8633 4.8753114
20 348 7506.9146 5.1402707
21 27 583.7742 29.046787
21 54 1169.6565 56.484486
21 107 2301.2898 4.733152
21 180 3890.766 4.269002
21 221 4750.784 5.7752438
21 249 5365.6562 5.0663733
21 300 6459.614 4.263525
21 338 7280.747 4.617307
22 54 1169.6853 47.915215
22 114 2451.1921 6.742114
22 146 3148.3215 5.119582
22 221 4756.7754 5.8153224
22 258 5562.2925 4.310868
22 286 6152.5156 4.295537
22 328 7071.5723 4.0927606
23 55 1177.6271 57.42226
23 111 2392.0012 5.4762597
23 161 3460.6418 5.3673973
23 190 4093.3604 4.0033956
23 246 5300.2627 5.084068
23 282 6084.3877 6.4356594
23 334 7207.04 3.9911613
24 54 1175.8921 53.448463
24 112 2408.263 6.397792
24 173 3733.6897 4.1094985
24 202 4347.3765 5.1933928
24 242 5221.1455 4.637277
24 296 6371.3984 4.5628076
24 335 7197.7837 4.3965893
25 55 1174.0829 60.480442
25 124 2660.6511 4.9280334
25 153 3289.2603 5.0432944
25 187 4026.6763 5.5676603
25 236 5081.884 3.4211795
25 299 6431.976 4.6159563
25 336 7215.2656 5.776275
26 55 1174.6855 57.48221
26 105 2260.4436 5.4538
26 150 3231.1829 5.4443364
26 210 4523.6567 5.8091
26 297 6395.026 4.5023065
26 334 7185.771 4.9861813
27 27 588.0578 27.153147
27 55 1174.6627 56.96727
27 124 2673.5393 6.448025
27 150 3231.5625 5.4892387
27 224 4820.184 5.2255487
27 245 5290.329 4.1498165
27 300 6454.5527 5.0876026
27 355 7643.7915 3.668415
28 27 587.6329 28.701576
28 55 1176.3936 61.704178
28 108 2339.4614 5.0395994
28 156 3366.5444 3.3688307
28 228 4911.917 5.154601
28 256 5510.034 5.800772
28 288 6208.807 4.6614046
28 358 7700.5825 4.9086494
29 27 587.6813 28.66799
29 55 1177.7064 60.546867
29 108 2328.199 4.8248243
29 145 3120.361 6.0059295
29 190 4112.0635 4.187178
29 248 5337.1216 3.4931328
29 294 6332.685 4.937809
29 367 7909.79 4.5410113
30 27 588.79065 25.017534
30 55 1174.362 55.500366
30 122 2647.644 4.1441207
30 166 3570.5334 6.9472175
30 191 4105.744 6.446826
30 235 5057.554 5.451158
30 281 6046.825 5.1908937
30 366 7884.531 3.6950545
31 27 589.3138 27.20249
31 55 1175.1696 56.722008
31 96 2065.3662 7.3013034
31 147 3162.9888 6.775834
31 214 4610.407 4.2408686
31 240 5150.8276 3.860202
31 305 6565.601 4.8094006
31 340 7321.278 4.097591
32 27 584.40906 27.775183
32 55 1175.3845 60.915726
32 98 2106.23 6.174237
32 150 3230.8267 4.3147144
32 221 4763.246 3.5297952
32 245 5279.7124 4.258773
32 296 6384.9966 5.4390006
32 364 7828.1304 4.443558
33 27 587.27216 25.455872
33 54 1174.9927 57.074554
33 104 2240.6428 4.56768
33 150 3235.7114 5.3235483
33 194 4181.929 3.7703056
33 285 6124.599 5.515213
33 339 7282.7363 5.2305074
34 27 587.8254 27.891514
34 54 1171.3911 59.46333
34 104 2241.082 5.986991
34 142 3052.7295 8.574362
34 193 4158.026 4.0399313
34 246 5294.598 3.3908193
34 279 6009.333 4.79805
34 343 7391.252 4.969891
35 27 588.4074 26.88596
35 55 1173.0127 59.35161
35 110 2386.0798 6.031701
35 146 3145.696 6.7888494
35 203 4381.3135 5.652517
35 242 5205.436 5.5322137
35 296 6379.3413 4.49344
35 326 7015.6875 5.6563463
36 27 591.57764 25.877464
36 55 1177.7505 50.34271
36 101 2182.4233 5.628008
36 153 3301.0872 6.6676493
36 191 4112.567 5.455686
36 242 5215.2744 5.434128
36 295 6359.662 4.987059
36 362 7786.141 5.497775
37 27 589.15204 28.312407
37 54 1174.8397 23.585804
37 103 2215.541 5.783219
37 183 3936.113 6.7385902
37 216 4671.1167 4.2127995
37 236 5077.1846 4.5422482
37 291 6285.8843 5.8446164
37 347 7467.4536 3.954887
38 27 588.8365 22.845005
38 54 1167.1096 9.067139
38 113 2425.2444 7.263291
38 162 3494.4368 5.852236
38 187 4014.7021 4.7889776
38 289 6205.4355 4.4803386
38 342 7385.591 4.4603834
39 100 2160.2756 6.538187
39 141 3018.5203 5.3204255
39 210 4517.457 5.7920637
39 234 5040.6787 3.8814676
39 309 6671.0625 5.2413063
39 335 7212.5464 4.659283
40 81 1739.214 9.106789
40 114 2462.7058 6.430686
40 149 3210.4019 4.3977094
40 195 4191.2227 4.484171
40 238 5113.4443 3.5194645
40 284 6112.281 4.7737494
40 362 7794.7715 4.0441794
41 62 1349.5542 6.099636
41 106 2284.8027 6.0012245
41 163 3529.044 6.7308574
41 206 4441.7964 4.695728
41 254 5455.4053 4.031445
41 293 6300.251 4.4093885
41 336 7219.89 3.8915672
42 61 1315.6171 7.416037
42 110 2364.6833 6.7839384
42 164 3521.946 4.296163
42 195 4188.5405 4.023024
42 239 5149.7 5.584662
42 296 6363.6274 4.8376174
42 356 7671.0347 4.4073963
43 83 1781.9443 6.088921
43 119 2543.6804 4.2753696
43 141 3017.1248 4.0395193
43 194 4184.508 4.3794603
43 238 5125.6533 4.4101753
43 316 6806.288 4.13074
43 358 7710.462 3.6046836
44 24 512.3623 29.336954
44 48 1034.1593 14.383957
44 97 2085.4556 7.8240833
44 142 3053.6992 5.2136045
44 207 4455.058 5.281886
44 257 5527.0435 5.8192677
44 284 6117.364 6.0069118
44 348 7494.572 4.0531077
45 25 535.9595 40.071053
45 50 1057.3171 46.82588
45 109 2342.1426 6.58021
45 145 3124.9663 9.736017
45 204 4389.187 4.856242
45 256 5524.465 3.9226642
45 287 6168.8657 4.5029674
45 347 7485.507 3.7682574
46 50 1072.6962 45.080254
46 96 2071.6821 8.141054
46 147 3174.7148 8.984744
46 193 4153.108 5.4012556
46 255 5483.8013 4.1623964
46 281 6044.607 5.456712
46 341 7334.616 4.00842
47 49 1064.9648 29.240847
47 97 2080.2727 5.9156218
47 148 3184.8992 9.039864
47 192 4152.2847 5.910163
47 267 5752.224 5.3854437
47 315 6761.613 5.091727
47 346 7455.6406 5.9585323
48 50 1064.5599 25.265364
48 100 2155.797 6.2277203
48 148 3187.304 9.64649
48 193 4147.4165 3.9062543
48 245 5266.621 4.1744156
48 312 6699.468 5.643938
48 352 7577.891 3.5811608
49 52 1106.6489 21.416754
49 114 2445.2776 6.943366
49 160 3439.0063 5.177713
49 192 4115.801 5.698966
49 245 5272.0527 3.9167643
49 314 6762.8965 7.1078672
49 336 7245.682 3.062577
50 41 879.741 35.86313
50 68 1459.0543 9.599029
50 109 2346.192 6.2610717
50 150 3224.5283 6.300568
50 207 4440.998 4.2396374
50 283 6094.9844 5.1926513
50 352 7567.782 4.1738796
51 55 1185.167 41.06256
51 154 3312.3625 5.5986767
51 202 4353.7607 4.3732433
51 235 5056.165 4.1016283
51 301 6479.139 5.8551598
51 351 7566.182 4.863458
52 55 1192.1848 48.942047
52 118 2552.9277 4.7015557
52 165 3542.9626 5.6381183
52 188 4046.7363 4.0423
52 243 5229.506 4.4892063
52 326 7017.2427 5.63816
53 55 1189.464 38.373287
53 118 2544.1858 6.162884
53 152 3276.0918 7.136706
53 218 4680.4263 5.8566284
53 244 5265.037 5.3592396
53 309 6635.8555 4.456075
53 339 7299.8604 4.3989444
54 55 1185.5613 41.61858
54 112 2418.2622 6.8448653
54 151 3253.9326 8.861708
54 198 4259.8696 5.3400836
54 245 5287.012 5.3048244
54 285 6137.055 4.967117
54 345 7439.103 3.339518
55 41 884.6794 39.17814
55 68 1473.0519 8.245106
55 95 2034.1652 5.235035
55 171 3674.2417 4.61689
55 218 4699.9736 5.334289
55 239 5136.055 5.055887
55 317 6822.9575 4.074775
55 348 7487.734 3.5526805
56 41 876.70105 40.72155
56 68 1464.3634 9.593872
56 95 2049.5989 5.605399
56 173 3739.2852 5.905549
56 205 4417.8955 6.289519
56 260 5596.9136 4.196486
56 290 6239.1963 4.420286
56 338 7284.567 4.590944
57 54 1168.7416 42.950596
57 107 2296.2188 5.767611
57 142 3053.6433 6.0830374
57 216 4632.518 5.3790755
57 243 5246.335 3.8802307
57 302 6503.471 4.8325825
57 335 7223.326 3.856477
58 55 1175.3191 52.824574
58 111 2385.1208 5.0807157
58 150 3226.4985 7.127369
58 201 4308.558 3.973161
58 256 5516.8335 6.2380304
58 312 6717.6255 4.344014
58 335 7215.4434 3.7503748
59 54 1168.714 44.03617
59 101 2171.6982 5.2877665
59 148 3197.656 8.290494
59 226 4868.591 5.3591156
59 246 5301.882 5.8358197
59 281 6034.079 6.595116
59 330 7107.802 4.6917734
60 40 866.3689 33.537487
60 67 1441.6128 14.845607
60 95 2037.0625 6.006526
60 148 3186.2043 5.9892697
60 206 4440.2354 3.9175782
60 249 5357.147 4.427783
60 302 6505.0186 5.4265003
60 357 7695.1914 4.0022573
61 40 865.6124 31.894611
61 67 1444.9163 14.184142
61 120 2566.1494 6.442804
61 156 3360.8455 5.727598
61 241 5197.3203 6.044979
61 283 6088.9395 3.3628848
61 335 7193.101 5.343594
62 53 1149.627 24.486872
62 115 2462.5852 6.594934
62 141 3039.9883 7.209408
62 187 4026.1465 9.076118
62 247 5317.855 6.7612667
62 299 6435.1313 5.2931085
62 327 7035.5337 4.425438
63 39 853.4481 23.355175
63 66 1424.9498 12.5534315
63 114 2464.9067 9.469268
63 157 3400.7395 6.765089
63 209 4504.994 8.43362
63 269 5790.517 11.467939
63 296 6357.7056 6.796627
63 328 7047.804 6.2383394
64 38 837.9979 23.133444
64 69 1487.2109 7.2002316
64 138 2972.2185 7.97783
64 160 3425.7766 5.9363394
64 231 4983.427 5.9402885
64 267 5735.938 10.181492
64 295 6368.25 4.105942
64 336 7231.089 5.6978836
65 50 1076.606 22.385736
65 103 2227.2048 6.2242413
65 154 3319.71 9.739003
65 260 5584.312 8.340749
65 310 6669.781 4.1201825
65 342 7378.035 4.663199
66 48 1047.6335 26.718313
66 117 2539.8757 8.42247
66 157 3367.239 6.214609
66 212 4560.809 6.158227
66 242 5199.7197 6.736204
66 293 6306.1816 5.6682506
66 345 7430.7183 3.7680311
67 47 1015.4199 18.362886
67 111 2384.6042 4.9817834
67 166 3588.4453 5.230456
67 188 4045.0098 6.118024
67 262 5656.958 5.246726
67 291 6253.221 4.479532
67 337 7257.2197 4.6904054
68 46 993.5764 18.44538
68 68 1453.2853 5.898208
68 94 2016.778 4.915829
68 140 3019.1711 6.3671355
68 206 4430.128 6.035218
68 268 5787.193 4.0388894
68 309 6663.582 4.5374284
68 353 7592.111 5.416875
69 57 1229.9336 7.1456695
69 115 2478.7124 3.7540064
69 146 3156.618 5.759833
69 203 4356.884 5.4420323
69 254 5474.537 4.640695
69 285 6131.5474 4.3564377
69 326 7021.976 5.922971
70 57 1233.4319 9.712616
70 114 2436.0098 4.890385
70 171 3679.746 5.7059813
70 191 4115.0576 5.3177776
70 232 5008.968 5.766457
70 286 6151.5884 5.609908
70 362 7793.954 4.367349
71 66 1441.8335 7.0770607
71 111 2386.58 5.996291
71 163 3509.1914 6.5293455
71 223 4798.5425 5.491846
71 272 5848.5747 4.680571
71 330 7096.4287 4.6008945
72 91 1961.7767 8.519741
72 123 2652.4937 5.6703644
72 156 3360.152 6.0742173
72 200 4310.451 4.935839
72 255 5480.835 6.763085
72 292 6295.6646 4.8662524
72 337 7249.53 5.799006
73 57 1232.4211 7.9160285
73 124 2663.3176 6.6358333
73 146 3150.0784 5.2742634
73 202 4357.201 5.1758337
73 235 5044.564 4.7634435
73 299 6427.644 4.1480603
73 339 7300.752 3.5547354
74 58 1231.5505 8.5011425
74 116 2486.5752 6.177234
74 155 3333.1692 6.3278527
74 219 4718.804 6.1758885
74 242 5211.7744 4.892965
74 314 6757.536 4.501651
74 358 7698.2397 4.174218
75 52 1113.6819 8.095396
75 132 2838.5562 6.219687
75 174 3746.6335 5.618104
75 217 4653.4385 4.333526
75 254 5476.5137 4.7950945
75 279 6014.1772 5.2212343
75 333 7175.218 4.8755155
76 81 1743.8368 7.694923
76 103 2233.8865 4.8828516
76 143 3077.11 5.3887653
76 209 4499.8516 4.218756
76 261 5628.669 6.7916536
76 296 6362.5176 5.8327427
76 355 7657.204 4.0313625
77 57 1231.2676 7.1430926
77 111 2401.786 4.407546
77 141 3035.1401 4.04098
77 192 4133.6274 7.5461345
77 263 5671.2607 7.459847
77 290 6248.066 8.558426
77 361 7787.576 5.0239334
78 61 1324.792 9.700162
78 113 2421.8833 4.3313446
78 149 3209.9377 6.1063156
78 201 4334.7188 8.523835
78 267 5748.1113 6.74561
78 300 6456.281 5.491294
78 335 7217.7847 4.191038
79 81 1740.5206 8.719846
79 102 2213.1895 5.2367153
79 141 3041.9878 5.8132644
79 193 4152.66 6.90087
79 247 5318.547 8.432508
79 296 6369.937 5.7856984
79 345 7425.335 4.6410174
80 77 1656.5485 6.423642
80 105 2254.8958 5.9015408
80 173 3722.5405 5.254122
80 193 4160.1123 5.8385878
80 243 5226.936 6.6164017
80 286 6166.0137 6.948761
80 342 7377.1494 4.23731
81 62 1327.1196 7.7949734
81 133 2858.4343 4.94076
81 174 3732.6172 5.6633186
81 199 4275.0044 3.9898705
81 263 5673.0674 4.6102633
81 284 6120.507 4.644578
81 343 7382.47 3.2055085
82 61 1330.2576 9.868448
82 113 2423.9229 5.023428
82 164 3529.2505 4.344143
82 199 4288.522 5.004183
82 260 5590.747 6.465507
82 300 6458.1084 5.167412
82 341 7346.3726 4.256567
83 48 1040.6067 7.809729
83 111 2391.5967 5.288881
83 140 3029.5938 3.4618704
83 226 4857.175 5.8913474
83 258 5565.8384 5.3142085
83 292 6290.5156 4.7246876
83 342 7351.847 5.46112
84 73 1563.2546 8.5544615
84 104 2233.1125 6.025356
84 174 3747.6687 6.317653
84 197 4256.3022 5.2535577
84 241 5209.4375 4.8320656
84 293 6317.8774 4.949963
84 338 7284.5596 4.497778
85 62 1339.7992 7.9518723
85 97 2087.65 7.4080153
85 148 3203.0178 5.277773
85 195 4186.497 4.969994
85 242 5204.5635 5.3721423
85 283 6095.2046 4.7583647
85 373 8030.303 4.150276
86 60 1293.7216 7.4210815
86 131 2818.426 5.0416303
86 151 3257.2837 4.459853
86 189 4067.6309 4.7144537
86 258 5558.0615 4.1202493
86 293 6311.382 5.208373
86 354 7629.4487 4.766011
87 96 2071.332 5.0265255
87 154 3337.0 3.6314251
87 196 4230.8037 5.5658464
87 269 5800.903 4.100093
87 303 6519.3623 4.9466805
87 357 7700.4604 3.2466938
88 50 1062.9617 5.304097
88 97 2088.5317 8.393652
88 154 3307.8438 4.7125363
88 196 4218.6416 4.7417216
88 251 5399.8823 5.1855474
88 281 6047.4834 5.1572547
88 342 7367.117 3.6718419
89 61 1297.6102 10.614298
89 133 2876.2915 6.1353154
89 167 3583.5725 5.6317687
89 202 4365.7173 5.1737895
89 241 5183.5146 5.2682123
89 333 7174.935 5.09955
90 51 1094.1531 10.156731
90 109 2353.3855 5.4256687
90 167 3597.161 4.951978
90 191 4123.0054 5.0849805
90 260 5607.9873 4.7605157
90 296 6374.1675 4.861282
90 348 7497.6914 2.7596588
91 48 1037.4203 13.014052
91 111 2393.747 5.6046762
91 174 3742.1145 5.1803517
91 223 4800.972 5.4823565
91 249 5361.7075 4.3033633
91 306 6593.9883 4.180889
91 339 7306.0127 3.6026597
92 52 1119.6326 10.2240505
92 102 2200.983 5.091532
92 174 3747.5513 5.7366233
92 195 4180.8755 4.6053343
92 254 5465.8716 5.122008
92 313 6721.5215 4.1560063
92 335 7194.982 3.7311444
93 49 1062.6056 9.091067
93 113 2436.71 6.1660933
93 157 3383.1729 3.7978914
93 234 5043.8687 5.4186826
93 296 6368.7305 4.143092
93 366 7877.311 3.8922467
94 14 320.95807 17.627575
94 50 1059.8174 16.260288
94 115 2459.5073 7.327525
94 151 3243.3027 10.402268
94 188 4054.5378 6.1514506
94 262 5661.935 8.295876
94 300 6469.4 5.007742
94 327 7047.5005 4.0026016
95 32 688.292 20.139462
95 61 1312.1104 19.070414
95 100 2156.0186 8.429691
95 170 3664.073 9.176969
95 205 4417.4204 10.358452
95 249 5366.425 7.0132346
95 288 6213.4385 7.7693076
95 373 8034.168 6.718764
96 65 1395.9115 9.639315
96 96 2060.8076 8.847359
96 167 3601.482 7.4318814
96 201 4330.5605 7.687078
96 261 5641.377 7.4734144
96 307 6606.411 7.217292
96 332 7147.876 4.985902
97 59 1271.7894 6.999574
97 101 2179.5217 6.701843
97 154 3312.423 5.378289
97 189 4072.794 6.241746
97 250 5375.217 5.967916
97 318 6847.8276 9.821986
97 356 7668.002 6.911451
98 57 1222.1555 9.900237
98 102 2186.0017 6.537797
98 166 3573.004 5.798729
98 231 4972.6455 7.066601
98 268 5777.87 7.4930534
98 291 6276.919 4.6870184
98 333 7168.9355 5.790699
99 70 1519.4862 4.746492
99 105 2258.9492 6.815046
99 187 4023.7952 6.9570446
99 253 5450.137 4.6883492
99 299 6441.5005 5.3300242
99 326 7005.008 3.2056377
100 94 2026.8042 6.0180616
100 160 3451.1416 6.578597
100 213 4570.7827 6.2312274
100 241 5190.353 3.674153
100 318 6854.6255 4.1210446
100 360 7748.679 4.316896
101 57 1240.928 7.3875875
101 115 2476.7258 5.87827
101 161 3456.9246 4.566819
101 202 4332.3975 5.5406194
101 251 5396.5747 4.2867036
101 287 6184.2363 10.488607
101 359 7711.376 4.063284
102 57 1228.9911 8.249328
102 126 2701.4583 5.818609
102 169 3644.5562 6.3705244
102 202 4354.357 6.4169025
102 239 5144.9297 5.1875167
102 300 6469.0957 7.325866
102 327 7039.6196 5.4417243
103 68 1472.8989 7.2214613
103 120 2576.4866 4.832464
103 148 3183.7693 5.233348
103 202 4354.8696 8.941576
103 261 5616.8477 6.296568
103 300 6465.7295 7.0852485
103 328 7054.7954 5.2618775
104 70 1514.6338 5.6568236
104 103 2223.9077 4.5705414
104 171 3685.048 6.544166
104 202 4354.9473 9.2517605
104 267 5742.5605 6.5904956
104 308 6640.2295 6.1421776
104 340 7299.7974 5.065098
105 57 1230.8678 8.953574
105 123 2660.3296 6.8842854
105 144 3088.38 4.251877
105 202 4355.6387 7.473622
105 261 5626.4575 4.9555664
105 287 6173.8315 6.608944
105 337 7258.3345 4.4135466
106 58 1238.8062 7.8210974
106 115 2475.1382 6.0425735
106 140 3008.7847 6.205152
106 195 4204.3984 6.9494395
106 261 5630.814 4.511528
106 299 6441.8525 4.9839907
106 335 7222.3145 4.6715827
107 70 1521.2184 5.333865
107 104 2243.268 5.2258296
107 149 3201.4622 5.0216184
107 222 4784.272 5.345614
107 254 5453.485 4.511628
107 287 6181.5264 7.8149986
107 327 7025.45 4.5048776
108 48 1043.2334 6.7714357
108 105 2252.3428 5.3848324
108 151 3251.4634 4.525048
108 194 4173.3535 4.9933524
108 243 5237.6025 4.0390143
108 319 6864.8955 5.301542
108 345 7412.518 3.4660451
109 57 1219.9624 10.336948
109 116 2494.5703 3.985726
109 152 3280.2754 7.124264
109 198 4257.4775 4.810658
109 266 5715.649 4.4817696
109 288 6198.035 5.8959274
109 334 7193.433 5.490428
110 58 1244.3921 10.751537
110 116 2494.176 12.064216
110 163 3526.2397 7.357421
110 196 4213.523 6.6572266
110 255 5490.5845 4.8953257
110 306 6601.9204 4.818447
110 350 7518.746 6.478558
111 45 947.49243 21.365421
111 90 1943.9137 13.2416115
111 146 3125.5237 7.817843
111 217 4660.3 6.492205
111 253 5462.5776 3.4821486
111 301 6485.562 5.323181
111 349 7517.553 4.6945286
112 36 774.65875 27.82737
112 77 1653.218 10.820282
112 98 2107.1174 10.243702
112 155 3341.7212 8.710798
112 193 4158.1216 5.7630124
112 248 5355.133 6.7854724
112 312 6723.821 6.6100135
112 333 7175.1597 4.2220855
113 72 1548.0754 15.63137
113 120 2584.8591 11.196523
113 147 3158.8408 10.226341
113 225 4850.776 8.856395
113 248 5335.674 8.40307
113 313 6723.6274 10.119203
113 333 7176.7617 5.8661413
114 36 768.4406 23.512726
114 72 1547.5778 11.875893
114 108 2343.0225 10.239349
114 147 3168.8708 8.580206
114 199 4281.6636 8.736645
114 247 5333.2754 6.8240833
114 313 6733.566 8.28188
114 337 7249.069 5.8427215
115 36 775.98694 23.781279
115 73 1587.3065 12.109683
115 123 2644.2925 7.713574
115 182 3923.573 6.1501293
115 226 4859.5615 10.9802475
115 269 5789.1562 10.71682
115 314 6756.136 6.8754983
115 334 7185.3965 5.020751
116 36 776.18097 21.840853
116 68 1455.803 7.266545
116 116 2498.5095 8.0443945
116 160 3444.6128 4.4735603
116 188 4054.3818 5.879771
116 238 5129.877 5.6900973
116 317 6824.445 6.5011697
116 363 7814.9214 5.4194484
117 46 1006.3809 18.336243
117 137 2955.7034 11.028756
117 179 3865.8115 7.0067377
117 218 4678.5273 8.0962105
117 240 5166.426 4.389188
117 314 6776.573 7.739709
117 343 7390.88 5.0157065
118 90 1950.0839 11.291552
118 112 2398.8767 8.5054655
118 141 3034.8936 6.709279
118 216 4657.311 8.2687
118 276 5937.497 11.644825
118 315 6768.935 6.2685413
118 340 7319.7915 5.0982165
119 46 1002.0972 23.05635
119 111 2394.6272 11.092176
119 141 3032.056 7.1673484
119 197 4238.6357 5.197983
119 255 5497.019 7.257878
119 320 6911.6367 5.0908966
119 372 8014.267 5.0170717
120 31 665.8071 22.16476
120 72 1549.0944 12.18004
120 101 2169.4773 7.2896705
120 174 3751.4585 5.1907907
120 198 4262.663 5.1280537
120 247 5326.6045 3.6399148
120 291 6274.234 4.6179824
120 333 7175.01 9.110974
121 31 663.45544 24.146896
121 77 1656.9363 12.146579
121 108 2318.6152 8.876603
121 159 3422.272 7.6144996
121 193 4168.7314 5.5690784
121 276 5936.6353 9.168083
121 313 6730.2563 4.724203
121 365 7838.6025 4.995972
122 31 663.81665 19.223312
122 92 1974.8138 8.330437
122 117 2518.1624 9.158127
122 160 3438.0815 5.537473
122 187 4030.502 5.607127
122 269 5794.8423 8.994351
122 307 6617.7153 5.53559
122 342 7367.888 4.706452
123 31 661.16486 18.430609
123 91 1956.5476 12.460474
123 119 2551.772 8.43776
123 168 3601.9304 5.786058
123 200 4305.6743 4.3914194
123 269 5791.9575 9.772915
123 290 6265.6094 4.3788714
123 372 8026.959 4.330605
124 36 784.3293 24.214314
124 61 1322.2505 10.437624
124 135 2901.267 8.504835
124 158 3398.492 5.766654
124 223 4793.659 5.260485
124 246 5299.3584 3.8969417
124 309 6660.203 4.9412665
124 334 7192.754 5.436814
125 72 1544.5363 9.348081
125 100 2169.17 7.475119
125 157 3366.8088 5.862069
125 194 4190.421 5.9363246
125 260 5587.9717 6.0429935
125 284 6094.6436 4.5926003
125 377 8126.561 5.0870767
126 36 772.0326 22.312088
126 73 1589.3492 9.16847
126 128 2756.7957 11.654431
126 164 3527.8655 6.368513
126 225 4848.482 6.4887614
126 276 5937.274 5.1769767
126 309 6662.537 4.0781493
126 338 7271.338 3.970554
127 78 1678.0657 11.845299
127 115 2487.0767 13.853295
127 160 3453.5918 5.598704
127 193 4160.1167 4.6574464
127 275 5932.99 5.3454227
127 328 7050.607 4.949216
128 46 993.27527 18.746548
128 73 1587.0055 12.445157
128 108 2316.8884 10.089555
128 148 3180.8376 5.808564
128 223 4795.0327 6.7403183
128 275 5918.65 5.624849
128 328 7059.186 6.387235
129 31 663.6133 15.025443
129 77 1654.644 10.699614
129 113 2435.756 8.897678
129 157 3377.7966 7.67197
129 217 4676.8223 6.5214424
129 275 5925.3813 6.833311
129 296 6376.8184 3.249288
129 329 7072.0615 5.384258
130 36 775.7207 26.548025
130 74 1591.4222 8.932497
130 116 2493.9734 9.494653
130 146 3149.0493 7.8619056
130 223 4802.711 6.279448
130 248 5325.986 3.632509
130 317 6824.2856 5.3735228
130 351 7565.3027 4.2494187
131 36 782.0027 24.63907
131 65 1396.8927 7.3206425
131 117 2498.3623 8.435032
131 147 3155.0747 7.16284
131 226 4862.937 6.9364843
131 262 5643.7686 4.9690385
131 321 6921.7256 4.881558
131 367 7904.857 4.003562
132 31 664.3057 15.02069
132 91 1961.9423 10.333904
132 128 2757.757 9.3529
132 153 3286.6238 6.8090706
132 202 4348.6357 5.469744
132 242 5210.6167 4.6573033
132 329 7081.2246 6.0002003
133 31 664.13776 15.992922
133 83 1781.9906 8.990547
133 128 2756.7107 9.685144
133 157 3395.7815 5.9222913
133 202 4354.086 4.7175803
133 268 5772.263 4.523053
133 288 6200.775 5.5831366
133 334 7191.911 5.17646
134 47 1002.5464 12.287555
134 119 2563.8616 7.933597
134 153 3299.214 8.937788
134 210 4500.893 4.974939
134 271 5831.659 5.8378444
134 308 6642.376 5.3433456
134 334 7184.8613 4.703038
135 91 1958.507 13.110016
135 125 2686.9355 8.476078
135 157 3375.132 5.7185493
135 185 4000.925 6.273374
135 272 5850.9854 4.682775
135 316 6800.8457 6.408698
135 341 7336.318 4.7712107
136 37 787.93884 22.03818
136 80 1724.46 9.70264
136 108 2328.727 6.485561
136 170 3659.521 7.3222613
136 221 4768.4907 5.723324
136 310 6682.3853 4.869339
136 341 7343.3223 4.6006308
137 31 664.66534 19.174883
137 109 2341.0388 9.983302
137 157 3385.609 6.6986966
137 195 4199.718 6.306575
137 250 5396.0986 4.762374
137 297 6405.08 5.40591
137 360 7752.159 4.6970973
138 36 786.0451 24.272188
138 77 1658.5697 13.527706
138 116 2494.428 9.70288
138 157 3380.1313 3.4996855
138 194 4185.276 6.17086
138 245 5280.349 4.6225853
138 297 6398.971 6.845315
138 326 7031.411 3.692024
139 31 661.0767 18.231613
139 55 1184.2384 10.194469
139 135 2901.8447 11.276954
139 172 3704.4216 5.954593
139 210 4527.9893 3.9986203
139 234 5042.4424 5.536449
139 305 6569.23 5.399047
139 334 7182.8647 4.883792
140 31 661.5859 15.717283
140 74 1591.5024 12.124527
140 116 2497.703 12.336647
140 158 3415.6787 7.185816
140 208 4474.161 5.604581
140 268 5770.5713 6.2411475
140 305 6572.5464 3.9163852
140 342 7351.777 4.250456
141 86 1843.1554 9.13629
141 117 2510.7156 8.503982
141 157 3385.6328 6.2016954
141 191 4112.0854 5.8879647
141 243 5228.527 5.5678506
141 287 6198.543 5.159651
141 349 7510.8486 3.2311788
142 36 771.1998 21.930243
142 77 1657.4961 11.030511
142 122 2626.0176 7.6117043
142 163 3512.3442 7.591707
142 204 4386.792 5.647152
142 258 5549.6143 4.307749
142 287 6173.361 6.700412
142 351 7557.61 4.7479506
143 36 779.1489 17.570694
143 83 1786.618 14.517315
143 109 2350.0254 12.6059885
143 154 3307.9114 8.921727
143 197 4237.4585 6.509066
143 233 5010.23 5.670342
143 287 6176.1187 5.4204464
143 352 7577.771 6.6030703
144 36 767.45044 20.352676
144 81 1744.3877 14.580189
144 115 2470.4338 12.064964
144 171 3682.4084 10.722674
144 205 4428.399 11.253061
144 257 5531.7344 8.6648245
144 286 6147.5073 7.36101
144 332 7145.294 6.6582665
145 36 781.68787 22.009878
145 56 1206.4124 10.2878
145 116 2515.0771 15.588419
145 169 3635.8018 6.230441
145 201 4331.212 5.9334836
145 262 5633.024 8.722377
145 291 6254.773 9.08411
145 352 7582.238 4.7089834
146 62 1330.3541 7.8076363
146 117 2512.9888 10.804856
146 162 3485.626 7.865227
146 202 4349.253 7.2555857
146 247 5304.956 6.498721
146 289 6228.755 8.537296
146 328 7077.4067 6.3396435
147 31 660.9269 17.769985
147 55 1186.9604 9.803897
147 110 2368.074 8.466324
147 156 3360.2854 7.4844284
147 188 4047.6675 5.6443872
147 235 5048.8184 6.0377355
147 300 6470.5503 6.6973853
147 351 7558.3477 4.6048636
148 55 1185.9884 10.187643
148 116 2510.3464 8.611229
148 186 4004.9734 8.838935
148 247 5308.7686 6.578307
148 319 6861.1777 6.065388
148 347 7478.8228 4.4084435
149 31 662.94 18.324997
149 72 1539.1853 6.37347
149 110 2354.8894 7.264355
149 170 3670.009 7.0115094
149 199 4300.8906 5.386921
149 246 5315.7437 4.713174
149 327 7044.4814 6.5914907
150 36 780.848 19.40904
150 110 2366.0654 10.739716
150 165 3552.3726 8.759231
150 205 4416.1377 5.476579
150 269 5793.9785 6.9123187
150 290 6230.173 5.511539
150 356 7675.4937 6.76374
151 69 1483.2039 8.126908
151 140 3018.3645 7.8890667
151 223 4804.963 8.755074
151 243 5239.061 4.6641545
151 298 6408.417 7.051904
151 350 7552.43 3.4258928
152 31 656.54724 15.805929
152 78 1678.6565 10.518912
152 104 2241.8848 7.378356
152 157 3378.5344 10.671878
152 214 4591.5244 5.431023
152 269 5788.673 4.602332
152 290 6229.424 5.0347786
152 330 7111.341 6.350686
153 73 1572.1047 7.6905475
153 109 2365.3416 11.660437
153 156 3364.5693 5.609633
153 206 4440.373 4.4070144
153 255 5495.6147 4.707756
153 284 6110.724 4.794098
153 333 7168.0347 4.865902
154 15 329.81985 29.394468
154 36 782.0744 22.13715
154 71 1526.7604 7.5224867
154 118 2545.9783 7.951605
154 140 3020.1414 6.0065274
154 190 4094.845 4.568455
154 274 5892.285 6.9004
154 310 6678.952 6.535182
154 341 7346.796 2.8333807
155 37 787.8807 16.241636
155 80 1738.7036 9.187155
155 111 2383.14 8.511389
155 152 3278.001 7.917938
155 217 4687.149 4.9033294
155 240 5169.387 5.010218
155 316 6799.1 5.1891017
155 341 7345.391 4.732229
156 15 331.27823 28.418863
156 62 1320.7135 6.8795114
156 110 2367.4995 7.2756495
156 157 3373.2593 6.8408794
156 210 4502.316 4.3722706
156 271 5838.2075 5.3646846
156 292 6288.3945 4.317255
156 366 7881.6235 3.9845088
157 15 331.26968 31.81104
157 73 1576.037 8.737966
157 114 2454.5854 8.323477
157 156 3369.2625 6.8797693
157 212 4561.067 4.135436
157 263 5679.676 5.1512156
157 288 6199.392 5.7291574
157 345 7419.591 3.9284282
158 15 328.9899 29.506939
158 91 1959.9365 13.849042
158 116 2501.339 8.519891
158 162 3480.039 8.128358
158 229 4932.354 6.077791
158 263 5660.8945 4.33099
158 285 6128.02 4.050561
158 346 7450.483 3.3277433
159 15 327.775 18.27866
159 36 776.929 20.559586
159 62 1334.4238 11.174115
159 116 2496.7415 7.8850946
159 162 3490.4045 7.160035
159 185 4003.3372 5.0147085
159 249 5372.9795 5.986531
159 282 6081.5273 5.337956
159 330 7104.1914 4.3748536
160 66 1435.9226 7.820016
160 110 2365.7866 12.593988
160 162 3491.8745 8.588157
160 214 4589.6855 5.233066
160 242 5218.432 4.189701
160 296 6357.374 4.923805
160 352 7566.7695 3.4694746
161 56 1208.885 10.308315
161 119 2581.4602 7.150196
161 164 3532.4497 8.116315
161 226 4856.0264 5.9226546
161 261 5611.3306 5.743628
161 283 6089.156 5.915688
161 326 7034.0366 4.7364354
162 62 1322.2402 11.079684
162 120 2575.9392 11.308705
162 168 3620.0054 7.3764772
162 214 4608.6274 7.605223
162 261 5625.5127 7.391093
162 291 6253.511 5.87503
162 326 7018.5054 5.3071356
163 36 767.15546 24.884508
163 62 1330.817 9.645969
163 110 2352.4287 9.200806
163 155 3332.5398 7.5301356
163 202 4359.2417 6.4662933
163 262 5636.2344 6.4339833
163 287 6190.8345 3.2479277
163 334 7199.514 3.8946478
164 36 780.9789 28.483206
164 66 1420.2902 9.868705
164 110 2368.125 12.737054
164 156 3355.0427 8.049131
164 214 4607.153 9.052352
164 262 5634.218 5.1250463
164 302 6508.301 4.670528
164 357 7688.6875 5.0056725
165 55 1188.1633 6.8953714
165 112 2412.4146 6.9075613
165 159 3423.7483 7.1050754
165 202 4346.4473 5.597351
165 258 5558.4053 5.4167075
165 279 6011.424 3.793234
165 337 7255.362 5.156954
166 31 663.9997 16.574745
166 72 1546.7759 7.916082
166 110 2365.2336 8.990986
166 155 3336.5361 7.889674
166 202 4357.085 6.5561056
166 246 5297.282 4.618054
166 297 6396.7134 4.3282666
166 352 7567.5474 4.336376
167 73 1574.189 7.362024
167 110 2371.0542 11.453928
167 160 3445.772 6.350686
167 195 4186.413 6.085269
167 233 5019.6294 4.368501
167 332 7156.115 5.831505
168 15 328.98257 26.053667
168 36 774.26996 16.979233
168 109 2354.8035 13.336654
168 168 3606.837 7.9344783
168 213 4584.5513 5.2520533
168 266 5726.094 6.3771186
168 306 6574.742 7.202262
168 328 7066.659 5.551091
169 36 778.9894 17.811632
169 109 2343.981 10.182061
169 170 3663.5103 8.130274
169 213 4587.011 6.471959
169 246 5276.775 5.5885596
169 304 6552.9556 5.1945257
169 367 7911.9355 4.932782
170 62 1319.9446 8.535313
170 116 2501.5732 11.659046
170 141 3051.6418 5.9497285
170 213 4571.8276 5.507895
170 246 5297.7964 7.5250006
170 283 6072.4595 4.1205907
170 369 7930.135 4.490455
171 77 1666.6854 8.625815
171 123 2645.1973 8.628623
171 162 3490.3662 6.094208
171 199 4277.233 4.9670496
171 246 5303.185 6.51086
171 284 6105.0264 5.411119
171 346 7460.0522 4.850025
172 31 661.8628 16.07636
172 110 2366.1843 10.796687
172 154 3308.266 6.508606
172 215 4631.573 4.6684437
172 246 5294.62 6.70843
172 325 7002.5527 5.183714
173 36 781.0352 25.41038
173 66 1419.0414 6.2206693
173 116 2496.7817 7.551816
173 159 3420.9883 5.6396956
173 186 4011.2793 6.759429
173 235 5055.2817 3.3799524
173 285 6147.121 4.9646564
173 329 7083.2534 3.9361238
174 15 330.29486 23.84826
174 89 1916.4159 7.963003
174 135 2907.9324 9.538884
174 159 3419.3389 4.8258314
174 213 4581.8486 5.0959983
174 233 5014.7544 5.239128
174 308 6638.2305 4.7559075
174 364 7829.363 4.5079145
175 37 798.05725 17.149109
175 72 1541.2877 9.764646
175 115 2454.855 9.169483
175 175 3764.1497 4.938188
175 199 4293.521 10.551922
175 271 5832.611 4.5646853
175 303 6528.822 5.565605
175 341 7343.027 5.668493
176 36 783.26843 17.331018
176 56 1208.4797 8.71097
176 118 2549.4204 9.269278
176 142 3061.067 5.172574
176 208 4478.188 5.368026
176 258 5555.7363 5.010844
176 304 6561.004 6.1085806
176 327 7021.638 3.657597
177 31 665.0107 18.95958
177 73 1562.6737 12.684397
177 109 2343.7986 12.493605
177 141 3034.446 8.506657
177 213 4588.4443 7.32049
177 261 5628.5117 7.49809
177 288 6196.442 8.471206
177 359 7739.9917 3.8786614
178 31 663.4072 16.426151
178 80 1727.5459 9.493179
178 109 2351.2031 13.965828
178 170 3660.4739 8.143296
178 202 4353.0327 7.46816
178 244 5270.84 6.705708
178 308 6635.588 6.023799
178 349 7511.9453 5.8528337
179 31 663.68384 17.371782
179 55 1182.781 8.89136
179 110 2362.006 10.409037
179 161 3461.0386 5.8597093
179 203 4356.7163 6.766594
179 267 5737.991 6.866337
179 291 6275.898 5.531494
179 326 7013.3184 5.2895656
180 36 782.2386 21.323935
180 92 1961.4373 11.937453
180 112 2418.3599 7.616036
180 156 3365.998 11.084712
180 226 4864.638 8.45097
180 261 5620.914 5.898897
180 285 6133.774 6.115922
180 356 7664.283 6.1011653
181 31 663.3121 16.640495
181 82 1769.3041 8.306038
181 110 2374.887 11.872648
181 156 3366.8142 8.953019
181 202 4354.674 8.001258
181 245 5263.098 4.0776725
181 306 6602.57 6.203954
181 342 7358.9062 5.2949576
182 62 1340.9304 8.88966
182 109 2328.4846 7.819403
182 156 3365.5178 9.227894
182 202 4350.2866 6.175054
182 287 6180.565 7.582264
182 361 7765.294 4.257305
183 84 1809.4816 7.0453377
183 126 2715.917 9.120901
183 149 3218.5483 5.9904118
183 206 4440.411 5.441075
183 238 5121.0244 5.1828027
183 300 6463.6924 6.337026
183 330 7103.464 3.8732245
184 62 1333.3232 11.804865
184 117 2524.1628 10.641877
184 166 3554.659 7.658986
184 202 4351.418 5.5805864
184 239 5129.9966 5.3567524
184 288 6201.643 5.872358
184 334 7187.0356 3.809597
185 36 778.78094 17.154339
185 71 1527.3392 8.838648
185 111 2369.6975 6.2245197
185 147 3170.1287 6.878212
185 222 4785.9487 5.717615
185 288 6196.812 7.964712
185 359 7727.032 3.3078685
186 62 1318.0304 10.861894
186 116 2513.9585 10.87147
186 160 3436.2964 8.511826
186 199 4274.017 5.998619
186 240 5174.2563 4.65007
186 309 6650.274 4.7564507
186 334 7212.911 6.172339
187 37 789.0052 18.04994
187 91 1972.0809 10.88536
187 125 2694.0679 7.147942
187 157 3366.9053 6.8158154
187 189 4088.8179 4.8593826
187 241 5209.828 5.717328
187 288 6185.6313 7.3433857
187 339 7301.8433 4.774799
188 36 782.1316 16.433073
188 57 1225.9663 6.7375813
188 110 2370.947 13.060178
188 159 3441.5657 6.533806
188 202 4360.343 5.2739563
188 249 5363.8 4.597573
188 286 6144.8647 4.595585
188 331 7117.2837 4.608365
189 31 661.97546 15.128086
189 55 1184.6237 6.47975
189 112 2418.505 8.2283535
189 152 3269.7666 7.4396005
189 202 4355.12 5.289358
189 262 5654.9155 4.2825084
189 318 6838.5503 6.7008758
189 348 7494.8438 4.731335
190 31 663.10156 15.48503
190 91 1938.6884 7.9282117
190 113 2426.9094 8.21997
190 158 3401.5295 5.2282863
190 228 4917.908 4.6002393
190 278 5981.1333 4.774098
190 302 6501.4487 6.2798605
190 354 7626.91 4.40849
191 36 771.68384 16.089537
191 66 1403.9761 8.31007
191 112 2421.2686 7.9389925
191 174 3749.7642 6.3712096
191 202 4343.886 5.03601
191 234 5035.777 4.676233
191 287 6186.7876 4.7764635
191 370 7965.849 5.5617514
192 62 1340.6014 6.9570827
192 109 2366.336 17.537619
192 162 3473.718 6.7616367
192 187 4025.2888 5.9974284
192 233 5024.8936 4.7547154
192 297 6390.238 4.150506
192 326 7018.186 3.9034348
193 56 1187.7545 8.426382
193 114 2457.7173 13.228355
193 156 3367.6594 6.337844
193 186 4009.5425 6.893531
193 246 5291.103 6.1184425
193 291 6281.159 5.230063
193 326 7013.6157 5.447675
194 55 1188.4629 9.028879
194 101 2170.8633 11.345163
194 174 3745.6274 6.03752
194 195 4186.183 5.177013
194 268 5779.54 5.2822022
194 290 6248.904 7.919917
194 353 7584.45 3.5613606
195 55 1182.9994 10.474953
195 115 2482.9565 7.906081
195 156 3361.699 10.354133
195 186 4002.6968 7.1008005
195 248 5361.4243 3.9456322
195 287 6171.3213 7.2482553
195 325 7000.2646 4.096973
