Event Bin Frequency Volume
0 102 2196.3867 0.22992642
0 345 7428.955 0.080832
1 102 2196.6362 0.20389351
1 102 2196.6362 0.20389351
2 92 1976.1432 0.1241231
5 145 3124.8804 0.12671818
6 145 3120.2383 0.13916233
6 145 3120.2383 0.13916233
6 194 4178.181 0.092288814
6 235 5063.946 0.122091375
6 280 6026.134 0.120369904
7 219 4715.221 0.098272964
7 219 4715.221 0.098272964
13 100 2155.3967 0.14927301
13 154 3326.396 0.17782384
13 239 5149.0513 0.11501765
13 295 6347.9785 0.111578844
13 351 7571.7876 0.05796086
14 83 1785.9346 0.7487693
14 154 3317.8806 0.1267977
14 154 3317.8806 0.1267977
17 191 4125.459 0.06795444
19 134 2882.4749 0.10730237
19 134 2882.4749 0.10730237
19 192 4126.1978 0.08964358
19 192 4126.1978 0.08964358
20 77 1679.3356 0.61265206
20 107 2305.3994 0.77390414
20 157 3377.4868 0.41339025
20 193 4146.573 0.30657837
20 240 5164.53 0.34506497
20 293 6297.942 0.26216263
20 352 7575.242 0.217626
21 202 4356.49 0.15074053
21 202 4356.49 0.15074053
27 101 2167.06 0.38356873
27 101 2167.06 0.38356873
27 156 3350.2273 0.36014712
27 156 3350.2273 0.36014712
30 16 353.04532 21.876333
31 134 2874.3687 0.1428109
32 133 2877.5793 0.11770783
32 133 2877.5793 0.11770783
35 49 1047.4971 0.22747016
35 149 3207.1611 0.078218594
35 214 4617.3984 0.07778263
35 249 5365.0513 0.063505135
35 286 6166.06 0.062360547
35 328 7060.199 0.11363513
36 145 3117.4006 0.08284826
36 145 3117.4006 0.08284826
36 214 4611.839 0.055655736
36 214 4611.839 0.055655736
41 145 3119.0605 0.07400034
43 203 4370.1016 0.093687
46 117 2514.8057 0.06664533
49 75 1624.2599 0.13624528
49 134 2904.833 0.17549975
49 134 2904.833 0.17549975
49 158 3391.6257 0.18382181
49 158 3391.6257 0.18382181
49 197 4244.2363 0.22987987
49 197 4244.2363 0.22987987
49 269 5781.5986 0.24701498
49 294 6334.165 0.26548257
49 346 7440.259 0.36015302
50 89 1908.8206 0.09655807
50 118 2541.6428 0.35597476
50 190 4102.128 0.15128966
50 260 5591.529 0.15107934
50 292 6276.5376 0.19091618
50 328 7062.921 0.15391381
51 168 3619.5308 0.1435908
52 194 4174.9155 0.091555655
52 194 4174.9155 0.091555655
53 133 2877.272 0.30133712
53 133 2877.272 0.30133712
58 155 3335.6838 0.15567711
58 155 3335.6838 0.15567711
61 144 3099.6196 0.19406681
64 119 2567.4995 0.17208347
64 202 4339.3174 0.07532343
64 272 5868.58 0.08969124
64 316 6807.438 0.08678264
64 345 7427.0493 0.0843802
65 144 3104.7026 0.19281822
65 144 3104.7026 0.19281822
65 202 4345.888 0.06444985
65 202 4345.888 0.06444985
68 134 2877.053 0.15762313
68 134 2877.053 0.15762313
69 90 1919.7775 0.08861962
71 51 1104.2759 0.98613495
72 206 4429.008 0.11680243
77 103 2216.6692 0.31117776
77 154 3294.7493 0.26912054
78 101 2176.39 0.680116
78 101 2176.39 0.680116
78 157 3377.6995 0.30008087
78 157 3377.6995 0.30008087
78 220 4733.751 0.22106834
78 220 4733.751 0.22106834
78 259 5580.3154 0.27432674
78 281 6057.5317 0.22687677
78 329 7091.3066 0.2731264
80 16 347.63828 32.439278
80 367 7898.08 0.09109975
81 145 3122.777 0.14312163
81 306 6586.4224 0.12096008
83 201 4333.402 0.0843331
85 118 2539.6943 0.23946409
85 201 4339.8677 0.07506124
85 201 4339.8677 0.07506124
85 235 5058.1074 0.12764002
86 90 1940.6417 0.111045144
86 118 2529.936 0.2384957
86 118 2529.936 0.2384957
89 154 3321.4075 0.11164518
89 154 3321.4075 0.11164518
90 118 2535.452 0.2045124
91 118 2539.2935 0.21291985
91 118 2539.2935 0.21291985
92 78 1673.1387 0.64650255
92 155 3329.1226 0.105598725
92 191 4106.9253 0.054684456
92 282 6068.0093 0.10772702
92 337 7258.8696 0.09009009
99 167 3599.5957 0.19147949
99 167 3599.5957 0.19147949
99 187 4028.9717 0.11044655
99 187 4028.9717 0.11044655
99 247 5319.623 0.12910919
100 51 1104.9583 1.065409
106 119 2563.7158 0.2342356
106 188 4043.4753 0.086436614
106 280 6026.1035 0.17771745
106 353 7597.6016 0.15847512
107 119 2560.6064 0.19038403
107 119 2560.6064 0.19038403
107 193 4158.8784 0.089837
107 193 4158.8784 0.089837
107 236 5083.8184 0.13554233
108 145 3128.8154 0.12833919
109 144 3121.0598 0.21138279
109 144 3121.0598 0.21138279
110 117 2515.6208 0.1348057
110 144 3104.9976 0.19599156
110 220 4734.1245 0.07105829
110 344 7390.4966 0.069805086
111 118 2529.6812 0.14935517
111 118 2529.6812 0.14935517
111 144 3100.5378 0.19176687
111 144 3100.5378 0.19176687
113 16 346.60782 30.032982
113 201 4317.573 0.05646976
113 201 4317.573 0.05646976
113 234 5040.3765 0.09539177
113 295 6347.949 0.09027348
119 69 1490.018 0.068870574
120 117 2531.1638 0.12880297
120 282 6084.6665 0.124510646
121 52 1115.4637 1.1484867
121 118 2531.9707 0.13214153
121 118 2531.9707 0.13214153
121 198 4267.6484 0.064086325
124 143 3072.0938 0.13733049
127 156 3358.7979 0.14946431
127 156 3358.7979 0.14946431
127 198 4249.402 0.056364346
127 198 4249.402 0.056364346
127 241 5191.595 0.12890658
127 347 7469.5103 0.06534186
134 264 5696.901 0.16898632
135 61 1312.6102 0.61748147
135 144 3097.992 0.15416813
135 220 4738.838 0.22512281
135 285 6128.966 0.22489983
135 354 7621.989 0.14692016
136 134 2875.8425 0.19507484
137 134 2873.8584 0.23620415
137 134 2873.8584 0.23620415
139 144 3098.908 0.13115351
139 144 3098.908 0.13115351
139 193 4150.878 0.12330583
139 193 4150.878 0.12330583
140 144 3103.2002 0.14535856
140 284 6123.264 0.13031925
142 61 1317.455 0.58501303
142 226 4874.5483 0.081372514
142 359 7722.975 0.0759969
143 133 2872.364 0.15289427
143 236 5084.5693 0.11574013
144 16 346.2116 49.268726
144 118 2535.3723 0.13337079
144 118 2535.3723 0.13337079
145 197 4257.406 0.07724917
145 197 4257.406 0.07724917
147 144 3106.4026 0.098400354
147 144 3106.4026 0.098400354
152 61 1317.9327 0.38279864
156 134 2881.6013 0.16563715
156 183 3950.6677 0.07962442
156 224 4833.749 0.11506404
156 363 7807.0293 0.10643455
157 134 2882.1675 0.18183401
157 134 2882.1675 0.18183401
157 183 3942.2424 0.069841675
157 183 3942.2424 0.069841675
157 276 5947.167 0.09584004
157 306 6583.6235 0.1492995
159 205 4420.3994 0.072693646
159 205 4420.3994 0.072693646
160 61 1319.1528 0.29290444
163 134 2881.3901 0.3695604
163 184 3941.3228 0.14080289
163 345 7439.952 0.2564527
164 134 2887.064 0.29830393
164 134 2887.064 0.29830393
164 168 3602.5737 0.15187585
164 168 3602.5737 0.15187585
164 201 4321.8354 0.121353574
164 236 5083.4985 0.2362759
165 280 6021.629 0.20007832
167 198 4266.2314 0.09640303
167 198 4266.2314 0.09640303
170 284 6115.4146 0.14072573
170 347 7483.422 0.091901466
171 168 3615.394 0.08450021
171 237 5102.601 0.093725465
172 134 2879.2375 0.16930015
173 134 2880.581 0.14054333
173 134 2880.581 0.14054333
174 143 3073.6125 0.10500045
174 143 3073.6125 0.10500045
174 198 4265.3135 0.09675108
175 61 1317.427 0.20991819
175 198 4260.528 0.08228124
175 198 4260.528 0.08228124
181 134 2879.8716 0.15725029
181 175 3762.5342 0.07425592
185 192 4129.7007 0.11845629
185 245 5279.1143 0.12961094
185 293 6303.89 0.11292608
185 363 7821.104 0.09165684
186 16 351.23367 29.543835
186 49 1050.2292 0.25984734
186 146 3154.0874 0.06291499
186 146 3154.0874 0.06291499
189 134 2882.5154 0.15399247
189 134 2882.5154 0.15399247
189 197 4248.788 0.11336873
189 197 4248.788 0.11336873
192 147 3180.2522 0.11504112
192 295 6372.856 0.10820684
192 372 8015.0615 0.15545207
193 131 2824.7148 0.22703995
193 197 4243.1553 0.08601765
193 271 5833.543 0.1635062
194 61 1318.0896 8.155238
194 131 2828.4763 0.20561098
194 131 2828.4763 0.20561098
196 197 4242.287 0.0870774
196 197 4242.287 0.0870774
199 154 3316.6326 0.10254878
199 154 3316.6326 0.10254878
200 227 4901.1 0.07109316
200 285 6138.1387 0.06701046
201 61 1319.744 6.458842
202 236 5084.016 0.09214997
204 131 2829.551 0.10736237
204 154 3310.6946 0.11704702
204 197 4248.7134 0.0599504
204 197 4248.7134 0.0599504
206 131 2819.5771 0.14102733
206 131 2819.5771 0.14102733
207 154 3310.3486 0.12998551
207 154 3310.3486 0.12998551
207 370 7963.766 0.08088541
211 131 2827.2764 0.13028345
213 61 1319.7334 4.1109033
213 131 2820.2705 0.118358895
213 131 2820.2705 0.118358895
214 216 4651.5996 0.08792546
214 244 5253.468 0.11470401
214 279 6014.627 0.06347807
214 330 7100.743 0.13756245
216 198 4251.568 0.09508925
216 198 4251.568 0.09508925
218 158 3410.5115 0.089237645
219 158 3406.2585 0.10997496
219 158 3406.2585 0.10997496
220 61 1319.6693 2.853488
221 199 4292.0728 0.14253482
221 235 5060.0293 0.09688353
221 333 7157.98 0.13787954
222 99 2135.5657 0.27241603
222 160 3451.9375 0.29556742
223 158 3398.9106 0.3041226
223 158 3398.9106 0.3041226
223 191 4101.378 0.13097627
223 191 4101.378 0.13097627
224 106 2282.957 0.24640207
224 106 2282.957 0.24640207
225 285 6141.779 0.08761039
230 61 1320.3567 2.1456635
235 100 2142.6243 3.155064
236 100 2143.8364 3.3576202
236 100 2143.8364 3.3576202
238 161 3458.6995 0.9654829
238 191 4121.8813 0.46355838
239 161 3464.5796 1.9372612
239 161 3464.5796 1.9372612
239 191 4121.1177 1.0669596
239 191 4121.1177 1.0669596
239 268 5769.9136 0.10828567
239 291 6268.3267 0.09175443
239 337 7255.404 0.24259448
240 61 1320.3041 1.4416057
241 161 3464.068 2.9801319
242 161 3463.981 2.9163537
242 161 3463.981 2.9163537
242 268 5775.5977 0.281543
242 291 6267.7036 0.18038331
243 115 2473.814 1.933869
248 195 4202.785 2.4488668
249 97 2092.9692 5.6100316
249 97 2092.9692 5.6100316
249 194 4183.3115 3.4186513
249 194 4183.3115 3.4186513
249 328 7066.8936 0.29778823
250 97 2094.0903 7.5444164
250 280 6016.8096 0.1364889
250 340 7327.691 0.29496816
256 162 3478.867 2.2682254
256 189 4064.1873 2.4761887
257 68 1461.0387 13.289652
257 136 2927.2493 4.1280704
257 136 2927.2493 4.1280704
257 163 3511.009 2.349456
257 163 3511.009 2.349456
257 191 4105.6753 3.9441113
257 191 4105.6753 3.9441113
258 27 586.81067 32.36225
259 272 5863.4683 0.10001795
264 159 3422.7815 1.9242103
266 134 2880.4253 1.656754
267 85 1832.1051 6.1944475
267 134 2879.2273 1.3411294
267 134 2879.2273 1.3411294
267 158 3401.718 1.577489
267 158 3401.718 1.577489
268 195 4187.6934 0.85191745
269 190 4097.819 2.021519
269 190 4097.819 2.021519
269 233 5012.145 1.0041975
269 298 6409.47 0.5487498
269 336 7234.69 0.7980146
270 190 4090.7954 7.4789596
271 163 3494.2048 4.9225764
271 191 4096.679 11.255447
271 191 4096.679 11.255447
271 233 5027.7227 3.396311
271 332 7140.605 3.331389
272 161 3464.3582 5.038035
272 161 3464.3582 5.038035
272 285 6128.108 2.025566
275 66 1425.7285 1.030538
278 103 2217.5547 0.69423693
279 16 350.69492 32.47282
279 103 2221.7388 0.29317415
279 103 2221.7388 0.29317415
280 191 4122.751 0.2777391
281 190 4100.3545 0.44184437
281 190 4100.3545 0.44184437
281 236 5074.8716 0.14982423
282 161 3458.6748 0.5255927
282 306 6596.738 0.14647421
283 161 3461.0913 0.59411275
283 161 3461.0913 0.59411275
285 103 2224.8384 0.67434037
286 57 1235.9214 2.300799
286 103 2223.9314 0.7554221
286 103 2223.9314 0.7554221
286 344 7411.9365 0.14572649
290 191 4101.3354 0.9469617
291 85 1825.0134 1.0795345
291 161 3465.2234 2.218644
291 191 4109.58 3.2718608
291 191 4109.58 3.2718608
291 234 5037.3174 1.0880477
291 287 6180.3794 0.7586619
291 345 7430.9478 1.4480232
292 93 2003.733 0.46888304
292 155 3324.5605 1.6555792
292 155 3324.5605 1.6555792
294 123 2643.5825 0.36746627
294 123 2643.5825 0.36746627
304 190 4089.8472 0.35975704
305 163 3508.4053 3.720948
305 265 5704.094 0.2515939
305 287 6178.4834 0.25252542
305 339 7306.5894 0.43815315
306 162 3497.5623 1.8364607
306 162 3497.5623 1.8364607
307 122 2622.871 1.2113225
307 187 4019.1724 0.35870382
307 187 4019.1724 0.35870382
308 89 1921.1588 0.9851819
308 122 2621.6746 0.77406615
308 122 2621.6746 0.77406615
310 200 4306.123 0.21277247
310 233 5026.548 0.10965841
311 187 4011.9053 0.1604337
311 187 4011.9053 0.1604337
313 154 3317.0876 0.26597
314 284 6115.4595 0.14499064
314 341 7335.3335 0.11821462
316 65 1398.0726 1.5094545
317 106 2272.2375 0.28728154
318 105 2271.3333 0.38784787
318 105 2271.3333 0.38784787
319 16 340.89273 16.813396
319 162 3493.0168 0.26220182
319 162 3493.0168 0.26220182
320 162 3493.257 0.20527932
321 162 3495.6619 0.20583412
321 162 3495.6619 0.20583412
321 186 4015.9954 0.20054048
328 16 343.65567 26.728043
328 97 2096.0205 0.4217517
328 257 5547.469 0.16593024
328 284 6113.662 0.20742427
328 349 7515.389 0.2547778
329 65 1397.1003 0.3986202
329 106 2273.8657 0.3767185
329 106 2273.8657 0.3767185
329 187 4018.992 0.19030024
329 187 4018.992 0.19030024
330 16 341.2765 48.90188
334 276 5931.7563 0.18798776
335 86 1852.6519 3.3896728
335 115 2475.3 1.4639858
335 165 3550.9487 5.3889284
335 187 4027.0803 5.5249834
335 279 6005.7104 1.1908191
335 341 7347.2944 1.3432008
336 118 2551.708 1.0047665
336 118 2551.708 1.0047665
336 158 3386.1506 2.4898317
336 158 3386.1506 2.4898317
336 193 4154.528 1.5926158
336 193 4154.528 1.5926158
340 16 336.86072 15.356857
344 116 2495.3992 0.39886764
344 235 5062.676 3.65652
346 164 3521.8125 2.1756785
346 191 4109.265 8.16442
346 288 6193.0415 1.549492
347 86 1857.7914 0.66249335
347 164 3523.1514 2.9181566
347 164 3523.1514 2.9181566
347 221 4754.102 10.424471
347 221 4754.102 10.424471
347 326 7032.807 2.5508454
348 115 2490.3196 0.28154933
348 115 2490.3196 0.28154933
352 162 3490.4429 1.1549671
352 191 4110.4146 1.778441
352 234 5033.3374 1.7152911
352 279 6006.7524 1.1862614
352 334 7193.739 1.15517
355 18 388.9437 28.666912
355 91 1959.8281 2.5349336
355 118 2548.0613 0.6737132
355 155 3334.8594 0.6276142
355 155 3334.8594 0.6276142
355 191 4117.998 1.3416467
355 191 4117.998 1.3416467
356 118 2548.6191 0.7208227
356 118 2548.6191 0.7208227
360 191 4118.487 0.58089525
362 191 4100.313 0.47665003
362 191 4100.313 0.47665003
363 15 329.5425 20.607447
364 89 1906.7292 2.2916663
365 140 3011.0984 0.8468437
365 306 6588.576 0.31331038
366 101 2162.475 3.2038927
367 266 5733.196 0.19743167
367 326 7024.3184 0.23737952
369 102 2197.7253 2.9982924
369 102 2197.7253 2.9982924
369 143 3076.9355 0.62788016
369 143 3076.9355 0.62788016
371 234 5058.5815 0.42606613
371 287 6179.6704 0.24110158
372 102 2199.32 3.420203
372 359 7730.7925 0.39153296
373 102 2197.7805 2.8647423
373 102 2197.7805 2.8647423
373 194 4176.175 0.7660275
374 51 1097.5845 0.9505131
374 143 3076.1206 1.5426399
374 194 4173.642 0.7235838
374 194 4173.642 0.7235838
375 143 3075.5942 1.5183463
375 143 3075.5942 1.5183463
