Event Bin Frequency Volume
0 163 3509.912 2.0248291
0 190 4091.3086 1.8722986
0 272 5857.0312 0.64895445
0 310 6675.293 0.51252836
1 27 584.1901 36.067715
1 190 4096.1025 0.81217945
1 190 4096.1025 0.81217945
1 358 7713.209 0.36549842
6 109 2345.603 5.871399
9 54 1171.0269 38.554565
9 109 2344.0881 5.6354446
9 109 2344.0881 5.6354446
9 163 3522.2224 1.2868234
9 163 3522.2224 1.2868234
12 109 2348.208 6.551543
14 198 4261.6914 4.711536
15 54 1171.8672 30.591257
15 158 3400.3315 5.657441
15 186 4014.377 4.0197096
15 186 4014.377 4.0197096
15 346 7465.03 2.293543
16 109 2349.1453 6.840661
16 109 2349.1453 6.840661
16 177 3791.9268 3.8743184
16 177 3791.9268 3.8743184
16 242 5209.963 3.9338646
16 288 6211.2754 4.4817924
21 54 1171.4252 32.795494
22 156 3363.9827 4.6577234
22 284 6129.6606 0.6332124
23 18 390.8628 54.625652
23 109 2351.624 4.361011
23 155 3345.8962 5.775947
23 155 3345.8962 5.775947
23 218 4709.091 0.50492126
26 27 586.1669 18.482706
29 97 2083.3337 7.808189
29 97 2083.3337 7.808189
29 194 4175.788 0.9920243
29 194 4175.788 0.9920243
29 243 5228.511 1.0865605
29 369 7944.121 0.41939223
30 97 2084.8564 10.401596
31 97 2089.683 9.74545
31 97 2089.683 9.74545
32 48 1043.1414 28.313488
35 146 3154.0574 1.3880612
36 167 3594.3518 1.8286917
36 167 3594.3518 1.8286917
36 200 4307.468 1.1892319
36 259 5579.1562 0.7992156
36 281 6044.8345 0.3970911
36 349 7514.776 0.56006867
37 199 4299.488 0.46183783
37 199 4299.488 0.46183783
39 15 329.6721 42.33218
40 15 329.57758 41.52848
42 48 1042.0703 21.59872
42 97 2089.1519 4.986271
43 97 2091.3252 3.6530652
43 97 2091.3252 3.6530652
43 146 3137.6377 1.3006054
43 219 4703.9683 0.49758908
43 263 5672.7793 0.26818827
43 298 6408.543 0.3202845
43 330 7109.4277 0.31852815
46 146 3134.9722 1.0879787
46 146 3134.9722 1.0879787
49 194 4183.9414 0.3627348
49 194 4183.9414 0.3627348
50 48 1042.8513 26.826288
51 194 4182.9014 0.39261258
55 24 522.3423 20.774696
55 97 2089.0803 4.2574754
56 97 2088.3333 4.4253345
56 97 2088.3333 4.4253345
57 146 3137.377 0.6358804
58 160 3443.484 0.9985268
58 160 3443.484 0.9985268
58 221 4770.154 0.5547213
58 221 4770.154 0.5547213
58 260 5603.6616 0.31558028
58 288 6198.9956 0.40727052
58 339 7305.817 0.1769224
59 15 329.65506 60.663387
60 15 329.63412 46.804153
62 31 657.97345 46.607883
64 61 1316.7599 13.856167
65 113 2433.1763 2.9320078
65 156 3357.6665 5.2402067
65 196 4235.1455 0.18142542
65 240 5158.225 0.11009488
65 283 6088.7373 0.14829753
65 340 7317.257 0.13367309
66 113 2437.9097 4.33419
66 113 2437.9097 4.33419
66 155 3343.2788 5.5360994
66 155 3343.2788 5.5360994
66 216 4661.9185 0.17572416
66 216 4661.9185 0.17572416
70 61 1316.0074 12.437162
71 113 2424.8267 4.195321
71 163 3489.7263 4.369918
71 280 6011.2153 6.354578
72 106 2282.7534 10.170986
72 106 2282.7534 10.170986
72 179 3853.4595 7.0754485
72 179 3853.4595 7.0754485
72 202 4352.0005 3.0972352
72 336 7231.0693 2.1022573
73 219 4717.3115 4.5416894
73 219 4717.3115 4.5416894
74 237 5106.5425 4.248895
75 30 655.3203 41.57145
80 213 4589.054 0.42711428
80 242 5215.869 0.48862162
81 193 4157.0913 0.26854774
81 193 4157.0913 0.26854774
82 61 1316.6678 7.768509
83 153 3295.5312 0.47003782
84 122 2634.8325 0.8536194
85 30 656.58215 35.119743
86 122 2635.6633 1.6401607
86 122 2635.6633 1.6401607
86 153 3290.1956 0.62975824
86 153 3290.1956 0.62975824
86 302 6493.3564 0.4173194
87 369 7943.4136 0.4599381
91 123 2636.451 0.5375819
94 153 3292.3257 0.56743145
94 236 5082.2905 0.2674693
94 314 6764.8467 0.20236865
94 348 7492.84 0.12174243
95 61 1316.5706 10.208414
97 31 657.2583 27.092123
97 153 3294.2773 0.5300084
97 153 3294.2773 0.5300084
97 214 4611.874 0.11409853
98 196 4218.7954 0.2011624
98 196 4218.7954 0.2011624
99 124 2678.7915 0.76734483
99 124 2678.7915 0.76734483
100 24 518.17 17.712542
100 49 1052.6458 12.912892
100 123 2654.1213 4.8467565
100 148 3175.3057 5.164307
100 206 4451.32 1.4137613
100 234 5022.01 1.0385406
101 93 2007.3842 2.4346316
101 93 2007.3842 2.4346316
101 158 3400.548 4.030297
101 158 3400.548 4.030297
101 197 4240.523 2.0542383
101 197 4240.523 2.0542383
101 317 6821.968 0.9200442
101 350 7536.2324 0.7385454
113 104 2236.495 0.31708503
115 113 2415.7031 0.5634856
115 113 2415.7031 0.5634856
115 141 3049.4949 0.30887198
115 196 4205.2246 0.17991951
116 142 3041.0603 0.21675108
116 142 3041.0603 0.21675108
116 194 4176.222 0.25786856
116 194 4176.222 0.25786856
116 245 5277.2627 0.19297566
116 316 6804.723 0.27538285
116 368 7923.0093 0.32766968
117 15 331.18793 22.68613
119 24 526.1422 20.344284
119 49 1046.6274 7.1694713
121 24 520.5779 17.563595
124 110 2366.7766 2.5567834
124 156 3364.617 1.6506964
128 186 4012.3035 0.19057158
129 49 1050.3955 11.668002
129 97 2079.2527 13.674473
129 97 2079.2527 13.674473
129 158 3408.6147 4.8059497
129 158 3408.6147 4.8059497
129 201 4325.9077 4.8922224
129 201 4325.9077 4.8922224
129 236 5086.1025 5.983296
129 288 6199.746 2.8910706
129 332 7149.1743 2.8261337
130 48 1041.9696 21.850836
130 97 2092.1494 27.070194
130 146 3152.0417 6.5793176
130 211 4552.593 5.42331
130 288 6205.7354 4.2769837
130 341 7351.9194 1.3644457
131 97 2096.0613 17.57268
131 97 2096.0613 17.57268
131 146 3145.2007 8.057648
131 146 3145.2007 8.057648
131 211 4554.2324 4.343294
131 211 4554.2324 4.343294
131 252 5424.71 3.4576712
144 287 6178.241 0.27838257
144 347 7471.3203 0.3795581
148 55 1179.9222 26.15004
148 109 2352.4082 8.411532
148 164 3528.23 3.8515975
148 191 4113.2217 2.654636
148 246 5291.9126 1.1839285
149 27 586.1935 30.92284
149 109 2349.9473 11.329841
149 109 2349.9473 11.329841
149 164 3525.217 2.839538
149 164 3525.217 2.839538
149 191 4113.0327 2.134469
149 191 4113.0327 2.134469
150 27 585.4027 36.180656
150 55 1175.3613 25.892668
150 164 3526.336 2.0163195
150 191 4112.7183 1.5402219
151 109 2347.8008 7.4980054
151 167 3592.3748 1.2604909
151 167 3592.3748 1.2604909
151 190 4102.356 1.1184182
151 190 4102.356 1.1184182
151 331 7130.3022 0.49076697
158 18 393.9843 22.85721
159 138 2970.268 17.915754
159 138 2970.268 17.915754
159 276 5937.834 1.0104332
159 321 6912.5967 0.7871898
160 23 491.53824 33.352398
160 92 1978.4365 26.91466
160 230 4948.1436 1.8992367
161 138 2969.539 18.123964
161 230 4949.092 1.6027826
161 230 4949.092 1.6027826
162 138 2968.5703 18.558565
162 138 2968.5703 18.558565
165 255 5491.148 0.7413612
165 300 6439.359 0.5758594
165 344 7407.789 0.5968692
166 167 3596.2766 1.7547674
167 46 985.1338 30.971395
169 143 3078.7136 2.1468961
169 143 3078.7136 2.1468961
170 61 1312.102 6.438958
170 123 2646.9639 4.797615
170 143 3073.6807 1.5142236
170 204 4388.081 0.7027259
173 41 877.09125 42.182606
173 205 4409.794 0.40560585
173 205 4409.794 0.40560585
173 247 5309.9023 0.28823042
173 312 6717.845 0.1868029
173 333 7168.8467 0.1631032
177 20 438.7226 26.63961
179 103 2196.8342 1.983765
179 103 2196.8342 1.983765
179 164 3525.1177 0.8251575
179 164 3525.1177 0.8251575
184 24 520.8935 68.103905
187 116 2494.7239 5.5898633
187 161 3467.1287 5.7464013
187 193 4163.343 4.3215218
187 235 5063.0454 3.6215937
187 283 6098.9565 2.8673017
187 344 7408.744 2.9399264
188 93 2001.8414 3.6047854
188 93 2001.8414 3.6047854
188 156 3366.5032 2.8095684
188 156 3366.5032 2.8095684
189 46 1003.8594 14.027991
189 219 4695.3384 3.271356
189 219 4695.3384 3.271356
190 198 4278.3945 1.5508298
190 256 5513.47 1.2905467
190 287 6187.285 1.7989144
191 174 3750.73 0.792425
191 196 4233.63 0.7579899
191 196 4233.63 0.7579899
191 331 7128.0703 0.7767613
195 23 489.083 48.560837
198 24 529.91406 38.94557
198 109 2361.3047 2.987385
199 73 1570.8239 29.647709
199 109 2351.0583 10.445172
199 109 2351.0583 10.445172
199 146 3142.5498 2.9538245
199 146 3142.5498 2.9538245
200 73 1567.5682 31.287659
200 109 2354.3572 11.973711
200 146 3137.4062 2.3743598
201 109 2353.8909 10.492493
201 109 2353.8909 10.492493
201 327 7033.753 0.16543859
202 305 6569.0156 0.28319392
205 36 781.7556 70.20574
207 194 4176.444 0.30322903
208 194 4176.9844 0.33630264
208 194 4176.9844 0.33630264
208 259 5567.8804 0.2532864
209 20 437.77612 60.70035
209 157 3361.0706 1.8650914
209 157 3361.0706 1.8650914
210 41 878.0398 26.368393
210 110 2368.7437 1.9092969
211 20 438.4781 64.73869
215 110 2366.752 1.2129843
215 110 2366.752 1.2129843
215 149 3212.0151 2.4404013
215 190 4088.3423 1.0829525
215 262 5636.789 0.54139084
215 283 6099.2495 0.494924
215 326 7027.9214 0.6013476
216 148 3193.6262 0.99437535
216 148 3193.6262 0.99437535
216 220 4736.3945 0.22588205
216 220 4736.3945 0.22588205
217 61 1316.5778 17.470154
220 61 1320.8595 10.345461
220 122 2634.548 0.6447249
220 153 3299.122 0.3804511
220 221 4767.858 0.05211784
220 245 5276.4565 0.055024542
221 30 655.52716 16.76276
221 122 2635.8354 0.37793326
221 122 2635.8354 0.37793326
221 153 3294.5054 0.42152935
221 153 3294.5054 0.42152935
221 214 4601.5728 0.06645421
221 214 4601.5728 0.06645421
221 294 6318.7427 0.037126858
221 333 7168.0117 0.035762392
