Event Bin Frequency Volume
5 50 1077.5337 0.36946368
5 143 3077.049 0.942685
5 279 6004.094 0.82270765
5 328 7073.427 1.0569634
6 119 2559.147 1.1716416
6 188 4047.6243 0.5263479
7 119 2564.0752 1.0639498
7 119 2564.0752 1.0639498
7 188 4051.5076 0.44011113
7 188 4051.5076 0.44011113
7 237 5102.2847 0.6927388
8 149 3212.5134 0.8641054
8 149 3212.5134 0.8641054
10 119 2563.6968 1.1267607
11 75 1622.2197 0.3558341
11 119 2562.6243 0.8244883
11 119 2562.6243 0.8244883
11 144 3100.1084 0.6350081
11 217 4678.5737 0.32291183
12 144 3097.3962 0.52146614
12 144 3097.3962 0.52146614
12 202 4341.2607 0.28269234
12 202 4341.2607 0.28269234
12 237 5105.817 0.41628462
13 339 7302.197 0.35008538
14 285 6127.057 0.7890722
21 75 1616.967 0.41838437
21 119 2564.9658 0.74556625
25 134 2883.2158 0.7385606
25 134 2883.2158 0.7385606
26 219 4698.207 0.5185755
26 275 5909.9414 0.334482
26 323 6954.326 0.3878939
27 18 394.5049 29.964123
27 148 3193.9617 0.44686657
27 224 4819.1978 0.31966263
27 224 4819.1978 0.31966263
27 327 7041.485 0.3983716
28 148 3189.7615 0.44974256
28 148 3189.7615 0.44974256
30 47 1015.1165 0.29987946
30 175 3769.1128 0.32798398
31 184 3968.5303 0.29920503
31 184 3968.5303 0.29920503
32 236 5077.326 0.21304578
33 224 4823.636 0.40691918
33 369 7936.8076 0.21664745
34 136 2926.9937 0.32409853
34 224 4822.0503 0.26571253
34 224 4822.0503 0.26571253
37 137 2953.6113 0.2910239
37 137 2953.6113 0.2910239
38 313 6744.642 0.25357237
40 308 6637.0024 0.30325451
41 18 392.15552 34.99552
41 220 4741.0254 0.33863208
42 236 5088.336 0.3140671
44 116 2498.6648 0.38305655
44 175 3759.7576 0.23321006
45 175 3770.132 0.30460557
45 175 3770.132 0.30460557
48 224 4817.2544 0.21579607
48 224 4817.2544 0.21579607
48 364 7830.6 0.19335696
49 61 1314.2404 0.58641535
49 134 2878.482 0.3380774
49 134 2878.482 0.3380774
52 142 3063.3232 0.19703422
54 116 2488.7446 0.30142573
54 198 4260.076 0.12813658
55 18 393.7921 34.976368
56 141 3052.825 0.25786358
56 141 3052.825 0.25786358
56 289 6226.0117 0.19382071
57 61 1315.9688 0.95081186
58 224 4819.7666 0.16939688
58 224 4819.7666 0.16939688
58 351 7556.612 0.1634821
59 116 2498.3804 0.2992854
59 116 2498.3804 0.2992854
59 236 5081.7207 0.2410247
60 61 1317.1736 0.6362251
60 144 3096.981 0.23137228
61 110 2363.131 0.24711038
61 199 4286.6343 0.09730089
62 324 6975.167 0.11978108
65 116 2494.1946 0.27529684
65 116 2494.1946 0.27529684
65 191 4102.3315 0.108906865
65 191 4102.3315 0.108906865
68 149 3214.109 0.16982251
68 149 3214.109 0.16982251
68 236 5081.956 0.1561022
69 18 390.39413 87.676605
69 340 7314.957 0.106147505
70 18 391.7113 76.68625
70 116 2494.2275 0.25401917
72 144 3090.416 0.2301979
75 116 2497.8237 0.22826302
75 116 2497.8237 0.22826302
76 61 1318.7579 0.4971164
76 141 3043.2742 0.17661387
76 141 3043.2742 0.17661387
76 224 4812.3657 0.13332042
76 277 5971.0347 0.18426304
76 323 6960.7837 0.13328594
76 344 7408.8774 0.13193119
77 198 4242.3677 0.09938302
77 198 4242.3677 0.09938302
83 61 1318.3867 0.47194964
83 117 2508.2988 0.21870004
83 197 4245.1807 0.15168472
83 287 6175.671 0.16832076
83 347 7472.6055 0.17344885
85 116 2496.5176 0.19217621
85 116 2496.5176 0.19217621
85 199 4281.9707 0.10904537
85 199 4281.9707 0.10904537
85 236 5084.7915 0.19421121
86 176 3778.185 0.20966658
87 145 3135.4238 0.16992372
87 145 3135.4238 0.16992372
90 269 5793.859 0.45685342
91 61 1316.2651 0.32423553
91 117 2517.5833 0.26558834
91 158 3401.5752 0.5799374
91 330 7108.5737 0.40596938
94 144 3091.043 0.54949343
94 144 3091.043 0.54949343
95 205 4419.424 0.72991276
95 319 6852.492 0.50456774
96 137 2946.7334 0.30303383
96 137 2946.7334 0.30303383
96 205 4421.115 0.8286563
96 205 4421.115 0.8286563
99 18 394.01624 20.674242
100 235 5061.4053 0.21854234
101 18 392.1345 28.07147
101 351 7562.455 0.17122404
102 198 4258.619 0.36382312
103 137 2955.2498 0.3282104
103 198 4265.833 0.35067677
103 198 4265.833 0.35067677
103 320 6884.7114 0.22803184
105 144 3093.988 0.38222528
106 61 1321.378 0.21897113
106 104 2242.534 0.22388048
106 104 2242.534 0.22388048
106 144 3093.1074 0.3561014
106 144 3093.1074 0.3561014
110 198 4267.536 0.24875557
110 305 6553.9014 0.100700654
111 61 1316.2251 0.19688113
111 117 2511.271 0.18318705
111 198 4262.541 0.34636596
111 198 4262.541 0.34636596
112 144 3089.4526 0.20595798
112 277 5961.433 0.11225092
115 114 2455.9458 0.22146527
115 114 2455.9458 0.22146527
118 144 3097.2869 0.28070852
118 144 3097.2869 0.28070852
119 365 7859.7153 0.10003786
122 61 1318.9646 0.122960314
122 114 2456.9028 0.19902693
123 114 2452.928 0.25885212
123 114 2452.928 0.25885212
124 187 4033.4546 0.12954122
125 145 3120.73 0.19416893
126 156 3367.4053 0.24009201
126 156 3367.4053 0.24009201
126 236 5077.137 0.14411746
126 307 6608.7217 0.17153475
126 344 7405.6714 0.15767872
127 198 4256.1387 0.15695125
127 198 4256.1387 0.15695125
133 143 3071.6704 0.4289072
134 87 1879.7808 0.229441
134 163 3517.8274 0.44338897
134 163 3517.8274 0.44338897
134 205 4412.5522 0.8858078
134 269 5785.995 0.72159696
134 306 6585.541 1.2735579
134 358 7714.508 0.6366358
135 113 2435.5742 0.3050653
135 205 4417.2915 0.59300965
135 205 4417.2915 0.59300965
136 137 2946.2231 0.39238667
136 137 2946.2231 0.39238667
140 291 6268.757 0.59687847
140 351 7549.4146 0.36106473
141 18 392.4628 18.694605
141 86 1848.6235 0.12589714
141 200 4308.1963 0.41932818
142 200 4310.31 0.488448
142 200 4310.31 0.488448
143 141 3033.9458 0.3937358
145 116 2491.7666 0.22791262
145 163 3517.709 0.38781324
145 163 3517.709 0.38781324
145 262 5649.0986 0.32717973
148 113 2436.8496 0.3048454
148 113 2436.8496 0.3048454
150 205 4420.662 0.30613676
150 298 6420.195 0.13513707
151 137 2946.0981 0.4361449
151 200 4311.0312 0.21929379
151 200 4311.0312 0.21929379
151 249 5365.5225 0.2641743
155 351 7555.581 0.1261834
156 146 3143.5674 0.3078843
158 78 1679.2806 0.11372765
158 114 2457.1123 0.3123619
158 114 2457.1123 0.3123619
158 146 3157.811 0.28488052
158 146 3157.811 0.28488052
162 57 1225.4303 0.2654612
162 146 3140.7827 0.265815
162 198 4255.6885 0.18457523
162 290 6244.7007 0.120031856
162 351 7554.574 0.09268166
163 114 2453.8232 0.27805227
163 147 3150.1787 0.19509594
163 147 3150.1787 0.19509594
163 236 5084.1606 0.1467514
164 186 4003.076 0.1574963
164 186 4003.076 0.1574963
166 114 2456.2476 0.3389528
166 114 2456.2476 0.3389528
169 16 346.13858 25.57018
170 114 2458.653 0.29980662
175 146 3153.1804 0.17933185
177 114 2454.511 0.24638048
177 114 2454.511 0.24638048
177 164 3526.8528 0.20948902
177 164 3526.8528 0.20948902
177 199 4273.267 0.13601777
177 320 6886.154 0.15482455
177 357 7690.5044 0.16102609
178 16 351.38217 77.15021
179 78 1696.3928 0.13440783
179 188 4041.4966 0.13430901
179 188 4041.4966 0.13430901
179 237 5090.1353 0.1729101
180 16 353.66028 27.815027
180 116 2492.764 0.22164756
180 188 4046.2292 0.1667749
182 188 4048.9695 0.16294588
182 188 4048.9695 0.16294588
184 183 3947.9844 0.20098044
184 330 7108.6836 0.19779997
185 116 2494.3438 0.20494477
185 116 2494.3438 0.20494477
185 307 6606.9814 0.11932926
186 236 5083.3564 0.21187766
188 144 3119.5417 0.19529828
188 144 3119.5417 0.19529828
189 73 1572.6274 0.19977216
191 242 5210.3496 0.5645609
191 350 7536.494 0.8335911
192 183 3946.5867 0.63684237
192 209 4504.27 0.3857691
192 307 6599.991 0.95629823
193 176 3783.4924 0.93814075
193 176 3783.4924 0.93814075
194 116 2493.1033 0.64123863
194 215 4630.151 0.31272042
194 215 4630.151 0.31272042
197 48 1043.6117 0.3253414
198 116 2493.6196 0.5760938
198 116 2493.6196 0.5760938
199 16 345.39963 31.519588
200 116 2493.4182 0.43162784
200 234 5026.458 0.23073065
200 331 7136.7134 0.34472156
203 116 2512.1646 0.41192234
203 116 2512.1646 0.41192234
203 320 6890.3945 0.25232422
204 88 1903.6302 0.24979807
204 190 4089.995 0.31594464
205 145 3122.9932 0.5556779
206 145 3116.621 0.62194395
206 145 3116.621 0.62194395
206 186 4007.268 0.27975067
206 186 4007.268 0.27975067
209 16 348.1345 28.055862
210 115 2468.3 0.37741998
212 16 353.17868 42.36211
212 116 2493.5696 0.27997038
212 116 2493.5696 0.27997038
212 145 3124.6433 0.5648146
212 200 4316.1426 0.23271477
212 305 6554.6167 0.12216751
212 325 7002.6924 0.1156512
213 48 1036.2562 0.29158974
214 200 4312.6494 0.21708487
214 200 4312.6494 0.21708487
214 261 5627.685 0.15072438
218 145 3118.2358 0.56421643
218 145 3118.2358 0.56421643
220 144 3100.5173 0.40616378
220 306 6587.722 0.20241259
220 374 8053.5273 0.24972543
221 62 1349.4534 0.14601137
221 145 3117.5156 0.40696877
221 145 3117.5156 0.40696877
221 236 5088.9834 0.2649023
225 116 2496.648 0.3077583
227 198 4267.0825 0.21680348
228 198 4260.408 0.30134282
228 198 4260.408 0.30134282
229 116 2497.1917 0.46764314
229 116 2497.1917 0.46764314
234 196 4221.014 0.7466976
234 258 5555.036 1.0771327
234 290 6247.105 0.9657267
234 342 7363.5903 1.1119953
235 143 3078.688 1.543419
236 143 3070.6982 1.8686417
236 143 3070.6982 1.8686417
236 198 4262.7495 0.72377825
236 198 4262.7495 0.72377825
237 91 1964.2339 0.6107793
237 119 2564.1157 1.305905
238 119 2563.9092 1.0426341
238 119 2563.9092 1.0426341
240 197 4245.096 0.5863571
240 237 5095.0913 0.4799651
240 290 6241.592 0.40847808
241 198 4258.1416 0.6206415
241 198 4258.1416 0.6206415
241 330 7101.242 0.2409993
242 16 351.81546 47.927128
242 143 3074.496 0.5191908
243 145 3118.5056 0.5854395
243 145 3118.5056 0.5854395
247 91 1966.0374 0.3809207
248 120 2573.1663 0.56500083
249 119 2573.6885 0.76988584
249 119 2573.6885 0.76988584
250 134 2877.3062 0.7617873
250 155 3328.6587 0.37674505
251 75 1617.1252 0.21964674
251 134 2879.8533 1.0958064
251 134 2879.8533 1.0958064
255 210 4534.6167 0.2927727
256 198 4256.866 0.29344136
256 198 4256.866 0.29344136
256 257 5541.402 0.34425363
256 282 6069.8506 0.21586582
258 144 3110.1753 0.32597172
258 144 3110.1753 0.32597172
258 345 7422.672 0.17886277
260 61 1301.0226 0.27943605
260 134 2884.3486 0.44495025
260 165 3552.11 0.20193489
260 197 4262.345 0.18235914
260 249 5357.852 0.20130739
260 283 6093.336 0.15357193
260 349 7530.6973 0.074777246
