Event Bin Frequency Volume
5 50 1077.5432 0.21892582
5 143 3077.038 0.55884415
5 279 6004.0977 0.48796612
5 328 7073.4297 0.62676567
6 119 2559.1472 0.6950749
6 188 4047.6135 0.31185803
7 119 2564.075 0.6308876
7 119 2564.075 0.6308876
7 188 4051.5066 0.26078343
7 188 4051.5066 0.26078343
7 237 5102.2803 0.41061363
8 149 3212.516 0.5126684
8 149 3212.516 0.5126684
10 119 2563.6987 0.66858053
11 75 1622.2096 0.21107094
11 119 2562.626 0.48908445
11 119 2562.626 0.48908445
11 144 3100.0984 0.37676463
11 217 4678.571 0.19166704
12 144 3097.398 0.30931744
12 144 3097.398 0.30931744
12 202 4341.2686 0.16773798
12 202 4341.2686 0.16773798
12 237 5105.8164 0.2469406
13 339 7302.186 0.20775694
14 285 6127.0557 0.46803755
21 75 1616.9795 0.24818864
21 119 2564.967 0.44229522
25 134 2883.2222 0.43821055
25 134 2883.2222 0.43821055
26 219 4698.3 0.30765593
26 275 5909.927 0.19834948
26 323 6954.319 0.23010649
27 18 394.50494 17.77136
27 148 3193.9478 0.26505312
27 224 4819.1157 0.18964683
27 224 4819.1157 0.18964683
27 327 7041.49 0.23659687
28 148 3189.769 0.26677722
28 148 3189.769 0.26677722
30 47 1015.16974 0.17792924
30 175 3769.1187 0.19431193
31 184 3968.5464 0.17763466
31 184 3968.5464 0.17763466
32 236 5077.3296 0.12621701
33 224 4823.6274 0.24153176
33 369 7936.8086 0.12821607
34 136 2926.9824 0.19253409
34 224 4822.037 0.15756175
34 224 4822.037 0.15756175
37 137 2953.5989 0.17273493
37 137 2953.5989 0.17273493
38 313 6744.6157 0.15014336
40 308 6636.962 0.17969239
41 18 392.15552 20.755505
41 220 4741.0312 0.20071445
42 236 5088.3423 0.18611316
44 116 2498.6655 0.227082
44 175 3759.7795 0.13866812
45 175 3770.127 0.1804913
45 175 3770.127 0.1804913
48 224 4817.2686 0.12780079
48 224 4817.2686 0.12780079
48 364 7830.5527 0.11466068
49 61 1314.2064 0.34762543
49 134 2878.4912 0.2006533
49 134 2878.4912 0.2006533
52 142 3063.367 0.11687068
54 116 2488.7058 0.17893074
54 198 4259.965 0.07601259
55 18 393.792 20.744291
56 141 3052.891 0.1524956
56 141 3052.891 0.1524956
56 289 6226.067 0.11505985
57 61 1315.9708 0.56359214
58 224 4819.772 0.100383885
58 224 4819.772 0.100383885
58 351 7556.6157 0.096809015
59 116 2498.37 0.17776679
59 116 2498.37 0.17776679
59 236 5081.73 0.14272782
60 61 1317.1799 0.37740725
60 144 3096.9966 0.13717872
61 110 2363.124 0.14656529
61 199 4286.7246 0.05788022
62 324 6975.2046 0.070928104
65 116 2494.216 0.16315055
65 116 2494.216 0.16315055
65 191 4102.1797 0.06442898
65 191 4102.1797 0.06442898
68 149 3214.1023 0.100858815
68 149 3214.1023 0.100858815
68 236 5081.9854 0.09243515
69 18 390.39407 52.000668
69 340 7314.568 0.06298504
70 18 391.71136 45.482006
70 116 2494.2341 0.15011035
72 144 3090.4568 0.13629788
75 116 2497.836 0.13554929
75 116 2497.836 0.13554929
76 61 1318.7625 0.29463208
76 141 3043.284 0.104713954
76 141 3043.284 0.104713954
76 224 4812.358 0.07906803
76 277 5971.175 0.109427795
76 323 6960.8677 0.078974634
76 344 7408.8286 0.07841979
77 198 4242.414 0.05908671
77 198 4242.414 0.05908671
83 61 1318.392 0.2797546
83 117 2508.2412 0.1296264
83 197 4245.105 0.09006112
83 287 6175.667 0.09984662
83 347 7472.5527 0.103119895
85 116 2496.498 0.113823675
85 116 2496.498 0.113823675
85 199 4281.9263 0.064782634
85 199 4281.9263 0.064782634
85 236 5084.7974 0.115052454
86 176 3778.168 0.124339834
87 145 3135.3962 0.10048645
87 145 3135.3962 0.10048645
90 269 5793.8906 0.271203
91 61 1316.2698 0.19246753
91 117 2517.543 0.1578961
91 158 3401.584 0.34426284
91 330 7108.566 0.24112071
94 144 3091.043 0.32598218
94 144 3091.043 0.32598218
95 205 4419.425 0.43316448
95 319 6852.4844 0.29937032
96 137 2946.7334 0.17989752
96 137 2946.7334 0.17989752
96 205 4421.107 0.49100953
96 205 4421.107 0.49100953
100 235 5061.387 0.1296673
101 18 392.1343 16.64879
101 351 7562.5317 0.101537056
102 198 4258.623 0.21552409
103 137 2955.2559 0.19469719
103 198 4265.8354 0.20828754
103 198 4265.8354 0.20828754
103 320 6884.723 0.13520579
105 144 3093.9841 0.22659704
106 61 1321.3826 0.13010578
106 104 2242.5222 0.13283728
106 104 2242.5222 0.13283728
106 144 3093.1094 0.21172076
106 144 3093.1094 0.21172076
110 198 4267.5376 0.14760223
110 305 6553.822 0.059628133
111 61 1316.2218 0.1164031
111 117 2511.2969 0.108483486
111 198 4262.544 0.2054833
111 198 4262.544 0.2054833
112 144 3089.4346 0.12195362
112 277 5961.4272 0.06655973
115 114 2455.9275 0.13119122
115 114 2455.9275 0.13119122
118 144 3097.2842 0.16678554
118 144 3097.2842 0.16678554
119 365 7859.777 0.059316583
122 61 1318.9836 0.07312438
122 114 2456.9233 0.11773852
123 114 2452.9163 0.1533422
123 114 2452.9163 0.1533422
124 187 4033.4417 0.076980084
125 145 3120.678 0.11486248
126 156 3367.4094 0.14245245
126 156 3367.4094 0.14245245
126 236 5077.2017 0.08539608
126 307 6608.753 0.10173701
126 344 7405.6836 0.093779005
127 198 4256.1597 0.093016714
127 198 4256.1597 0.093016714
133 143 3071.7385 0.25469667
134 87 1879.7555 0.13611372
134 163 3517.8408 0.2626871
134 163 3517.8408 0.2626871
134 205 4412.571 0.5255198
134 269 5786.0293 0.42814052
134 306 6585.5454 0.7552907
134 358 7714.512 0.3775048
135 113 2435.5767 0.18127936
135 205 4417.295 0.35163313
135 205 4417.295 0.35163313
136 137 2946.222 0.23276897
136 137 2946.222 0.23276897
140 291 6268.747 0.35376632
140 351 7549.41 0.21363449
141 86 1848.6333 0.07503931
141 200 4308.203 0.24883296
142 200 4310.299 0.2897766
142 200 4310.299 0.2897766
143 141 3033.9543 0.23391253
145 116 2491.7559 0.13509859
145 163 3517.7002 0.22993395
145 163 3517.7002 0.22993395
145 262 5649.08 0.19426894
148 113 2436.849 0.18096021
148 113 2436.849 0.18096021
150 205 4420.666 0.18150388
150 298 6420.196 0.07987325
151 137 2946.0884 0.2585102
151 200 4311.0317 0.13025586
151 200 4311.0317 0.13025586
151 249 5365.5264 0.15682288
155 351 7555.583 0.07455857
156 146 3143.588 0.18247077
158 78 1679.2698 0.06728453
158 114 2457.1245 0.18514884
158 114 2457.1245 0.18514884
158 146 3157.8535 0.16896841
158 146 3157.8535 0.16896841
162 57 1225.477 0.15742579
162 146 3140.786 0.15766875
162 198 4255.7085 0.109319255
162 290 6244.8745 0.07131731
162 351 7554.6772 0.054896083
163 114 2453.831 0.16493975
163 147 3150.1638 0.11573498
163 147 3150.1638 0.11573498
163 236 5084.1904 0.086878724
164 186 4003.059 0.093062915
164 186 4003.059 0.093062915
166 114 2456.2637 0.20125037
166 114 2456.2637 0.20125037
169 16 346.1386 15.165496
170 114 2458.6538 0.17783755
175 146 3153.2039 0.10603116
177 114 2454.4944 0.14581452
177 114 2454.4944 0.14581452
177 164 3526.8625 0.12422866
177 164 3526.8625 0.12422866
177 199 4273.1484 0.08052712
177 320 6886.2393 0.09168087
177 357 7690.383 0.09590534
178 16 351.3822 45.757248
179 78 1696.4819 0.07999665
179 188 4041.4766 0.07959968
179 188 4041.4766 0.07959968
179 237 5090.156 0.10255239
180 16 353.66028 16.497011
180 116 2492.7556 0.13131139
180 188 4046.2507 0.09903913
182 188 4048.9707 0.09690393
182 188 4048.9707 0.09690393
184 183 3947.9985 0.11893027
184 330 7108.7197 0.11710118
185 116 2494.3462 0.12123156
185 116 2494.3462 0.12123156
185 307 6606.955 0.07083125
186 236 5083.344 0.12553439
188 144 3119.582 0.1159967
188 144 3119.582 0.1159967
189 73 1572.6443 0.11847424
191 242 5210.3887 0.33469638
191 350 7536.5024 0.49441847
192 183 3946.5918 0.3778876
192 209 4504.268 0.22890262
192 307 6599.9863 0.5667748
193 176 3783.4895 0.55645514
193 176 3783.4895 0.55645514
194 116 2493.109 0.3802328
194 215 4630.142 0.18514621
194 215 4630.142 0.18514621
197 48 1043.627 0.19308524
198 116 2493.6074 0.34165075
198 116 2493.6074 0.34165075
199 16 345.39944 18.69402
200 116 2493.414 0.25619093
200 234 5026.4307 0.13658898
200 331 7136.7095 0.20498657
203 116 2512.1624 0.24471465
203 116 2512.1624 0.24471465
203 320 6890.4155 0.14984992
204 88 1903.6339 0.14806636
204 190 4089.9841 0.18729216
205 145 3123.0059 0.32948893
206 145 3116.618 0.36858138
206 145 3116.618 0.36858138
206 186 4007.2844 0.16562319
206 186 4007.2844 0.16562319
209 16 348.13455 16.639648
210 115 2468.2754 0.22357206
212 16 353.1787 25.12435
212 116 2493.5798 0.16604164
212 116 2493.5798 0.16604164
212 145 3124.6465 0.33491406
212 200 4316.1816 0.13798423
212 305 6554.683 0.07263345
212 325 7002.6064 0.068579294
213 48 1036.248 0.17268786
214 200 4312.6265 0.12871349
214 200 4312.6265 0.12871349
214 261 5627.7046 0.089548625
218 145 3118.2258 0.33459523
218 145 3118.2258 0.33459523
220 144 3100.5125 0.24082324
220 306 6587.6943 0.11993944
220 374 8053.591 0.1481709
221 62 1349.0863 0.086475156
221 145 3117.5125 0.24142611
221 145 3117.5125 0.24142611
221 236 5088.9863 0.1571929
225 116 2496.6492 0.18245076
227 200 4310.946 0.12866053
228 198 4260.4033 0.17880204
228 198 4260.4033 0.17880204
229 116 2497.192 0.27750972
229 116 2497.192 0.27750972
234 196 4221.0093 0.44281206
234 258 5555.051 0.63857573
234 290 6247.0884 0.5728094
234 342 7363.6006 0.6597876
235 143 3078.6848 0.9153887
236 143 3070.6992 1.1081164
236 143 3070.6992 1.1081164
236 198 4262.748 0.42940223
236 198 4262.748 0.42940223
237 91 1964.245 0.3624711
237 119 2564.116 0.77449447
238 119 2563.9065 0.6185112
238 119 2563.9065 0.6185112
240 197 4245.1025 0.34771788
240 237 5095.1094 0.28451648
240 290 6241.6025 0.24247816
241 198 4258.1343 0.3679316
241 198 4258.1343 0.3679316
241 330 7101.246 0.14300747
242 16 351.81552 28.425232
242 143 3074.489 0.3078894
243 145 3118.4832 0.3470267
243 145 3118.4832 0.3470267
247 91 1966.0399 0.22614256
248 120 2573.1667 0.33525196
249 119 2573.6873 0.45665303
249 119 2573.6873 0.45665303
250 134 2877.314 0.4517629
250 155 3328.67 0.22352326
251 75 1617.1179 0.1300978
251 134 2879.8523 0.65020025
251 134 2879.8523 0.65020025
255 210 4534.561 0.17381944
256 198 4256.874 0.17404918
256 198 4256.874 0.17404918
256 257 5541.4023 0.2042445
256 282 6069.828 0.12853727
258 144 3110.1812 0.19327727
258 144 3110.1812 0.19327727
258 345 7422.689 0.10614981
260 61 1301.0654 0.16599646
260 134 2884.33 0.26302162
260 165 3552.1792 0.1201093
260 197 4262.386 0.107974276
260 249 5357.8647 0.11987827
260 283 6093.386 0.091695935
260 349 7530.643 0.04556966
