Event Bin Frequency Volume
0 14 301.46484 49.35432
0 41 882.8613 25.220678
0 68 1464.2578 10.152217
0 109 2347.1191 7.0796103
0 136 2928.5156 4.241892
0 136 2928.5156 4.241892
0 164 3531.4453 3.202327
0 215 4629.6387 4.104471
0 263 5663.2324 4.3157954
0 293 6309.2285 3.1589565
0 369 7945.752 2.7111437
1 27 585.4276 42.25107
1 54 1168.3583 25.958204
1 104 2241.2786 5.002865
1 136 2924.2036 4.0261126
1 136 2924.2036 4.0261126
1 166 3588.8003 3.3082352
1 199 4266.087 3.6749468
1 228 4907.1553 2.8426883
1 228 4907.1553 2.8426883
1 254 5464.693 3.2733972
1 281 6053.9004 3.1898959
1 344 7409.803 4.0669622
2 54 1171.9733 29.088802
2 105 2274.4949 4.337642
2 141 3036.9224 5.314425
2 184 3959.49 3.4020636
2 184 3959.49 3.4020636
2 204 4383.0557 2.5715537
2 237 5105.618 3.5492857
2 306 6594.926 2.6296277
2 333 7176.018 2.9039807
3 55 1173.3654 32.704697
3 104 2245.365 8.410011
3 137 2933.7092 4.976783
3 137 2933.7092 4.976783
3 174 3763.328 3.7086644
3 214 4601.203 2.694628
3 243 5243.4883 3.2581258
3 281 6055.4844 5.2950263
3 332 7135.1646 2.5603392
4 55 1177.2195 44.484756
4 108 2322.3333 4.6903787
4 137 2953.8342 7.1329365
4 137 2953.8342 7.1329365
4 186 4003.167 5.0816503
4 227 4891.995 4.0058174
4 227 4891.995 4.0058174
4 258 5557.9253 3.8198955
4 281 6048.393 3.1523628
4 345 7431.469 2.063876
5 27 588.39984 30.904522
5 55 1177.7483 49.998425
5 136 2908.247 7.0981355
5 173 3745.827 3.2956028
5 225 4848.598 4.2667356
5 251 5403.029 3.142123
5 279 6004.368 3.0489333
5 329 7083.303 3.2750397
6 27 588.00116 23.71869
6 55 1176.7017 47.569416
6 118 2539.7502 5.8592806
6 141 3037.8777 3.092678
6 167 3604.5967 3.0648263
6 167 3604.5967 3.0648263
6 192 4136.6157 3.338446
6 246 5292.779 4.0621095
6 279 6010.116 4.7269483
6 329 7084.489 3.2202406
7 27 589.7573 30.609133
7 55 1175.9044 53.797573
7 112 2426.0295 4.919806
7 137 2957.3154 4.886325
7 137 2957.3154 4.886325
7 171 3678.2422 3.0879924
7 206 4424.856 3.055265
7 228 4901.172 4.350962
7 228 4901.172 4.350962
7 278 5997.3574 3.3637125
7 299 6440.505 3.5808825
7 352 7582.764 1.8644677
8 27 589.6694 32.21658
8 55 1179.1759 62.451935
8 106 2264.7454 3.5348432
8 137 2953.9795 4.9257674
8 137 2953.9795 4.9257674
8 161 3464.1538 3.197668
8 211 4545.7983 4.1464725
8 236 5095.5996 3.7461495
8 292 6278.405 2.7967377
8 329 7088.6045 2.987055
9 27 588.3421 26.699644
9 55 1178.0728 59.049965
9 103 2226.1958 4.6717772
9 161 3469.6436 3.9488025
9 184 3969.2544 3.3427722
9 184 3969.2544 3.3427722
9 206 4437.794 3.8681324
9 226 4855.947 2.999955
9 226 4855.947 2.999955
9 276 5943.3696 4.0641994
9 300 6460.063 3.6720412
9 346 7449.3433 3.1860743
10 27 587.0005 24.131477
10 54 1174.8397 51.329903
10 104 2237.756 4.947321
10 138 2978.6074 3.74575
10 138 2978.6074 3.74575
10 163 3520.3677 4.8930078
10 197 4234.2324 3.11908
10 245 5293.183 3.510156
10 289 6221.1333 3.0388603
10 340 7324.6333 2.4784234
11 27 585.7735 26.827839
11 54 1170.7156 45.195423
11 104 2239.2742 5.215243
11 142 3056.2375 4.676862
11 172 3706.5703 4.1727057
11 172 3706.5703 4.1727057
11 226 4872.966 4.032037
11 272 5860.373 3.20866
11 300 6447.1187 1.9863688
11 337 7260.101 3.8109133
12 27 587.4718 25.009172
12 55 1172.5062 48.332294
12 139 2993.2085 5.612039
12 162 3483.5496 3.6403904
12 188 4050.3652 3.3649533
12 228 4903.2783 3.882908
12 228 4903.2783 3.882908
12 255 5477.9873 3.8275328
12 300 6461.8833 2.4922192
12 332 7140.732 3.3299406
13 54 1172.1705 46.058006
13 104 2245.6826 5.5168643
13 139 2989.392 7.3445663
13 139 2989.392 7.3445663
13 162 3486.9028 4.0276403
13 197 4238.468 6.4002824
13 224 4820.0073 5.7944627
13 224 4820.0073 5.7944627
13 252 5421.784 4.665874
13 297 6401.6323 4.2606573
13 341 7354.1147 4.0734854
14 54 1172.41 43.043163
14 115 2492.2146 9.273774
14 150 3223.5256 6.04287
14 172 3718.6277 6.7915177
14 172 3718.6277 6.7915177
14 196 4229.7856 7.916948
14 225 4825.9067 6.586992
14 225 4825.9067 6.586992
14 266 5732.97 6.2504396
14 298 6404.8843 5.949254
14 343 7386.3735 6.02585
15 33 723.9193 11.204902
15 55 1175.3369 57.76176
15 115 2465.056 6.6677394
15 150 3244.0723 8.415654
15 184 3958.3738 5.6406064
15 184 3958.3738 5.6406064
15 229 4928.7407 5.917228
15 266 5734.0415 7.187421
15 299 6433.705 5.3852305
15 343 7381.584 4.4644933
16 33 709.74255 11.232874
16 55 1179.1877 58.69555
16 102 2199.8167 5.807155
16 152 3264.9324 4.7386155
16 178 3830.712 3.9376912
16 178 3830.712 3.9376912
16 208 4483.5576 5.0894685
16 238 5104.1675 4.3622026
16 298 6430.603 3.5205514
16 346 7435.411 2.997781
17 32 705.0009 13.792163
17 54 1175.1243 53.633987
17 94 2017.5272 4.432736
17 115 2483.3738 3.642086
17 115 2483.3738 3.642086
17 156 3364.6956 4.7042723
17 219 4708.7485 5.1487665
17 253 5443.936 4.2221675
17 283 6091.989 3.251677
17 338 7269.5093 3.8248572
18 55 1173.1343 52.962162
18 98 2105.5088 4.355096
18 125 2690.9702 3.4711044
18 125 2690.9702 3.4711044
18 147 3166.8896 4.1476145
18 183 3942.3445 4.5865827
18 183 3942.3445 4.5865827
18 216 4662.667 3.7321587
18 237 5083.8335 4.0258436
18 308 6634.047 3.7683778
18 347 7465.2695 3.1896384
19 27 588.1289 28.333326
19 55 1176.0225 54.920616
19 144 3104.4172 5.0516768
19 173 3718.2356 4.580353
19 173 3718.2356 4.580353
19 198 4252.3125 3.9323967
19 244 5235.8833 3.1227357
19 299 6445.883 2.758266
19 355 7639.671 2.4184365
20 27 585.9678 30.228321
20 54 1172.983 57.49066
20 118 2547.9102 4.6336637
20 155 3339.4424 4.079589
20 183 3946.4534 4.0309963
20 183 3946.4534 4.0309963
20 225 4844.053 3.7260911
20 248 5343.267 3.1003492
20 286 6151.465 3.1317635
20 334 7189.0576 3.660301
21 54 1169.8215 56.33413
21 124 2669.0803 4.5967584
21 152 3265.9607 4.398758
21 173 3727.7502 3.3937817
21 173 3727.7502 3.3937817
21 211 4543.231 3.6966343
21 247 5316.0786 3.6412883
21 311 6689.34 3.2617438
21 345 7430.3438 2.7988255
22 54 1169.7245 49.957283
22 142 3053.767 4.3783765
22 178 3845.52 4.073779
22 178 3845.52 4.073779
22 222 4779.12 3.990529
22 255 5493.376 4.6985526
22 305 6562.9375 2.9635894
22 351 7552.1597 2.4536047
23 55 1177.2687 60.005367
23 112 2392.0398 3.7222571
23 134 2884.307 3.8315883
23 134 2884.307 3.8315883
23 173 3720.9832 3.9808798
23 199 4291.5884 4.4946437
23 228 4905.568 2.8573382
23 228 4905.568 2.8573382
23 268 5778.415 3.8250995
23 302 6507.056 2.8626938
23 348 7490.4043 2.2051942
24 54 1175.0835 53.799736
24 96 2056.1035 4.2542157
24 137 2943.4634 4.0298448
24 137 2943.4634 4.0298448
24 162 3492.3523 3.6785316
24 210 4513.93 4.137405
24 257 5538.1606 4.2776117
24 297 6381.711 2.6925821
24 357 7677.5034 2.2818604
25 55 1174.1075 59.83018
25 93 2000.2861 5.0015206
25 139 3011.6558 3.987593
25 184 3958.5063 4.2773447
25 184 3958.5063 4.2773447
25 248 5327.005 4.0201526
25 281 6061.9136 3.1333776
25 339 7305.379 2.4149485
26 55 1173.9763 56.548798
26 109 2353.1797 4.222424
26 158 3401.1516 3.9507608
26 198 4262.174 3.3004727
26 236 5072.8745 3.6716104
26 325 7003.8447 3.2639506
27 27 586.5482 26.612398
27 55 1175.5466 60.01612
27 109 2344.8752 5.7033043
27 150 3232.1562 4.331721
27 171 3662.1306 3.2711449
27 171 3662.1306 3.2711449
27 224 4816.07 4.1632757
27 247 5335.1206 2.9083405
27 311 6698.1846 3.2864866
27 351 7554.117 2.7749474
28 27 588.2285 26.889622
28 55 1176.7893 63.061993
28 104 2252.3792 3.233075
28 156 3361.271 4.596798
28 180 3865.2725 3.1139631
28 180 3865.2725 3.1139631
28 219 4717.1187 3.541515
28 266 5725.907 3.3446648
28 296 6392.6055 2.1845725
28 341 7344.014 3.2454724
29 27 587.73926 28.266895
29 55 1177.427 57.58027
29 117 2507.3914 3.880063
29 138 2977.0283 5.0803704
29 138 2977.0283 5.0803704
29 191 4104.5776 3.8642828
29 218 4709.662 3.8639548
29 218 4709.662 3.8639548
29 257 5527.566 4.0446577
29 282 6073.108 2.918029
29 330 7102.213 2.5013385
30 27 588.2658 26.319132
30 55 1174.2102 54.74228
30 96 2064.1064 5.7956314
30 123 2649.5898 4.2254596
30 123 2649.5898 4.2254596
30 158 3396.7712 3.7577171
30 181 3901.0576 3.547409
30 181 3901.0576 3.547409
30 236 5083.984 5.525956
30 284 6096.1084 3.289339
30 331 7126.328 3.1976094
31 27 589.1208 23.45755
31 55 1175.2219 58.164368
31 127 2737.0364 6.205518
31 153 3303.1394 4.9072504
31 199 4294.64 2.8491411
31 225 4856.9424 5.385971
31 225 4856.9424 5.385971
31 245 5273.747 4.488417
31 328 7051.969 3.1981437
32 27 584.80756 26.600807
32 55 1175.1617 62.630684
32 150 3226.614 4.621286
32 194 4186.262 3.679815
32 224 4828.5146 4.385064
32 224 4828.5146 4.385064
32 255 5488.38 4.3644776
32 298 6418.233 2.8131077
32 327 7043.9893 2.070171
33 27 587.942 27.002987
33 54 1175.1224 61.93501
33 111 2384.4355 3.4609175
33 142 3060.2268 4.405105
33 171 3680.2395 3.5142117
33 171 3680.2395 3.5142117
33 194 4177.5703 3.307304
33 233 5022.0767 4.8758807
33 294 6332.921 3.5612833
33 346 7469.5835 2.270299
34 27 587.6666 25.210312
34 54 1171.2023 59.067024
34 112 2403.092 5.4607463
34 150 3229.4333 5.191344
34 215 4621.664 3.2946842
34 235 5076.905 3.3868928
34 285 6139.161 3.179846
34 342 7358.092 2.354676
35 55 1173.0781 59.668095
35 105 2251.1045 3.7746532
35 145 3115.4282 4.043633
35 166 3558.436 3.8842022
35 166 3558.436 3.8842022
35 193 4147.2812 4.4540544
35 227 4892.4497 3.6390846
35 227 4892.4497 3.6390846
35 250 5386.913 3.14636
35 290 6242.4746 3.735293
35 353 7612.0825 2.9465458
36 27 589.84515 26.680822
36 55 1178.0448 52.629032
36 122 2631.1765 5.784215
36 151 3248.6265 3.961458
36 178 3846.1653 3.1913211
36 178 3846.1653 3.1913211
36 219 4694.5835 3.1417618
36 239 5143.409 3.7468033
36 285 6145.5723 3.5019763
36 329 7091.283 3.2955027
37 27 589.9289 31.738106
37 54 1174.4869 22.2723
37 115 2477.0132 4.220805
37 136 2939.0278 5.1793747
37 136 2939.0278 5.1793747
37 162 3480.2224 4.141817
37 187 4012.0044 3.4898403
37 231 4962.4546 4.186093
37 231 4962.4546 4.186093
37 274 5907.729 3.956
37 318 6843.514 2.7215753
37 345 7439.4937 2.272657
38 40 879.6143 21.13891
38 62 1338.931 9.226153
38 101 2172.3132 5.5343604
38 162 3496.376 4.1882663
38 182 3918.0386 4.0911813
38 182 3918.0386 4.0911813
38 212 4567.0137 3.4847772
38 261 5632.695 3.335744
38 285 6137.7246 2.4931507
38 330 7106.9585 2.6571708
39 39 848.9259 12.877923
39 71 1533.0835 5.9032807
39 108 2332.752 4.7115436
39 133 2872.474 3.9625523
39 133 2872.474 3.9625523
39 155 3331.794 4.8327622
39 186 3997.708 3.3695354
39 186 3997.708 3.3695354
39 207 4454.12 4.896958
39 244 5255.119 3.6861744
39 300 6464.083 3.2361572
39 327 7043.8813 3.1759794
40 42 903.226 6.841862
40 81 1753.4769 5.709279
40 121 2607.9824 4.152675
40 183 3940.1235 3.780186
40 216 4639.557 2.7750645
40 258 5558.004 3.468581
40 280 6045.7314 3.7703648
40 353 7602.4624 3.460024
41 31 666.4146 9.4195
41 51 1119.2416 5.801351
41 111 2403.7576 3.3411338
41 161 3467.5715 3.4626899
41 185 3972.351 3.3251328
41 185 3972.351 3.3251328
41 206 4451.659 3.4985142
41 245 5263.459 3.432283
41 299 6441.01 3.2516723
41 357 7699.644 2.5491087
42 27 585.7637 8.899774
42 71 1532.9064 4.2163568
42 110 2370.1558 2.933641
42 155 3334.0403 2.4118907
42 204 4408.438 2.987825
42 226 4861.2095 2.5106783
42 226 4861.2095 2.5106783
42 265 5713.735 2.6060278
42 287 6184.3413 2.0472488
42 359 7735.5684 2.4500532
