Event Bin Frequency Volume
0 14 301.46484 48.768208
0 41 882.8613 25.078829
0 68 1464.2578 9.652324
0 101 2174.8535 5.607888
0 151 3251.5137 2.9870996
0 203 4371.24 1.9217242
0 263 5663.2324 1.9800582
0 286 6158.496 0.73871726
0 340 7321.289 0.7239865
1 27 585.2499 43.552612
1 54 1168.3529 26.261219
1 104 2241.467 4.5130253
1 162 3487.0706 3.5159492
1 192 4137.8145 1.5499738
1 233 5018.4463 1.0695846
1 283 6091.634 1.0064377
1 340 7321.0483 0.7271576
2 54 1172.4839 29.288794
2 101 2183.448 3.4513047
2 141 3042.1702 1.6459624
2 193 4140.5 1.6097463
2 245 5275.06 1.1137216
2 294 6325.6133 0.5328033
2 340 7322.6484 0.743358
3 55 1173.122 33.128082
3 104 2245.556 6.5442395
3 163 3502.353 2.1675334
3 206 4448.9556 1.67703
3 235 5059.2573 1.1055607
3 280 6018.4595 0.67959577
3 341 7339.0654 0.5775355
4 55 1177.4515 45.471092
4 137 2953.9658 6.8559885
4 174 3743.6792 2.6192985
4 196 4227.491 3.205468
4 256 5506.2427 2.5074058
4 315 6775.0127 1.5433328
4 338 7275.8516 0.8651009
5 27 587.9173 31.107723
5 55 1177.9032 51.752422
5 102 2209.0288 4.583121
5 173 3741.8352 2.7141771
5 220 4731.0264 1.8066297
5 256 5506.039 1.1980354
5 288 6206.2144 1.1289804
5 341 7357.6094 0.73547065
6 27 587.62744 23.923445
6 55 1176.539 46.822056
6 102 2194.7092 3.7640893
6 158 3401.5498 1.5863006
6 189 4067.1248 1.0973122
6 238 5128.234 1.294737
6 289 6222.4385 1.100884
6 341 7347.205 0.7255139
7 27 590.2437 28.542095
7 55 1175.6637 54.846207
7 102 2207.3257 4.6726704
7 140 3022.049 2.692773
7 186 4001.777 2.2125833
7 237 5120.8706 1.6729522
7 279 6006.321 1.246102
7 330 7125.4644 0.61018384
8 27 589.7367 30.97609
8 55 1179.1493 62.223988
8 113 2453.5513 2.7774136
8 164 3539.4343 1.8258364
8 189 4071.3457 2.365826
8 267 5763.0557 0.96018946
8 288 6211.077 0.78062296
8 334 7213.415 0.52079713
9 27 587.8878 27.49985
9 55 1178.2992 59.828598
9 113 2430.4773 3.3665729
9 154 3315.2273 3.3119283
9 190 4071.983 2.162525
9 256 5508.428 1.4034564
9 287 6180.343 0.7498144
9 327 7034.9385 0.7059943
10 27 587.47253 24.573963
10 54 1174.8145 50.458626
10 104 2238.4246 5.3419933
10 163 3522.7554 2.7397404
10 208 4483.0024 1.8062884
10 243 5230.0195 1.3378326
10 312 6732.877 0.60561377
10 340 7309.739 0.53229797
11 27 586.16345 27.404606
11 54 1170.839 46.949886
11 104 2240.6738 5.4569798
11 142 3053.8828 2.773247
11 208 4482.07 1.6546911
11 243 5234.1255 1.7045842
11 304 6545.405 0.8638433
11 338 7273.272 0.47787136
12 27 587.1135 25.315529
12 55 1172.4008 48.22212
12 104 2245.7466 4.4492264
12 172 3704.4966 2.2551796
12 209 4491.891 1.9620972
12 233 5014.934 1.3571554
12 293 6311.6953 0.792211
12 334 7186.9653 0.5476273
13 54 1172.439 44.409325
13 104 2242.0059 5.76678
13 177 3810.8887 3.7197478
13 197 4236.0444 5.0827794
13 252 5439.233 3.945326
13 309 6656.7017 1.8924184
13 341 7327.377 3.786408
14 54 1172.609 44.41323
14 115 2479.1733 10.563663
14 145 3115.3896 5.3292565
14 196 4227.2886 7.894837
14 298 6409.532 5.719113
14 343 7375.0415 4.5484667
15 55 1175.1024 58.310474
15 115 2464.549 5.712692
15 150 3242.9375 7.5631857
15 208 4468.5425 5.21198
15 266 5736.2856 7.713814
15 304 6546.0547 4.019419
15 343 7384.0356 3.642524
16 55 1179.3744 60.39009
16 113 2432.1326 5.1967683
16 150 3239.2358 5.669292
16 216 4640.3325 4.834652
16 236 5091.0547 3.5248034
16 300 6476.8604 2.4926314
16 343 7380.1714 1.6780125
17 54 1174.7826 53.067917
17 101 2177.4138 3.23102
17 150 3232.914 3.9427993
17 208 4480.913 3.172508
17 233 5016.2207 3.2972903
17 288 6222.281 1.5770218
17 372 8000.656 1.2629027
18 55 1172.9578 52.43789
18 114 2457.641 3.2474577
18 155 3342.6948 3.8329165
18 187 4039.7024 2.2695603
18 259 5564.7163 2.2199955
18 291 6272.9277 1.6565485
18 355 7643.3955 1.2319072
19 27 588.1878 28.951857
19 55 1176.0206 54.848392
19 104 2235.015 2.346665
19 155 3333.833 3.8143055
19 231 4979.375 2.1013315
19 267 5745.2407 1.7791027
19 290 6250.0063 1.0322324
19 330 7106.887 1.259718
20 27 585.9366 31.174097
20 54 1172.9788 56.384075
20 123 2640.1519 2.4187021
20 143 3088.7354 2.7742903
20 191 4115.212 1.5086008
20 266 5736.409 2.1457896
20 307 6611.7207 1.1382025
20 339 7287.33 0.6990149
21 27 584.76074 29.712088
21 54 1170.1571 56.35803
21 152 3273.353 3.0249336
21 213 4591.2354 1.5398519
21 243 5237.1104 1.8001946
21 292 6274.89 0.79823494
21 340 7318.8335 0.643905
22 54 1169.7932 48.8895
22 114 2451.7302 3.5682514
22 142 3060.9116 2.6382275
22 203 4372.7065 2.20545
22 243 5236.834 1.964424
22 294 6334.1387 0.70334846
22 341 7353.3164 0.62587005
23 55 1177.326 61.29697
23 135 2899.4082 2.3783782
23 162 3485.7734 2.225546
23 213 4575.167 1.6175454
23 235 5065.016 1.5142162
23 293 6316.016 0.53538144
23 344 7416.0015 0.5726542
24 54 1174.8969 55.025974
24 137 2947.2214 2.7622664
24 162 3488.3894 2.55907
24 213 4583.1167 1.8917267
24 254 5460.042 1.1131995
24 279 6003.611 0.8219374
24 325 7014.7954 0.86263615
25 55 1174.1267 61.930237
25 102 2186.07 2.5830784
25 184 3958.6016 2.2100043
25 234 5040.2593 1.121559
25 281 6053.3916 0.93193763
25 327 7054.656 0.5260263
26 55 1174.175 57.227364
26 109 2346.9858 2.35763
26 150 3229.7341 3.316512
26 216 4656.8994 1.3159698
26 261 5638.8003 0.96114767
26 281 6055.1045 0.74150467
26 355 7633.758 0.5907253
27 27 587.182 27.134087
27 55 1175.4633 59.012737
27 93 2002.9941 4.5105004
27 150 3231.5947 3.9526665
27 237 5117.2935 1.2701182
27 291 6269.6846 0.7213328
27 341 7343.622 0.60533863
28 27 588.0966 26.722622
28 55 1176.6444 61.879265
28 114 2449.451 3.5252392
28 156 3366.193 2.139693
28 207 4451.2056 1.2390821
28 248 5337.8853 1.5829766
28 281 6053.408 0.6848579
28 342 7356.128 0.64071894
29 27 588.04376 28.234392
29 55 1177.3961 57.201385
29 123 2632.685 3.8934426
29 150 3237.8782 2.6829915
29 191 4107.431 2.2482698
29 238 5117.309 2.208459
29 279 6007.481 1.5753846
29 333 7173.835 0.58141124
30 27 588.1489 25.918167
30 55 1174.1848 54.133278
30 103 2220.283 6.030627
30 155 3328.7678 3.0744479
30 237 5103.9043 2.9909863
30 298 6421.426 1.4980069
30 343 7388.316 0.8960161
31 27 589.2253 24.5997
31 55 1175.5273 56.069763
31 103 2211.0137 2.2061427
31 164 3527.3687 3.5405548
31 191 4111.4126 2.0704515
31 251 5409.1855 0.9780992
31 296 6367.091 0.74002653
31 328 7056.985 0.87908673
32 27 584.811 26.381582
32 55 1174.7516 60.32247
32 102 2200.2754 3.061045
32 150 3230.7393 3.3718796
32 214 4610.19 1.5478258
32 234 5035.3506 1.0891634
32 295 6372.977 0.98088664
32 351 7557.1035 0.67361856
33 27 587.61273 27.329584
33 54 1175.4362 59.767178
33 111 2400.2446 3.0802553
33 150 3233.4656 4.3165913
33 203 4368.3135 1.7105993
33 243 5239.5625 1.260238
33 294 6349.2046 0.45988327
33 355 7642.5386 0.79557794
34 27 587.7297 26.027365
34 54 1171.3291 60.424255
34 111 2392.3528 3.9462929
34 150 3230.4507 3.7774978
34 202 4361.518 2.4009976
34 233 5012.808 1.1993896
34 303 6527.678 0.76242256
34 334 7183.5015 0.53851265
35 55 1173.079 58.892975
35 102 2217.2778 3.3088665
35 151 3268.208 2.6696699
35 203 4363.8594 2.2990024
35 233 5019.7173 1.0389882
35 302 6493.8423 0.8454086
35 335 7199.977 0.3542941
36 27 591.0213 28.210459
36 55 1177.9347 51.530155
36 95 2052.974 3.6795905
36 151 3251.4026 4.306831
36 203 4367.489 1.435676
36 235 5057.3076 0.98860294
36 289 6218.151 0.8016065
36 336 7230.9307 0.31225476
37 27 589.1618 32.254078
37 54 1174.3022 21.483282
37 123 2640.293 3.1878335
37 162 3489.4712 3.7619727
37 190 4097.8716 2.5392435
37 238 5116.958 1.6405857
37 302 6505.0156 1.107082
37 333 7180.2837 0.79913056
38 27 587.9818 20.98346
38 62 1336.6178 7.073401
38 113 2432.3594 5.0417705
38 162 3496.2683 3.2629983
38 190 4083.2734 2.0616007
38 250 5382.796 1.3845679
38 291 6265.537 0.84430826
38 329 7086.123 0.5318432
39 71 1529.0321 3.763837
39 115 2471.393 4.805556
39 162 3492.0405 2.6202102
39 207 4449.575 1.9825217
39 269 5786.1157 1.1978241
39 300 6459.6523 0.98596394
39 331 7124.002 0.6434042
40 83 1787.9548 5.368818
40 114 2458.7761 3.8717322
40 145 3111.5325 2.2906995
40 207 4449.9575 1.5950323
40 258 5559.442 1.1198907
40 289 6231.492 1.122688
40 341 7352.253 0.40296647
41 62 1343.5084 5.151298
41 109 2352.5837 2.4208899
41 144 3111.7715 2.3667917
41 206 4442.655 2.0134754
41 236 5063.159 1.4646883
41 284 6110.067 0.6151941
41 329 7095.034 0.552966
42 61 1315.5272 4.2327914
42 96 2068.36 3.3771923
42 143 3079.1123 1.5992825
42 220 4717.4688 1.0917562
42 260 5603.212 0.65649104
42 297 6395.61 0.6019816
42 368 7932.6934 0.22111674
