Event Bin Frequency Volume
0 87 1873.3887 7.9810567
0 109 2347.1191 7.5395865
0 157 3380.713 9.441298
0 188 4048.2422 8.625576
0 246 5297.168 6.09638
0 280 6029.297 6.852368
0 331 7127.49 6.112856
1 16 348.78983 23.926676
1 54 1173.9703 10.259606
1 106 2282.3086 6.338864
1 173 3726.2942 6.790814
1 210 4508.6216 8.134013
1 248 5340.539 10.454438
1 310 6679.691 9.020884
1 372 8010.974 6.236834
2 16 350.1898 23.31618
2 58 1255.7349 8.201178
2 117 2529.549 9.940323
2 160 3448.061 7.583611
2 215 4629.6045 10.260107
2 240 5162.5415 6.0887055
2 289 6224.2637 7.6718445
2 341 7336.484 8.682644
3 16 350.46988 28.11576
3 47 1000.03625 8.405751
3 95 2048.2383 9.188124
3 147 3159.815 9.700714
3 209 4487.912 6.415976
3 238 5114.3857 8.717466
3 297 6374.754 8.392155
3 347 7469.112 7.818965
4 16 348.6819 27.982788
4 72 1535.3044 7.2323365
4 97 2091.653 8.976436
4 168 3617.5566 7.2224174
4 196 4233.0493 6.5083895
4 247 5321.726 7.440002
4 315 6781.5645 7.726997
4 365 7846.1855 7.2463994
5 16 348.17123 28.816761
5 96 2075.9346 8.899848
5 159 3410.2688 9.04531
5 203 4361.8774 8.504299
5 237 5108.0156 7.431631
5 297 6403.965 6.3625536
5 329 7078.2637 8.921074
6 16 346.8004 24.002542
6 48 1043.5848 8.549309
6 108 2322.8315 9.012214
6 144 3098.8545 6.6496167
6 215 4623.1865 7.6601176
6 256 5527.7764 8.231156
6 297 6402.922 7.3794208
6 337 7265.7524 7.6971874
7 16 349.81018 21.638594
7 60 1301.2029 6.7964563
7 111 2410.2693 6.4723644
7 144 3105.0623 8.339611
7 205 4412.136 8.609788
7 261 5623.8643 8.653239
7 298 6410.616 8.96387
7 336 7241.701 8.0001335
8 16 348.15134 23.325695
8 79 1685.9935 8.6028385
8 108 2315.0022 7.064919
8 172 3706.587 6.5887218
8 214 4599.703 8.816855
8 263 5665.2354 8.460574
8 314 6767.8843 8.854103
8 345 7431.6016 6.493612
9 78 1688.9525 7.9270897
9 102 2200.586 6.9928083
9 152 3274.3198 7.1751933
9 197 4244.7695 8.201564
9 241 5193.45 6.273805
9 294 6329.7563 8.175152
9 339 7301.819 7.245069
10 16 347.73282 19.771456
10 72 1544.8411 7.998887
10 96 2065.0398 6.705949
10 182 3920.0562 6.114585
10 203 4380.945 7.6137295
10 262 5643.4297 7.44756
10 292 6284.1646 6.6470613
10 337 7243.684 6.3756986
11 16 352.35037 28.731071
11 50 1083.6045 6.231872
11 128 2764.6643 6.593419
11 156 3354.5906 6.5059752
11 215 4632.5146 9.984126
11 261 5624.808 9.256099
11 281 6048.5605 6.7498856
11 330 7105.0957 8.922578
12 16 349.63052 39.51835
12 70 1495.8446 6.8748245
12 98 2114.7617 8.630251
12 158 3412.8765 9.94927
12 219 4703.2583 9.588052
12 257 5516.0454 6.439537
12 305 6576.301 5.333309
12 340 7324.0615 8.11866
13 16 350.46912 36.632584
13 60 1283.0022 6.525116
13 160 3449.1006 8.477129
13 217 4681.6777 10.156514
13 249 5345.187 6.7542295
13 286 6158.408 8.678258
13 343 7376.8276 7.048051
14 16 349.89746 25.197056
14 63 1360.6505 10.179552
14 127 2729.8813 8.053204
14 170 3663.141 7.821771
14 190 4095.37 7.7548
14 254 5470.228 6.9654713
14 292 6277.9453 10.265583
14 333 7170.6396 7.5791025
15 60 1296.273 10.642053
15 117 2516.5957 6.7623477
15 171 3668.8706 9.337578
15 204 4391.973 7.2370157
15 265 5716.613 9.1404505
15 305 6546.9834 6.955051
15 330 7096.5273 7.724134
16 60 1298.0576 10.131099
16 118 2561.519 5.984735
16 142 3043.7952 5.284724
16 194 4186.5884 9.043501
16 249 5357.304 8.456257
16 298 6417.415 10.887631
16 335 7231.0815 7.3153315
17 63 1358.4001 6.313743
17 95 2033.8069 7.80874
17 151 3249.496 11.166258
17 200 4321.5527 9.176136
17 270 5833.9443 8.352277
17 308 6644.5796 10.490898
17 333 7163.915 10.70216
18 16 348.43732 23.239252
18 54 1152.5244 8.935846
18 111 2405.3457 7.1555266
18 149 3190.4695 6.769444
18 208 4471.1997 7.67242
18 243 5236.953 7.076963
18 281 6049.781 7.5213265
18 333 7170.7837 8.57649
19 16 348.73688 27.313194
19 57 1235.3866 8.629674
19 112 2404.7542 7.4722505
19 188 4055.4578 8.668328
19 266 5731.053 8.592377
19 293 6298.9746 5.7092137
19 328 7063.8247 7.0987234
20 16 352.59158 23.894459
20 66 1403.8589 10.801054
20 129 2776.3018 6.1338615
20 149 3206.1047 9.296008
20 191 4106.274 7.392612
20 262 5644.675 6.501646
20 285 6122.315 7.5707297
20 353 7606.311 6.787585
21 66 1423.0875 6.9623837
21 95 2047.0753 8.433835
21 151 3256.3337 9.202748
21 212 4564.6846 9.242923
21 266 5744.078 8.6781225
21 354 7615.804 7.210994
22 90 1956.8804 8.644239
22 135 2911.8997 6.969594
22 164 3527.0693 8.626314
22 221 4771.5195 9.936228
22 241 5187.4033 6.677216
22 290 6250.31 6.878344
22 341 7338.124 8.30808
23 50 1071.3308 9.064202
23 104 2253.8818 5.780848
23 149 3209.3406 9.136708
23 195 4190.7627 8.403441
23 293 6310.8594 10.371638
23 327 7034.1074 9.526037
24 18 391.9188 23.127798
24 49 1056.1201 7.275374
24 95 2053.871 7.41778
24 162 3476.3193 7.07477
24 196 4207.4873 6.3704247
24 266 5738.1636 7.327239
24 301 6482.067 8.516363
24 329 7100.526 7.68075
25 49 1062.1177 8.547253
25 120 2584.5593 7.4678774
25 145 3122.077 8.449375
25 208 4480.3843 7.526926
25 250 5377.432 7.1032324
25 291 6267.548 8.179017
25 339 7304.388 5.6032662
26 73 1587.6106 10.170651
26 96 2076.4968 8.036696
26 166 3589.6753 8.104212
26 210 4528.833 7.8580513
26 258 5547.945 8.1708975
26 281 6048.677 7.277021
26 363 7817.178 7.600726
27 54 1167.2831 7.937534
27 95 2056.6677 6.541854
27 169 3646.1958 7.3223343
27 192 4121.5083 8.040212
27 238 5129.6123 5.802532
27 280 6030.6055 8.039015
27 328 7062.361 5.1322
28 71 1537.2821 7.502393
28 109 2342.0889 8.846935
28 148 3172.5256 9.179281
28 205 4415.436 5.5760975
28 235 5054.9087 9.593702
28 320 6882.5947 7.5365267
28 351 7564.288 6.8682904
29 54 1156.1755 9.190471
29 96 2069.3252 6.0280957
29 159 3421.6458 7.556066
29 194 4182.2754 6.237182
29 255 5487.7256 9.0724325
29 330 7116.659 8.295741
30 18 393.5269 23.992292
30 106 2273.8337 7.278552
30 156 3365.2334 10.090934
30 213 4593.026 8.039877
30 246 5294.0117 6.8379354
30 294 6341.4653 5.292687
30 342 7371.0557 7.5262575
31 49 1055.4044 6.1875606
31 127 2721.3909 8.119651
31 154 3333.011 11.032354
31 191 4113.9146 9.347221
31 247 5315.986 4.0477986
31 311 6701.749 7.6385875
31 342 7363.8467 6.037795
32 62 1340.3662 6.48219
32 125 2672.694 9.840238
32 161 3472.208 10.456206
32 220 4725.8706 7.722069
32 255 5482.941 6.0884438
32 285 6140.1406 10.461566
32 338 7282.537 9.466103
33 63 1346.5083 8.992475
33 94 2006.5974 10.522224
33 142 3056.3354 8.814946
33 217 4676.126 7.3725953
33 264 5690.5474 8.4507475
33 284 6127.222 7.1774087
33 326 7026.581 6.4712424
34 56 1203.5594 8.846027
34 95 2038.7083 7.2667184
34 188 4051.6787 10.798156
34 250 5367.6187 7.494424
34 319 6865.1675 8.041931
34 353 7607.489 5.9404535
35 61 1333.0957 9.569146
35 115 2484.6572 9.625964
35 159 3432.2693 10.552733
35 212 4553.6797 7.2859473
35 240 5176.566 6.2721987
35 318 6849.6157 7.075292
35 346 7449.3354 7.239894
36 18 391.69025 20.435429
36 52 1106.1271 7.8582416
36 98 2106.839 6.416761
36 172 3703.3135 8.451891
36 199 4264.725 7.5373316
36 250 5381.5537 8.196396
36 283 6099.165 9.299033
36 348 7490.7896 7.476402
37 70 1500.6469 8.781692
37 122 2629.4426 8.537063
37 142 3049.98 8.129484
37 215 4611.756 7.3522115
37 238 5124.7134 8.015059
37 282 6077.2427 7.6273875
37 342 7364.8857 7.060857
38 77 1661.4633 6.803526
38 108 2324.6228 10.523125
38 159 3422.3547 5.9882793
38 199 4285.5605 8.273735
38 237 5111.7983 7.905895
38 288 6207.172 10.0316515
38 327 7041.174 6.680271
39 67 1457.1306 9.259006
39 131 2806.35 6.118689
39 166 3573.1318 7.4643726
39 222 4762.3887 8.411746
39 242 5215.8696 9.101748
39 314 6743.147 7.2577934
39 352 7585.715 6.6845713
40 48 1031.4548 5.7808485
40 95 2036.0468 8.322617
40 144 3095.6143 9.129951
40 198 4274.56 7.4593015
40 242 5210.9307 11.37663
40 286 6149.5513 8.142066
40 349 7520.489 7.259287
41 16 349.09915 20.572779
41 68 1459.9867 10.146722
41 94 2030.085 7.3955507
41 187 4021.6082 9.590346
41 253 5437.247 8.990632
41 285 6141.742 8.533188
41 341 7350.771 8.289115
42 51 1101.8724 7.4827404
42 95 2046.5537 9.173434
42 155 3330.3164 6.5376697
42 186 4011.8105 7.2243876
42 234 5041.562 8.561018
42 287 6160.2505 6.3604965
42 350 7542.447 7.990302
43 61 1315.28 7.159471
43 95 2045.5496 8.172717
43 177 3804.442 7.8483796
43 211 4554.5015 10.664933
43 254 5466.601 9.560322
43 339 7296.7397 7.6683984
44 59 1275.7684 7.916606
44 103 2217.066 10.050807
44 201 4332.6626 8.651915
44 237 5091.0835 6.8519793
44 301 6486.872 6.359684
44 338 7268.4414 9.025754
45 81 1741.0339 9.59769
45 136 2916.9639 8.54945
45 193 4139.5454 7.954898
45 278 5996.5264 8.800212
45 312 6715.141 8.735476
45 339 7288.744 7.081254
46 83 1771.1829 7.828373
46 134 2885.7676 10.925574
46 161 3470.1548 7.6761446
46 216 4656.1636 6.517333
46 238 5120.358 4.929042
46 289 6224.6313 8.602614
46 333 7167.1494 7.088829
47 63 1368.4532 4.76977
47 96 2065.001 10.191377
47 160 3446.9797 9.11623
47 205 4409.9507 8.192401
47 246 5293.7 7.0077553
47 305 6569.3813 7.697514
47 328 7057.9927 7.7696753
48 58 1249.719 9.703612
48 95 2048.5925 7.6618257
48 153 3278.6235 8.0308695
48 187 4037.4407 5.732289
48 268 5776.8086 6.1488204
48 301 6482.83 6.531707
48 326 7033.955 5.6535044
49 50 1082.908 5.961402
49 128 2763.3398 10.683524
49 151 3267.816 8.160912
49 200 4314.175 5.610626
49 253 5461.4033 7.076979
49 279 6006.927 5.8342147
49 348 7487.0864 7.258101
50 64 1392.494 7.354208
50 98 2092.5745 7.4765143
50 176 3794.7236 7.037646
50 228 4903.4067 9.131366
50 272 5875.518 10.541838
50 298 6422.636 8.178678
50 336 7234.058 8.751419
51 71 1535.4772 6.4436774
51 99 2128.9385 5.8051114
51 157 3384.466 10.225588
51 205 4406.2573 9.003954
51 235 5061.2705 6.906511
51 298 6409.01 7.395306
51 328 7050.7495 10.124279
52 59 1278.0947 6.5331273
52 115 2471.579 9.000371
52 151 3259.2231 9.687134
52 215 4618.647 9.63025
52 252 5433.4565 6.8771334
52 308 6627.6914 12.070847
52 348 7504.9316 7.41397
53 76 1642.1792 6.884174
53 104 2245.8774 10.277728
53 160 3447.0845 9.824644
53 193 4155.8413 8.474986
53 292 6291.989 9.219853
53 330 7103.658 7.4796424
54 98 2098.8054 8.399193
54 152 3269.5513 9.555906
54 193 4155.476 8.746338
54 256 5520.409 9.370023
54 280 6029.578 10.462985
54 363 7801.2915 5.8165193
55 48 1038.0842 7.7858324
55 136 2928.9163 10.402526
55 186 3999.4084 8.910434
55 213 4586.9116 7.571059
55 236 5078.7935 7.8433914
55 293 6313.2437 5.149287
55 348 7490.311 6.2594385
56 83 1794.2148 7.7343063
56 107 2300.6787 6.5914516
56 179 3845.5247 6.7400765
56 217 4670.753 8.291429
56 242 5211.3 6.8211217
56 279 6011.881 9.235931
56 347 7476.297 5.684429
57 18 394.39706 17.042292
57 62 1346.3137 7.437009
57 144 3098.8442 9.715336
57 230 4954.137 8.517567
57 268 5783.8184 7.7772884
57 291 6263.3213 9.670526
57 343 7383.7715 7.5442905
58 55 1198.9125 8.150288
58 100 2153.1404 7.8688107
58 145 3113.4895 9.958424
58 194 4173.278 8.587624
58 233 5015.7637 8.5894785
58 307 6613.268 8.926921
58 328 7058.602 8.152171
59 16 348.15976 29.415789
59 72 1559.4852 7.3432097
59 123 2645.9019 8.795146
59 149 3197.6616 8.378328
59 216 4657.918 9.619025
59 237 5094.843 5.775764
59 313 6741.737 8.454432
59 345 7418.912 8.239245
60 16 348.85452 36.250023
60 71 1532.9917 6.792621
60 122 2635.1467 5.768702
60 161 3480.0625 6.3821435
60 221 4757.402 7.161775
60 242 5215.64 7.7814183
60 302 6502.401 8.096948
60 326 7014.5576 8.329184
61 16 347.00424 33.56526
61 72 1559.9207 9.368391
61 103 2202.1326 6.9053364
61 168 3629.16 6.4898524
61 211 4547.3145 9.421751
61 242 5212.626 6.909552
61 296 6372.8447 8.522729
61 326 7022.7437 13.194451
62 16 345.79166 22.074976
62 49 1060.9918 6.970319
62 102 2202.9521 6.7700996
62 151 3251.528 6.2404103
62 231 4970.013 7.531834
62 275 5926.455 8.133798
62 303 6531.4653 6.40027
62 341 7349.7285 7.103655
63 54 1167.0774 7.0224514
63 96 2072.4866 9.408125
63 140 3009.6252 6.868732
63 193 4161.8477 7.43186
63 272 5872.905 6.680127
63 310 6678.0615 8.801522
63 374 8035.4883 5.7740855
64 96 2066.1257 6.968921
64 149 3190.9824 6.1888943
64 201 4336.0244 9.669778
64 240 5168.116 8.674177
64 295 6358.082 7.4710655
64 328 7056.0317 7.097903
65 63 1359.2588 8.309243
65 116 2501.1743 8.484307
65 145 3123.2747 9.227352
65 222 4779.9062 7.547209
65 265 5717.9175 9.70341
65 288 6194.9946 6.034705
65 344 7407.952 8.580133
66 57 1225.6066 7.327285
66 129 2779.6692 9.54733
66 157 3388.2126 9.319496
66 227 4902.204 7.231437
66 254 5479.2163 6.9428153
66 288 6202.7676 6.4165382
66 335 7198.1753 7.130625
67 138 2969.256 8.958155
67 190 4090.9783 9.162139
67 249 5371.5347 4.932318
67 302 6493.9326 9.746131
67 330 7095.356 5.998897
68 47 1015.6286 7.921206
68 146 3142.711 7.8926816
68 214 4600.5015 9.894827
68 240 5174.564 4.9804597
68 306 6599.0806 8.4128275
68 331 7141.184 5.6124973
69 74 1594.0892 9.941587
69 94 2018.4043 8.235966
69 157 3381.186 8.765141
69 199 4290.849 8.451288
69 260 5592.177 8.280623
69 292 6287.288 8.755055
69 328 7068.138 7.085094
70 18 390.96967 15.123825
70 75 1594.9099 7.2252626
70 96 2074.3755 4.857938
70 178 3833.1663 6.473499
70 207 4457.674 7.5410175
70 248 5334.9053 8.516903
70 328 7063.735 8.774783
71 76 1627.4729 8.936353
71 100 2150.7417 9.316283
71 164 3519.8235 8.864414
71 200 4300.2373 6.292861
71 244 5264.8516 8.72884
71 303 6516.3926 7.6528354
71 343 7381.6943 5.606057
72 49 1035.0912 8.760855
72 95 2054.4539 8.697636
72 169 3638.972 8.095364
72 195 4187.9707 7.130297
72 246 5276.2607 6.4128256
72 315 6781.457 10.3620825
72 354 7620.2246 5.2840867
73 50 1070.5979 12.26923
73 125 2671.852 8.114906
73 166 3585.03 8.701084
73 218 4689.4766 8.105812
73 264 5674.7583 7.371354
73 315 6780.596 8.947644
73 355 7661.5923 6.3788614
74 63 1351.6914 8.388559
74 125 2687.1807 10.075702
74 165 3565.044 7.767922
74 218 4695.673 8.564933
74 240 5155.346 8.157225
74 300 6469.071 5.898223
74 340 7338.252 9.157461
75 62 1352.6729 7.4739175
75 109 2347.2922 7.1680384
75 158 3395.837 8.09636
75 198 4251.5913 7.277898
75 258 5560.704 8.156407
75 294 6326.812 8.253708
75 340 7312.8433 10.186109
76 71 1508.7737 7.642365
76 136 2918.273 7.205102
76 164 3529.0972 9.352545
76 220 4746.89 7.970251
76 268 5760.542 8.173966
76 334 7192.6475 8.776987
77 91 1958.1288 9.647567
77 117 2530.159 6.913347
77 152 3270.7822 6.30767
77 194 4174.6816 6.224433
77 280 6030.279 9.330122
77 353 7586.274 6.250067
78 60 1287.5042 6.9955034
78 107 2305.6025 9.787126
78 184 3965.375 7.163524
78 228 4909.9653 6.935336
78 261 5620.231 8.807133
78 282 6080.8115 7.982538
78 327 7041.939 14.358256
79 52 1118.7249 6.8284483
79 103 2228.882 10.553123
79 145 3119.1467 9.076892
79 219 4716.645 8.587352
79 254 5488.827 7.5423822
79 296 6382.346 11.97483
79 335 7209.147 8.035526
80 70 1492.8656 9.970875
80 96 2055.1558 7.326139
80 161 3469.6326 9.714554
80 235 5060.136 11.60551
80 286 6157.6753 6.1099515
80 354 7633.1694 6.451254
81 48 1032.709 9.847604
81 120 2568.951 6.881135
81 152 3270.6785 7.977586
81 216 4652.1006 7.982358
81 242 5216.362 7.1470537
81 303 6532.8657 8.681527
81 361 7772.1997 6.504208
82 76 1633.5509 8.558428
82 108 2331.1052 8.023201
82 156 3353.9182 6.166627
82 208 4470.4575 7.424374
82 262 5645.488 8.419741
82 288 6221.244 8.339346
82 329 7090.0137 7.770946
83 49 1053.242 8.492235
83 97 2092.0332 7.7101703
83 150 3229.0999 7.8073063
83 192 4125.7485 8.815775
83 252 5438.211 5.7826743
83 288 6202.9966 8.294844
83 333 7165.692 6.584918
84 51 1110.6599 9.641821
84 97 2082.659 7.9468
84 222 4771.833 7.3907614
84 257 5539.4395 5.754653
84 289 6210.194 5.8965993
84 339 7297.16 11.380309
85 82 1751.7251 10.337126
85 115 2476.593 8.129055
85 143 3068.4329 6.649349
85 198 4252.921 9.318877
85 255 5492.749 6.5294914
85 293 6306.7075 6.172413
85 340 7321.9004 7.983964
86 68 1461.2325 8.206559
86 111 2386.8743 10.965855
86 162 3475.2246 7.183236
86 192 4132.444 8.072524
86 284 6114.7583 6.738729
86 339 7298.0723 7.9032946
87 16 336.41217 16.625713
87 56 1209.3737 7.5220246
87 95 2049.7397 10.163441
87 194 4170.3486 9.936882
87 257 5551.4 9.163477
87 297 6389.287 6.04007
87 348 7495.567 7.0917187
88 15 329.25583 15.302449
88 61 1333.7874 5.589184
88 110 2371.2085 6.840278
88 159 3445.0996 7.2117214
88 206 4424.9727 6.7679567
88 241 5191.3115 6.9082775
88 293 6319.097 7.664357
88 331 7128.1626 6.7507486
89 15 328.0952 16.730244
89 59 1266.1156 6.3047833
89 120 2591.836 5.3001804
89 156 3352.7017 7.640104
89 196 4201.9053 8.6559725
89 259 5582.62 10.405922
89 287 6170.372 9.177407
89 344 7407.343 8.2925
90 59 1275.512 6.390383
90 122 2624.4998 7.3241925
90 163 3498.4697 13.397805
90 187 4022.6357 6.7902684
90 243 5226.36 9.166779
90 288 6192.8794 6.9815116
90 337 7253.698 6.1415787
91 76 1629.6869 8.612528
91 104 2225.4648 6.7652407
91 140 3013.1538 8.190607
91 190 4092.7893 6.414085
91 243 5224.4585 8.426592
91 303 6528.7007 8.538055
91 326 7019.107 5.7928214
92 16 354.9547 18.336918
92 56 1210.968 7.003369
92 124 2669.7578 8.622941
92 181 3891.1077 7.648521
92 227 4886.656 9.508966
92 256 5503.351 8.52926
92 326 7029.5415 9.128562
93 16 346.14987 52.997925
93 53 1128.7317 7.109558
93 125 2700.275 8.519733
93 164 3525.493 6.4636126
93 212 4567.5728 6.8868804
93 268 5768.854 10.759229
93 346 7462.2915 7.7079716
94 15 332.72952 37.06315
94 58 1253.2532 7.7948394
94 100 2159.6748 8.628551
94 142 3042.2932 7.157045
94 212 4555.614 7.7636576
94 248 5343.2383 7.067605
94 300 6461.069 5.918221
94 368 7913.688 6.5894427
95 15 323.89227 43.13576
95 93 2011.8132 7.5535774
95 174 3745.2156 8.476418
95 205 4393.9316 6.8108764
95 243 5239.6274 7.785248
95 310 6666.836 8.004476
95 351 7545.088 8.1668825
96 15 328.91223 31.232246
96 84 1793.8636 8.53703
96 106 2276.8474 11.734219
96 149 3218.0698 6.501294
96 222 4772.8945 9.037602
96 260 5593.3086 9.144481
96 299 6418.082 6.929673
96 342 7370.1943 8.552519
97 15 323.8317 24.786707
97 76 1635.8446 6.1984005
97 113 2429.9448 8.457999
97 151 3247.6687 8.216359
97 205 4416.0894 9.405952
97 262 5642.673 9.334468
97 284 6117.276 6.0365205
97 343 7381.976 9.67595
98 15 330.08542 15.021701
98 65 1390.7512 8.47216
98 99 2144.2576 8.235038
98 156 3362.587 11.808564
98 203 4385.3296 7.082956
98 249 5364.6646 8.056671
98 279 6012.527 9.036243
98 331 7128.4644 9.113929
99 47 1013.94666 10.634782
99 101 2190.0881 7.0611186
99 157 3373.9004 8.529479
99 206 4429.1875 7.528446
99 244 5272.124 7.7423463
99 283 6092.299 9.604805
99 336 7221.3853 6.9457707
100 69 1470.3307 7.1982985
100 105 2261.6548 10.656899
100 174 3748.4053 6.867991
100 229 4938.485 8.358179
100 257 5528.052 7.016537
100 299 6439.153 9.099693
100 351 7558.062 6.0945306
101 70 1487.7963 7.1881256
101 125 2699.4165 7.0615845
101 145 3123.2046 5.5323973
101 215 4622.608 9.121327
101 250 5385.2017 9.024948
101 284 6118.0244 6.4535685
101 371 7994.436 5.5649815
102 57 1224.5428 6.9549403
102 153 3290.0952 13.0101795
102 199 4275.311 5.4065495
102 252 5428.8545 7.56019
102 323 6954.164 9.517024
102 350 7537.027 6.0449986
103 53 1150.0011 8.574969
103 112 2427.27 7.3861117
103 156 3361.6868 6.695575
103 193 4145.7456 8.627042
103 258 5546.874 10.802179
103 328 7072.831 7.805177
104 88 1901.2355 6.936313
104 125 2691.6858 6.934405
104 175 3776.3137 7.9044266
104 212 4562.654 5.9169264
104 243 5232.229 8.023371
104 326 7019.082 8.765879
105 75 1619.2993 7.315044
105 101 2171.0166 7.176932
105 195 4207.3174 8.126844
105 258 5542.771 8.942154
105 280 6034.8037 6.048319
105 331 7127.9043 5.933631
106 68 1449.5471 9.457764
106 101 2184.7222 7.026655
106 160 3445.1816 10.877363
106 186 4011.5789 5.878379
106 269 5796.936 9.197862
106 305 6568.5396 6.9593925
106 329 7092.1343 6.313438
107 49 1053.0524 9.808305
107 125 2698.114 7.1274586
107 173 3731.3572 8.250479
107 227 4895.3374 7.665824
107 254 5472.8125 6.6577954
107 304 6549.993 7.5169306
107 331 7117.5884 9.388346
108 48 1037.3379 8.498075
108 129 2774.3926 10.149439
108 153 3300.669 8.688088
108 194 4194.281 7.2208953
108 263 5663.7524 9.065517
108 285 6134.065 8.233926
108 327 7050.447 10.3303585
109 50 1062.5828 8.199692
109 135 2908.1675 8.091865
109 161 3481.8726 7.9039364
109 194 4178.1753 9.465134
109 245 5281.1875 7.4298964
109 327 7033.912 7.1409097
110 73 1581.4716 7.626496
110 130 2787.2214 7.3602595
110 158 3413.8674 8.831264
110 204 4411.966 6.390748
110 246 5283.533 5.681013
110 292 6283.947 8.980966
110 347 7451.086 5.833832
111 61 1332.7006 8.923135
111 142 3058.758 8.031318
111 194 4168.395 6.5854826
111 254 5464.8164 5.8026557
111 281 6053.7773 9.104598
111 356 7657.2207 7.096323
112 66 1434.0863 12.516584
112 101 2177.3738 7.2270637
112 155 3332.3845 8.144656
112 186 4007.916 8.401362
112 255 5504.879 5.920031
112 282 6062.32 9.617424
112 357 7682.5225 7.7772636
113 82 1773.534 9.561634
113 125 2688.495 10.339881
113 161 3463.6333 9.638447
113 212 4563.7476 8.259705
113 260 5599.983 9.95778
113 282 6077.729 8.197191
113 343 7386.3105 7.9036736
114 56 1205.2374 7.966288
114 129 2792.285 7.895679
114 172 3708.4368 7.0147986
114 207 4458.553 7.4223695
114 242 5210.4043 9.020477
114 284 6119.511 8.824716
114 329 7085.4287 6.3889155
115 80 1734.8091 7.9368305
115 131 2833.8376 8.741591
115 160 3434.567 7.43833
115 195 4186.7056 7.75472
115 251 5407.3687 9.309177
115 317 6834.031 10.183526
115 343 7375.4805 8.131813
116 79 1710.9803 9.78918
116 108 2334.1187 6.627971
116 175 3760.5715 7.460938
116 211 4544.754 5.9017987
116 264 5685.081 7.4521475
116 296 6359.895 5.34927
116 362 7782.495 6.972016
117 79 1701.3248 9.435732
117 117 2510.837 7.767751
117 163 3530.3708 5.276478
117 188 4044.3157 6.7867756
117 265 5687.794 7.6071405
117 310 6676.577 8.019214
117 334 7188.7456 4.715737
118 63 1337.3344 9.904615
118 110 2348.6008 5.824348
118 195 4198.131 9.676427
118 254 5460.7773 7.473231
118 307 6607.87 7.365404
118 344 7406.5405 6.5075817
119 54 1154.6923 7.4114447
119 101 2167.1316 7.905756
119 179 3858.1165 7.1449633
119 230 4969.678 8.199548
119 257 5549.0044 8.242905
119 314 6761.9683 7.9370713
119 342 7369.664 4.94186
120 62 1346.0378 11.317709
120 105 2260.9385 9.226444
120 169 3628.484 7.060511
120 189 4073.17 7.303397
120 268 5761.0703 10.510717
120 337 7255.6816 10.658077
121 63 1344.5646 9.179073
121 99 2138.38 8.19038
121 172 3704.5283 9.478125
121 202 4360.791 5.848178
121 251 5402.419 7.0607514
121 290 6239.444 7.6679153
121 352 7578.394 7.665799
122 15 328.0791 16.775795
122 75 1600.1 9.564282
122 129 2780.605 7.113762
122 176 3769.9424 7.5239987
122 224 4805.994 7.8200183
122 254 5456.8477 9.536992
122 283 6089.3696 5.7703643
122 341 7347.37 7.5951953
123 15 325.8322 26.962969
123 55 1181.2177 9.419147
123 133 2862.3328 7.385851
123 174 3728.9736 8.074274
123 218 4698.0127 8.873249
123 258 5566.442 7.107753
123 290 6258.1855 7.6481185
123 326 7033.997 6.1274405
124 15 326.55515 51.603687
124 86 1844.2511 10.770952
124 115 2483.1035 7.64234
124 157 3375.6262 7.7689962
124 219 4705.1294 7.7372775
124 240 5146.7456 6.5307317
124 300 6455.3516 8.530543
124 329 7087.9487 6.932125
125 15 328.95575 77.92879
125 77 1651.042 10.248996
125 113 2448.4507 10.357623
125 158 3414.0068 7.9816194
125 199 4286.4062 10.490976
125 252 5422.06 9.788679
125 325 7006.705 8.765273
126 15 325.52927 51.311264
126 83 1778.4564 11.064408
126 135 2905.8428 9.866807
126 196 4211.3887 8.9643135
126 273 5860.227 9.05295
126 308 6634.5117 6.4295354
126 336 7228.322 6.1329474
127 15 325.82037 39.014584
127 78 1687.0015 11.621456
127 103 2212.092 9.922517
127 196 4228.7295 7.735907
127 237 5093.302 7.207609
127 291 6249.7144 7.606292
127 341 7348.97 8.226962
128 15 325.87503 16.234137
128 57 1232.891 5.6283402
128 110 2360.9995 7.0425096
128 157 3394.362 7.0850577
128 231 4988.635 8.452323
128 283 6080.0312 10.752855
128 334 7197.239 8.672448
129 62 1319.9269 8.134375
129 112 2411.278 6.1715317
129 145 3105.4082 9.887939
129 186 4008.8564 7.1229763
129 278 5984.3027 9.013566
129 302 6490.6206 7.130189
129 333 7181.424 8.057566
130 99 2130.5505 10.078357
130 190 4108.006 7.7651205
130 251 5408.094 7.970148
130 286 6152.503 7.108972
130 340 7320.2964 7.461004
131 83 1789.7484 10.2271185
131 111 2392.9941 5.674571
131 158 3404.3496 7.678886
131 214 4616.844 7.8924937
131 238 5117.6904 6.8164244
131 284 6118.3354 7.0971055
131 360 7769.6304 7.2311926
132 73 1573.0835 8.664574
132 100 2137.338 5.7214336
132 156 3360.0737 9.152994
132 201 4329.81 8.583272
132 263 5664.4087 5.0524993
132 297 6400.017 7.8226347
132 332 7154.1353 7.484067
133 48 1028.9883 7.8257527
133 105 2253.218 8.46479
133 165 3549.833 9.26968
133 200 4313.763 9.565637
133 265 5716.294 8.042053
133 319 6864.6006 9.08151
133 344 7403.6367 6.571227
134 67 1440.6705 9.581491
134 134 2881.9111 8.782101
134 164 3534.1675 5.7798495
134 226 4870.155 8.265751
134 262 5633.3447 7.609123
134 290 6230.369 9.828391
134 333 7167.7563 8.331674
135 76 1633.6073 10.258304
135 134 2890.0483 7.5744443
135 167 3616.3645 6.0302496
135 196 4215.3237 12.046426
135 262 5651.3306 8.290412
135 308 6632.6494 9.264203
135 344 7413.412 7.078594
136 61 1296.8234 7.9464746
136 123 2646.4453 7.4537454
136 148 3178.1978 8.375776
136 214 4605.0093 5.421532
136 278 5983.2886 11.179618
136 310 6690.4136 6.1697564
136 333 7190.129 11.160715
137 72 1552.9492 8.822093
137 113 2437.1543 6.4301577
137 148 3188.8735 7.4476147
137 197 4243.204 8.320789
137 234 5055.006 8.072993
137 297 6415.7905 8.116371
137 333 7170.2104 10.635402
138 47 1003.9341 7.7160196
138 105 2261.2014 7.333101
138 159 3428.94 9.76631
138 188 4051.8186 8.019424
138 236 5076.4214 6.919629
138 316 6797.0967 8.445222
138 344 7404.044 7.946984
139 83 1801.088 8.197452
139 107 2286.5767 6.573085
139 158 3413.6672 8.811738
139 227 4890.723 8.044604
139 252 5427.479 6.2959237
139 303 6510.8447 7.978741
139 339 7288.7563 7.5370193
140 51 1086.1371 7.171269
140 103 2218.4426 8.203987
140 150 3241.325 9.108725
140 186 4016.9507 7.6536846
140 232 5000.5107 7.526595
140 292 6293.6543 6.861493
140 344 7407.5537 8.391422
141 64 1384.7567 7.9476147
141 96 2071.5752 7.4509883
141 149 3218.0244 6.793897
141 221 4764.703 6.5730305
141 242 5214.2397 7.607959
141 289 6236.5474 6.6921334
141 351 7571.037 6.922808
142 73 1573.0563 8.675612
142 117 2523.3596 8.25035
142 156 3363.875 7.430116
142 188 4044.1262 7.798583
142 275 5906.866 9.176954
142 307 6615.4766 6.9532375
142 346 7445.94 6.6383815
143 70 1493.5261 8.9601
143 100 2142.739 12.349165
143 148 3183.4954 9.016182
143 188 4053.5608 7.91558
143 251 5422.173 7.9215436
143 291 6269.5664 8.362644
143 352 7576.1714 7.094946
144 76 1640.343 8.071258
144 104 2231.9907 8.094157
144 148 3182.9434 7.783024
144 201 4326.1445 7.401772
144 269 5797.951 7.9845243
144 302 6503.934 7.0792484
144 349 7512.7544 5.9573145
145 53 1136.3856 5.866167
145 123 2641.4011 7.4146643
145 151 3247.5537 6.905621
145 194 4165.647 8.0438595
145 292 6290.5293 9.379128
145 342 7365.8237 8.554728
146 52 1125.3751 9.949175
146 127 2754.9453 9.405401
146 167 3592.135 7.488554
146 209 4499.9307 6.7163534
146 254 5466.6187 10.733896
146 295 6347.5747 8.695137
146 374 8057.4565 6.735874
147 47 1001.55676 7.9232736
147 99 2112.9375 6.6016474
147 164 3524.365 8.944611
147 208 4497.9316 8.583107
147 261 5632.271 10.175123
147 319 6867.395 8.490081
147 350 7551.0093 6.7801633
148 51 1112.5896 6.928486
148 117 2514.1653 7.694057
148 147 3170.7932 10.011833
148 193 4148.96 7.650178
148 264 5675.3696 9.169992
148 288 6203.7036 9.888404
148 353 7590.964 6.00182
149 55 1200.962 6.3801026
149 108 2323.2886 9.261769
149 154 3307.4663 7.5102553
149 192 4138.219 8.82214
149 268 5757.5986 6.7866006
149 319 6855.2515 8.601644
149 342 7365.2905 5.2807126
150 95 2065.83 8.449863
150 182 3925.7678 7.6667447
150 223 4786.0835 7.763218
150 273 5877.735 7.6415825
150 304 6550.826 8.743292
150 327 7024.5244 7.7088237
151 95 2043.8873 8.167978
151 183 3933.3625 7.964784
151 223 4800.451 9.087107
151 252 5441.7085 6.24169
151 328 7058.4204 7.414717
152 80 1728.9313 8.537313
152 121 2604.814 7.9887857
152 187 4030.3516 7.4524736
152 251 5419.242 9.643515
152 283 6094.0947 8.611968
152 336 7232.885 7.299202
153 15 329.4592 22.773205
153 73 1576.7473 8.611993
153 99 2124.96 7.116474
153 169 3659.1382 8.56058
153 205 4415.992 8.571757
153 233 5021.4585 9.146515
153 293 6328.223 9.793312
153 355 7649.595 5.870982
154 15 329.24615 35.643402
154 68 1462.3676 7.230828
154 115 2474.0103 8.049251
154 142 3055.6438 7.7449512
154 223 4807.654 8.329784
154 278 5973.333 7.19907
154 309 6639.228 7.954341
154 348 7511.362 7.3578496
155 15 329.65833 44.55826
155 55 1185.2635 8.878586
155 101 2190.585 7.633944
155 152 3268.9727 8.9646845
155 193 4174.54 7.8275094
155 263 5646.763 7.6189423
155 288 6190.2495 7.2737026
155 335 7211.6475 8.268847
156 15 328.49152 54.30923
156 51 1105.1124 9.117038
156 113 2415.4104 6.4269137
156 151 3259.8506 9.844521
156 195 4182.0337 8.787142
156 278 5992.443 8.314911
156 330 7107.915 8.202454
157 15 326.7738 44.223045
157 73 1581.2633 7.972214
157 106 2279.6326 8.5423565
157 180 3875.5781 7.4586864
157 209 4501.6553 5.674022
157 263 5653.268 9.291773
157 318 6837.483 10.704274
157 355 7648.7505 6.013196
158 15 327.76083 23.568089
158 89 1925.9406 7.8159122
158 113 2436.5205 8.339869
158 175 3758.3486 9.028973
158 233 5032.3267 6.895761
158 297 6393.616 10.013089
158 338 7288.2104 9.792982
159 15 323.2949 36.111084
159 61 1309.7866 8.48053
159 135 2903.6196 9.169349
159 155 3345.1714 5.7941337
159 188 4055.304 9.179612
159 244 5260.7925 6.1969185
159 296 6378.6196 6.645947
159 341 7335.6455 7.818914
160 71 1511.3092 8.203829
160 106 2278.9912 9.341333
160 177 3827.969 11.567798
160 203 4388.291 6.3373027
160 273 5871.7324 9.383588
160 309 6651.5938 8.544051
160 345 7436.801 5.620473
161 72 1539.853 7.394494
161 111 2379.8296 8.342161
161 154 3325.8389 9.04143
161 209 4499.3223 9.080296
161 245 5269.253 9.36335
161 295 6352.421 7.585793
161 358 7699.189 7.2556586
162 75 1612.9105 8.241348
162 113 2443.705 8.614915
162 163 3491.6926 8.549855
162 196 4214.5425 5.6988153
162 258 5543.9185 7.337147
162 321 6909.53 7.799834
162 341 7344.394 5.500904
163 16 333.3931 15.583082
163 65 1394.7633 7.5413904
163 99 2123.2751 7.8453918
163 153 3293.7795 6.298526
163 189 4070.367 6.9281926
163 250 5366.632 6.114407
163 327 7036.096 8.103104
164 47 1006.0654 8.175274
164 97 2081.6003 7.28703
164 154 3311.2852 9.144493
164 219 4715.586 7.1255445
164 245 5274.589 8.191954
164 281 6054.8667 5.353522
164 340 7317.5195 6.1603527
165 16 338.42053 18.29202
165 54 1161.4478 7.039609
165 123 2650.389 7.7091055
165 154 3315.854 12.080796
165 187 4021.422 8.499722
165 241 5193.2725 12.378498
165 310 6671.498 9.25034
165 331 7133.5684 7.136029
166 16 335.22964 27.458876
166 87 1871.5988 9.707036
166 144 3108.8533 8.906422
166 225 4841.0537 9.660037
166 247 5312.75 7.81508
166 316 6817.9683 7.9013233
166 352 7560.926 7.2687235
167 15 334.02216 28.737146
167 57 1228.6779 6.6458097
167 117 2522.6414 8.447126
167 141 3038.4885 6.479775
167 196 4224.611 8.376228
167 249 5380.466 7.0658417
167 283 6102.817 6.4948225
167 343 7389.174 7.5690103
168 15 329.45624 21.195427
168 47 1011.81616 9.237211
168 129 2783.5168 9.257199
168 163 3504.8523 7.924995
168 198 4270.1543 8.011521
168 280 6025.9937 11.494787
168 360 7767.343 5.724318
169 16 335.2613 18.719664
169 83 1786.9475 11.490299
169 116 2517.9968 8.314694
169 159 3421.3708 7.79728
169 205 4417.6045 8.641086
169 251 5386.6885 8.512838
169 287 6182.3145 10.012494
169 341 7342.7847 6.76319
170 54 1156.6602 7.645578
170 125 2680.8428 9.274285
170 167 3598.2917 9.483567
170 223 4811.2188 7.616061
170 252 5414.6714 9.785868
170 288 6194.1094 7.2268367
170 350 7534.883 9.3063
171 53 1149.2064 12.326747
171 103 2210.0642 6.573848
171 149 3209.0754 6.70405
171 249 5375.8193 8.828555
171 327 7043.1514 10.339889
172 47 1019.7474 8.824427
172 112 2418.1973 6.433121
172 145 3118.9731 8.989235
172 188 4062.361 6.845243
172 240 5167.0757 7.827062
172 299 6429.7334 6.6710105
172 361 7784.9194 8.389388
173 22 466.73508 16.40016
173 71 1530.663 7.3476872
173 121 2601.5486 7.7825685
173 162 3495.9714 7.183698
173 194 4164.559 7.354504
173 256 5506.492 9.552521
173 318 6856.547 7.957718
173 345 7447.36 5.3778853
174 23 492.90555 16.497362
174 51 1090.5382 5.055511
174 115 2466.3923 7.021218
174 149 3215.7585 8.452006
174 202 4345.035 8.343971
174 278 5986.298 7.6494827
174 306 6588.1196 9.281428
174 349 7514.654 5.6039343
175 67 1438.1138 6.246801
175 110 2371.7588 8.120212
175 141 3030.1099 5.861464
175 191 4117.2134 6.2711086
175 248 5337.1035 6.4060383
175 296 6376.1274 6.4740906
175 355 7649.7466 7.5076013
176 67 1446.1758 6.8457127
176 98 2111.715 7.837954
176 147 3160.6357 6.4916177
176 215 4628.139 8.676351
176 250 5383.018 9.156385
176 331 7128.7925 8.655835
177 68 1464.1713 7.9090137
177 138 2966.61 7.8115845
177 179 3852.6167 7.933174
177 203 4378.5503 6.2327094
177 235 5039.7085 7.944845
177 304 6541.2144 8.762155
177 328 7068.544 7.65342
178 86 1848.086 7.6657724
178 113 2437.7117 7.9806523
178 166 3584.122 8.996326
178 205 4414.3003 9.601764
178 250 5365.373 7.2308607
178 303 6504.032 6.9627867
178 327 7049.753 8.887469
179 62 1354.47 8.6455145
179 114 2451.2485 8.064786
179 155 3339.6392 9.888705
179 187 4016.1484 8.449991
179 263 5675.628 8.456587
179 305 6576.3247 7.504569
179 343 7385.5405 6.9654646
180 81 1745.9963 12.136194
180 101 2164.7964 9.848161
180 142 3063.6177 7.9030776
180 213 4593.3364 7.069284
180 246 5291.7886 7.5036263
180 305 6574.8545 8.559803
180 338 7283.1685 9.451775
181 80 1731.3499 6.843512
181 121 2596.4856 10.912162
181 170 3658.9692 6.708749
181 201 4331.324 7.9831486
181 244 5258.2935 8.189661
181 331 7128.516 7.257137
182 89 1935.5751 7.556841
182 110 2365.712 6.905994
182 163 3510.7273 8.445064
182 197 4222.151 7.9808817
182 240 5171.6133 7.318697
182 298 6420.9243 8.483579
182 341 7349.303 6.6252966
183 65 1399.1674 7.932274
183 119 2571.642 8.069887
183 155 3351.3506 6.378895
183 208 4481.0283 10.455988
183 254 5471.694 9.910288
183 296 6374.452 8.265136
183 325 7018.402 7.2321615
184 61 1324.9486 5.355826
184 103 2202.827 8.29372
184 150 3233.7927 8.711336
184 187 4026.0894 9.194095
184 260 5597.1055 6.9842978
184 280 6046.8447 7.2852173
184 357 7694.778 7.891589
185 82 1785.7087 5.980172
185 123 2639.8896 7.2064233
185 152 3266.458 7.948571
185 201 4316.9233 6.575116
185 273 5883.6816 6.9954414
185 296 6369.573 8.369741
185 366 7881.609 7.1679707
186 66 1419.032 8.31785
186 105 2255.2825 7.9561253
186 156 3359.9 9.48631
186 203 4378.4956 8.14203
186 248 5350.8823 9.08542
186 303 6529.818 10.654808
186 373 8036.2427 6.6074743
187 58 1269.2124 7.6577654
187 93 2004.6034 8.006579
187 208 4480.631 9.21312
187 277 5978.123 6.4561944
187 312 6703.3906 9.2618265
187 332 7153.416 7.3143377
188 80 1732.3527 7.465633
188 100 2150.823 8.036401
188 181 3901.3894 8.358059
188 204 4393.752 8.406677
188 274 5906.0405 7.7566195
188 305 6562.227 9.334824
188 346 7462.036 7.1873713
189 63 1354.7794 10.645751
189 108 2310.9985 8.136476
189 140 3014.1624 8.762779
189 204 4392.534 7.597018
189 246 5297.1924 5.771355
189 297 6394.9824 4.508405
189 332 7150.6865 8.725233
190 49 1076.3872 7.719335
190 100 2138.6653 8.579989
190 145 3118.7573 7.2007914
190 259 5585.436 9.221529
190 317 6809.1816 8.189464
190 351 7568.068 7.456802
191 64 1376.7218 10.836574
191 114 2449.0068 8.411636
191 144 3105.9104 7.589201
191 213 4600.1626 7.5241995
191 245 5294.0615 7.5803366
191 278 6007.1255 8.716059
191 334 7176.12 6.917063
192 77 1662.1022 10.074044
192 117 2515.9307 8.674995
192 169 3637.773 9.173721
192 190 4088.8928 7.720547
192 257 5535.2695 6.861578
192 332 7144.6367 8.422328
193 87 1880.064 6.720005
193 118 2535.444 11.783584
193 152 3274.8506 8.898952
193 200 4310.5703 7.614826
193 250 5379.002 6.2433524
193 286 6160.943 7.255606
193 330 7122.554 8.504224
194 58 1247.0634 7.685937
194 102 2177.2522 8.55091
194 141 3038.9128 5.9978986
194 198 4282.241 8.3549185
194 274 5898.849 9.391334
194 360 7752.622 6.9970894
195 15 325.6348 31.128414
195 57 1240.034 6.7724648
195 102 2197.9863 6.28981
195 158 3404.6802 10.528921
195 209 4503.747 7.099886
195 277 5960.732 8.594828
195 298 6434.1675 7.58723
195 356 7651.909 7.5652018
196 15 329.46643 37.205467
196 67 1448.6644 9.025251
196 94 2038.7032 5.6468806
196 184 3945.925 9.8131485
196 223 4789.612 8.852745
196 253 5433.2886 8.196619
196 290 6243.7515 9.6762295
196 340 7328.6846 10.150035
197 16 334.71448 32.26856
197 66 1441.967 7.3161426
197 106 2302.7288 7.860015
197 174 3742.9539 8.225996
197 199 4281.89 7.3817205
197 257 5535.385 8.956966
197 301 6481.888 7.717319
197 349 7509.735 6.3859878
198 106 2278.7627 9.124568
198 147 3167.699 7.908665
198 206 4442.807 6.4329143
198 243 5228.433 8.388988
198 314 6782.757 7.5563717
198 337 7265.6797 6.4619756
199 66 1413.9327 9.019228
199 100 2144.0566 8.514321
199 145 3107.2104 6.5090814
199 213 4586.9937 8.191682
199 237 5105.6978 9.570038
199 310 6682.1685 9.622304
199 330 7105.4497 8.001249
200 60 1289.0645 9.66558
200 126 2721.025 10.559717
200 159 3424.337 7.9804106
200 190 4088.58 8.02666
200 252 5404.9736 7.2810307
200 284 6115.0493 8.278181
200 355 7659.6465 8.231938
201 63 1356.1505 5.7687
201 119 2564.27 8.041018
201 186 3991.5278 9.315009
201 243 5239.426 9.231994
201 303 6528.1 8.215914
201 349 7504.682 6.306801
202 77 1659.8903 10.635408
202 98 2099.1575 6.4477983
202 147 3172.3018 8.542587
202 221 4760.9785 9.106679
202 252 5424.5913 8.032426
202 300 6464.077 9.797372
202 336 7229.879 6.53474
203 52 1102.9554 5.7990947
203 114 2455.5562 7.779861
203 163 3507.4326 8.922785
203 200 4300.7803 6.6362243
203 242 5215.725 6.818338
203 288 6214.5947 6.5890884
203 336 7221.495 7.1090465
204 73 1570.5045 8.005713
204 112 2415.8142 9.821574
204 167 3593.5527 8.695805
204 192 4148.1826 7.7569046
204 233 5011.5586 7.2544494
204 281 6048.8306 11.170987
204 339 7304.2207 6.2549677
205 76 1650.7904 7.8025856
205 107 2307.1838 4.2305894
205 158 3398.5876 7.348832
205 199 4278.5537 6.9591026
205 301 6490.8843 7.211516
205 327 7038.039 4.976707
206 64 1375.719 8.692876
206 108 2317.1653 8.741298
206 156 3362.6562 7.964596
206 222 4794.976 8.389346
206 259 5567.547 9.779283
206 286 6158.7344 6.432906
206 338 7282.091 5.9561973
207 47 1001.4748 9.463288
207 100 2143.5132 8.567463
207 151 3259.917 9.445335
207 188 4040.785 8.758302
207 260 5599.2603 11.546351
207 312 6723.755 9.020861
207 332 7154.2764 7.7165823
208 47 1009.1447 9.174178
208 93 2008.2118 7.3453255
208 144 3111.8936 6.570042
208 208 4484.6606 7.042504
208 260 5599.0176 8.59442
208 296 6377.1523 8.979602
208 361 7777.8564 5.958613
209 66 1421.3368 8.86614
209 111 2394.9058 8.884851
209 159 3413.792 5.759223
209 205 4416.188 7.3309364
209 248 5348.2793 7.944544
209 295 6358.4326 8.9558525
209 347 7474.124 5.6118803
210 15 325.4186 44.41251
210 58 1249.0973 7.651304
210 112 2404.1562 7.6092505
210 165 3556.753 8.697614
210 218 4675.5444 6.0264544
210 267 5749.5786 9.167904
210 309 6658.149 9.236633
210 336 7236.407 7.016739
211 15 329.89233 36.136826
211 49 1046.9164 8.113656
211 112 2409.3975 9.89534
211 141 3032.9482 9.767356
211 206 4423.7007 8.389548
211 261 5619.2505 6.963047
211 310 6677.325 8.320887
211 333 7176.5415 6.0954337
212 15 329.69107 39.9046
212 99 2137.304 8.998663
212 149 3206.8958 8.141558
212 212 4565.322 6.0564175
212 251 5406.757 9.120572
212 289 6235.828 6.8882747
212 335 7209.0557 10.7192545
213 15 328.20505 37.3349
213 48 1038.9526 9.26314
213 101 2165.9724 7.3722587
213 142 3054.4368 9.9032
213 207 4475.2 7.71303
213 236 5075.2993 6.5593333
213 312 6707.9893 8.413051
213 359 7728.7764 9.089055
214 15 328.85632 36.92986
214 73 1565.4265 9.4385395
214 96 2077.906 5.7925243
214 149 3212.5288 9.478479
214 187 4043.845 10.411158
214 252 5422.433 5.8181624
214 299 6435.57 5.839594
214 341 7332.6245 8.168273
215 15 329.26044 37.592213
215 68 1469.173 7.565574
215 144 3113.626 8.3314
215 220 4728.1553 10.026421
215 251 5407.515 7.920056
215 288 6211.6406 6.7113132
215 341 7344.943 7.5032997
216 15 329.2981 31.90119
216 49 1055.4836 9.194387
216 136 2931.916 8.013685
216 158 3396.9514 6.735414
216 215 4628.6772 9.094766
216 237 5099.1196 9.013142
216 323 6952.439 7.1917777
216 352 7571.301 6.4866476
217 15 329.61234 29.76361
217 48 1041.8256 11.31103
217 124 2667.3228 6.829412
217 154 3326.7366 12.599843
217 212 4582.6714 7.518283
217 239 5135.4097 7.842682
217 316 6786.384 8.143327
217 346 7457.262 8.111815
218 49 1048.303 8.041288
218 118 2538.0835 7.827429
218 157 3365.9204 7.5289116
218 208 4491.8057 9.37919
218 249 5353.0684 8.74088
218 293 6300.8066 6.5458355
218 355 7653.922 7.685189
219 15 329.95093 29.102158
219 73 1566.9504 8.145428
219 104 2231.4968 7.8543444
219 163 3503.634 8.3623
219 211 4538.7744 7.4890776
219 267 5750.346 7.112551
219 310 6676.9473 7.490615
219 333 7157.883 6.358524
220 49 1055.381 14.012105
220 126 2716.1118 8.697128
220 157 3382.6738 8.916721
220 199 4282.06 6.8394
220 250 5387.0107 9.369722
220 294 6337.4956 7.692423
220 340 7326.253 5.4830604
221 49 1051.9913 9.925724
221 97 2085.767 6.4629617
221 162 3471.682 7.8328505
221 242 5211.592 7.5246825
221 280 6027.783 7.83136
221 332 7143.7314 6.833897
222 53 1134.9359 8.408134
222 94 2036.6566 6.200054
222 163 3508.1729 7.3816667
222 187 4018.6218 4.553194
222 282 6078.7046 10.124361
222 340 7318.206 7.3346467
223 80 1710.4885 8.55556
223 100 2156.4993 6.7236724
223 160 3458.9438 8.509901
223 210 4526.438 8.263425
223 237 5101.372 8.284856
223 298 6406.498 7.5280104
223 327 7039.279 9.93586
224 88 1889.8218 8.200556
224 128 2763.3787 6.833445
224 151 3272.3823 7.3855762
224 201 4326.684 7.1907544
224 252 5418.1587 6.6639204
224 326 7018.8696 8.689732
225 48 1040.7327 10.270101
225 115 2482.5698 8.174315
225 146 3147.1675 9.212556
225 205 4411.406 7.929328
225 252 5432.323 7.5673585
225 299 6436.059 6.750463
225 344 7419.835 7.5925736
226 88 1905.0355 7.9642034
226 109 2352.9639 6.8557816
226 148 3205.3308 9.0036
226 206 4429.3564 8.071566
226 248 5344.756 9.518962
226 288 6192.4395 11.370563
226 350 7539.2915 6.60641
227 51 1095.8508 7.169175
227 98 2100.3096 9.587868
227 146 3134.9758 8.789982
227 194 4157.5654 6.460872
227 256 5516.2896 9.97045
227 321 6899.8867 8.682425
227 346 7453.751 6.92052
228 80 1702.537 8.8784
228 143 3084.4153 10.384116
228 212 4560.213 9.372173
228 243 5226.0684 7.0289426
228 296 6371.125 7.2221622
228 329 7094.28 9.352069
229 49 1056.8325 9.219401
229 98 2095.732 10.434827
229 144 3087.6882 7.899166
229 211 4556.3926 7.1253767
229 255 5482.336 7.732649
229 300 6461.1104 12.821726
229 342 7369.439 6.2340446
230 73 1580.5708 9.777469
230 109 2350.7244 9.363314
230 142 3044.6108 6.7720833
230 210 4534.6665 9.049117
230 254 5490.6377 7.3522067
230 282 6071.469 8.245689
230 330 7108.599 9.980008
231 49 1049.5004 10.906293
231 99 2130.7449 9.317878
231 142 3051.3245 8.064684
231 236 5083.104 11.659322
231 295 6352.1826 7.433532
231 350 7550.3364 7.2323604
232 49 1052.4481 11.366578
232 134 2885.1912 8.945387
232 154 3328.786 6.985768
232 201 4331.444 13.914254
232 275 5911.9775 6.9454737
232 325 7002.5635 7.4589205
233 61 1327.7299 8.368213
233 98 2126.154 9.000847
233 145 3115.9307 10.913301
233 213 4601.8535 8.310373
233 249 5342.7983 8.32592
233 284 6115.63 8.0227995
233 329 7072.2354 7.6262937
234 62 1328.2842 8.239623
234 98 2108.0066 10.224975
234 146 3135.975 11.066382
234 198 4271.061 7.3020606
234 255 5471.0386 8.334849
234 294 6334.7017 9.989144
234 360 7762.3745 7.359243
235 48 1043.674 12.7735195
235 98 2113.4216 12.000149
235 155 3339.0232 5.882536
235 221 4759.291 8.557206
235 254 5485.6816 7.379948
235 312 6714.7393 7.9049444
235 355 7655.802 6.5365653
236 57 1231.638 8.695256
236 94 2009.4258 7.5306816
236 164 3516.2444 6.5304546
236 197 4248.296 10.422233
236 237 5103.365 9.3190775
236 293 6303.528 9.896697
236 338 7278.509 8.805332
237 57 1233.5421 9.420896
237 98 2113.9426 11.172284
237 152 3273.6072 8.260174
237 216 4648.3364 11.559578
237 241 5177.1724 7.4979424
237 289 6226.551 10.197455
237 345 7430.049 6.5173764
238 58 1245.3566 8.835628
238 147 3167.6873 10.859616
238 188 4031.1787 5.4924183
238 254 5468.735 9.765398
238 291 6281.6675 8.793702
238 353 7600.7803 9.313069
239 49 1051.2975 9.851703
239 98 2115.0764 14.025747
239 150 3231.1443 8.826003
239 199 4297.1147 8.708967
239 282 6059.2656 8.761824
239 329 7089.1074 6.2742343
240 49 1051.4141 11.3212185
240 98 2112.9988 9.57922
240 197 4249.9043 8.930659
240 248 5320.05 7.8729763
240 310 6667.8247 8.822939
240 342 7365.979 5.7300367
241 49 1051.7197 9.581193
241 116 2504.6409 7.8636203
241 162 3487.4832 8.94086
241 226 4881.775 8.846787
241 250 5388.0093 6.8278084
241 307 6607.918 9.282599
241 335 7209.947 6.393257
242 49 1057.7269 12.113327
242 131 2824.2783 8.832434
242 185 3981.8545 8.265012
242 218 4693.99 7.5871134
242 240 5170.9136 8.173573
242 280 6046.475 7.0009704
242 344 7417.1665 6.84321
243 49 1057.6328 10.161578
243 119 2558.19 8.610174
243 141 3040.6077 9.5573225
243 204 4390.853 8.800512
243 236 5068.7666 9.225831
243 292 6290.509 6.594158
243 348 7497.538 6.4505606
244 73 1580.0686 10.855003
244 131 2817.338 6.8079987
244 151 3256.6963 5.964244
244 192 4137.9614 7.3639336
244 250 5381.6616 5.4595766
244 310 6683.9634 8.743709
244 330 7107.162 8.403243
245 64 1386.8711 8.502577
245 98 2119.6167 8.59166
245 165 3549.2283 8.841754
245 188 4049.7278 4.9416847
245 243 5238.751 5.448657
245 304 6531.0264 6.0917463
245 339 7299.173 7.2511997
246 48 1042.8835 9.724766
246 98 2105.613 7.8446627
246 163 3522.823 8.867941
246 206 4425.962 7.6853576
246 256 5516.5425 6.044459
246 301 6488.3486 7.238234
246 343 7385.6807 7.387988
247 49 1044.7689 11.3068285
247 104 2227.8774 7.8564425
247 157 3394.8987 6.18382
247 229 4923.9175 10.446901
247 271 5834.5854 8.031732
247 310 6653.763 6.8744707
247 330 7104.45 7.4904704
248 48 1044.6573 10.239489
248 110 2368.7441 8.170986
248 150 3237.339 7.8708344
248 202 4358.773 7.985749
248 258 5562.522 6.264123
248 301 6493.6914 6.7656703
248 337 7252.679 7.951616
249 53 1156.7472 8.979542
249 113 2436.584 9.040588
249 169 3631.9724 6.0775495
249 206 4419.1475 9.532505
249 260 5607.0806 6.567074
249 301 6487.256 8.455886
249 340 7317.4775 6.595395
250 49 1053.086 14.642457
250 101 2173.8523 6.3502793
250 141 3041.3835 7.8082466
250 205 4429.61 8.7568865
250 266 5733.735 5.703514
250 304 6555.551 7.6068687
250 342 7360.303 8.202015
251 49 1052.6216 10.1593
251 119 2568.8892 7.8204293
251 168 3616.0798 8.395761
251 204 4399.8438 8.798371
251 248 5330.4487 5.4936705
251 297 6376.2534 9.825818
251 342 7355.785 6.8605223
252 49 1049.7516 8.877816
252 104 2245.286 6.772604
252 158 3406.6638 8.649997
252 220 4738.99 9.273309
252 241 5189.135 8.351672
252 298 6413.557 8.076547
252 346 7463.8013 6.7226973
253 51 1095.2706 5.8603897
253 110 2368.2737 6.949403
253 145 3125.3872 8.8112135
253 203 4374.6416 8.331243
253 250 5382.488 7.4979095
253 293 6317.4634 8.200468
253 367 7913.2666 6.948189
254 70 1489.7727 7.2344913
254 113 2437.7332 6.2603617
254 159 3406.5398 6.503958
254 204 4413.3696 9.431314
254 261 5619.0757 8.728923
254 289 6202.064 7.322528
254 347 7460.934 7.226587
255 49 1049.7257 12.242857
255 114 2456.6838 5.9102764
255 159 3425.1133 9.926427
255 215 4622.136 8.746807
255 236 5073.5356 7.282722
255 327 7028.8174 6.348697
256 49 1051.1783 10.950549
256 128 2750.9644 8.264153
256 154 3313.883 7.141494
256 206 4434.132 8.720816
256 269 5789.958 8.305638
256 311 6693.185 6.756262
256 331 7144.2144 8.6427
257 49 1047.4662 13.581274
257 115 2482.9893 6.4088717
257 158 3400.9014 9.472769
257 221 4750.2456 8.278095
257 241 5189.843 5.9860196
257 280 6027.559 6.276588
257 328 7059.9346 7.826537
258 73 1562.6079 6.8047853
258 107 2307.4216 10.462187
258 152 3285.2676 7.143004
258 199 4291.3706 7.165787
258 236 5088.4194 5.7662754
258 291 6268.5176 9.270381
258 333 7181.313 6.762636
259 74 1580.5369 7.070794
259 96 2059.5015 6.396656
259 142 3055.8667 6.6871433
259 207 4455.768 8.823141
259 266 5724.829 8.079175
259 286 6170.489 7.4093494
259 337 7251.4526 6.7454886
260 46 1007.0499 12.57982
260 105 2281.6545 6.5656204
260 190 4092.5435 7.230437
260 240 5167.7915 6.639447
260 297 6398.02 8.236475
260 326 7016.844 6.9562984
261 18 396.81802 26.081741
261 60 1284.2441 8.40216
261 104 2249.5974 9.069722
261 153 3307.4634 7.4471083
261 239 5141.241 8.303996
261 297 6393.774 12.039466
261 347 7469.9653 7.5891705
262 83 1784.5736 7.9916315
262 133 2878.7305 9.583112
262 161 3473.3206 8.792124
262 194 4180.4634 11.8387575
262 257 5536.661 9.904164
262 295 6337.303 6.816865
262 341 7345.6655 7.3113227
263 49 1053.4973 9.056808
263 104 2252.7104 7.7352247
263 176 3790.921 6.952903
263 207 4450.337 9.238405
263 251 5384.7837 8.428036
263 310 6660.8833 6.483419
263 343 7383.388 6.638528
264 21 442.6246 19.381048
264 49 1049.2904 10.118173
264 97 2088.0442 8.718397
264 147 3157.9084 5.9338584
264 227 4890.649 9.165004
264 286 6155.3813 9.547594
264 356 7674.438 7.5368176
265 53 1135.2988 7.9422584
265 97 2092.4333 7.590508
265 162 3503.062 5.8505774
265 189 4052.46 5.4411483
265 250 5387.615 8.183714
265 319 6872.999 8.579581
265 350 7543.4287 5.482219
266 49 1055.3185 9.140325
266 94 2021.9421 6.1082487
266 155 3332.1067 7.628207
266 186 4004.311 9.717295
266 258 5537.654 8.531812
266 297 6401.5464 9.319117
266 358 7706.555 8.3934
267 49 1051.2483 11.123272
267 121 2595.7073 8.147341
267 147 3164.7168 7.548104
267 200 4312.3037 11.232739
267 253 5449.678 5.197178
267 286 6159.277 9.90635
267 352 7597.9224 7.0186977
268 49 1052.8958 9.741519
268 105 2269.8462 7.907031
268 155 3332.4333 7.256966
268 208 4483.959 7.656018
268 254 5469.1855 9.788003
268 305 6548.9233 7.148608
268 351 7563.7534 6.355683
269 87 1873.7108 10.102705
269 120 2584.252 6.1534643
269 154 3329.1191 7.2614455
269 226 4866.0205 7.9115977
269 251 5401.7456 9.144192
269 279 6004.9663 8.280995
269 361 7788.393 6.905338
270 73 1571.147 9.190973
270 98 2108.6401 7.0751095
270 153 3294.9526 8.578885
270 197 4228.133 8.168295
270 249 5358.78 7.2628016
270 291 6269.566 9.01602
270 337 7254.5947 5.5615716
271 20 434.28064 16.616165
271 76 1623.1829 8.419518
271 121 2607.424 7.0084596
271 143 3068.9856 7.555595
271 214 4608.2036 8.641796
271 244 5249.172 9.468901
271 309 6649.5283 8.840497
271 346 7444.2246 6.7989974
272 15 328.27786 18.730513
272 81 1744.5339 7.459144
272 142 3067.6348 8.778643
272 187 4023.1367 7.3649263
272 277 5965.798 6.6207895
272 332 7153.525 8.59761
273 15 327.5722 25.490473
273 56 1206.1982 9.874394
273 106 2289.618 7.4262705
273 163 3521.681 9.3142805
273 215 4629.4795 6.565532
273 256 5512.2017 7.3766007
273 297 6405.2705 7.429349
273 334 7191.964 8.675172
274 15 329.6498 21.154722
274 68 1474.2968 10.638644
274 96 2069.6523 7.9007173
274 166 3563.7505 8.262659
274 187 4038.8162 6.8947663
274 256 5519.805 9.965434
274 294 6329.595 7.673692
274 365 7869.4517 6.8766665
275 15 330.4151 23.142284
275 73 1578.4125 11.369821
275 95 2064.3186 6.8219495
275 186 4025.739 7.098236
275 240 5164.326 10.137226
275 299 6457.2476 6.9858327
275 354 7617.8013 6.2616014
276 15 328.78665 25.2346
276 87 1866.4558 8.910576
276 121 2618.191 9.822413
276 151 3241.589 6.5242434
276 205 4415.219 6.9121017
276 241 5177.818 6.954598
276 304 6539.1597 10.600299
276 345 7441.7837 10.119026
277 15 328.11035 21.744179
277 49 1051.9519 10.062365
277 128 2767.1162 7.73333
277 174 3757.3447 9.275647
277 234 5049.7656 10.83674
277 284 6104.6104 7.556992
277 333 7177.1255 7.1765437
278 15 328.6211 22.201403
278 50 1063.4717 6.855426
278 106 2272.651 6.7554984
278 167 3595.8953 8.262115
278 193 4153.291 8.297581
278 254 5475.4424 9.29296
278 296 6366.64 6.326797
278 326 7015.477 8.184563
279 15 327.83582 22.952856
279 50 1077.3756 8.087816
279 101 2196.0542 8.567316
279 146 3132.4058 9.399778
279 202 4348.4053 9.033926
279 240 5159.582 8.857402
279 308 6634.376 7.8854437
279 329 7072.3594 5.3799467
280 75 1623.0398 8.46401
280 118 2546.6663 8.041241
280 159 3434.2073 8.051758
280 208 4483.1777 6.6666307
280 245 5277.5264 7.7582192
280 307 6612.118 7.1187572
280 349 7509.7573 9.566013
281 70 1502.5208 7.039305
281 93 2008.14 10.102472
281 160 3442.066 6.8215075
281 198 4279.142 7.5636015
281 275 5918.21 7.314954
281 321 6892.2026 6.411798
281 343 7366.359 7.5253797
282 49 1055.5334 8.329232
282 102 2191.6597 8.686333
282 183 3951.1343 8.982761
282 214 4612.2896 8.20472
282 259 5594.6973 7.591735
282 296 6354.1885 8.248923
282 343 7391.4224 7.3696437
283 86 1862.9335 7.4733233
283 123 2652.944 5.930002
283 157 3369.9417 6.2273192
283 227 4873.248 8.220302
283 259 5578.9414 8.064314
283 354 7629.6626 8.035113
284 63 1366.135 8.009718
284 132 2847.675 5.629345
284 158 3381.997 5.5812974
284 190 4090.6682 10.008206
284 234 5039.3833 7.680061
284 324 6989.966 7.0116887
284 358 7715.899 8.782563
285 62 1341.5372 8.260379
285 104 2233.7869 6.4429803
285 167 3598.4844 8.87779
285 208 4472.2793 7.55586
285 285 6137.235 8.923321
285 327 7041.839 6.9903827
286 103 2224.0933 7.444555
286 142 3059.021 6.8758163
286 198 4271.425 8.059324
286 242 5216.287 4.970573
286 324 6984.506 8.27768
286 362 7816.2974 6.6394787
287 74 1606.4598 7.455888
287 96 2067.481 5.8754506
287 143 3073.2878 8.0187845
287 201 4335.6475 5.9738755
287 238 5119.762 7.9960155
287 310 6670.644 7.205841
287 342 7375.249 5.385933
288 109 2345.6497 8.258002
288 154 3306.7754 8.141089
288 199 4290.6 8.404946
288 247 5314.514 8.79325
288 288 6208.0664 6.48829
288 341 7332.257 6.788125
289 15 331.74075 15.595777
289 61 1313.733 8.177653
289 110 2355.944 7.622524
289 185 3979.6775 7.747625
289 226 4846.273 9.2019205
289 275 5901.804 6.9365997
289 323 6961.9707 9.144622
289 345 7427.5083 6.7129436
290 87 1875.0768 8.308995
290 133 2872.8708 6.9914722
290 161 3461.9116 8.355043
290 206 4437.194 7.981432
290 250 5402.0825 6.344157
290 300 6458.678 8.75305
290 345 7420.296 6.407893
291 66 1414.9045 8.504451
291 114 2438.9302 7.4509816
291 162 3474.9045 7.8274584
291 214 4610.149 9.259437
291 247 5329.5137 8.335806
291 302 6494.4785 7.39503
291 325 7009.892 8.871295
292 15 329.17178 16.641342
292 51 1091.4078 8.242087
292 125 2671.6172 10.629603
292 173 3730.033 8.21435
292 198 4258.1675 5.952829
292 287 6187.009 9.166552
292 327 7042.0894 7.6325383
293 15 328.2108 16.8975
293 69 1480.6644 8.322247
293 95 2053.0251 7.476744
293 157 3379.9685 10.478103
293 213 4586.3364 8.874498
293 233 5015.311 7.5162535
293 280 6023.421 8.384129
293 340 7315.856 7.3395324
294 91 1967.0975 7.2578115
294 123 2642.2905 9.102706
294 168 3621.4905 9.286652
294 190 4086.4358 8.383633
294 242 5220.163 7.5640836
294 292 6297.056 7.589942
294 330 7102.5596 7.829145
295 68 1459.4323 8.711134
295 112 2390.22 7.2122197
295 146 3149.2083 8.119839
295 211 4555.343 10.430886
295 258 5534.9214 8.017511
295 348 7500.345 7.818651
296 99 2133.6746 9.715271
296 166 3555.0945 6.8224587
296 198 4264.3105 10.908696
296 240 5180.1934 6.7801895
296 307 6600.9956 6.6041403
296 339 7301.617 7.454923
297 47 1009.3121 9.640342
297 119 2565.587 7.907823
297 140 3016.1716 7.6696014
297 200 4316.803 6.114965
297 251 5403.0166 6.526122
297 297 6395.6045 9.378177
297 327 7048.9663 8.983556
298 53 1136.7095 7.890144
298 133 2868.9602 8.367062
298 172 3703.0664 8.870554
298 192 4132.859 7.748436
298 256 5515.6 7.0957885
298 293 6313.824 9.709692
298 340 7309.2134 6.436823
299 104 2243.0195 9.501533
299 154 3316.545 10.2103815
299 192 4129.079 6.489692
299 264 5663.5796 7.4615803
299 299 6437.9204 9.483755
299 366 7887.26 7.2761426
300 52 1120.7931 6.717002
300 137 2955.919 12.317881
300 160 3425.7007 8.257461
300 226 4876.031 8.229882
300 246 5293.9946 6.67387
300 323 6946.469 9.190373
300 353 7595.238 5.6563683
301 49 1056.7697 7.706699
301 131 2838.4167 8.876637
301 153 3301.7732 6.5883183
301 188 4042.6626 10.911206
301 279 5989.5894 8.214679
301 336 7234.3965 7.5787287
302 70 1507.5707 8.461973
302 126 2706.059 8.053646
302 148 3206.971 7.3387427
302 226 4854.055 10.552291
302 254 5450.382 7.9667525
302 336 7230.325 7.8787165
303 124 2663.594 9.507798
303 164 3535.3984 8.8470955
303 206 4451.592 6.853983
303 283 6099.4604 8.944239
303 351 7557.0503 6.100702
304 57 1219.0205 7.7108216
304 97 2079.4663 7.832136
304 164 3538.9275 9.2615595
304 209 4510.1953 10.258202
304 236 5083.69 9.80346
304 298 6416.346 8.360751
304 332 7153.9043 6.8848553
305 53 1144.6196 9.280556
305 128 2750.4666 8.394826
305 163 3514.741 9.894951
305 188 4050.8203 7.0679293
305 250 5377.1553 7.2903113
305 290 6244.7114 8.563289
305 326 7005.829 11.18471
306 68 1446.9213 8.757019
306 120 2583.5144 9.4430275
306 145 3122.657 7.7314625
306 232 5000.9565 7.3891416
306 299 6443.9272 9.187608
306 368 7919.3433 5.076534
307 68 1460.8127 10.136749
307 102 2199.3357 10.514038
307 174 3734.5432 6.7931433
307 203 4376.7256 8.378353
307 267 5751.8345 8.528704
307 290 6246.149 8.803955
307 335 7214.1616 6.7899065
308 68 1460.3319 7.4630275
308 117 2507.673 7.048957
308 168 3596.4114 9.607699
308 198 4251.5933 5.7186966
308 236 5101.4404 5.7711406
308 281 6058.043 9.619926
308 349 7512.658 9.21265
309 62 1340.0094 9.039743
309 110 2376.878 7.2279143
309 168 3612.403 8.121248
309 189 4069.2146 7.753567
309 256 5514.779 8.538459
309 297 6397.55 8.931594
309 330 7086.0977 7.5979066
310 20 438.21286 21.118732
310 63 1372.7458 7.241654
310 118 2535.6536 6.578574
310 164 3532.1917 11.080733
310 193 4153.781 9.092669
310 268 5766.8555 10.896932
310 291 6277.954 5.5503106
310 353 7604.964 7.8720427
311 21 441.5365 25.662533
311 65 1401.719 7.090713
311 97 2098.4114 9.585709
311 150 3221.5332 7.668491
311 198 4267.6694 8.950253
311 241 5193.9893 6.6546917
311 312 6718.4067 7.385708
311 366 7877.801 6.204433
312 20 440.88702 22.633596
312 57 1226.1783 9.225567
312 132 2843.1091 8.650917
312 182 3907.1577 9.0916815
312 231 4972.74 7.4798
312 265 5709.936 8.557768
312 291 6268.139 8.824477
312 355 7633.858 8.627623
313 21 443.13058 15.678931
313 47 1015.6582 6.1970463
313 98 2105.8752 8.472683
313 165 3535.4731 6.377537
313 196 4203.5625 6.9973493
313 246 5306.643 7.4868217
313 312 6714.2026 10.859479
313 342 7363.1377 5.5858746
314 83 1770.5121 7.9307647
314 103 2203.6213 5.667524
314 172 3709.855 7.20113
314 192 4139.5166 9.428084
314 269 5808.1523 9.48937
314 300 6452.701 9.697213
314 355 7641.005 6.292612
315 47 1013.42474 11.070678
315 98 2105.8813 8.358723
315 185 3993.3755 8.899788
315 230 4948.171 11.561447
315 255 5488.2734 9.801419
315 330 7090.7314 8.209094
316 58 1240.185 9.0011835
316 103 2228.025 8.023597
316 165 3533.639 7.1920037
316 222 4794.264 7.5154095
316 253 5441.99 9.22774
316 288 6213.1323 7.265242
316 341 7343.4023 9.374592
317 76 1643.0397 7.7660255
317 130 2813.3362 8.308059
317 172 3685.3032 9.087277
317 196 4214.7515 7.9021173
317 235 5061.187 7.249875
317 306 6610.008 5.314588
317 328 7056.584 8.039423
318 70 1491.6628 6.4599323
318 114 2462.1433 7.66608
318 177 3805.5645 9.283212
318 206 4435.6714 10.261899
318 234 5048.772 7.187314
318 288 6210.209 6.702705
318 343 7392.48 7.8632646
319 50 1075.2083 7.5758305
319 142 3052.6353 11.389613
319 213 4585.3906 7.1617823
319 261 5625.8755 8.4302225
319 307 6612.2583 7.88488
319 338 7296.662 6.4848223
320 62 1342.2283 7.4877706
320 126 2717.5916 8.75034
320 159 3419.4565 10.047369
320 209 4489.0405 7.1792254
320 238 5131.874 6.7118635
320 292 6289.1084 5.1592746
320 338 7279.0483 4.4646754
321 57 1234.7953 6.5478935
321 130 2804.8406 8.233314
321 159 3429.4033 7.0574756
321 196 4200.969 8.641835
321 257 5542.4834 6.8992324
321 281 6049.5425 6.5677266
321 355 7634.98 5.3173366
322 50 1079.5004 6.643604
322 102 2193.3623 8.500267
322 161 3470.6997 7.629317
322 191 4120.0923 10.660006
322 270 5814.7476 8.019298
322 317 6824.9766 8.72884
322 360 7754.7656 7.215135
323 80 1713.6692 9.416937
323 102 2198.3088 7.2093325
323 153 3296.4424 8.379711
323 201 4329.745 10.986935
323 275 5917.364 10.466331
323 298 6421.8247 7.9693666
323 343 7371.293 7.732327
324 65 1393.7981 8.080947
324 103 2200.3618 9.701267
324 158 3397.4675 6.9645143
324 192 4142.4526 7.723022
324 237 5114.667 7.715124
324 299 6430.2705 8.281033
324 366 7881.3657 7.1480384
325 58 1254.1206 5.8946633
325 114 2455.1025 6.952943
325 165 3554.4307 9.472164
325 188 4036.6575 7.99905
325 243 5236.0625 7.9607677
325 299 6439.828 9.238645
325 329 7082.496 10.194832
326 78 1684.6937 6.7940035
326 100 2151.8262 8.320955
326 146 3145.4922 10.79696
326 197 4233.8535 8.1663265
326 247 5326.1426 7.1159897
326 304 6558.934 12.127794
326 350 7546.261 7.3592777
327 65 1391.2086 7.1888986
327 116 2500.0056 7.6974516
327 156 3363.7778 7.9518356
327 216 4636.3467 7.4859977
327 252 5443.1943 7.150592
327 281 6071.5938 8.0489235
327 344 7399.841 4.720436
328 49 1038.3392 7.8667607
328 104 2258.7441 7.7425647
328 151 3239.881 7.2607603
328 211 4541.361 6.776173
328 247 5324.007 8.6725645
328 311 6695.961 8.212125
328 339 7289.2236 7.9198833
329 75 1623.8169 8.958614
329 98 2120.414 8.169323
329 143 3090.7314 6.476825
329 216 4646.596 12.059677
329 247 5320.855 6.7485213
329 302 6512.9624 8.093186
329 383 8253.197 6.041575
330 59 1270.8407 8.280372
330 116 2504.9407 7.3139772
330 144 3089.0881 8.47879
330 208 4488.417 7.671669
330 240 5172.257 7.2590404
330 292 6295.8096 8.777626
330 340 7317.5293 8.534471
331 57 1230.6187 8.051699
331 105 2253.4434 9.893485
331 140 3006.9453 10.268667
331 187 4024.59 8.917103
331 250 5384.5996 6.000378
331 279 6009.3384 7.624118
331 358 7717.2627 5.447476
332 88 1895.223 9.726767
332 136 2929.8613 8.574748
332 160 3446.9868 8.548541
332 198 4269.903 6.8095765
332 289 6216.4062 7.2390895
332 379 8164.3354 6.5537133
333 65 1402.2201 7.344743
333 113 2434.1694 7.9570346
333 163 3513.2888 6.112042
333 194 4184.1797 6.3117647
333 243 5238.2173 7.3443947
333 307 6612.807 10.208162
333 336 7242.459 7.585426
334 91 1947.9901 11.60074
334 115 2485.5347 5.962474
334 154 3313.7559 7.223644
334 192 4135.972 7.152358
334 249 5360.9917 7.9034057
334 297 6399.673 7.8399334
334 328 7069.2974 8.584135
335 67 1425.1094 8.043723
335 97 2093.1943 5.669213
335 159 3426.1235 6.912063
335 189 4075.1482 9.954674
335 259 5588.5327 7.477043
335 292 6289.213 8.696084
335 380 8200.78 7.121353
336 81 1743.9348 9.36698
336 116 2493.2656 7.7752266
336 143 3099.7878 9.613792
336 193 4150.422 8.852059
336 263 5663.7036 6.095193
336 316 6804.1094 7.3365574
336 367 7904.7495 8.791319
337 49 1037.124 6.6179156
337 114 2453.4067 8.872646
337 142 3061.533 5.878528
337 225 4837.9497 8.249265
337 269 5783.9844 7.1146564
337 304 6544.6226 7.84198
337 329 7087.972 5.2228866
338 76 1657.2742 7.020472
338 107 2297.865 8.494834
338 148 3179.5332 8.453132
338 202 4354.266 8.092169
338 249 5362.0137 6.876983
338 319 6884.733 10.629729
338 378 8124.4688 4.794958
339 26 555.19495 18.153753
339 48 1047.4452 8.857994
339 93 2017.3625 7.078197
339 154 3313.4075 7.6846166
339 201 4328.143 6.2125516
339 250 5386.805 8.51436
339 290 6246.7812 10.302603
339 343 7381.6816 7.5736837
340 26 550.25616 18.377214
340 48 1030.3767 6.9449673
340 98 2114.6084 8.52128
340 161 3479.6912 7.159406
340 188 4050.827 8.106938
340 249 5366.518 11.16998
340 309 6639.407 8.91205
340 341 7345.1367 6.995172
341 77 1667.7766 8.330507
341 120 2591.2056 8.955719
341 146 3149.5393 5.970193
341 200 4298.7456 8.957699
341 245 5288.397 6.6969485
341 285 6131.507 8.245018
341 329 7088.3013 7.726588
342 47 1004.81696 11.24458
342 120 2582.0205 8.284378
342 169 3638.5833 8.117994
342 208 4483.252 8.388716
342 235 5073.596 7.27063
342 280 6013.916 9.139294
342 342 7366.5405 9.383929
343 60 1294.3618 8.630034
343 110 2362.3955 10.270622
343 147 3165.643 10.790354
343 186 4016.222 7.2388406
343 253 5443.8926 9.435326
343 301 6483.998 7.0874376
343 326 7020.5044 9.019075
344 71 1544.4171 8.943531
344 108 2320.3486 10.611438
344 156 3374.5168 8.667898
344 200 4300.0527 7.8928347
344 270 5817.3315 7.5623074
344 295 6343.5913 7.2103086
344 360 7752.255 5.920095
345 71 1536.991 7.768232
345 103 2215.1238 8.197542
345 171 3679.4119 9.595601
345 207 4458.255 7.100618
345 236 5090.4824 9.396083
345 286 6158.051 9.917628
345 332 7151.148 7.4648576
346 47 1014.5059 4.680469
346 124 2664.014 10.773423
346 172 3696.5896 7.1013584
346 195 4204.0083 5.5390353
346 244 5259.555 7.071388
346 286 6164.1685 8.225107
346 342 7343.994 6.044176
347 60 1294.4725 7.03627
347 119 2553.9756 10.714675
347 152 3273.293 6.016462
347 212 4565.109 7.4116592
347 250 5364.1924 7.798993
347 282 6055.7104 7.905793
347 332 7146.6064 8.282516
348 67 1441.8206 7.5125403
348 99 2129.1477 6.9426494
348 170 3668.4248 9.226778
348 200 4315.0586 7.7744937
348 249 5364.337 8.719007
348 284 6129.327 6.6274037
348 339 7302.4434 7.9664726
349 72 1552.2449 8.309356
349 125 2689.3386 7.226114
349 156 3361.6501 9.62289
349 245 5267.996 7.4864035
349 295 6358.6978 10.113734
349 354 7618.8364 6.9279685
350 53 1121.5121 9.31753
350 121 2603.6736 7.9100285
350 165 3544.7473 7.4534683
350 198 4275.2627 8.242632
350 240 5175.3105 9.509723
350 309 6636.843 8.375416
350 330 7089.843 7.0194106
351 52 1135.1256 6.883683
351 119 2568.8613 6.7422276
351 149 3201.3123 5.7925086
351 206 4439.3193 8.186028
351 234 5051.667 6.8124046
351 314 6764.226 9.804867
351 350 7520.9834 6.9288454
352 56 1223.7194 8.57606
352 132 2842.7876 10.038928
352 166 3576.7363 10.304515
352 208 4480.7085 11.665861
352 260 5591.3335 7.784508
352 315 6783.3906 8.127921
352 349 7530.19 7.462322
353 56 1203.1713 9.32737
353 120 2574.107 8.186555
353 154 3317.7373 6.8373065
353 200 4324.366 8.37251
353 249 5355.9165 7.665622
353 299 6435.3413 9.110131
353 349 7510.1177 7.278413
354 19 400.11502 16.468391
354 53 1136.7723 10.867415
354 105 2261.0579 5.6697726
354 164 3528.5264 9.732127
354 196 4226.761 7.16456
354 271 5836.0693 8.668171
354 292 6307.299 5.6344147
354 343 7370.9155 6.116597
355 74 1599.328 8.021533
355 104 2238.5254 11.109361
355 175 3764.1587 7.8164682
355 195 4213.377 5.992227
355 264 5684.169 7.563972
355 295 6349.2 7.3635893
355 332 7163.584 7.0726166
356 102 2203.4033 12.894052
356 177 3808.927 7.1319375
356 227 4890.409 7.756672
356 272 5857.2456 7.268271
356 304 6552.777 8.570768
356 353 7608.634 7.747347
357 63 1356.0641 7.622745
357 121 2591.4236 6.603742
357 145 3134.1006 7.03657
357 215 4618.003 9.8553705
357 240 5165.88 6.117216
357 313 6739.84 7.9309144
357 336 7221.4033 6.2416434
358 59 1276.3259 11.071236
358 100 2148.9443 7.6341953
358 165 3553.658 8.661056
358 186 4011.374 7.0152674
358 242 5210.3926 9.269504
358 307 6612.529 7.6016045
358 343 7383.356 5.65968
359 82 1768.1971 8.986188
359 115 2472.9993 7.944338
359 148 3183.53 9.865005
359 213 4591.955 7.5841064
359 234 5049.458 8.024316
359 298 6404.975 6.548218
359 346 7451.45 9.80934
360 80 1727.143 8.631326
360 126 2717.8967 7.0840936
360 198 4259.013 8.628518
360 248 5327.1157 9.32355
360 283 6078.683 8.377784
360 344 7397.7305 6.5768795
361 71 1520.6547 8.041589
361 103 2230.9329 8.315161
361 156 3364.2568 7.2842135
361 206 4438.183 8.706178
361 232 5016.9604 6.133572
361 299 6430.188 9.148968
361 360 7758.2686 6.0988
362 15 331.3377 23.56573
362 71 1533.0399 7.482361
362 96 2064.4868 6.5167193
362 160 3452.1934 8.442134
362 188 4053.6665 7.4113417
362 237 5106.369 7.4497166
362 318 6849.7925 8.793919
362 350 7537.7764 6.7637186
363 71 1525.7177 9.583241
363 118 2550.5886 8.833033
363 144 3119.39 7.005871
363 196 4219.369 8.606796
363 246 5300.171 6.3381286
363 291 6260.021 8.042083
363 349 7533.367 7.3764825
364 15 328.0829 18.546274
364 52 1111.3014 8.077134
364 118 2538.2507 7.354711
364 154 3306.5571 7.2231755
364 206 4425.1025 7.5870647
364 239 5141.135 8.356658
364 296 6359.9053 7.6610007
364 328 7065.3228 6.7194295
365 79 1706.4231 7.9691796
365 99 2150.7185 5.6980667
365 157 3380.642 9.348917
365 237 5101.601 7.955537
365 301 6476.5693 7.4013147
365 335 7218.7627 8.523307
366 58 1235.3285 8.438336
366 113 2435.1829 11.214072
366 165 3560.156 6.376042
366 199 4288.5894 8.073362
366 260 5596.245 6.2928495
366 318 6850.4404 7.8475
366 341 7347.1904 7.587079
367 62 1333.4613 8.604668
367 94 2033.759 7.3498635
367 144 3102.1123 6.432213
367 199 4292.399 7.3761764
367 245 5272.182 8.392991
367 316 6809.901 8.89243
367 340 7339.542 8.492347
368 87 1872.0599 9.000783
368 122 2628.0842 6.932396
368 165 3552.477 9.413457
368 186 4024.5596 7.332239
368 254 5466.1455 8.008631
368 290 6237.8394 8.458
368 339 7316.015 8.296439
369 121 2613.4436 10.93704
369 173 3746.4321 7.4570365
369 222 4777.744 7.6468773
369 259 5584.9307 7.7657204
369 279 6012.247 7.175025
369 353 7604.5327 8.654291
370 49 1056.2827 5.87308
370 101 2164.5198 8.229982
370 168 3631.4204 9.77591
370 201 4321.103 8.304128
370 238 5125.553 7.9435534
370 325 7003.875 8.077993
371 53 1136.7041 8.360953
371 124 2650.2168 9.078715
371 175 3756.534 8.460755
371 201 4322.284 6.1526613
371 269 5798.5723 7.971775
371 293 6329.8525 7.218355
371 339 7296.7446 7.2568035
372 60 1286.3936 9.395585
372 117 2528.4966 7.327012
372 146 3133.24 8.016402
372 194 4177.135 12.901968
372 259 5565.5117 8.899307
372 291 6255.5566 6.895956
372 330 7107.298 9.589396
373 57 1240.7423 6.824598
373 129 2772.5208 9.553362
373 196 4212.769 8.678413
373 235 5070.991 8.019301
373 280 6012.3525 7.701038
373 329 7093.2954 6.6663523
374 16 346.06177 31.119757
374 78 1684.4839 9.864717
374 101 2173.7883 8.935754
374 155 3351.665 10.728015
374 201 4306.7886 6.217653
374 266 5729.286 8.978035
374 301 6469.944 5.877118
374 340 7317.953 6.1631727
375 16 342.9385 39.46199
375 78 1680.2937 9.086182
375 133 2858.827 9.679318
375 172 3707.1323 9.842643
375 195 4203.618 7.134599
375 245 5265.633 9.103852
375 282 6056.598 7.750829
375 369 7933.753 6.0668025
376 82 1773.2018 7.482822
376 104 2239.2664 5.916661
376 155 3336.6685 8.258778
376 253 5448.939 10.084871
376 321 6911.3496 9.325897
376 343 7387.587 6.773075
377 53 1144.5619 8.074476
377 128 2765.9434 7.9115243
377 159 3421.028 7.386204
377 204 4402.417 6.538418
377 249 5358.685 7.4083123
377 282 6066.885 6.715674
377 350 7528.0776 6.23015
378 69 1480.1859 6.720079
378 111 2392.0908 6.911209
378 162 3494.1826 7.5636587
378 215 4632.5493 7.7428923
378 256 5509.1846 9.750974
378 279 6012.0605 6.5356936
378 346 7456.6865 7.3953667
379 61 1327.2903 7.1149187
379 145 3125.0881 8.409407
379 193 4165.309 6.612285
379 232 5002.5513 8.418431
379 298 6431.373 9.371829
379 334 7196.9155 8.65489
380 60 1301.484 10.785167
380 104 2252.533 8.076089
380 142 3063.2673 8.070621
380 210 4518.165 6.6500607
380 245 5283.7124 6.712886
380 299 6422.273 8.644667
380 348 7500.4004 7.0144696
381 68 1463.4972 7.7856197
381 103 2235.3538 8.772177
381 155 3354.5186 8.403243
381 214 4621.8193 8.689943
381 263 5678.938 8.135048
381 292 6287.8667 7.939661
381 332 7148.8667 6.2272944
382 75 1611.1255 7.3346457
382 96 2047.8997 7.1150026
382 154 3318.9124 7.2731633
382 232 4997.8394 10.808024
382 268 5774.275 6.5763397
382 297 6413.231 7.446155
382 355 7635.156 5.574734
383 65 1410.2445 5.4324017
383 107 2298.517 8.530311
383 142 3058.5615 7.239981
383 226 4855.473 8.7544775
383 255 5512.027 8.474836
383 283 6096.938 9.723913
383 366 7880.4263 7.635546
384 72 1538.0972 8.165783
384 119 2556.2131 8.317017
384 141 3033.8354 8.735316
384 233 5023.946 8.515722
384 315 6786.929 11.607368
384 343 7374.2056 7.8098464
385 71 1539.7063 8.420305
385 127 2741.177 6.3810654
385 157 3368.6626 9.425493
385 189 4064.2817 7.635221
385 236 5090.0015 6.790771
385 291 6254.9707 7.5130615
385 357 7681.04 6.205081
386 50 1077.0134 9.920503
386 116 2488.245 10.393565
386 162 3496.7795 8.348163
386 191 4126.8833 7.0615683
386 248 5342.5264 10.226938
386 285 6138.9175 7.276772
386 361 7765.9937 6.9800096
387 70 1513.398 5.9815435
387 105 2254.5757 11.193774
387 158 3400.1438 6.966792
387 226 4859.0854 8.51062
387 253 5428.964 7.5081325
387 307 6613.598 6.8023224
387 332 7149.0415 8.028677
388 84 1811.5533 6.592402
388 106 2265.0276 9.279166
388 153 3306.5396 9.238801
388 224 4831.461 7.4854965
388 254 5467.269 8.196537
388 293 6288.1143 7.553338
388 346 7453.266 5.4752235
389 79 1699.9509 8.275922
389 121 2603.0564 8.34889
389 157 3364.569 8.253486
389 197 4256.4976 8.151053
389 255 5476.2324 6.7040854
389 288 6201.733 7.686914
389 327 7040.126 7.6638646
390 62 1337.9641 7.924704
390 125 2679.792 6.888648
390 185 3967.7043 7.1998734
390 259 5576.8096 8.098809
390 292 6289.002 8.159083
390 336 7237.009 8.752853
391 54 1174.9136 7.439987
391 121 2601.8381 9.655595
391 149 3195.7031 6.212942
391 186 4025.5872 9.298992
391 259 5582.8364 5.4492455
391 282 6067.0083 8.168985
391 348 7494.987 7.406075
392 54 1156.2201 9.283868
392 125 2688.7034 6.7359133
392 159 3402.4155 7.000384
392 187 4016.5618 8.6830015
392 277 5960.328 9.80379
392 318 6859.7188 6.5377975
392 350 7536.8447 7.655163
393 62 1332.5688 9.498888
393 113 2433.769 8.2528105
393 154 3309.2483 7.4276705
393 212 4573.794 7.43333
393 244 5247.937 8.299823
393 319 6857.669 6.5882525
393 339 7298.1094 8.946533
394 82 1777.3007 6.9098196
394 104 2237.0522 7.6655273
394 142 3061.0845 6.409056
394 226 4866.357 7.796516
394 253 5452.19 6.2356663
394 292 6285.3965 7.1505303
394 328 7060.458 8.439016
395 63 1376.2301 6.971763
395 118 2541.0754 8.44968
395 150 3215.649 9.108518
395 209 4515.7896 8.599671
395 265 5700.4785 7.097844
395 308 6617.671 6.3331985
395 330 7085.25 8.462862
396 26 554.01746 18.872335
396 75 1593.685 9.008031
396 124 2668.978 8.97498
396 150 3225.4666 7.0481977
396 205 4410.2046 9.0206
396 238 5124.955 8.976035
396 289 6217.228 8.321795
396 363 7825.742 6.446621
397 26 551.2981 18.784094
397 60 1298.5029 9.100967
397 105 2253.9292 9.826665
397 156 3356.645 8.311769
397 202 4345.61 7.748245
397 238 5127.007 5.9423056
397 287 6193.6025 8.52459
397 345 7429.0137 5.450222
398 31 661.3888 17.456984
398 76 1634.492 9.033665
398 109 2343.2344 6.957887
398 160 3445.0154 7.5715737
398 209 4494.974 8.084603
398 260 5602.671 8.849234
398 288 6188.1655 7.014751
398 342 7350.145 8.464655
399 53 1160.4651 6.8172026
399 112 2414.6973 8.586497
399 157 3370.7898 9.992882
399 226 4854.5166 9.168533
399 253 5447.397 10.543104
399 319 6865.1543 7.387758
399 356 7681.332 7.7082562
400 58 1256.6068 8.688788
400 142 3078.7317 7.0631285
400 208 4473.8755 6.2177296
400 239 5129.3306 8.046382
400 305 6568.7817 8.418605
400 337 7249.989 7.6008854
401 69 1483.5013 7.7808375
401 115 2497.0476 8.665352
401 166 3587.337 8.812044
401 205 4425.161 7.1876345
401 287 6173.2705 9.753459
401 356 7669.9814 7.3621655
402 94 2006.5453 7.6464157
402 172 3710.153 7.5568924
402 200 4316.682 10.01736
402 232 5000.3174 8.205008
402 301 6497.081 7.506232
402 349 7503.186 8.001134
403 72 1550.8744 8.168689
403 126 2713.533 6.911613
403 153 3279.3218 9.140129
403 192 4123.915 7.2200394
403 244 5257.879 9.907084
403 280 6034.2305 8.123224
403 355 7655.145 9.276489
404 16 348.13385 20.504322
404 53 1143.5463 9.733792
404 99 2133.2366 6.31075
404 144 3105.6858 8.767685
404 187 4017.1267 8.305113
404 258 5571.179 8.854147
404 302 6507.8403 9.130736
404 341 7352.5557 5.8519845
405 16 346.8909 16.374472
405 75 1610.6974 10.562288
405 145 3112.996 7.179826
405 196 4229.153 7.0694222
405 243 5236.287 9.553549
405 311 6692.525 9.420816
405 347 7467.18 9.453254
406 103 2234.205 7.856197
406 175 3774.1604 8.919501
406 222 4777.427 7.9880776
406 243 5233.77 8.918802
406 321 6929.477 8.246427
406 361 7783.876 4.589163
407 66 1418.4093 5.947701
407 115 2476.0938 11.195936
407 178 3822.76 7.2059627
407 228 4907.7563 8.286809
407 265 5718.5156 10.1041765
407 304 6531.868 6.818165
407 339 7286.2495 8.496168
408 54 1160.0176 8.063741
408 115 2474.242 9.248275
408 159 3430.2952 7.2721133
408 216 4641.316 7.829385
408 283 6084.9097 9.073936
408 341 7354.6064 9.067548
409 57 1222.845 7.5461817
409 123 2662.9592 7.103966
409 143 3062.7297 7.80108
409 231 4974.8076 9.050003
409 296 6369.145 8.976634
409 352 7580.72 7.028479
410 47 1005.88055 7.430941
410 119 2556.398 7.2832427
410 164 3521.3542 7.280791
410 205 4416.656 8.246505
410 269 5807.6733 8.0287895
410 298 6428.298 6.7359414
410 331 7126.6323 8.703998
411 55 1179.9603 9.125213
411 108 2325.791 7.882333
411 189 4064.3657 7.697057
411 299 6428.4214 13.682057
411 329 7065.738 6.641279
412 79 1702.5717 8.951925
412 136 2928.6797 7.4180923
412 191 4099.5317 6.7426395
412 234 5043.615 8.74059
412 280 6025.6187 8.27037
412 347 7478.2515 6.5122347
413 54 1162.0735 7.854481
413 105 2264.4165 6.1362195
413 185 3982.938 8.047547
413 224 4814.4395 9.450944
413 260 5587.1274 8.087124
413 283 6092.5923 6.5015116
413 336 7242.0747 6.9425373
414 74 1599.1997 10.986791
414 126 2716.5884 7.4745374
414 173 3712.7031 8.801023
414 197 4250.85 6.0969577
414 254 5453.8247 9.160532
414 280 6039.993 8.306449
414 333 7170.2817 7.2032976
415 53 1146.6277 6.9881277
415 97 2088.086 6.3175325
415 168 3621.3938 11.413338
415 191 4122.563 7.459161
415 245 5274.107 9.093286
415 297 6394.847 7.7226663
415 334 7183.721 8.187716
416 50 1087.1953 7.909931
416 121 2600.3362 6.9698606
416 176 3787.9453 8.798609
416 213 4586.7197 8.483776
416 251 5407.297 6.561834
416 280 6027.0415 8.569056
416 348 7501.655 7.1539164
417 26 558.4857 15.676272
417 50 1074.7313 7.020559
417 95 2048.941 7.7482758
417 184 3957.8975 6.176428
417 228 4910.64 10.0284
417 262 5646.1284 8.721686
417 308 6645.133 9.334733
417 351 7563.825 6.9494433
418 25 547.5387 21.563732
418 52 1114.4401 9.104372
418 112 2409.6917 8.686239
418 161 3473.2102 5.138909
418 192 4141.1567 6.970137
418 282 6075.594 7.379667
418 337 7263.31 7.0967865
419 26 551.2522 18.172867
419 53 1136.8245 7.866318
419 111 2393.6792 11.291976
419 178 3816.523 9.023049
419 209 4490.123 7.9403467
419 248 5345.02 7.6944165
419 300 6467.991 7.5201635
419 331 7138.181 6.507385
420 53 1141.5057 8.601379
420 118 2532.2954 7.53031
420 144 3097.746 8.655401
420 210 4518.154 9.8332205
420 258 5562.8564 9.873909
420 294 6346.235 10.520233
420 346 7464.8506 5.6618757
421 46 1001.25055 6.647545
421 96 2061.6992 8.569489
421 158 3404.2253 9.832072
421 188 4045.796 8.546257
421 266 5728.8535 9.009668
421 299 6431.7695 8.624667
421 329 7085.774 8.319571
422 78 1658.6458 8.293273
422 108 2329.549 7.013198
422 161 3463.5642 7.59977
422 195 4188.997 6.718196
422 243 5241.0303 9.477694
422 292 6275.203 7.1227865
422 360 7750.258 6.3413606
423 67 1435.0771 13.561189
423 108 2320.9214 11.948821
423 172 3713.4785 8.706223
423 211 4554.1777 7.6604705
423 247 5310.5117 7.8304734
423 296 6369.0693 6.8100924
423 336 7242.5854 6.1010423
424 52 1129.5842 9.669093
424 107 2312.3682 8.946249
424 154 3313.491 5.235468
424 201 4340.492 8.327525
424 252 5428.967 8.447853
424 285 6132.6 6.290285
424 337 7269.4395 6.0670123
425 83 1775.8164 7.5570736
425 103 2226.0618 8.920416
425 143 3067.4382 5.388968
425 214 4607.076 7.1846647
425 244 5254.182 6.7009225
425 305 6569.2095 7.2787414
425 338 7289.9634 4.968333
