Event Bin Frequency Volume
307 33 710.0663 25.090347
653 33 700.41223 11.985794
1020 43 923.7958 36.002323
1021 44 933.4662 37.71441
1095 33 709.9973 40.63004
1096 32 697.4911 35.3768
1169 36 784.07275 21.68635
1212 33 706.15314 37.411137
1276 25 535.547 38.230095
1277 25 535.0269 34.880966
1364 25 533.9724 24.396627
1365 26 556.16833 28.185556
1378 32 683.67334 30.046505
1471 32 670.57275 21.325275
1496 36 786.6482 15.004199
1497 37 786.1931 17.347248
1503 37 784.4902 21.166412
1545 33 713.2389 14.897067
1626 24 505.3983 42.86645
1627 24 512.8884 45.64962
1628 24 518.03107 43.526512
1629 24 521.8785 40.401985
1645 28 601.3301 27.617445
1646 27 591.8385 22.123472
2075 33 708.70337 39.94209
2078 34 722.81586 50.675735
2079 34 730.0494 52.92768
2080 33 720.7427 41.202682
2109 37 792.1155 25.926535
2144 43 930.83417 28.017069
2148 34 732.15106 15.683373
2225 27 568.65875 34.271393
2234 32 687.87585 36.074493
2235 32 696.4503 50.238197
2237 33 709.5966 38.90573
2238 33 714.91516 46.462162
2289 27 582.40576 24.395306
2335 27 587.1905 29.35441
2343 26 574.6461 15.322825
2377 25 529.31934 40.64542
2417 43 926.49615 28.134127
2418 44 940.5351 40.746235
2428 33 702.30536 39.076584
2484 44 940.71783 38.57251
2485 43 935.73364 45.728645
2486 43 930.6135 52.201313
2487 43 930.12244 48.350548
2488 44 940.77203 48.906536
2489 44 947.40704 33.83253
2493 26 562.53864 20.938747
2568 37 790.0026 28.110527
2569 40 855.19574 29.200771
2569 40 855.19574 29.200771
2573 40 858.7984 50.178535
2605 43 937.0576 29.300373
2606 43 928.2831 28.203094
2608 44 936.32764 48.819225
2623 28 601.652 42.076473
2625 36 780.26184 29.43668
2658 24 510.57867 54.386795
2659 24 520.91235 59.155
2660 24 515.646 62.538094
2661 24 513.2218 51.908302
2662 24 516.0037 33.542603
2665 26 558.5041 20.38019
2838 32 694.5794 23.25535
2849 37 816.7979 32.32652
2850 37 795.3172 36.149994
2851 36 783.2067 45.34623
2852 36 781.66205 37.852154
2853 44 941.41327 32.410442
2855 36 783.6509 27.231714
2856 44 958.12225 26.793798
2858 44 952.3053 19.028223
2884 25 528.7775 43.230946
2885 25 540.73566 38.72919
2886 25 542.613 34.309196
2886 45 963.45 40.0854
2886 45 963.45 40.0854
2887 27 570.8025 40.18016
2889 28 601.6147 47.003815
2905 37 794.76447 58.349575
2906 37 796.50464 54.686405
2907 37 792.32434 52.010303
2908 36 784.84924 41.149967
2909 36 774.05066 40.19531
2910 35 762.0952 35.793705
2911 42 911.85406 31.033428
2918 32 691.2485 37.677135
2919 31 674.85846 31.173485
3054 27 561.7522 28.415651
3055 28 599.9243 52.382954
3056 30 626.8255 30.319252
3057 31 657.2286 38.706566
3058 32 677.39655 42.862526
3059 32 685.3613 47.276115
3060 32 693.96295 50.612705
3061 33 701.4056 48.770096
3065 32 694.27246 44.22726
3066 32 692.3618 43.1533
3075 24 516.1441 56.79984
3076 36 780.10187 63.5713
3077 36 778.06134 48.35699
3086 24 525.1851 30.18496
3097 25 537.87415 41.552223
3098 25 530.00323 41.567947
3108 24 517.6721 54.927334
3109 24 520.8062 50.033173
3110 25 528.1621 48.033337
3111 24 523.57623 56.562767
3114 24 509.79437 52.203453
3115 23 502.50006 45.371178
3151 32 683.057 68.75777
3152 34 733.95984 45.340057
3153 36 765.7019 37.61293
3156 37 788.06665 46.297073
3157 38 813.6907 60.445602
3158 40 846.70013 43.020683
3171 36 784.7079 21.159117
3172 36 785.38196 20.737125
3172 36 785.38196 20.737125
3173 37 786.4919 18.95411
3174 36 786.5926 18.415802
3183 27 595.02045 38.379993
3184 28 590.1077 44.011154
3193 28 598.05054 73.15054
3205 28 591.241 30.908865
3214 25 541.606 77.34923
3215 25 534.494 44.7383
3216 24 524.10065 38.287174
3220 33 723.9678 42.326416
3221 32 695.6008 40.069714
3258 46 999.73364 41.808567
3258 46 999.73364 41.808567
3259 25 532.6753 27.45655
3259 25 532.6753 27.45655
3260 30 638.68976 28.864676
3260 30 638.68976 28.864676
3261 35 740.98267 32.278717
3261 35 740.98267 32.278717
3263 41 884.15765 26.825666
3268 33 713.0435 28.232832
3269 32 708.54346 23.866098
3270 33 704.2815 23.968643
3272 33 700.86676 18.807827
3297 46 990.7941 23.022467
3313 27 574.04474 49.53544
3313 27 574.04474 49.53544
3314 27 582.0312 32.004147
3317 28 610.5996 31.89866
3320 24 524.65015 44.64885
3321 23 509.11084 32.42933
3334 42 906.60864 44.300495
3339 32 702.7993 32.278004
3340 32 690.0283 34.461002
3345 42 903.6809 54.987717
3346 42 908.1291 64.76791
3347 43 918.9518 38.4956
3349 43 936.4386 26.382738
3378 36 786.6092 21.114147
3379 36 784.3011 19.29531
3379 36 784.3011 19.29531
3380 41 880.8643 20.938442
3381 41 883.83655 17.617683
3408 43 931.7795 22.385324
3486 37 795.548 33.900627
3489 37 789.5289 57.626545
3494 29 625.31244 21.076248
3495 36 775.4048 45.902676
3496 37 795.42523 52.164215
3497 36 755.8713 57.383137
3498 36 779.22296 76.50728
3499 36 778.2437 51.8416
3509 41 884.1302 41.36444
3509 41 884.1302 41.36444
3510 41 886.7667 23.607868
3510 41 886.7667 23.607868
3526 23 501.39218 23.770561
3528 41 883.1072 23.734934
3533 41 885.3153 22.271868
3544 36 785.2869 22.957912
3544 36 785.2869 22.957912
3545 37 786.88837 17.225445
3545 37 786.88837 17.225445
3549 41 884.4537 15.187093
3550 41 885.6711 18.585629
3552 41 891.5608 11.522711
3554 42 887.97626 13.846843
3562 41 886.27203 22.397161
3563 41 884.94336 26.209206
3624 25 534.686 51.277454
3625 25 534.0779 50.741173
3633 24 526.7208 56.026516
3634 24 520.67865 51.588642
3635 25 526.5555 39.756924
3645 36 779.8743 48.707664
3646 36 783.22534 63.1889
3647 36 779.4219 47.139126
3647 36 779.4219 47.139126
3648 37 781.61456 47.00365
3649 37 794.0203 63.063694
3649 37 794.0203 63.063694
3652 37 790.2141 63.90074
3653 37 798.2893 45.665375
3657 24 515.70514 68.062965
3658 25 522.9359 34.996887
3659 25 533.7917 30.977888
3666 27 578.76044 40.80646
3669 41 878.0895 50.274094
3674 41 881.0777 24.038723
3674 41 881.0777 24.038723
3675 41 881.8761 21.047733
3675 41 881.8761 21.047733
3678 24 522.8601 52.578773
3679 25 529.712 41.867386
3680 25 525.9016 34.132805
3681 25 530.0015 44.1377
3682 24 527.4889 40.65735
3682 24 527.4889 40.65735
3683 24 523.8828 39.444504
3683 24 523.8828 39.444504
3684 24 523.0826 43.016003
3684 24 523.0826 43.016003
3685 24 522.2054 41.179874
3685 24 522.2054 41.179874
3688 33 722.53186 23.607172
3689 32 694.7877 46.479183
3689 32 694.7877 46.479183
3690 31 679.4558 35.715836
3691 32 673.22723 31.78507
3692 32 688.6148 39.971703
3693 32 689.6516 32.23492
3693 32 689.6516 32.23492
3694 31 671.73376 21.87854
3694 31 671.73376 21.87854
3698 36 793.0633 28.176546
3701 37 787.8928 17.628296
3730 37 789.6545 23.689217
3731 41 885.2999 22.178907
3732 41 882.5451 20.110268
3733 41 882.3817 21.018696
3734 41 882.56525 18.96948
3807 43 926.2683 50.62732
3816 29 635.39825 23.06534
3818 29 634.30475 41.126553
3819 29 630.9858 55.746334
3820 29 628.1057 51.598488
3821 43 933.5599 26.46733
3829 29 626.11206 48.713017
3830 29 629.3353 48.34198
3839 29 625.41125 42.364937
3840 43 931.52234 51.70307
3841 43 931.05316 36.66297
3842 43 932.061 36.534992
3843 44 938.74225 35.297276
3844 44 939.59863 38.866455
3845 43 912.7095 31.856054
3846 43 926.9198 39.855816
3847 44 938.0375 35.187523
3848 44 951.2174 39.626797
3849 44 952.05743 24.956144
3855 41 884.8243 21.035582
3858 27 582.7443 24.169214
3859 28 589.03064 26.007633
3860 41 876.0838 54.66078
3862 41 884.1883 29.978489
3862 41 884.1883 29.978489
3864 40 869.9792 25.927288
3865 40 864.2039 58.38203
3866 27 582.1606 30.120039
3867 40 871.6725 27.150017
3868 40 857.63434 21.531109
3869 26 571.2549 24.807909
3870 25 554.4033 18.22167
3872 32 670.43353 20.963308
3874 41 882.78827 14.031062
3874 41 882.78827 14.031062
3879 30 645.3236 35.81452
3879 30 645.3236 35.81452
3880 32 685.1801 58.930157
3880 32 685.1801 58.930157
3881 34 724.25323 43.060867
3883 41 878.6177 24.719013
3884 34 717.1067 25.59085
3885 33 714.18713 56.377155
3886 31 658.3669 49.421646
3887 29 632.21533 22.848793
3888 38 832.3061 19.740469
3890 34 731.1447 36.904377
3900 26 542.8145 37.00092
3902 32 696.42145 52.22848
3903 31 686.978 44.676407
3904 32 679.18195 54.26578
3905 32 684.9169 44.313786
3906 32 687.64404 48.345245
3907 32 692.6509 46.58263
3908 33 707.8446 40.1672
3908 33 707.8446 40.1672
3909 33 718.69305 35.678284
3909 33 718.69305 35.678284
3921 41 882.2636 13.682039
4014 37 795.117 27.306454
4033 32 684.0864 25.829388
4034 34 723.5948 34.54627
4035 34 731.4735 35.615692
4036 33 721.7343 32.24748
4037 32 703.1055 29.425121
4038 32 690.1185 27.552427
4046 41 877.7973 15.141492
4355 36 772.87695 28.953959
4366 31 663.50775 49.67942
4367 31 665.96735 39.363182
4368 42 893.6925 39.975925
4369 43 921.1159 43.510235
4369 43 921.1159 43.510235
4370 44 939.1834 39.165157
4370 44 939.1834 39.165157
4371 43 935.6213 42.025
4371 43 935.6213 42.025
4372 44 936.0046 36.41776
4373 44 940.8869 41.293423
4373 44 940.8869 41.293423
4374 44 946.0012 40.43375
4377 32 696.37994 32.46434
4378 33 698.84314 23.376135
4379 42 901.18805 22.266035
4380 27 598.0073 18.377787
4381 26 569.6734 24.458767
4401 37 786.369 34.37233
4402 34 729.24634 26.024656
4402 34 729.24634 26.024656
4409 33 702.4591 52.928352
4410 33 709.81903 55.206764
4416 43 930.7327 34.385334
4417 33 700.403 22.471434
4418 43 940.81067 35.11102
4422 26 572.36163 14.468629
4431 46 989.666 29.526947
4432 27 585.60895 33.074116
4432 27 585.60895 33.074116
4468 27 590.1047 44.388622
4485 33 706.5627 52.659313
4487 39 843.2225 40.261772
4488 40 855.2217 43.874195
4489 41 867.52106 40.59629
4490 41 875.5853 29.486372
4491 42 900.65326 57.115185
4492 42 902.0257 45.6713
4493 42 900.03186 37.680832
4496 41 887.028 37.222374
4499 40 867.99146 31.323902
4509 36 784.4515 14.578306
4517 29 624.37695 29.78233
4518 28 611.2775 49.852707
4518 28 611.2775 49.852707
4519 28 606.25323 36.20228
4519 28 606.25323 36.20228
4529 38 816.37604 36.184628
4530 25 526.56305 36.30041
4571 28 603.3644 31.218172
4572 28 596.95886 31.844639
4593 33 706.74133 36.912636
4594 33 704.9586 45.32314
4595 32 704.07495 26.11948
4603 28 596.5171 19.573738
4604 26 562.77496 24.173304
4605 27 572.25635 25.569656
4606 28 594.007 34.022274
4615 27 581.08966 15.402279
4626 46 990.1758 37.60161
4637 24 518.9906 31.095026
4702 34 739.57355 29.877712
4702 34 739.57355 29.877712
4703 34 739.11115 33.708088
4703 34 739.11115 33.708088
4704 34 740.91785 36.439083
4704 34 740.91785 36.439083
4722 28 599.78436 59.26819
4722 28 599.78436 59.26819
4723 28 604.6753 67.4412
4724 29 614.9904 58.421486
4725 30 639.0732 29.431227
4725 30 639.0732 29.431227
4735 44 956.8358 50.85661
4736 44 953.31836 65.99402
4737 43 940.8722 53.027874
4738 32 694.4144 42.508896
4739 32 696.1935 41.33909
4740 33 703.55444 49.345146
4741 33 709.8878 35.654343
4753 32 689.86163 11.627045
4754 32 693.1646 38.072475
4754 32 693.1646 38.072475
4755 43 923.63165 43.71799
4755 43 923.63165 43.71799
4756 44 939.9601 52.977997
4756 44 939.9601 52.977997
4757 44 947.1171 48.900772
4757 44 947.1171 48.900772
4758 44 942.5859 34.374916
4758 44 942.5859 34.374916
4759 32 698.04364 45.153767
4760 32 695.99554 46.714157
4761 33 701.15814 42.83073
4777 38 816.975 33.239754
4779 37 799.9227 35.783577
4780 36 789.87384 27.887203
4782 36 783.9907 33.770172
4783 36 779.6974 33.023003
4801 33 710.9716 44.114376
4875 24 511.11603 26.638165
4876 25 527.9062 24.56588
4877 23 505.94333 34.01516
4878 24 509.4706 23.227034
4894 26 550.1417 16.280802
4894 26 550.1417 16.280802
4895 27 577.8274 30.13878
4896 29 614.573 41.815796
4896 29 614.573 41.815796
4897 30 642.8082 26.634565
4897 30 642.8082 26.634565
4905 32 700.6056 40.79985
4905 32 700.6056 40.79985
4906 33 701.50146 63.01604
4906 33 701.50146 63.01604
4907 33 706.72034 61.74278
4907 33 706.72034 61.74278
4908 33 704.9266 52.072487
4908 33 704.9266 52.072487
4909 33 703.1501 42.992535
4909 33 703.1501 42.992535
4910 32 700.01337 40.371376
4910 32 700.01337 40.371376
4911 32 698.5163 40.050835
4911 32 698.5163 40.050835
4912 32 695.2195 27.809532
4912 32 695.2195 27.809532
4927 32 687.1065 49.543907
4927 32 687.1065 49.543907
4928 32 692.736 52.558292
4928 32 692.736 52.558292
4929 32 696.3978 44.603752
4929 32 696.3978 44.603752
4930 33 700.36676 50.019558
4930 33 700.36676 50.019558
4931 33 707.8622 56.96109
4931 33 707.8622 56.96109
4938 33 705.6584 35.334755
4939 44 941.40045 52.019257
4940 44 946.62665 48.83749
4941 33 708.3606 38.204414
4942 32 702.97455 33.069324
4949 27 575.43634 33.797977
4950 27 584.5955 38.622314
4951 28 594.9534 37.231262
4952 28 605.25024 32.64456
4961 35 752.6882 28.245628
4962 36 764.6037 28.478722
4970 32 685.2847 35.33091
4971 33 701.52057 32.993877
4972 34 723.8153 29.205402
4973 34 736.4074 24.06486
4974 35 750.73206 21.023552
4992 42 903.6974 39.55177
5045 32 686.6278 21.001797
5051 24 510.17358 48.664288
5052 25 529.03546 32.893143
5067 24 523.4309 42.800392
5068 24 520.13214 28.508177
5077 26 559.8876 17.595465
5142 36 784.5212 13.537505
5144 36 786.3149 14.781488
5174 37 791.9942 38.86869
5179 45 967.84064 34.4372
5182 24 526.0334 28.15208
5183 24 524.31366 31.332287
5209 25 532.13586 47.689568
5212 45 962.5524 29.698462
5215 27 577.14716 34.083447
5217 26 565.07635 26.584637
5229 37 791.18506 46.76002
5230 36 780.9278 53.962166
5231 36 777.24036 41.121765
5231 36 777.24036 41.121765
5233 37 782.8068 48.67031
5234 37 794.8059 46.95193
5235 37 796.9542 38.666615
5242 32 694.65204 31.789145
5243 31 680.54706 26.196161
5252 36 784.85693 24.408178
5254 36 784.8384 26.558567
5255 36 784.5462 26.566313
5256 36 785.16766 24.931507
5284 36 785.1446 20.334085
5303 41 881.4941 19.07342
5304 41 881.72406 19.425695
5321 41 882.2955 13.645844
5380 28 598.60077 45.65352
5381 40 846.2411 30.992153
5382 42 894.9794 55.401096
5382 42 894.9794 55.401096
5383 43 918.2611 62.714306
5384 43 925.322 49.803272
5385 43 930.9309 35.245655
5386 33 702.9424 31.587322
5389 36 783.0705 15.104966
5390 33 701.3958 29.365856
5390 33 701.3958 29.365856
5391 33 703.6548 39.110073
5391 33 703.6548 39.110073
5392 32 697.48627 34.615437
5392 32 697.48627 34.615437
5401 36 761.11957 31.324572
5401 36 761.11957 31.324572
5402 36 776.93555 37.050922
5402 36 776.93555 37.050922
5411 25 534.93134 24.177244
5412 24 527.7184 21.222193
5413 24 526.5387 20.7988
5414 24 522.81506 16.32661
5421 24 529.5596 30.719456
5422 25 556.7429 31.011269
5423 24 524.9241 44.823483
5424 24 517.13855 24.36981
5433 24 522.8644 54.37039
5433 24 522.8644 54.37039
5434 25 529.0144 48.033295
5434 25 529.0144 48.033295
5435 24 529.0219 41.85103
5436 24 521.22327 52.46413
5437 24 516.4022 54.03418
5438 24 515.0746 41.422485
5439 24 512.80444 36.086456
5440 23 505.4633 36.286106
5440 23 505.4633 36.286106
5443 27 577.38763 23.518448
5444 25 538.47614 23.480974
5445 32 692.5221 15.506247
5458 37 786.88245 15.977415
5459 36 786.09326 16.266026
5460 37 785.5902 17.266785
5460 37 785.5902 17.266785
5474 41 897.29694 16.312557
5474 41 897.29694 16.312557
5476 37 799.7171 29.578283
5477 37 795.1169 61.95694
5478 38 808.38184 68.87114
5479 38 819.5621 59.42566
5480 37 807.1784 41.499268
5503 27 575.72345 27.27701
5509 27 585.16425 50.830894
5509 27 585.16425 50.830894
5510 28 596.3433 58.518253
5511 28 606.954 60.18416
5511 28 606.954 60.18416
5512 27 595.4905 38.93078
5512 27 595.4905 38.93078
5518 28 623.1408 52.613377
5519 27 591.71326 48.186184
5520 27 587.6306 61.301476
5520 27 587.6306 61.301476
5521 27 582.66113 54.198624
5529 27 576.1937 22.76794
5530 27 580.709 26.47524
5532 27 582.988 32.053616
5535 42 884.92413 26.389475
5539 24 529.2337 31.650951
5540 25 529.6218 63.820366
5541 25 530.904 31.448822
5541 25 530.904 31.448822
5545 35 760.883 33.004986
5545 35 760.883 33.004986
5546 34 745.8337 39.407627
5546 34 745.8337 39.407627
5547 33 715.99554 37.718548
5547 33 715.99554 37.718548
5549 31 675.30316 43.818615
5564 34 738.975 22.597582
5565 34 738.8104 19.601164
5565 34 738.8104 19.601164
5572 27 580.59106 24.17181
5573 32 704.39453 20.455175
5583 42 912.9642 24.90218
5584 24 510.12637 74.06086
5585 28 597.3962 59.828537
5586 30 638.11694 75.535545
5587 32 675.64166 56.29682
5588 32 689.32043 51.739223
5589 34 724.09595 52.12081
5590 33 719.5225 34.612904
5591 31 676.94116 20.17294
5594 33 709.42395 26.04808
5597 32 695.9288 20.013197
5597 32 695.9288 20.013197
5618 39 844.399 39.575962
5618 39 844.399 39.575962
5619 42 912.9567 28.472574
5619 42 912.9567 28.472574
5620 42 910.7327 42.66836
5621 42 909.47864 36.842113
5622 42 910.7298 43.238396
5636 26 562.03406 25.246166
5638 41 881.95636 19.628218
5649 34 733.99207 20.25252
5651 33 697.4195 16.146166
5657 41 884.70087 29.71397
5659 39 838.49866 54.452335
5660 41 904.34937 63.250317
5661 42 893.80096 54.486412
5661 42 893.80096 54.486412
5662 43 923.1861 43.757862
5665 42 898.4345 23.993961
5670 43 917.2477 46.600937
5671 43 925.7703 86.43845
5672 44 929.9122 59.168972
5672 44 929.9122 59.168972
5713 25 557.27014 20.636366
5735 33 700.8009 21.205713
5736 32 699.8616 20.887247
5736 32 699.8616 20.887247
5738 32 700.05396 20.95871
5738 32 700.05396 20.95871
5739 33 699.20624 21.645658
5739 33 699.20624 21.645658
5740 32 699.9152 20.742817
5740 32 699.9152 20.742817
5743 33 699.2059 19.431084
5758 33 700.3072 10.476551
5766 32 695.1458 17.66003
5767 43 937.14075 14.967416
5783 34 739.09454 16.83497
5783 34 739.09454 16.83497
5788 43 938.4463 35.23901
5789 43 931.4446 53.699158
5790 43 922.8832 56.200123
5791 42 921.56824 44.198963
5792 43 947.37964 52.42568
5793 43 922.6965 28.769012
5794 27 591.77606 24.432167
5800 43 931.24915 47.48293
5801 44 939.3499 59.634647
5801 44 939.3499 59.634647
5802 43 927.591 43.372223
5803 44 932.06024 40.301464
5803 44 932.06024 40.301464
5804 44 941.43896 28.358593
5804 44 941.43896 28.358593
5810 36 781.6036 41.309547
5811 36 782.5525 23.67325
5812 43 920.173 49.76213
5813 43 927.1384 46.69264
5814 43 931.9114 36.651627
5815 29 622.8674 31.842054
5816 29 626.10486 41.300503
5817 29 624.2802 36.335567
5819 30 636.9603 45.681385
5820 30 642.11584 48.953136
5821 37 794.8455 50.548016
5824 36 794.33923 32.945023
5834 41 882.3628 53.0104
5835 42 890.79596 21.163876
5836 40 850.0917 23.686525
5858 41 882.56433 30.267859
5859 41 883.6557 29.974
5869 26 557.5415 26.957521
5869 26 557.5415 26.957521
5898 41 887.4535 25.43854
5906 37 792.0579 16.776901
5906 37 792.0579 16.776901
5912 37 787.1648 19.265202
5912 37 787.1648 19.265202
5913 36 784.9329 16.603336
5913 36 784.9329 16.603336
5937 31 662.62274 32.195816
5938 32 671.3011 33.376595
5938 32 671.3011 33.376595
5939 45 958.2389 37.071754
5940 47 999.0303 23.08858
5949 24 526.02155 36.652435
5960 25 522.91327 43.977848
5961 24 529.3387 39.186516
5961 24 529.3387 39.186516
5962 24 521.4722 39.23107
5962 24 521.4722 39.23107
5970 36 780.5777 50.35989
5971 36 779.58105 60.999264
5974 36 762.2171 38.547176
5974 36 762.2171 38.547176
5975 36 777.6704 47.973076
5975 36 777.6704 47.973076
5976 36 776.58234 38.571907
5976 36 776.58234 38.571907
5982 25 540.9762 30.966793
5982 25 540.9762 30.966793
5983 25 536.59247 29.120348
5983 25 536.59247 29.120348
5984 37 795.81335 17.390497
5992 27 582.75446 43.6835
5993 41 878.4878 33.57642
5994 40 867.59125 36.42798
5994 40 867.59125 36.42798
6003 25 524.0592 25.512741
6004 25 533.95294 61.4842
6005 25 536.3522 52.737488
6006 25 537.5181 54.59332
6007 25 535.66205 50.51983
6014 33 723.9119 37.81528
6015 33 712.5871 35.99384
6094 28 590.8511 12.702561
6094 28 590.8511 12.702561
6118 33 701.93994 17.720211
6142 28 591.3137 33.65688
6144 29 625.3425 57.985626
6145 29 633.6371 50.449535
6146 29 631.3008 36.382053
6147 36 781.7176 39.428272
6147 36 781.7176 39.428272
6148 29 621.258 45.24256
6148 29 621.258 45.24256
6149 29 623.67303 39.200123
6149 29 623.67303 39.200123
6155 29 622.9056 39.753757
6156 29 626.47375 29.721922
6164 44 949.69464 35.874054
6167 44 954.862 36.641273
6168 44 950.9141 35.02473
6168 44 950.9141 35.02473
6169 43 929.3807 26.988098
6169 43 929.3807 26.988098
6172 29 621.5366 42.49911
6173 44 945.74756 42.14468
6177 42 918.2224 29.531284
6178 43 916.42725 32.236313
6180 43 926.7694 26.83152
6180 43 926.7694 26.83152
6184 27 589.888 30.115759
6185 27 587.8097 53.191776
6186 28 591.9571 43.54753
6186 28 591.9571 43.54753
6187 40 861.49084 44.48205
6187 40 861.49084 44.48205
6188 42 900.17975 56.50183
6189 41 902.6094 34.01544
6190 41 883.06287 56.12199
6191 40 871.9788 43.000076
6192 27 579.0734 29.547018
6193 40 874.8201 48.387978
6200 41 877.7259 28.594442
6212 41 887.07184 22.14491
6218 41 887.39307 17.018768
6242 27 579.2717 14.739145
6243 41 883.96454 17.483837
6243 41 883.96454 17.483837
6301 25 533.6809 22.815123
6303 32 691.92694 19.485918
6347 40 855.05066 29.33369
6355 41 883.9333 18.286547
6369 36 779.9729 21.061758
6369 36 779.9729 21.061758
6371 41 880.5893 24.60732
6381 37 788.8014 21.20628
6394 37 788.2095 17.333727
6422 43 929.2665 21.003576
6422 43 929.2665 21.003576
6423 43 932.2486 25.083286
6424 43 935.77374 17.056467
6432 33 700.3267 14.427462
6454 43 906.96185 16.57199
6475 45 952.8006 24.48084
6478 42 909.6816 28.180082
6479 35 733.0644 28.323439
6479 35 733.0644 28.323439
6481 27 579.9763 29.266542
6487 43 932.7592 22.455086
6488 29 619.7694 35.41132
6489 29 626.5474 50.01491
6491 29 631.50525 50.00352
6492 37 794.442 14.802744
6493 43 925.2958 20.938122
6499 29 625.2814 35.53425
6509 45 961.3464 46.502697
6510 44 958.13947 49.602924
6512 44 951.1149 50.943985
6515 43 920.854 40.3525
6516 43 926.47723 41.80497
6516 43 926.47723 41.80497
6520 42 924.6653 20.782398
6521 28 604.1695 20.393171
6522 43 926.7724 33.543316
6531 41 887.9688 50.29542
6537 41 881.8816 36.858932
6537 41 881.8816 36.858932
6551 37 785.63306 15.530898
6562 37 793.80945 16.67383
6579 34 739.6109 24.781929
6583 41 885.51294 24.454084
6583 41 885.51294 24.454084
6586 41 882.08215 18.462355
6594 32 704.2771 14.175583
6603 37 785.922 15.761607
6606 37 788.4708 14.26338
6626 36 775.4807 20.335333
6626 36 775.4807 20.335333
6627 46 986.4323 26.899265
6628 31 668.79834 36.110756
6629 24 524.5496 41.427574
6630 24 519.4087 39.03593
6631 36 783.93604 28.911198
6632 37 787.7494 31.173409
6633 37 786.78314 22.587961
6634 36 786.4761 19.202578
6634 36 786.4761 19.202578
6635 36 784.3167 17.958433
6635 36 784.3167 17.958433
6636 25 544.0855 13.741599
6637 25 538.6971 29.746305
6638 25 538.78687 63.645897
6639 24 529.1295 34.070858
6640 24 520.42126 32.44579
6648 31 664.7535 11.667899
6649 24 506.22934 58.4355
6650 24 513.2298 53.298607
6651 24 522.2838 42.02817
6651 24 522.2838 42.02817
6652 24 518.62946 36.726295
6652 24 518.62946 36.726295
6658 37 787.75183 15.087935
6659 36 786.9975 35.029194
6660 36 780.17896 70.6775
6660 36 780.17896 70.6775
6661 35 732.19037 36.81952
6662 36 758.87146 44.30306
6662 36 758.87146 44.30306
6666 36 769.0778 34.083485
6667 36 767.8268 42.526646
6668 36 777.38245 45.557854
6671 23 500.0565 52.316
6672 24 506.29623 40.146328
6673 25 520.30115 22.656265
6673 25 520.30115 22.656265
6674 37 790.23846 23.644842
6674 37 790.23846 23.644842
6675 37 789.5008 29.953613
6675 37 789.5008 29.953613
6676 37 792.44794 24.180635
6681 27 578.39734 44.7808
6681 27 578.39734 44.7808
6682 40 871.74426 32.833286
6687 41 881.3787 17.163023
6688 41 881.1071 14.779024
6693 24 521.09155 58.303257
6694 25 527.7136 48.11662
6694 25 527.7136 48.11662
6697 24 528.6309 42.23729
6697 24 528.6309 42.23729
6698 24 523.32935 42.150063
6699 24 520.3085 41.086575
6703 33 718.41113 39.540684
6704 33 708.16364 41.855785
6704 33 708.16364 41.855785
6705 32 698.85046 35.2008
6705 32 698.85046 35.2008
6706 43 928.44366 36.775066
6706 43 928.44366 36.775066
6707 32 692.8514 33.965416
6707 32 692.8514 33.965416
6708 31 679.27966 25.413528
6739 41 881.76355 17.569885
6740 41 883.4659 12.48597
6745 36 774.7531 22.301645
6749 37 789.088 19.726316
6749 37 789.088 19.726316
6753 28 607.2147 31.560284
6753 28 607.2147 31.560284
6768 43 941.59375 16.115196
6774 43 936.58295 15.816476
6777 33 703.2571 14.605786
6797 33 699.28534 10.569207
6797 33 699.28534 10.569207
6798 33 700.0646 20.337261
6799 32 697.0711 19.86271
6819 44 941.4688 18.426075
6820 32 682.33234 41.507477
6821 37 791.6194 36.322697
6822 37 798.67145 67.49438
6823 44 935.57166 47.769676
6824 43 944.3802 45.900776
6824 43 944.3802 45.900776
6826 29 624.36835 37.49048
6826 29 624.36835 37.49048
6832 30 643.36163 28.062136
6833 37 792.8989 50.104103
6834 37 788.0164 26.60944
6834 37 788.0164 26.60944
6835 44 961.6099 37.68816
6835 44 961.6099 37.68816
6836 44 946.62555 42.86633
6836 44 946.62555 42.86633
6838 36 781.00726 27.886248
6838 36 781.00726 27.886248
6839 43 925.0034 26.241598
6839 43 925.0034 26.241598
6842 37 793.4545 34.943966
6843 36 787.9049 25.981945
6843 36 787.9049 25.981945
6844 36 780.2841 34.905476
6844 36 780.2841 34.905476
6845 37 785.27496 42.015404
6845 37 785.27496 42.015404
6846 37 788.1659 58.109135
6847 37 791.7686 62.027622
6848 37 791.98676 66.391335
6848 37 791.98676 66.391335
6849 36 784.02496 38.711777
6849 36 784.02496 38.711777
6850 29 622.0193 49.05155
6851 29 625.22363 46.545654
6856 37 785.30066 31.409252
6857 36 788.70776 43.17416
6858 36 777.8254 52.56208
6858 36 777.8254 52.56208
6859 36 773.60425 48.537006
6859 36 773.60425 48.537006
6860 29 617.07837 26.119669
6860 29 617.07837 26.119669
6867 41 897.2846 40.012806
6870 41 868.96686 18.357712
6871 41 879.45685 23.042076
6904 30 645.8646 35.103363
6916 26 575.4391 32.6465
6916 26 575.4391 32.6465
6917 25 547.9225 28.580515
6917 25 547.9225 28.580515
6929 27 582.4342 17.022682
6965 24 529.3673 16.71057
6966 28 600.3886 23.386381
6969 28 604.65314 28.375273
6970 32 694.9637 37.359562
6971 46 996.3657 26.879084
6992 37 798.939 16.784143
6995 43 928.4436 34.7329
6995 43 928.4436 34.7329
6996 42 915.33527 39.22723
7009 43 908.3163 29.048346
7009 43 908.3163 29.048346
7010 43 924.12317 49.379196
7010 43 924.12317 49.379196
7011 42 905.6745 44.230038
7012 42 902.45825 49.646996
7013 43 909.2652 30.088703
7014 42 917.608 30.614223
7014 42 917.608 30.614223
7015 26 574.7521 16.314037
7015 26 574.7521 16.314037
7016 43 934.2147 20.214334
7016 43 934.2147 20.214334
7025 25 527.80884 25.564817
7026 43 917.769 21.069174
7027 43 937.3103 34.251602
7027 43 937.3103 34.251602
7028 43 921.4448 46.89084
7028 43 921.4448 46.89084
7029 42 909.3108 60.974556
7029 42 909.3108 60.974556
7030 43 913.6309 36.397743
7030 43 913.6309 36.397743
7031 43 921.05853 63.370975
7031 43 921.05853 63.370975
7032 44 933.9718 47.87348
7034 46 985.6759 34.305954
7037 42 902.81793 45.492207
7038 42 900.9731 32.001453
7038 42 900.9731 32.001453
7039 43 923.759 42.51003
7039 43 923.759 42.51003
7041 44 959.5673 38.028263
7042 43 931.52795 48.38847
7043 42 910.47577 53.5998
7044 41 892.2647 58.14226
7047 45 964.9743 42.047054
7048 45 964.56866 45.127598
7049 46 972.5502 35.59815
7051 42 910.48175 35.135197
7052 43 905.4353 38.098686
7057 43 930.5985 43.17023
7062 44 958.2181 49.546112
7063 45 958.16956 43.42244
7064 43 917.22845 39.830425
7065 43 920.107 38.193554
7066 45 958.64795 41.11607
7071 40 865.3928 35.143246
7072 40 858.0147 32.90319
7073 40 864.7272 30.526484
7074 39 856.8205 30.232714
7075 37 783.99713 32.779793
7076 27 583.6368 21.753029
7082 42 912.42145 26.447542
7083 36 779.35034 25.495241
7084 36 776.4621 26.467672
7085 43 922.81354 25.697508
7086 36 773.4325 24.083094
7086 36 773.4325 24.083094
7087 27 582.2004 27.534521
7088 37 805.97314 38.32951
7089 37 797.9085 51.823803
7090 37 798.5717 35.321266
7091 43 925.5073 23.008955
7092 43 928.31213 23.97614
7093 44 942.9923 22.851255
7093 44 942.9923 22.851255
7098 38 810.1384 26.215239
7099 27 588.9722 31.266516
7099 27 588.9722 31.266516
7101 44 943.6033 29.820782
7102 44 945.60364 26.268984
7103 38 817.54913 26.449749
7104 38 819.4124 40.966305
7105 38 818.9615 35.469322
7105 38 818.9615 35.469322
7106 42 912.6236 20.054527
7106 42 912.6236 20.054527
7107 27 589.3637 28.6641
7107 27 589.3637 28.6641
7108 27 583.33575 30.361135
7108 27 583.33575 30.361135
7110 27 582.0493 27.048141
7110 27 582.0493 27.048141
7111 36 780.7954 30.620653
7122 32 692.951 17.69433
7123 32 699.0911 16.071346
7124 32 698.7284 16.563553
7125 32 697.72125 18.90813
7125 32 697.72125 18.90813
7126 33 701.5969 15.069172
7127 32 696.823 17.494556
7128 32 698.26196 17.635511
7133 33 697.35754 27.189852
7134 32 696.1821 24.337133
7137 33 700.976 32.290443
7138 32 699.2111 35.707054
7139 32 699.4796 41.281948
7140 32 698.895 42.583054
7141 32 699.2455 43.314236
7142 33 699.8032 42.162827
7142 33 699.8032 42.162827
7143 32 700.5281 40.92386
7144 32 696.4916 28.507326
7145 32 698.9177 28.106087
7157 26 555.2081 23.00289
7157 26 555.2081 23.00289
7163 27 586.7895 33.136257
7165 33 704.7228 29.093222
7165 33 704.7228 29.093222
7168 33 695.9673 31.49734
7168 33 695.9673 31.49734
7174 34 729.4938 31.521133
7177 32 694.7115 29.350626
7178 32 698.2678 32.597946
7181 28 605.059 29.60493
7183 33 704.83386 37.129154
7184 32 699.6625 32.50662
7185 32 698.7398 37.583755
7186 32 698.1725 40.333717
7187 33 699.47345 31.681986
7190 40 865.67267 11.750536
7190 40 865.67267 11.750536
7203 36 785.09247 19.00357
7205 27 586.7228 27.944735
7205 27 586.7228 27.944735
7206 27 585.6582 27.982752
7206 27 585.6582 27.982752
7218 42 897.5614 26.85102
7219 45 962.5957 51.29411
7220 25 525.097 26.991886
7221 25 534.4196 20.756462
7223 25 536.3175 22.386257
7225 25 543.5117 21.601084
7226 26 555.7967 23.079721
7227 27 577.9849 27.801086
7227 27 577.9849 27.801086
7228 27 583.59576 22.509943
7243 26 561.9176 29.080908
7244 26 556.7575 26.79095
7249 27 582.7087 30.339117
7249 27 582.7087 30.339117
7250 27 584.33386 28.14802
7255 26 561.09717 27.700191
7256 26 556.11694 26.33209
7259 23 505.75632 26.708548
7261 23 502.87833 32.122536
7262 45 967.76636 28.012688
7271 37 787.04425 14.928767
7272 43 928.3289 15.328976
7273 35 758.2035 17.003876
7274 37 788.7396 44.808548
7275 37 793.53094 73.46062
7276 36 784.01263 35.644814
7277 36 775.15704 37.689587
7277 36 775.15704 37.689587
7280 39 824.49335 38.93998
7280 39 824.49335 38.93998
7281 39 840.4424 51.603626
7281 39 840.4424 51.603626
7282 39 843.86005 40.47553
7282 39 843.86005 40.47553
7283 37 803.5128 36.497807
7283 37 803.5128 36.497807
7284 36 789.2335 36.251106
7285 36 777.8285 53.002914
7286 37 788.53796 39.473663
7287 38 815.2396 33.29684
7288 40 845.9705 38.6479
7292 27 585.45734 27.039577
7293 27 585.93414 21.425207
7294 37 787.05 22.955046
7297 36 771.1385 42.32612
7299 37 796.56433 48.533157
7300 37 802.0574 45.6708
7300 37 802.0574 45.6708
7301 36 790.6419 29.251234
7301 36 790.6419 29.251234
7302 36 772.9807 33.659122
7302 36 772.9807 33.659122
7303 37 782.9118 38.60269
7303 37 782.9118 38.60269
7304 37 792.779 41.8416
7304 37 792.779 41.8416
7305 38 806.7796 34.033627
7306 37 799.4993 46.685436
7307 36 782.3662 30.335274
7326 37 793.31665 17.349882
7343 37 783.1683 32.249256
7353 38 807.4796 21.653597
7361 43 929.36865 16.56572
7372 38 828.9771 31.457952
7373 41 879.48615 28.302767
7374 38 797.58044 23.54158
7375 41 883.77374 21.71837
7376 41 881.42194 26.41448
7377 41 880.3284 25.546368
7378 37 776.94366 21.471922
7379 36 784.1355 30.360952
7379 36 784.1355 30.360952
7382 41 881.1032 26.922327
7383 41 883.232 24.591894
7384 32 699.21747 21.959297
7387 32 699.21906 26.85287
7388 32 698.0655 39.413467
7389 32 697.08954 39.53116
7390 27 586.4801 28.006372
7394 32 683.4387 23.656178
7395 32 695.51117 37.139286
7395 32 695.51117 37.139286
7396 32 698.6896 39.954884
7397 33 700.55096 34.75521
7400 32 699.2431 25.29496
7401 32 698.07513 32.43316
7406 32 700.39905 14.217134
7407 33 703.7102 18.344933
7408 32 699.63086 18.62372
7411 32 698.7392 16.14046
7413 32 700.96814 30.572893
7413 32 700.96814 30.572893
7414 40 872.4861 45.42742
7415 44 944.35315 58.63546
7417 27 586.1139 28.070292
7417 27 586.1139 28.070292
7418 27 585.9483 28.579409
7418 27 585.9483 28.579409
7419 27 589.86786 22.131376
7420 32 696.13556 28.717999
7420 32 696.13556 28.717999
7422 27 595.64624 35.83045
7423 27 580.7383 27.763203
7425 32 698.4972 31.34346
7426 32 699.01404 34.75028
7427 32 698.42255 34.649982
7427 32 698.42255 34.649982
7428 27 578.0791 25.536568
7428 27 578.0791 25.536568
7429 27 585.5434 36.28102
7429 27 585.5434 36.28102
7431 32 693.99524 36.229595
7431 32 693.99524 36.229595
7432 32 696.58014 36.67801
7432 32 696.58014 36.67801
7433 32 698.0713 30.662735
7433 32 698.0713 30.662735
7434 32 699.4305 28.828987
7434 32 699.4305 28.828987
7435 32 694.66595 25.775106
7435 32 694.66595 25.775106
7444 28 598.4636 25.730633
7444 28 598.4636 25.730633
7447 26 542.8145 36.8195
7447 26 542.8145 36.8195
7448 26 555.1099 32.737125
7448 26 555.1099 32.737125
7451 27 592.77136 33.797115
7451 27 592.77136 33.797115
7452 27 586.37933 42.153248
7452 27 586.37933 42.153248
7453 33 701.91925 42.447506
7453 33 701.91925 42.447506
7454 33 702.05426 42.985233
7455 25 535.3492 28.790358
7455 25 535.3492 28.790358
7456 28 593.43536 30.521801
7456 28 593.43536 30.521801
7457 27 587.2122 32.633274
7458 27 591.1102 23.721155
7459 27 586.7001 40.92262
7459 27 586.7001 40.92262
7460 27 583.1259 28.70251
7460 27 583.1259 28.70251
7461 32 703.5503 32.274925
7461 32 703.5503 32.274925
7462 32 698.10614 38.039013
7462 32 698.10614 38.039013
7464 27 584.18036 15.449271
7465 27 586.5708 29.45596
7466 27 584.8778 23.082787
7467 27 585.8011 19.028667
7468 27 586.3372 17.388662
7470 45 984.7435 34.688934
7470 45 984.7435 34.688934
7471 44 948.23303 33.47919
7471 44 948.23303 33.47919
7472 43 931.753 42.682045
7472 43 931.753 42.682045
7473 43 924.92236 36.46946
7473 43 924.92236 36.46946
7478 27 595.2232 20.655237
7478 27 595.2232 20.655237
7479 36 783.6833 26.202929
7480 27 584.11896 27.706602
7483 32 695.92346 36.743607
7483 32 695.92346 36.743607
7484 32 698.87384 41.011024
7484 32 698.87384 41.011024
7485 32 696.97974 47.78055
7485 32 696.97974 47.78055
7486 32 693.648 43.59433
7486 32 693.648 43.59433
7487 37 792.7424 36.9109
7487 37 792.7424 36.9109
7489 36 778.70514 26.12343
7489 36 778.70514 26.12343
7490 28 596.22186 20.63953
7490 28 596.22186 20.63953
7491 33 707.7813 36.741886
7491 33 707.7813 36.741886
7492 33 708.25256 42.558575
7492 33 708.25256 42.558575
7493 33 702.4099 40.384193
7493 33 702.4099 40.384193
7494 37 795.1811 37.399414
7494 37 795.1811 37.399414
7495 33 702.1025 49.059216
7496 33 711.334 42.329273
7498 33 704.208 44.5777
7499 33 713.70917 24.51188
7499 33 713.70917 24.51188
7500 43 931.45483 31.15407
7501 35 760.6822 39.635986
7505 37 790.40967 23.008238
7505 37 790.40967 23.008238
7506 36 780.545 18.79754
7506 36 780.545 18.79754
7510 32 684.9693 17.420807
7511 32 698.09625 22.349749
7511 32 698.09625 22.349749
7512 33 698.6268 30.232668
7512 33 698.6268 30.232668
7513 32 699.609 31.312807
7513 32 699.609 31.312807
7514 33 698.51215 33.0284
7515 32 699.1276 37.034954
7515 32 699.1276 37.034954
7516 32 697.70215 35.951965
7516 32 697.70215 35.951965
7517 32 696.6421 44.18567
7517 32 696.6421 44.18567
7518 32 696.89624 36.788464
7519 32 698.6624 44.46189
7520 39 835.9951 31.117779
7521 45 952.9692 43.2768
7523 32 696.8711 26.50822
7523 32 696.8711 26.50822
7524 33 700.6448 27.88247
7524 33 700.6448 27.88247
7526 33 700.48303 30.191984
7526 33 700.48303 30.191984
7527 32 698.9581 40.6192
7527 32 698.9581 40.6192
7528 33 699.99475 29.316858
7528 33 699.99475 29.316858
7529 32 694.90454 52.034077
7531 33 701.51965 29.539177
7537 36 764.0042 22.487535
7537 36 764.0042 22.487535
7538 36 776.1754 15.102681
7538 36 776.1754 15.102681
7543 37 788.34283 15.752396
7547 36 782.3436 27.932299
7549 36 783.337 26.464643
7556 32 700.3355 34.418327
7569 36 784.36475 45.53414
7569 36 784.36475 45.53414
7570 36 784.082 45.93144
7571 36 784.211 48.92043
7571 36 784.211 48.92043
7572 36 784.60144 57.581505
7573 36 783.6003 57.512882
7574 37 788.15533 48.362
7575 36 780.7954 29.218328
7575 36 780.7954 29.218328
7576 34 735.33435 43.472816
7577 34 740.967 23.951435
7577 34 740.967 23.951435
7578 33 707.0679 39.47994
7578 33 707.0679 39.47994
7579 33 701.0326 43.39986
7580 33 705.95026 38.931805
7580 33 705.95026 38.931805
7581 36 782.6127 39.19472
7581 36 782.6127 39.19472
7582 36 783.9523 55.643948
7582 36 783.9523 55.643948
7583 36 783.87244 51.48505
7583 36 783.87244 51.48505
7584 37 786.4083 49.579594
7585 37 789.7579 51.717915
7585 37 789.7579 51.717915
7586 37 787.4287 54.780464
7586 37 787.4287 54.780464
7587 37 787.31055 55.622345
7587 37 787.31055 55.622345
7592 36 782.0376 27.540823
7592 36 782.0376 27.540823
7596 36 779.64813 46.0342
7597 36 779.6095 31.905777
7597 36 779.6095 31.905777
7598 38 816.9785 49.441475
7599 38 814.2951 44.74277
7600 36 778.70154 38.729095
7601 36 778.5947 49.75599
7601 36 778.5947 49.75599
7602 36 778.60345 46.874813
7602 36 778.60345 46.874813
7603 36 778.3067 46.91382
7603 36 778.3067 46.91382
7604 36 782.07697 34.505154
7604 36 782.07697 34.505154
7608 36 778.1407 34.98172
7608 36 778.1407 34.98172
7609 36 779.6582 31.725382
7609 36 779.6582 31.725382
7614 37 786.55206 22.40722
7617 28 585.8468 14.29261
7626 41 885.2751 13.709109
7628 36 781.07715 20.010168
7630 46 992.3205 26.77878
7630 46 992.3205 26.77878
7632 24 522.69055 36.328754
7632 24 522.69055 36.328754
7633 24 514.18256 30.865349
7633 24 514.18256 30.865349
7636 37 787.6227 22.36486
7636 37 787.6227 22.36486
7637 27 586.1739 30.218588
7637 27 586.1739 30.218588
7638 27 584.85016 30.87501
7638 27 584.85016 30.87501
7639 27 586.60565 24.935524
7639 27 586.60565 24.935524
7642 27 586.8507 24.518099
7642 27 586.8507 24.518099
7643 27 587.2622 26.54759
7643 27 587.2622 26.54759
7644 27 586.5347 28.535135
7644 27 586.5347 28.535135
7649 25 538.8037 11.645131
7651 36 778.6928 28.396214
7651 36 778.6928 28.396214
7653 24 527.651 20.09008
7653 24 527.651 20.09008
7656 25 528.6168 24.297668
7656 25 528.6168 24.297668
7660 37 795.7055 35.041866
7660 37 795.7055 35.041866
7661 36 784.9254 20.33608
7661 36 784.9254 20.33608
7662 37 784.18896 22.603706
7662 37 784.18896 22.603706
7663 37 787.35913 24.875242
7663 37 787.35913 24.875242
7664 36 786.8272 21.884815
7664 36 786.8272 21.884815
7665 36 784.7264 22.12938
7665 36 784.7264 22.12938
7671 37 791.7772 30.461966
7674 36 783.32623 25.522112
7674 36 783.32623 25.522112
7679 36 786.59357 20.426159
7680 37 784.3121 33.8103
7681 36 786.4332 14.983068
7694 37 796.00305 43.226185
7696 37 803.811 37.465843
7696 37 803.811 37.465843
7700 38 818.4279 21.422222
7700 38 818.4279 21.422222
7701 41 880.0422 21.1747
7716 41 882.4322 23.965397
7732 41 879.4516 38.756596
7732 41 879.4516 38.756596
7733 41 877.97144 48.697002
7734 41 881.786 22.552555
7737 38 839.3652 34.26812
7738 41 879.4722 26.057272
7739 38 800.3569 23.552446
7740 40 868.6821 30.232567
7742 37 803.81665 36.077442
7742 37 803.81665 36.077442
7744 41 877.1541 31.086206
7744 41 877.1541 31.086206
7746 41 879.0401 27.092403
7752 38 826.767 37.745766
7753 37 807.2111 61.195263
7753 37 807.2111 61.195263
7754 35 758.982 43.081326
7754 35 758.982 43.081326
7755 38 813.3326 27.829832
7755 38 813.3326 27.829832
7756 35 756.13715 45.055523
7757 34 741.8679 33.413647
7758 37 809.0826 28.572186
7759 33 708.38617 46.46441
7760 36 761.93054 36.34006
7761 33 719.55774 42.414276
7761 33 719.55774 42.414276
7762 34 751.9809 36.642864
7762 34 751.9809 36.642864
7763 34 738.06824 33.73072
7763 34 738.06824 33.73072
7764 34 737.2914 50.11727
7764 34 737.2914 50.11727
7765 38 805.8063 18.528566
7765 38 805.8063 18.528566
7766 34 747.1572 18.13571
7768 36 779.3164 23.220003
7772 31 671.48834 20.887495
7772 31 671.48834 20.887495
7791 43 918.9444 32.92699
7791 43 918.9444 32.92699
7795 43 923.70685 36.870277
7795 43 923.70685 36.870277
7796 40 862.28455 42.689835
7796 40 862.28455 42.689835
7803 36 774.68915 14.850635
7804 36 782.89136 13.32877
7815 41 887.26953 22.021255
7815 41 887.26953 22.021255
7816 40 869.4287 31.155947
7817 42 904.9934 21.735506
7818 44 937.13025 26.427805
7819 45 956.796 17.106659
7833 41 882.0713 32.927048
7833 41 882.0713 32.927048
7834 41 884.5121 32.170773
7835 44 948.04364 58.390755
7836 43 938.22327 27.459688
7836 43 938.22327 27.459688
7837 40 868.7548 59.069405
7837 40 868.7548 59.069405
7838 40 858.03375 47.407387
7838 40 858.03375 47.407387
7839 43 924.28656 44.278152
7839 43 924.28656 44.278152
7840 44 940.8463 35.242847
7840 44 940.8463 35.242847
7841 43 913.1729 32.59765
7841 43 913.1729 32.59765
7842 43 927.885 45.057655
7842 43 927.885 45.057655
7843 44 936.5163 46.192787
7843 44 936.5163 46.192787
7844 44 954.4591 50.411327
7844 44 954.4591 50.411327
7845 44 951.0527 59.90146
7845 44 951.0527 59.90146
7846 43 940.36475 48.271782
7846 43 940.36475 48.271782
7847 42 911.4468 52.4764
7847 42 911.4468 52.4764
7853 27 585.60565 25.222233
7854 39 838.73016 39.35053
7854 39 838.73016 39.35053
7855 39 851.33887 39.8432
7855 39 851.33887 39.8432
7856 43 925.7993 59.80087
7856 43 925.7993 59.80087
7857 44 945.5797 46.236263
7857 44 945.5797 46.236263
7861 46 996.21124 32.10236
7861 46 996.21124 32.10236
7877 41 878.337 24.124456
7878 41 884.7979 34.357033
7880 46 993.5895 46.59604
7880 46 993.5895 46.59604
7881 42 901.84863 42.119717
7881 42 901.84863 42.119717
7885 46 989.86096 42.393463
7889 43 920.8166 55.638817
7890 45 954.8619 54.361946
7891 46 979.89716 79.68609
7891 46 979.89716 79.68609
7892 46 993.3082 53.558002
7894 38 823.2965 19.944115
7894 38 823.2965 19.944115
7896 38 829.538 31.768148
7898 44 927.0449 28.105152
7899 41 879.7843 30.874773
7900 41 878.787 24.871891
7901 41 887.20013 30.292065
7902 41 885.4698 41.28327
7904 40 871.5491 27.291899
7905 41 875.86676 43.810772
7906 41 879.848 35.445095
7906 41 879.848 35.445095
7908 37 810.4527 47.990532
7909 45 978.053 41.6367
7913 40 861.458 29.12722
7914 37 810.5395 27.819674
7914 37 810.5395 27.819674
7915 37 803.7381 29.34124
7915 37 803.7381 29.34124
7925 37 802.4398 44.503506
7925 37 802.4398 44.503506
7926 37 798.89355 41.900043
7926 37 798.89355 41.900043
7927 38 807.78033 33.27984
7928 35 759.7079 40.397022
7928 35 759.7079 40.397022
7929 37 791.52325 45.039856
7931 33 710.24365 40.387417
7932 35 766.0321 29.712337
7933 33 720.71063 31.616798
7934 36 784.9669 41.2871
7936 37 794.27356 39.32456
7936 37 794.27356 39.32456
7937 40 855.6464 20.648378
7937 40 855.6464 20.648378
7952 39 844.8702 21.68086
7953 37 810.1982 18.052408
7953 37 810.1982 18.052408
7973 41 897.97437 14.58915
7973 41 897.97437 14.58915
7974 45 967.80536 42.346577
7985 25 546.50543 24.007923
7985 25 546.50543 24.007923
7987 25 535.8102 27.214342
7987 25 535.8102 27.214342
7988 25 532.7987 14.2887945
7988 25 532.7987 14.2887945
7989 25 528.539 21.406149
7989 25 528.539 21.406149
7990 24 525.01526 25.998173
7990 24 525.01526 25.998173
7991 23 505.75146 28.94135
7991 46 999.27655 38.95479
7991 46 999.27655 38.95479
7992 44 957.02893 34.669006
7994 42 908.66095 24.926523
7994 42 908.66095 24.926523
7995 41 898.1418 27.605219
7995 41 898.1418 27.605219
7996 40 879.9023 28.81308
7996 40 879.9023 28.81308
7997 39 844.4949 30.342476
7997 39 844.4949 30.342476
7998 39 844.0154 32.820393
7998 39 844.0154 32.820393
8007 27 581.3185 29.314873
8007 27 581.3185 29.314873
8008 27 583.846 30.60477
8008 27 583.846 30.60477
8015 44 939.4646 31.003948
8016 43 935.85205 34.67289
8016 43 935.85205 34.67289
8017 44 931.64014 28.888868
8017 44 931.64014 28.888868
8018 41 878.18005 41.656452
8018 41 878.18005 41.656452
8020 39 842.2151 39.03513
8020 39 842.2151 39.03513
8021 39 846.0012 28.641972
8021 39 846.0012 28.641972
8027 43 936.60925 36.733067
8027 43 936.60925 36.733067
8028 43 933.4786 36.848343
8028 43 933.4786 36.848343
8029 27 580.2736 22.573675
8029 27 580.2736 22.573675
8041 44 952.50903 34.667202
8041 44 952.50903 34.667202
8043 43 928.7675 25.731174
8043 43 928.7675 25.731174
8044 43 928.89655 25.39444
8044 43 928.89655 25.39444
8045 27 580.5219 21.87889
8045 27 580.5219 21.87889
8046 27 579.4549 19.689457
8046 27 579.4549 19.689457
8047 38 819.2518 46.363712
8048 38 818.3909 24.788736
8049 38 824.45435 29.836845
8049 38 824.45435 29.836845
8056 41 881.116 44.410778
8056 41 881.116 44.410778
8057 41 880.9218 38.95233
8059 45 968.5547 27.195433
8060 37 784.2706 20.732721
8061 36 785.05347 18.326632
8061 36 785.05347 18.326632
8066 41 881.36884 36.972584
8066 41 881.36884 36.972584
8067 41 879.7769 41.897163
8067 41 879.7769 41.897163
8068 41 878.4247 54.71801
8068 41 878.4247 54.71801
8069 41 882.7727 30.732414
8070 36 781.40735 19.338293
8071 41 886.1427 30.885256
8071 41 886.1427 30.885256
8072 41 879.9458 29.849167
8072 41 879.9458 29.849167
8073 36 782.5726 32.441746
8073 36 782.5726 32.441746
8074 41 890.1961 38.91293
8077 37 781.3875 38.41793
8078 37 797.25116 37.85606
8079 41 869.66437 50.96983
8080 40 869.76086 40.909203
8082 38 818.8799 30.148275
8083 36 784.3547 34.51535
8084 37 782.7491 38.42039
8085 40 863.19885 40.014557
8087 37 802.2769 52.144985
8087 37 802.2769 52.144985
8088 41 870.1487 32.830776
8088 41 870.1487 32.830776
8089 41 876.1811 29.16854
8089 41 876.1811 29.16854
8090 39 836.2408 29.139929
8090 39 836.2408 29.139929
8094 39 845.9921 39.3684
8097 38 813.5346 38.74874
8097 38 813.5346 38.74874
8098 37 799.3057 47.658306
8098 37 799.3057 47.658306
8099 36 763.17163 39.781822
8099 36 763.17163 39.781822
8100 35 761.0497 39.465122
8100 35 761.0497 39.465122
8101 36 768.76013 47.67107
8102 34 731.3827 29.159666
8103 33 713.0762 27.650818
8104 35 736.946 38.937096
8105 35 759.7036 29.940344
8106 35 754.1829 38.607178
8106 35 754.1829 38.607178
8107 34 753.34705 20.379515
8107 34 753.34705 20.379515
8108 37 799.3889 41.52752
8108 37 799.3889 41.52752
8109 34 732.65576 30.21051
8109 34 732.65576 30.21051
8111 35 738.1786 21.142948
8111 35 738.1786 21.142948
8114 36 775.6199 24.933117
8114 36 775.6199 24.933117
8124 46 996.0318 23.858566
8124 46 996.0318 23.858566
8125 41 870.1046 31.446905
8125 41 870.1046 31.446905
8141 34 731.02203 9.769196
8153 46 995.52673 12.964629
8156 33 716.7841 21.888628
8157 38 807.8027 24.320799
8157 38 807.8027 24.320799
8158 40 854.1457 32.349056
8158 40 854.1457 32.349056
8159 43 925.892 26.273489
8160 42 911.5331 31.080738
8161 41 884.3486 46.899803
8161 41 884.3486 46.899803
8164 37 812.9949 27.84901
8164 37 812.9949 27.84901
8169 33 706.2865 26.109348
8169 33 706.2865 26.109348
8170 33 699.8323 24.31815
8171 33 700.5853 25.483994
8172 32 700.1764 24.768291
8173 32 698.81006 26.39169
8174 33 698.6774 22.975485
8174 33 698.6774 22.975485
8175 33 700.6939 23.681572
8175 33 700.6939 23.681572
8177 33 707.9788 23.129642
8177 33 707.9788 23.129642
8179 42 895.1186 42.49372
8179 42 895.1186 42.49372
8182 44 949.4293 45.634903
8183 33 702.0329 37.9021
8184 32 698.4636 43.4191
8185 33 698.3718 39.329414
8185 33 698.3718 39.329414
8186 33 704.4524 41.227455
8186 33 704.4524 41.227455
8191 45 964.0742 40.752487
8199 38 814.5591 69.52982
8200 37 802.53546 32.471096
8201 42 903.55414 38.318462
8201 42 903.55414 38.318462
8204 32 697.9305 28.075346
8204 32 697.9305 28.075346
8205 32 696.1284 32.770473
8205 32 696.1284 32.770473
8206 32 696.08704 29.427452
8206 32 696.08704 29.427452
8208 44 950.56995 21.692448
8208 44 950.56995 21.692448
8209 43 941.00836 29.36935
8209 43 941.00836 29.36935
8210 32 691.4568 21.341135
8210 32 691.4568 21.341135
8256 27 576.5565 17.491514
8257 31 664.17444 19.885891
8258 31 663.97235 21.353518
8262 35 751.4025 16.403362
8265 35 752.9218 17.03688
8269 24 503.07413 19.502785
8270 27 583.9195 25.512798
8279 45 965.5248 59.416225
8279 45 965.5248 59.416225
8280 24 504.06372 50.258377
8280 24 504.06372 50.258377
8281 26 543.728 36.256504
8281 26 543.728 36.256504
8282 28 598.36597 37.030266
8283 32 697.6088 43.428093
8283 32 697.6088 43.428093
8284 33 701.7932 63.244663
8284 33 701.7932 63.244663
8285 35 745.7267 52.064632
8285 35 745.7267 52.064632
8286 38 809.5165 62.713737
8286 38 809.5165 62.713737
8287 37 808.97125 40.539433
8287 37 808.97125 40.539433
8289 34 733.14734 19.728603
8289 34 733.14734 19.728603
8313 37 807.6346 33.1374
8313 37 807.6346 33.1374
8314 37 804.5208 79.51668
8314 37 804.5208 79.51668
8315 38 806.8422 62.939793
8315 38 806.8422 62.939793
8316 38 816.9895 61.2139
8316 38 816.9895 61.2139
8317 37 803.05176 60.69166
8317 37 803.05176 60.69166
8318 37 796.5148 70.184265
8318 37 796.5148 70.184265
8319 38 808.86053 62.538773
8320 39 824.3376 33.23912
8332 32 694.85974 10.969636
8333 32 696.7932 18.657352
8338 27 587.59125 20.22066
8339 27 587.40497 24.307114
8342 27 588.0055 22.2872
8343 27 586.5375 23.0705
8344 27 588.26874 27.515324
8345 27 587.6414 22.721735
8346 27 588.151 19.860188
8352 32 696.37787 17.482386
8354 27 584.2479 20.178516
8355 33 699.62897 25.141542
8356 24 511.60895 36.3786
8356 24 511.60895 36.3786
8357 26 555.8478 44.453564
8358 28 584.91266 49.073116
8359 27 590.6263 44.743633
8360 27 587.3921 38.9591
8361 27 588.13574 45.212677
8362 28 590.98975 31.244812
8363 27 588.5944 48.39591
8364 28 593.1846 39.51459
8365 33 705.3006 38.260117
8366 32 700.87036 31.222742
8367 28 595.05963 28.84109
8367 28 595.05963 28.84109
8368 27 590.1475 34.61169
8369 28 593.63605 37.89102
8369 28 593.63605 37.89102
8370 33 710.3662 29.42939
8371 28 581.8041 35.713566
8372 28 602.7486 20.295256
8373 33 702.07855 23.241125
8374 32 700.2381 36.90636
8375 33 696.4679 30.182343
8375 33 696.4679 30.182343
8376 33 707.5478 34.828922
8376 33 707.5478 34.828922
8377 32 703.59625 27.114237
8377 32 703.59625 27.114237
8383 33 708.003 15.734543
8383 33 708.003 15.734543
8384 37 811.039 21.146208
8385 37 792.5151 17.52069
8385 37 792.5151 17.52069
8386 27 587.649 18.763918
8387 27 585.9588 20.8026
8388 27 585.8354 17.808144
8388 27 585.8354 17.808144
8389 27 586.44604 18.245495
8389 27 586.44604 18.245495
8390 27 587.7769 18.732634
8390 27 587.7769 18.732634
8391 40 853.57056 17.710579
8394 27 581.0744 22.420998
8402 36 772.49414 20.95203
8402 36 772.49414 20.95203
8414 40 864.03064 27.32948
8414 40 864.03064 27.32948
8415 41 877.75586 25.71815
8416 42 922.57 33.074017
8420 33 702.3949 29.633078
8420 33 702.3949 29.633078
8422 33 700.3984 20.846407
8428 33 712.22925 20.80153
8434 25 537.4856 23.254679
8434 25 537.4856 23.254679
8436 45 976.44385 20.337141
8443 33 699.9952 17.472467
8443 33 699.9952 17.472467
8450 38 828.0032 26.568903
8450 38 828.0032 26.568903
8487 27 587.20966 14.3404455
8487 27 587.20966 14.3404455
8489 42 909.7976 17.089094
8489 42 909.7976 17.089094
8490 43 928.7399 19.258413
8490 43 928.7399 19.258413
8501 33 696.26135 14.851784
8501 33 696.26135 14.851784
8519 43 932.7094 18.506252
8519 43 932.7094 18.506252
8520 43 932.5109 17.570662
8520 43 932.5109 17.570662
8521 44 934.76697 23.930986
8521 44 934.76697 23.930986
8522 43 941.2521 20.133171
8522 43 941.2521 20.133171
8524 43 932.73486 25.891352
8524 43 932.73486 25.891352
8525 43 932.8 29.079817
8525 43 932.8 29.079817
8526 43 933.7224 25.222483
8526 43 933.7224 25.222483
8538 35 744.8952 19.664183
8538 35 744.8952 19.664183
8542 31 668.5562 29.423752
8542 31 668.5562 29.423752
8543 31 667.0009 27.170134
8543 31 667.0009 27.170134
8544 43 930.7089 44.053608
8544 43 930.7089 44.053608
8545 37 801.2971 93.28524
8545 37 801.2971 93.28524
8549 43 920.86194 38.020836
8549 43 920.86194 38.020836
8554 29 629.5681 29.85483
8556 44 940.6238 27.163467
8559 43 927.1258 28.6542
8565 44 930.13745 31.805016
8566 44 944.7557 52.498734
8567 43 928.65894 55.820126
8567 43 928.65894 55.820126
8568 43 922.19934 67.4126
8568 43 922.19934 67.4126
8569 43 919.4411 40.61029
8569 43 919.4411 40.61029
8570 43 925.344 57.796093
8570 43 925.344 57.796093
8571 43 929.4593 41.37727
8571 43 929.4593 41.37727
8572 36 783.007 27.024954
8572 36 783.007 27.024954
8573 29 630.3132 41.805443
8573 29 630.3132 41.805443
8574 29 623.9869 37.037052
8575 29 621.31067 36.5413
8575 29 621.31067 36.5413
8576 37 794.4352 45.955246
8577 37 804.01306 72.832825
8578 37 794.56714 31.05422
8582 29 628.0702 53.82768
8582 29 628.0702 53.82768
8588 42 918.202 35.610085
8588 42 918.202 35.610085
8590 41 877.287 50.18187
8590 41 877.287 50.18187
8591 41 884.7497 42.167393
8591 41 884.7497 42.167393
8594 41 881.3134 36.319294
8594 41 881.3134 36.319294
8598 41 885.3156 34.63896
8598 41 885.3156 34.63896
8608 36 775.62885 21.371729
8608 36 775.62885 21.371729
8612 41 886.6857 32.429142
8612 41 886.6857 32.429142
8622 26 556.99567 27.188309
8622 26 556.99567 27.188309
8623 25 549.7071 31.74039
8623 25 549.7071 31.74039
8635 31 662.2402 13.639841
8640 41 877.1658 21.554548
8641 41 879.37427 30.362526
8641 41 879.37427 30.362526
8642 41 879.49854 21.570103
8642 41 879.49854 21.570103
8643 41 879.6863 22.508522
8644 41 884.6437 23.859093
8644 41 884.6437 23.859093
8645 41 881.5241 16.321785
8645 41 881.5241 16.321785
8646 41 876.6204 18.994812
8646 41 876.6204 18.994812
8647 41 878.9782 28.243862
8648 41 881.4957 25.952063
8648 41 881.4957 25.952063
8649 41 883.9277 20.356401
8653 41 885.8756 21.340338
8653 41 885.8756 21.340338
8673 25 539.71716 9.257412
8673 25 539.71716 9.257412
8694 30 633.8178 35.76962
8694 30 633.8178 35.76962
8695 31 656.9612 38.39536
8695 31 656.9612 38.39536
8696 46 984.40765 31.175941
8696 46 984.40765 31.175941
8697 24 511.9735 34.42321
8697 24 511.9735 34.42321
8701 37 785.6061 17.711163
8701 37 785.6061 17.711163
8702 37 788.06195 25.610771
8702 37 788.06195 25.610771
8703 37 788.631 19.924215
8703 37 788.631 19.924215
8705 26 563.2983 52.468185
8705 26 563.2983 52.468185
8706 25 540.36896 38.879818
8706 25 540.36896 38.879818
8711 25 541.3726 20.546404
8711 25 541.3726 20.546404
8712 35 741.61896 12.983547
8712 35 741.61896 12.983547
8718 25 528.5737 34.876633
8718 25 528.5737 34.876633
8719 24 523.01575 43.052536
8719 24 523.01575 43.052536
8726 25 557.0577 21.795279
8727 37 807.88776 37.979145
8728 37 798.9306 51.10031
8731 36 781.11206 41.073254
8731 36 781.11206 41.073254
8734 36 777.0505 45.734646
8734 36 777.0505 45.734646
8735 36 780.0451 40.237087
8735 36 780.0451 40.237087
8736 24 521.5175 36.816917
8736 24 521.5175 36.816917
8738 24 528.43396 28.235304
8739 24 519.3664 49.740376
8748 27 577.0947 33.382713
8750 28 591.04926 23.086546
8750 28 591.04926 23.086546
8751 42 898.46704 36.39532
8751 42 898.46704 36.39532
8759 25 534.0587 21.417114
8760 25 532.8969 45.141876
8761 25 532.06714 68.63584
8761 25 532.06714 68.63584
8762 25 537.8219 54.50818
8762 25 537.8219 54.50818
8763 25 541.2132 51.508892
8763 25 541.2132 51.508892
8764 25 537.0227 42.513596
8764 25 537.0227 42.513596
8765 24 529.861 34.771416
8765 24 529.861 34.771416
8771 34 733.29193 42.919426
8774 43 928.6948 38.25917
8775 43 926.8934 31.792803
8791 27 575.1783 27.41361
8792 27 585.5148 19.27779
8792 27 585.5148 19.27779
8806 36 783.65186 20.107641
8806 36 783.65186 20.107641
8807 37 788.2083 20.43411
8807 37 788.2083 20.43411
8816 41 884.2935 17.080519
8816 41 884.2935 17.080519
8817 41 881.5911 14.032906
8823 44 948.0834 18.117899
8824 26 555.15076 18.070644
8826 41 870.57794 15.663627
8829 40 877.9447 10.907342
8834 43 928.9436 24.247442
8834 43 928.9436 24.247442
8835 43 935.071 23.349955
8835 43 935.071 23.349955
8836 43 934.3106 17.413143
8836 43 934.3106 17.413143
8837 43 933.4713 17.740932
8837 43 933.4713 17.740932
8838 43 934.5554 15.908786
8838 43 934.5554 15.908786
8840 43 934.8581 14.725977
8840 43 934.8581 14.725977
8844 44 936.6971 13.649412
8846 33 698.7205 10.3631115
8846 33 698.7205 10.3631115
8847 32 698.07764 13.152187
8847 32 698.07764 13.152187
8848 33 700.0182 12.322969
8849 32 700.45807 11.544176
8849 32 700.45807 11.544176
8889 37 783.9912 29.603672
8889 37 783.9912 29.603672
8890 44 950.6362 45.162624
8890 44 950.6362 45.162624
8899 29 615.4787 37.846447
8899 29 615.4787 37.846447
8900 29 621.4848 63.85197
8901 29 615.8008 46.49086
8901 29 615.8008 46.49086
8902 29 623.91046 66.696205
8902 29 623.91046 66.696205
8903 29 625.833 52.265934
8910 29 625.84827 31.936417
8911 29 623.99884 50.75158
8912 44 942.9439 36.745758
8913 44 940.9788 48.388916
8913 44 940.9788 48.388916
8914 44 940.88654 37.10524
8914 44 940.88654 37.10524
8917 42 908.5042 19.170883
8920 28 606.3537 21.634117
8920 28 606.3537 21.634117
8921 29 618.79553 53.301487
8922 29 627.55566 56.676285
8922 29 627.55566 56.676285
8923 29 628.80896 40.4347
8923 29 628.80896 40.4347
8924 29 629.1385 40.778725
8924 29 629.1385 40.778725
8925 29 623.8509 50.071518
8925 29 623.8509 50.071518
8926 29 621.011 42.032333
8926 29 621.011 42.032333
8927 43 936.1163 41.108917
8927 43 936.1163 41.108917
8928 44 937.1403 36.439026
8928 44 937.1403 36.439026
8929 45 957.8903 31.776398
8929 45 957.8903 31.776398
8934 43 919.52765 26.1018
8935 29 619.2005 23.102533
8936 44 941.50165 22.146341
8936 44 941.50165 22.146341
8937 44 957.45386 23.541782
8937 44 957.45386 23.541782
8940 28 601.4095 40.222797
8940 28 601.4095 40.222797
8942 28 596.0379 57.516045
8943 28 601.9503 29.797947
8944 42 904.53516 32.197
8945 42 899.45825 47.468338
8946 41 886.6018 30.0747
8947 41 899.7545 19.344301
8948 40 873.3953 28.120731
8951 27 580.90137 30.926947
8951 27 580.90137 30.926947
8954 41 886.6148 23.71884
8974 41 882.37415 18.421804
8974 41 882.37415 18.421804
8980 41 885.9999 31.717712
8980 41 885.9999 31.717712
8981 41 885.35095 22.81271
8983 41 891.898 14.893685
8988 26 566.11426 17.91392
8988 26 566.11426 17.91392
8995 28 585.7954 22.566704
8995 28 585.7954 22.566704
9039 36 778.93915 24.839062
9039 36 778.93915 24.839062
9103 31 662.2951 48.482117
9103 31 662.2951 48.482117
9104 31 666.55927 53.518894
9104 31 666.55927 53.518894
9105 41 895.15295 41.58972
9105 41 895.15295 41.58972
9106 41 879.3207 57.748707
9106 41 879.3207 57.748707
9107 41 882.40857 80.55282
9107 41 882.40857 80.55282
9108 41 888.2006 56.449783
9108 41 888.2006 56.449783
9109 42 900.0948 30.394041
9109 42 900.0948 30.394041
9110 32 684.5355 43.07406
9110 32 684.5355 43.07406
9115 31 667.8938 33.50659
9116 39 842.62555 41.46495
9117 38 822.16016 52.401424
9118 37 807.4948 48.76156
9118 37 807.4948 48.76156
9142 28 612.2718 21.801825
9143 29 612.5362 16.79805
9144 28 615.16766 24.667023
9145 28 605.1554 16.284744
9150 41 881.58295 17.292822
9150 41 881.58295 17.292822
9151 41 882.68207 17.84617
9151 41 882.68207 17.84617
9152 41 881.7223 23.23466
9152 41 881.7223 23.23466
9157 41 875.71295 25.788252
9157 41 875.71295 25.788252
9159 41 880.8845 25.623774
9159 41 880.8845 25.623774
9160 41 881.6999 20.903765
9161 41 880.82764 19.493086
9162 41 882.0564 19.46048
9163 41 883.29724 20.892605
9163 41 883.29724 20.892605
9167 33 700.89935 16.389406
9168 32 696.51086 18.895607
9169 36 759.1158 13.886132
9178 36 783.2444 22.131163
9179 33 701.5823 18.790363
9200 25 540.38965 20.022636
9200 25 540.38965 20.022636
9235 41 878.8912 27.519072
9235 41 878.8912 27.519072
9237 40 860.56396 24.136108
9239 28 611.2504 24.915133
9239 28 611.2504 24.915133
9244 29 627.1262 63.805862
9244 29 627.1262 63.805862
9245 30 634.81665 50.67101
9245 30 634.81665 50.67101
9246 30 637.6546 45.1971
9246 30 637.6546 45.1971
9248 44 939.4805 34.31712
9248 44 939.4805 34.31712
9255 29 624.81903 42.842464
9255 29 624.81903 42.842464
9256 29 628.03906 49.192623
9256 29 628.03906 49.192623
9257 36 780.80176 22.159706
9257 36 780.80176 22.159706
9264 44 935.8259 25.369251
9264 44 935.8259 25.369251
9265 44 951.9498 49.66396
9265 44 951.9498 49.66396
9266 45 957.83044 43.137672
9266 45 957.83044 43.137672
9267 44 958.062 55.8174
9267 44 958.062 55.8174
9268 44 950.1302 33.59858
9268 44 950.1302 33.59858
9269 43 934.3776 37.831753
9269 43 934.3776 37.831753
9270 28 611.6306 33.04775
9270 28 611.6306 33.04775
9271 43 907.5936 62.09298
9271 43 907.5936 62.09298
9272 43 930.42883 61.011944
9272 43 930.42883 61.011944
9273 43 931.08356 39.38311
9273 43 931.08356 39.38311
9274 43 932.1562 32.467716
9274 43 932.1562 32.467716
9277 42 900.29553 22.701492
9277 42 900.29553 22.701492
9278 29 614.948 22.04301
9278 29 614.948 22.04301
9283 27 577.2357 21.046757
9285 27 579.30994 39.073063
9286 28 599.84125 53.73971
9286 28 599.84125 53.73971
9287 29 619.296 39.420067
9287 29 619.296 39.420067
9288 42 900.25397 29.471886
9288 42 900.25397 29.471886
9289 43 930.84686 42.11141
9289 43 930.84686 42.11141
9290 42 924.13525 37.667072
9290 42 924.13525 37.667072
9291 42 902.334 24.348469
9291 42 902.334 24.348469
9292 41 864.609 28.692516
9292 41 864.609 28.692516
9293 42 898.1428 42.471157
9293 42 898.1428 42.471157
9294 43 918.83234 36.652397
9294 43 918.83234 36.652397
9295 29 620.2339 36.008537
9295 29 620.2339 36.008537
9296 29 619.68066 34.660603
9296 29 619.68066 34.660603
9298 27 578.7225 26.990398
9298 27 578.7225 26.990398
9299 26 569.9171 31.185375
9300 25 551.3267 34.616974
9300 25 551.3267 34.616974
9301 41 884.406 28.057676
9301 41 884.406 28.057676
9302 41 882.0916 18.647394
9302 41 882.0916 18.647394
9312 29 626.59155 24.525394
9312 29 626.59155 24.525394
9314 41 890.4489 21.560541
9314 41 890.4489 21.560541
9320 41 882.4035 18.568117
9320 41 882.4035 18.568117
9321 41 883.6187 22.170946
9321 41 883.6187 22.170946
9322 27 585.08545 23.348515
9322 27 585.08545 23.348515
9324 27 568.91736 15.235712
9324 27 568.91736 15.235712
9326 27 577.00464 24.815022
9326 27 577.00464 24.815022
9332 33 705.67365 30.336061
9332 33 705.67365 30.336061
9333 33 702.2883 27.153154
9333 33 702.2883 27.153154
9334 33 699.8041 27.19106
9334 33 699.8041 27.19106
9335 33 700.4774 30.849302
9335 33 700.4774 30.849302
9336 41 884.38965 23.07076
9336 41 884.38965 23.07076
9343 27 588.42236 29.76101
9343 27 588.42236 29.76101
9344 27 585.4941 27.878622
9344 27 585.4941 27.878622
9345 27 583.3174 25.064043
9345 27 583.3174 25.064043
9346 27 587.4674 29.45806
9347 27 586.4921 30.647007
9347 27 586.4921 30.647007
9353 32 698.4862 29.046206
9353 32 698.4862 29.046206
9354 32 698.26636 31.269203
9354 32 698.26636 31.269203
9355 37 788.4469 30.530321
9355 37 788.4469 30.530321
9356 36 783.21594 46.67694
9356 36 783.21594 46.67694
9357 36 782.84717 40.75667
9357 36 782.84717 40.75667
9358 36 785.6004 36.017094
9358 36 785.6004 36.017094
9359 37 785.5608 33.78328
9359 37 785.5608 33.78328
9360 37 787.09094 26.745413
9360 37 787.09094 26.745413
9361 37 787.9835 21.414898
9361 37 787.9835 21.414898
9362 37 787.3044 22.653116
9362 37 787.3044 22.653116
9363 37 788.675 41.02454
9363 37 788.675 41.02454
9364 37 792.54553 40.2376
9364 37 792.54553 40.2376
9365 37 804.43384 31.365524
9365 37 804.43384 31.365524
9366 37 801.83673 50.99071
9366 37 801.83673 50.99071
9367 36 791.5146 28.667728
9367 36 791.5146 28.667728
9368 36 780.45624 46.946957
9368 36 780.45624 46.946957
9369 36 783.86273 47.259903
9369 36 783.86273 47.259903
9370 36 784.0344 46.786503
9370 36 784.0344 46.786503
9371 37 785.847 49.928967
9372 36 785.6911 39.522182
9373 37 783.24976 34.380333
9373 37 783.24976 34.380333
9374 38 812.60016 29.037771
9374 38 812.60016 29.037771
9375 37 782.15106 30.794106
9375 37 782.15106 30.794106
9376 36 786.9607 28.117342
9376 36 786.9607 28.117342
9377 36 784.7239 29.452919
9378 37 788.0931 35.844814
9378 37 788.0931 35.844814
9379 37 795.41046 32.323307
9379 37 795.41046 32.323307
9381 37 804.0966 36.08567
9381 37 804.0966 36.08567
9382 37 797.44104 43.524387
9382 37 797.44104 43.524387
9383 36 785.6399 56.587715
9383 36 785.6399 56.587715
9384 37 787.9464 35.871838
9384 37 787.9464 35.871838
9385 36 790.20715 52.78812
9385 36 790.20715 52.78812
9386 36 778.9594 45.721657
9386 36 778.9594 45.721657
9387 37 784.1673 27.201633
9387 37 784.1673 27.201633
9388 33 709.7314 22.909174
9388 33 709.7314 22.909174
9392 25 521.19135 17.156887
9392 25 521.19135 17.156887
9394 25 549.89935 60.70461
9394 25 549.89935 60.70461
9395 25 532.52545 33.48476
9395 25 532.52545 33.48476
9396 25 528.51556 44.393497
9396 25 528.51556 44.393497
9406 24 519.3655 44.059654
9406 24 519.3655 44.059654
9408 24 523.0031 43.510834
9408 24 523.0031 43.510834
9410 31 663.9665 13.092193
9410 31 663.9665 13.092193
9415 35 732.7723 25.894629
9415 35 732.7723 25.894629
9416 36 769.2448 42.370792
9416 36 769.2448 42.370792
9417 36 783.1536 46.448517
9417 36 783.1536 46.448517
9418 36 777.19727 51.0341
9418 36 777.19727 51.0341
9419 36 780.85034 50.552177
9419 36 780.85034 50.552177
9420 36 783.0121 59.895157
9420 36 783.0121 59.895157
9421 36 780.6953 59.798725
9421 36 780.6953 59.798725
9422 36 782.294 48.04377
9422 36 782.294 48.04377
9423 37 787.6497 61.28863
9423 37 787.6497 61.28863
9424 37 792.9235 37.6952
9424 37 792.9235 37.6952
9425 24 517.96875 33.110252
9425 24 517.96875 33.110252
9428 24 515.6032 50.97328
9429 25 525.9406 32.532585
9430 37 794.00543 26.7366
9430 37 794.00543 26.7366
9433 37 794.158 21.391924
9434 37 795.95886 18.953228
9437 27 586.10455 27.367922
9437 27 586.10455 27.367922
9439 40 862.1097 40.052547
9439 40 862.1097 40.052547
9440 41 876.27106 41.897175
9440 41 876.27106 41.897175
9442 41 883.20465 18.083136
9442 41 883.20465 18.083136
9447 41 885.7118 18.447577
9448 41 881.44354 17.644688
9448 41 881.44354 17.644688
9449 24 524.5686 54.96334
9449 24 524.5686 54.96334
9450 25 527.5066 54.855644
9451 25 530.5583 59.62086
9452 25 531.1055 47.184834
9452 25 531.1055 47.184834
9453 24 525.9918 46.48118
9453 24 525.9918 46.48118
9454 24 520.6526 49.616222
9454 24 520.6526 49.616222
9455 24 521.063 40.826675
9455 24 521.063 40.826675
9456 24 525.41785 27.775404
9456 24 525.41785 27.775404
9459 33 707.162 54.707912
9459 33 707.162 54.707912
9460 32 693.1146 37.860313
9460 32 693.1146 37.860313
9462 43 922.29297 36.077282
9462 43 922.29297 36.077282
9463 43 924.3662 30.08682
9463 43 924.3662 30.08682
9464 41 888.44806 28.735775
9464 41 888.44806 28.735775
9469 41 873.4672 29.933392
9469 41 873.4672 29.933392
9472 41 880.2598 26.44314
9473 41 880.7415 26.39293
9473 41 880.7415 26.39293
9484 25 524.96027 17.593773
9484 25 524.96027 17.593773
9485 25 535.39746 25.048847
9485 25 535.39746 25.048847
9502 36 782.18195 17.39157
9502 36 782.18195 17.39157
9505 36 783.66785 16.5087
9505 36 783.66785 16.5087
9506 36 784.96625 19.432293
9506 36 784.96625 19.432293
9512 45 980.251 15.70092
9512 45 980.251 15.70092
9515 41 879.9365 14.539849
9515 41 879.9365 14.539849
9516 37 796.2468 13.089259
9516 37 796.2468 13.089259
9517 37 792.1185 14.5864
9517 37 792.1185 14.5864
9524 25 548.94226 14.940161
9524 25 548.94226 14.940161
9527 27 584.08325 17.486156
9527 27 584.08325 17.486156
9528 27 584.8834 21.285921
9528 27 584.8834 21.285921
9555 44 948.27356 18.287489
9555 44 948.27356 18.287489
9557 43 933.11127 20.491373
9557 43 933.11127 20.491373
9558 44 937.0804 22.216291
9558 44 937.0804 22.216291
9577 36 771.9335 39.759556
9577 36 771.9335 39.759556
9578 37 792.58813 49.133682
9578 37 792.58813 49.133682
9579 38 823.8024 62.219173
9579 38 823.8024 62.219173
9580 42 896.4747 55.000862
9580 42 896.4747 55.000862
9581 42 906.31635 56.436134
9581 42 906.31635 56.436134
9582 42 907.50793 41.960247
9582 42 907.50793 41.960247
9583 43 918.6106 42.53311
9583 43 918.6106 42.53311
9584 37 780.8381 23.020164
9584 37 780.8381 23.020164
9587 29 623.3941 28.306196
9587 29 623.3941 28.306196
9589 37 787.0239 39.250786
9589 37 787.0239 39.250786
9590 43 920.5791 36.389915
9590 43 920.5791 36.389915
9598 30 629.3405 21.833508
9598 30 629.3405 21.833508
9600 28 612.0514 37.385498
9600 28 612.0514 37.385498
9601 29 616.299 47.191254
9601 29 616.299 47.191254
9602 29 623.62665 59.547016
9602 29 623.62665 59.547016
9603 43 927.84125 54.689686
9603 43 927.84125 54.689686
9604 43 928.7364 57.178173
9604 43 928.7364 57.178173
9610 29 623.948 37.670128
9610 29 623.948 37.670128
9611 37 806.7159 50.62606
9611 37 806.7159 50.62606
9613 29 626.5624 30.274485
9613 29 626.5624 30.274485
9620 41 888.2954 23.903027
9620 41 888.2954 23.903027
9621 41 883.58246 33.86779
9621 41 883.58246 33.86779
9624 41 879.67596 35.445873
9624 41 879.67596 35.445873
9627 41 902.35394 31.950203
9627 41 902.35394 31.950203
9644 28 600.4442 30.01368
9644 28 600.4442 30.01368
9648 33 727.7888 26.501064
9648 33 727.7888 26.501064
9658 26 543.1681 16.902306
9658 26 543.1681 16.902306
9659 26 556.8567 22.347094
9659 26 556.8567 22.347094
9660 41 883.82385 15.316347
9660 41 883.82385 15.316347
9662 26 560.5333 23.583517
9662 26 560.5333 23.583517
9663 26 559.0679 15.562377
9663 26 559.0679 15.562377
9664 33 703.9089 11.431714
9664 33 703.9089 11.431714
9667 41 885.9122 13.18705
9667 41 885.9122 13.18705
9671 32 699.68396 20.299303
9671 32 699.68396 20.299303
9673 41 885.0444 25.25846
9673 41 885.0444 25.25846
9674 41 880.89557 23.162287
9674 41 880.89557 23.162287
9675 41 885.09467 20.944601
9675 41 885.09467 20.944601
9676 41 882.324 18.3776
9676 41 882.324 18.3776
9679 41 882.9195 20.216133
9679 41 882.9195 20.216133
9682 41 882.098 25.7731
9682 41 882.098 25.7731
9683 41 880.15625 23.358871
9683 41 880.15625 23.358871
9694 32 670.07434 15.981077
9694 32 670.07434 15.981077
9695 36 781.1615 18.923502
9695 36 781.1615 18.923502
9696 37 787.40344 15.785413
9696 37 787.40344 15.785413
9700 37 786.30975 22.43832
9700 37 786.30975 22.43832
9702 27 584.2701 22.762346
9702 27 584.2701 22.762346
9703 27 585.9793 25.658539
9703 27 585.9793 25.658539
9705 36 785.2408 19.442987
9705 36 785.2408 19.442987
9716 25 547.9845 24.257574
9716 25 547.9845 24.257574
9717 26 549.08856 12.632723
9717 26 549.08856 12.632723
9728 34 737.0204 28.448193
9728 34 737.0204 28.448193
9731 24 525.75836 25.276392
9731 24 525.75836 25.276392
9733 37 788.7207 17.628157
9733 37 788.7207 17.628157
9738 26 552.78485 17.009884
9738 26 552.78485 17.009884
9739 25 538.8092 54.397377
9739 25 538.8092 54.397377
9740 25 531.56244 43.498512
9740 25 531.56244 43.498512
9741 24 527.92255 44.770645
9741 24 527.92255 44.770645
9749 24 515.776 64.41201
9749 24 515.776 64.41201
9750 24 518.2724 55.420685
9750 24 518.2724 55.420685
9751 25 523.7479 43.35148
9751 25 523.7479 43.35148
9752 25 537.58673 44.237473
9752 25 537.58673 44.237473
9754 37 797.8746 25.59434
9754 37 797.8746 25.59434
9756 40 849.39655 39.392574
9756 40 849.39655 39.392574
9761 37 790.70337 70.61069
9761 37 790.70337 70.61069
9762 37 792.46564 56.482338
9762 37 792.46564 56.482338
9763 36 790.175 59.090775
9763 36 790.175 59.090775
9764 37 783.54675 36.748928
9764 37 783.54675 36.748928
9765 37 787.81946 41.491283
9765 37 787.81946 41.491283
9767 37 787.65643 59.2942
9767 37 787.65643 59.2942
9770 24 521.0872 30.439817
9770 24 521.0872 30.439817
9771 33 709.5814 16.18299
9771 33 709.5814 16.18299
9772 24 522.654 36.923138
9772 24 522.654 36.923138
9773 37 790.1359 28.681486
9773 37 790.1359 28.681486
9781 26 553.44415 20.01728
9781 26 553.44415 20.01728
9782 41 881.0176 39.65895
9782 41 881.0176 39.65895
9783 41 879.8881 46.56441
9783 41 879.8881 46.56441
9784 41 882.7029 48.114143
9784 41 882.7029 48.114143
9794 24 522.561 59.84832
9794 24 522.561 59.84832
9795 25 533.33105 58.246677
9795 25 533.33105 58.246677
9796 25 536.7249 46.2843
9796 25 536.7249 46.2843
9797 25 532.775 38.554905
9797 25 532.775 38.554905
9798 24 524.76544 37.29081
9798 24 524.76544 37.29081
9799 24 522.2612 34.774963
9799 24 522.2612 34.774963
9800 24 516.70795 33.102524
9800 24 516.70795 33.102524
9804 34 741.88043 24.877853
9804 34 741.88043 24.877853
9805 33 721.5996 25.09035
9805 33 721.5996 25.09035
9806 43 935.7842 29.116484
9806 43 935.7842 29.116484
9807 43 932.8379 35.80106
9807 43 932.8379 35.80106
9808 43 927.56354 33.763035
9808 43 927.56354 33.763035
9814 41 887.82306 31.33418
9814 41 887.82306 31.33418
9815 41 881.2342 20.78517
9815 41 881.2342 20.78517
9817 41 881.50464 25.810097
9817 41 881.50464 25.810097
9841 32 698.91766 15.10667
9841 32 698.91766 15.10667
9846 33 696.7674 39.91712
9846 33 696.7674 39.91712
9847 36 771.86945 43.68938
9847 36 771.86945 43.68938
9848 38 804.3221 46.26256
9848 38 804.3221 46.26256
9849 39 831.8189 55.07449
9849 39 831.8189 55.07449
9850 41 880.222 85.08518
9850 41 880.222 85.08518
9851 42 890.21 84.02493
9851 42 890.21 84.02493
9852 42 900.3446 98.901184
9852 42 900.3446 98.901184
9853 43 913.7329 81.29835
9853 43 913.7329 81.29835
9854 43 925.60126 77.323555
9854 43 925.60126 77.323555
9855 44 938.4948 79.841286
9855 44 938.4948 79.841286
9856 45 955.4726 58.501762
9856 45 955.4726 58.501762
9857 46 975.88245 49.076527
9857 46 975.88245 49.076527
9865 26 550.4964 16.376848
9865 26 550.4964 16.376848
9866 32 696.8352 23.6273
9866 32 696.8352 23.6273
9867 33 699.93896 31.564495
9867 33 699.93896 31.564495
9868 32 697.77747 22.892778
9868 32 697.77747 22.892778
9872 27 584.0434 12.503379
9872 27 584.0434 12.503379
9880 34 730.61786 16.7954
9880 34 730.61786 16.7954
9882 32 698.1425 23.200407
9882 32 698.1425 23.200407
9883 32 695.7722 26.049507
9883 32 695.7722 26.049507
9901 34 723.31616 36.04074
9901 34 723.31616 36.04074
9912 25 536.3394 26.6997
9912 25 536.3394 26.6997
9918 32 696.8328 27.502922
9918 32 696.8328 27.502922
9919 32 698.00806 27.058235
9919 32 698.00806 27.058235
9922 25 529.9253 48.984882
9922 25 529.9253 48.984882
9924 25 539.63074 33.32518
9924 25 539.63074 33.32518
9927 46 997.91174 32.27651
9927 46 997.91174 32.27651
9933 25 546.5432 37.397987
9933 25 546.5432 37.397987
9934 37 807.32806 46.291557
9934 37 807.32806 46.291557
9935 37 794.0211 52.25198
9935 37 794.0211 52.25198
9936 37 792.1169 57.2475
9936 37 792.1169 57.2475
9940 36 775.9827 38.76447
9940 36 775.9827 38.76447
9941 37 787.62506 23.073473
9941 37 787.62506 23.073473
9943 37 807.1031 18.263445
9943 37 807.1031 18.263445
9945 24 512.9107 41.86981
9945 24 512.9107 41.86981
9955 27 587.82996 39.9842
9955 27 587.82996 39.9842
9956 41 884.214 31.146786
9956 41 884.214 31.146786
9957 42 893.9506 36.568417
9957 42 893.9506 36.568417
9958 41 886.2432 18.114897
9958 41 886.2432 18.114897
9959 41 881.0788 13.982452
9959 41 881.0788 13.982452
9966 24 526.39484 26.659914
9966 24 526.39484 26.659914
9967 25 530.26294 56.112324
9967 25 530.26294 56.112324
9968 25 530.2398 49.340584
9968 25 530.2398 49.340584
9969 25 528.35236 44.85474
9969 25 528.35236 44.85474
9970 24 528.10156 38.599953
9970 24 528.10156 38.599953
9971 24 522.5736 38.496456
9971 24 522.5736 38.496456
9972 24 517.7778 38.795414
9972 24 517.7778 38.795414
9977 33 706.8878 39.447487
9977 33 706.8878 39.447487
9978 32 693.32806 40.31072
9978 32 693.32806 40.31072
9979 32 690.6625 29.146399
9979 32 690.6625 29.146399
9980 33 705.3093 31.455645
9980 33 705.3093 31.455645
9981 44 952.1722 31.68304
9981 44 952.1722 31.68304
9982 43 934.81964 26.534792
9982 43 934.81964 26.534792
9983 43 919.6393 24.055758
9983 43 919.6393 24.055758
9986 27 586.6662 21.987362
9986 27 586.6662 21.987362
9987 41 881.0043 25.757296
9987 41 881.0043 25.757296
9990 41 880.38055 26.142412
9990 41 880.38055 26.142412
9991 41 882.07117 26.372297
9991 41 882.07117 26.372297
9992 41 883.961 22.239943
9992 41 883.961 22.239943
9993 36 783.877 18.49843
9993 36 783.877 18.49843
9994 36 786.4371 24.554317
9994 36 786.4371 24.554317
9995 36 783.42084 23.924482
9995 36 783.42084 23.924482
9996 36 784.3365 41.032925
9996 36 784.3365 41.032925
9997 36 781.7972 27.31745
9997 36 781.7972 27.31745
9999 26 545.7339 18.755434
9999 26 545.7339 18.755434
10000 27 601.3545 22.973795
10000 27 601.3545 22.973795
10003 34 736.9291 18.78792
10003 34 736.9291 18.78792
10005 33 693.10516 17.25698
10005 33 693.10516 17.25698
10007 34 728.89886 23.573355
10007 34 728.89886 23.573355
10010 33 729.6024 19.150614
10010 33 729.6024 19.150614
10011 32 698.8359 23.898382
10011 32 698.8359 23.898382
10013 27 585.428 20.13561
10013 27 585.428 20.13561
10015 34 726.37634 18.708563
10015 34 726.37634 18.708563
10020 37 783.5328 16.644373
10020 37 783.5328 16.644373
10022 36 789.6457 24.247904
10022 36 789.6457 24.247904
10040 37 796.7713 23.749193
10040 37 796.7713 23.749193
10041 36 781.88367 27.764254
10041 36 781.88367 27.764254
10059 43 947.25836 26.613329
10059 43 947.25836 26.613329
10060 36 786.9037 24.757755
10060 36 786.9037 24.757755
10061 36 782.9008 19.244173
10061 36 782.9008 19.244173
10062 36 785.39233 22.678446
10062 36 785.39233 22.678446
10073 36 776.451 40.460876
10073 36 776.451 40.460876
10074 36 773.4585 46.432426
10074 36 773.4585 46.432426
10080 40 872.2479 34.62301
10080 40 872.2479 34.62301
10083 26 560.7224 30.894674
10083 26 560.7224 30.894674
10084 25 536.8083 42.170547
10084 25 536.8083 42.170547
10085 36 780.94415 38.86371
10085 36 780.94415 38.86371
10095 24 520.69666 38.851746
10095 24 520.69666 38.851746
10096 25 533.5816 44.848244
10096 25 533.5816 44.848244
10098 36 773.29425 28.103912
10098 36 773.29425 28.103912
10105 24 530.7346 29.10675
10105 24 530.7346 29.10675
10106 37 787.7825 54.66354
10106 37 787.7825 54.66354
10107 36 783.8728 60.6501
10107 36 783.8728 60.6501
10108 36 778.45123 48.48046
10108 36 778.45123 48.48046
10112 37 786.28485 38.119427
10112 37 786.28485 38.119427
10113 37 796.36926 40.83011
10113 37 796.36926 40.83011
10117 24 512.7953 43.544212
10117 24 512.7953 43.544212
10118 24 517.5915 35.37047
10118 24 517.5915 35.37047
10122 24 526.4524 43.551163
10122 24 526.4524 43.551163
10123 37 786.8376 42.313694
10123 37 786.8376 42.313694
10124 32 684.1302 45.813614
10124 32 684.1302 45.813614
10125 37 775.4117 53.308846
10125 37 775.4117 53.308846
10126 43 914.94403 38.537567
10126 43 914.94403 38.537567
10139 24 523.7485 41.861427
10139 24 523.7485 41.861427
10140 25 530.8635 48.658108
10140 25 530.8635 48.658108
10141 25 531.8754 40.05625
10141 25 531.8754 40.05625
10143 24 524.51624 33.235405
10143 24 524.51624 33.235405
10144 24 519.4172 32.561928
10144 24 519.4172 32.561928
10149 33 709.7955 33.511593
10149 33 709.7955 33.511593
10150 32 698.7832 30.93356
10150 32 698.7832 30.93356
10151 32 698.4513 29.908188
10151 32 698.4513 29.908188
10152 32 696.0965 30.60044
10152 32 696.0965 30.60044
10153 32 691.72894 29.861704
10153 32 691.72894 29.861704
10160 41 879.5321 22.205616
10160 41 879.5321 22.205616
10161 42 887.1022 24.70122
10161 42 887.1022 24.70122
10163 38 827.2061 22.976627
10163 38 827.2061 22.976627
10164 27 589.415 16.396776
10164 27 589.415 16.396776
10166 41 884.7581 22.068125
10166 41 884.7581 22.068125
10167 43 932.0641 30.029196
10167 43 932.0641 30.029196
10168 43 931.4422 36.223053
10168 43 931.4422 36.223053
10169 43 931.6314 37.640133
10169 43 931.6314 37.640133
10170 43 932.07263 20.22337
10170 43 932.07263 20.22337
10184 44 955.10736 32.871082
10184 44 955.10736 32.871082
10185 43 927.46576 46.550606
10185 43 927.46576 46.550606
10186 43 924.72815 55.456978
10186 43 924.72815 55.456978
10188 43 944.2802 27.68523
10188 43 944.2802 27.68523
10189 43 929.7332 33.449482
10189 43 929.7332 33.449482
10191 36 780.87726 23.540161
10191 36 780.87726 23.540161
10192 37 781.42694 20.894869
10192 37 781.42694 20.894869
10193 39 830.185 28.639473
10193 39 830.185 28.639473
10194 39 829.15216 29.507952
10194 39 829.15216 29.507952
10195 37 786.55975 24.472635
10195 37 786.55975 24.472635
10196 44 943.7899 18.846132
10196 44 943.7899 18.846132
10198 38 825.7824 26.625877
10198 38 825.7824 26.625877
10199 39 829.2974 29.31029
10199 39 829.2974 29.31029
10200 43 930.28723 21.365946
10200 43 930.28723 21.365946
10201 43 929.74054 25.607092
10201 43 929.74054 25.607092
10202 37 782.7662 19.948828
10202 37 782.7662 19.948828
10203 36 784.396 31.773542
10203 36 784.396 31.773542
10204 36 789.72906 21.915167
10204 36 789.72906 21.915167
10207 36 785.3694 25.943375
10207 36 785.3694 25.943375
10208 36 781.568 23.7779
10208 36 781.568 23.7779
10210 36 782.3774 30.361378
10210 36 782.3774 30.361378
10211 36 782.3052 35.16627
10211 36 782.3052 35.16627
10213 36 768.4776 17.432774
10213 36 768.4776 17.432774
10215 36 785.3021 21.85949
10215 36 785.3021 21.85949
10216 36 785.10767 20.261412
10216 36 785.10767 20.261412
10218 36 785.2361 20.01704
10218 36 785.2361 20.01704
10219 36 785.5719 25.485369
10219 36 785.5719 25.485369
10220 36 783.8565 28.855906
10220 36 783.8565 28.855906
10221 36 776.9848 22.192205
10221 36 776.9848 22.192205
10226 37 790.8003 33.41389
10226 37 790.8003 33.41389
10228 36 786.9826 41.057426
10228 36 786.9826 41.057426
10230 36 758.45557 27.535774
10230 36 758.45557 27.535774
10231 37 796.26434 31.794865
10231 37 796.26434 31.794865
10232 38 812.3344 46.142773
10232 38 812.3344 46.142773
10235 33 714.503 40.97507
10235 33 714.503 40.97507
10236 32 693.9794 33.958237
10236 32 693.9794 33.958237
10238 44 955.05365 28.096106
10238 44 955.05365 28.096106
10239 32 698.4149 31.516998
10239 32 698.4149 31.516998
10241 40 861.80334 28.594797
10241 40 861.80334 28.594797
10242 40 856.71497 28.560833
10242 40 856.71497 28.560833
10246 37 790.9209 25.385735
10246 37 790.9209 25.385735
10247 37 784.4351 33.906048
10247 37 784.4351 33.906048
10248 37 798.63855 19.487669
10248 37 798.63855 19.487669
10250 37 793.7661 43.837418
10250 37 793.7661 43.837418
10251 37 789.7393 37.408073
10251 37 789.7393 37.408073
10255 37 794.0754 28.14308
10255 37 794.0754 28.14308
10260 32 698.75433 22.22463
10260 32 698.75433 22.22463
10261 33 700.9873 29.976828
10261 33 700.9873 29.976828
10266 33 725.07733 18.878359
10266 33 725.07733 18.878359
10267 32 694.7621 35.067955
10267 32 694.7621 35.067955
10271 33 711.04846 34.136173
10271 33 711.04846 34.136173
10273 32 697.3845 23.863483
10273 32 697.3845 23.863483
10274 32 693.1248 30.705055
10274 32 693.1248 30.705055
10275 32 694.7883 24.641232
10275 32 694.7883 24.641232
10284 33 699.8113 23.540178
10284 33 699.8113 23.540178
10285 33 705.0712 33.504154
10285 33 705.0712 33.504154
10286 33 705.6323 24.278856
10286 33 705.6323 24.278856
10287 33 706.1034 30.079027
10287 33 706.1034 30.079027
10300 37 792.6982 31.411018
10300 37 792.6982 31.411018
10303 36 781.89435 17.913681
10303 36 781.89435 17.913681
10304 36 773.94293 23.9135
10304 36 773.94293 23.9135
10305 36 773.50244 26.343887
10305 36 773.50244 26.343887
10306 37 786.5136 20.309402
10306 37 786.5136 20.309402
10307 38 812.4489 19.637915
10307 38 812.4489 19.637915
10308 38 823.44556 21.467134
10308 38 823.44556 21.467134
10309 25 547.25037 17.190708
10309 25 547.25037 17.190708
10323 33 722.71576 30.884363
10323 33 722.71576 30.884363
10330 33 713.1675 26.543415
10330 33 713.1675 26.543415
10341 41 881.29803 15.527733
10341 41 881.29803 15.527733
10342 41 883.23114 14.1583395
10342 41 883.23114 14.1583395
10343 41 880.4246 14.618443
10343 41 880.4246 14.618443
10347 41 879.39764 17.41831
10347 41 879.39764 17.41831
10370 43 932.3935 12.308637
10370 43 932.3935 12.308637
10395 37 799.4327 24.49565
10395 37 799.4327 24.49565
10396 36 784.36536 15.072368
10396 36 784.36536 15.072368
10401 37 785.65497 17.607882
10401 37 785.65497 17.607882
10413 31 663.21124 21.521942
10413 31 663.21124 21.521942
10414 31 663.96436 19.122007
10414 31 663.96436 19.122007
10421 31 660.26984 20.16386
10421 31 660.26984 20.16386
10422 31 661.6026 21.307035
10422 31 661.6026 21.307035
10435 37 789.0881 14.5841675
10435 37 789.0881 14.5841675
10452 31 666.8396 20.116537
10452 31 666.8396 20.116537
10453 31 668.428 19.51192
10453 31 668.428 19.51192
10455 28 595.10516 31.830343
10455 28 595.10516 31.830343
10456 42 893.8099 51.35159
10456 42 893.8099 51.35159
10457 41 889.3538 41.2162
10457 41 889.3538 41.2162
10458 40 872.6397 28.442608
10458 40 872.6397 28.442608
10459 39 852.295 25.321556
10459 39 852.295 25.321556
10460 37 811.36145 21.169638
10460 37 811.36145 21.169638
10469 33 713.70337 33.90004
10469 33 713.70337 33.90004
10470 34 723.1227 39.535397
10470 34 723.1227 39.535397
10471 34 731.31714 31.542564
10471 34 731.31714 31.542564
10474 37 794.95105 30.412024
10474 37 794.95105 30.412024
10475 38 816.87744 27.403093
10475 38 816.87744 27.403093
10494 32 696.39417 28.435509
10494 32 696.39417 28.435509
10495 33 698.94916 25.97062
10495 33 698.94916 25.97062
10496 32 700.0484 21.089369
10496 32 700.0484 21.089369
